[ 2018-12-29T17:32:43+08:00 ] 127.0.0.1 /
INFO: [ app_init ] --START--
INFO: Run Behavior\BuildLiteBehavior [ RunTime:0.062749s ]
INFO: [ app_init ] --END-- [ RunTime:1.035583s ]
INFO: [ app_begin ] --START--
INFO: Run Behavior\ReadHtmlCacheBehavior [ RunTime:0.083745s ]
INFO: [ app_begin ] --END-- [ RunTime:0.083796s ]
SQL: SELECT * FROM `jx_category`  [ RunTime:3.8650s ]
NOTIC: [2048] Declaration of Admin\Model\GoodsModel::_after_insert() should be compatible with Think\Model::_after_insert($data, $options) F:\wamp\ThinkPHP_Project\jxshop\Application\Admin\Model\GoodsModel.class.php 第 452 行.
SQL: SELECT * FROM `jx_goods` WHERE ( is_sale=1 AND is_hot=1 ) ORDER BY id desc LIMIT 5   [ RunTime:4.1410s ]
SQL: SELECT * FROM `jx_goods` WHERE ( is_sale=1 AND is_rec=1 ) ORDER BY id desc LIMIT 5   [ RunTime:0.0010s ]
SQL: SELECT * FROM `jx_goods` WHERE ( is_sale=1 AND is_new=1 ) ORDER BY id desc LIMIT 5   [ RunTime:0.0010s ]
SQL: SELECT * FROM `jx_goods` WHERE ( is_sale=1 AND cx_price>0 AND start<1546075958 AND end>1546075958 ) LIMIT 5   [ RunTime:0.0007s ]
SQL: SELECT * FROM `jx_category` WHERE ( parent_id=0 )  [ RunTime:0.0009s ]
SQL: SELECT * FROM `jx_category` WHERE ( parent_id=1 )  [ RunTime:0.0003s ]
SQL: SELECT * FROM `jx_category` WHERE ( isrec=1 AND parent_id=1 )  [ RunTime:0.0009s ]
SQL: SELECT * FROM `jx_category`  [ RunTime:0.0004s ]
SQL: SHOW COLUMNS FROM `jx_goods` [ RunTime:1.0540s ]
SQL: SELECT * FROM `jx_goods` WHERE ( is_sale=1 AND cate_id in (2,5,4,6,25,17) ) LIMIT 8   [ RunTime:0.0005s ]
SQL: SELECT * FROM `jx_category`  [ RunTime:0.0003s ]
SQL: SELECT * FROM `jx_goods` WHERE ( is_sale=1 AND cate_id in (19,20,18) ) LIMIT 8   [ RunTime:0.0005s ]
SQL: SELECT * FROM `jx_category` WHERE ( parent_id=8 )  [ RunTime:0.0002s ]
SQL: SELECT * FROM `jx_category` WHERE ( isrec=1 AND parent_id=8 )  [ RunTime:0.0002s ]
SQL: SELECT * FROM `jx_category`  [ RunTime:0.0005s ]
SQL: SELECT * FROM `jx_goods` WHERE ( is_sale=1 AND cate_id in (7,9,11,12) ) LIMIT 8   [ RunTime:0.0004s ]
SQL: SELECT * FROM `jx_category`  [ RunTime:0.0003s ]
SQL: SELECT * FROM `jx_goods` WHERE ( is_sale=1 AND cate_id in (26,13) ) LIMIT 8   [ RunTime:0.0004s ]
SQL: SELECT * FROM `jx_category`  [ RunTime:0.0004s ]
SQL: SELECT * FROM `jx_goods` WHERE ( is_sale=1 AND cate_id in (27,28,14) ) LIMIT 8   [ RunTime:0.0004s ]
SQL: SELECT * FROM `jx_category` WHERE ( parent_id=10 )  [ RunTime:0.0003s ]
SQL: SELECT * FROM `jx_category` WHERE ( isrec=1 AND parent_id=10 )  [ RunTime:0.0002s ]
SQL: SELECT * FROM `jx_category`  [ RunTime:0.0003s ]
SQL: SELECT * FROM `jx_goods` WHERE ( is_sale=1 AND cate_id in (22,23,24,21) ) LIMIT 8   [ RunTime:0.0003s ]
SQL: SELECT * FROM `jx_category`  [ RunTime:0.0002s ]
SQL: SELECT * FROM `jx_goods` WHERE ( is_sale=1 AND cate_id in (30,29) ) LIMIT 8   [ RunTime:0.0002s ]
INFO: [ view_parse ] --START--
INFO: [ template_filter ] --START--
INFO: Run Behavior\ContentReplaceBehavior [ RunTime:0.637448s ]
INFO: [ template_filter ] --END-- [ RunTime:0.637509s ]
INFO: Run Behavior\ParseTemplateBehavior [ RunTime:2.267178s ]
INFO: [ view_parse ] --END-- [ RunTime:2.267242s ]
INFO: [ view_filter ] --START--
INFO: Run Behavior\WriteHtmlCacheBehavior [ RunTime:0.262588s ]
INFO: [ view_filter ] --END-- [ RunTime:0.262630s ]
INFO: [ app_end ] --START--
INFO: Run Behavior\ShowPageTraceBehavior [ RunTime:0.116843s ]
INFO: [ app_end ] --END-- [ RunTime:0.116902s ]

[ 2018-12-29T17:32:43+08:00 ] 127.0.0.1 /
INFO: [ app_init ] --START--
INFO: Run Behavior\BuildLiteBehavior [ RunTime:0.000014s ]
INFO: [ app_init ] --END-- [ RunTime:0.000466s ]
INFO: [ app_begin ] --START--
INFO: Run Behavior\ReadHtmlCacheBehavior [ RunTime:0.000946s ]
INFO: [ app_begin ] --END-- [ RunTime:0.001008s ]
SQL: SELECT * FROM `jx_category`  [ RunTime:3.8644s ]
NOTIC: [2048] Declaration of Admin\Model\GoodsModel::_after_insert() should be compatible with Think\Model::_after_insert($data, $options) F:\wamp\ThinkPHP_Project\jxshop\Application\Admin\Model\GoodsModel.class.php 第 452 行.
SQL: SELECT * FROM `jx_goods` WHERE ( is_sale=1 AND is_hot=1 ) ORDER BY id desc LIMIT 5   [ RunTime:4.1409s ]
SQL: SELECT * FROM `jx_goods` WHERE ( is_sale=1 AND is_rec=1 ) ORDER BY id desc LIMIT 5   [ RunTime:0.0005s ]
SQL: SELECT * FROM `jx_goods` WHERE ( is_sale=1 AND is_new=1 ) ORDER BY id desc LIMIT 5   [ RunTime:0.0004s ]
SQL: SELECT * FROM `jx_goods` WHERE ( is_sale=1 AND cx_price>0 AND start<1546075958 AND end>1546075958 ) LIMIT 5   [ RunTime:0.0004s ]
SQL: SELECT * FROM `jx_category` WHERE ( parent_id=0 )  [ RunTime:0.0004s ]
SQL: SELECT * FROM `jx_category` WHERE ( parent_id=1 )  [ RunTime:0.0003s ]
SQL: SELECT * FROM `jx_category` WHERE ( isrec=1 AND parent_id=1 )  [ RunTime:0.0003s ]
SQL: SELECT * FROM `jx_category`  [ RunTime:0.0002s ]
SQL: SHOW COLUMNS FROM `jx_goods` [ RunTime:1.0569s ]
SQL: SELECT * FROM `jx_goods` WHERE ( is_sale=1 AND cate_id in (2,5,4,6,25,17) ) LIMIT 8   [ RunTime:0.0005s ]
SQL: SELECT * FROM `jx_category`  [ RunTime:0.0003s ]
SQL: SELECT * FROM `jx_goods` WHERE ( is_sale=1 AND cate_id in (19,20,18) ) LIMIT 8   [ RunTime:0.0004s ]
SQL: SELECT * FROM `jx_category` WHERE ( parent_id=8 )  [ RunTime:0.0003s ]
SQL: SELECT * FROM `jx_category` WHERE ( isrec=1 AND parent_id=8 )  [ RunTime:0.0002s ]
SQL: SELECT * FROM `jx_category`  [ RunTime:0.0004s ]
SQL: SELECT * FROM `jx_goods` WHERE ( is_sale=1 AND cate_id in (7,9,11,12) ) LIMIT 8   [ RunTime:0.0006s ]
SQL: SELECT * FROM `jx_category`  [ RunTime:0.0004s ]
SQL: SELECT * FROM `jx_goods` WHERE ( is_sale=1 AND cate_id in (26,13) ) LIMIT 8   [ RunTime:0.0004s ]
SQL: SELECT * FROM `jx_category`  [ RunTime:0.0005s ]
SQL: SELECT * FROM `jx_goods` WHERE ( is_sale=1 AND cate_id in (27,28,14) ) LIMIT 8   [ RunTime:0.0004s ]
SQL: SELECT * FROM `jx_category` WHERE ( parent_id=10 )  [ RunTime:0.0002s ]
SQL: SELECT * FROM `jx_category` WHERE ( isrec=1 AND parent_id=10 )  [ RunTime:0.0002s ]
SQL: SELECT * FROM `jx_category`  [ RunTime:0.0003s ]
SQL: SELECT * FROM `jx_goods` WHERE ( is_sale=1 AND cate_id in (22,23,24,21) ) LIMIT 8   [ RunTime:0.0003s ]
SQL: SELECT * FROM `jx_category`  [ RunTime:0.0003s ]
SQL: SELECT * FROM `jx_goods` WHERE ( is_sale=1 AND cate_id in (30,29) ) LIMIT 8   [ RunTime:0.0002s ]
INFO: [ view_parse ] --START--
INFO: [ template_filter ] --START--
INFO: Run Behavior\ContentReplaceBehavior [ RunTime:0.642054s ]
INFO: [ template_filter ] --END-- [ RunTime:0.642111s ]
INFO: Run Behavior\ParseTemplateBehavior [ RunTime:2.264190s ]
INFO: [ view_parse ] --END-- [ RunTime:2.264247s ]
INFO: [ view_filter ] --START--
INFO: Run Behavior\WriteHtmlCacheBehavior [ RunTime:0.265591s ]
INFO: [ view_filter ] --END-- [ RunTime:0.265637s ]
INFO: [ app_end ] --START--
INFO: Run Behavior\ShowPageTraceBehavior [ RunTime:0.113885s ]
INFO: [ app_end ] --END-- [ RunTime:0.113965s ]

[ 2018-12-29T17:32:46+08:00 ] 127.0.0.1 /favicon.ico
INFO: [ app_init ] --START--
INFO: Run Behavior\BuildLiteBehavior [ RunTime:0.000063s ]
INFO: [ app_init ] --END-- [ RunTime:0.001244s ]

[ 2018-12-29T17:40:53+08:00 ] 127.0.0.1 /
INFO: [ app_init ] --START--
INFO: Run Behavior\BuildLiteBehavior [ RunTime:0.000017s ]
INFO: [ app_init ] --END-- [ RunTime:0.000494s ]
INFO: [ app_begin ] --START--
INFO: Run Behavior\ReadHtmlCacheBehavior [ RunTime:0.000693s ]
INFO: [ app_begin ] --END-- [ RunTime:0.000741s ]
SQL: SELECT * FROM `jx_category`  [ RunTime:0.0003s ]
NOTIC: [2048] Declaration of Admin\Model\GoodsModel::_after_insert() should be compatible with Think\Model::_after_insert($data, $options) F:\wamp\ThinkPHP_Project\jxshop\Application\Admin\Model\GoodsModel.class.php 第 452 行.
SQL: SELECT * FROM `jx_goods` WHERE ( is_sale=1 AND is_hot=1 ) ORDER BY id desc LIMIT 5   [ RunTime:0.0003s ]
SQL: SELECT * FROM `jx_goods` WHERE ( is_sale=1 AND is_rec=1 ) ORDER BY id desc LIMIT 5   [ RunTime:0.0002s ]
SQL: SELECT * FROM `jx_goods` WHERE ( is_sale=1 AND is_new=1 ) ORDER BY id desc LIMIT 5   [ RunTime:0.0002s ]
SQL: SELECT * FROM `jx_goods` WHERE ( is_sale=1 AND cx_price>0 AND start<1546076453 AND end>1546076453 ) LIMIT 5   [ RunTime:0.0002s ]
SQL: SELECT * FROM `jx_category` WHERE ( parent_id=0 )  [ RunTime:0.0003s ]
SQL: SELECT * FROM `jx_category` WHERE ( parent_id=1 )  [ RunTime:0.0002s ]
SQL: SELECT * FROM `jx_category` WHERE ( isrec=1 AND parent_id=1 )  [ RunTime:0.0002s ]
SQL: SELECT * FROM `jx_category`  [ RunTime:0.0002s ]
SQL: SHOW COLUMNS FROM `jx_goods` [ RunTime:0.0047s ]
SQL: SELECT * FROM `jx_goods` WHERE ( is_sale=1 AND cate_id in (2,5,4,6,25,17) ) LIMIT 8   [ RunTime:0.0003s ]
SQL: SELECT * FROM `jx_category`  [ RunTime:0.0002s ]
SQL: SELECT * FROM `jx_goods` WHERE ( is_sale=1 AND cate_id in (19,20,18) ) LIMIT 8   [ RunTime:0.0002s ]
SQL: SELECT * FROM `jx_category` WHERE ( parent_id=8 )  [ RunTime:0.0001s ]
SQL: SELECT * FROM `jx_category` WHERE ( isrec=1 AND parent_id=8 )  [ RunTime:0.0002s ]
SQL: SELECT * FROM `jx_category`  [ RunTime:0.0003s ]
SQL: SELECT * FROM `jx_goods` WHERE ( is_sale=1 AND cate_id in (7,9,11,12) ) LIMIT 8   [ RunTime:0.0006s ]
SQL: SELECT * FROM `jx_category`  [ RunTime:0.0006s ]
SQL: SELECT * FROM `jx_goods` WHERE ( is_sale=1 AND cate_id in (26,13) ) LIMIT 8   [ RunTime:0.0005s ]
SQL: SELECT * FROM `jx_category`  [ RunTime:0.0002s ]
SQL: SELECT * FROM `jx_goods` WHERE ( is_sale=1 AND cate_id in (27,28,14) ) LIMIT 8   [ RunTime:0.0003s ]
SQL: SELECT * FROM `jx_category` WHERE ( parent_id=10 )  [ RunTime:0.0002s ]
SQL: SELECT * FROM `jx_category` WHERE ( isrec=1 AND parent_id=10 )  [ RunTime:0.0002s ]
SQL: SELECT * FROM `jx_category`  [ RunTime:0.0002s ]
SQL: SELECT * FROM `jx_goods` WHERE ( is_sale=1 AND cate_id in (22,23,24,21) ) LIMIT 8   [ RunTime:0.0002s ]
SQL: SELECT * FROM `jx_category`  [ RunTime:0.0002s ]
SQL: SELECT * FROM `jx_goods` WHERE ( is_sale=1 AND cate_id in (30,29) ) LIMIT 8   [ RunTime:0.0002s ]
INFO: [ view_parse ] --START--
INFO: [ template_filter ] --START--
INFO: Run Behavior\ContentReplaceBehavior [ RunTime:0.000243s ]
INFO: [ template_filter ] --END-- [ RunTime:0.000344s ]
INFO: Run Behavior\ParseTemplateBehavior [ RunTime:0.033997s ]
INFO: [ view_parse ] --END-- [ RunTime:0.034056s ]
INFO: [ view_filter ] --START--
INFO: Run Behavior\WriteHtmlCacheBehavior [ RunTime:0.000613s ]
INFO: [ view_filter ] --END-- [ RunTime:0.000648s ]
INFO: [ app_end ] --START--
INFO: Run Behavior\ShowPageTraceBehavior [ RunTime:0.000833s ]
INFO: [ app_end ] --END-- [ RunTime:0.000886s ]

[ 2018-12-29T17:41:01+08:00 ] 127.0.0.1 /User/login.html
INFO: [ app_init ] --START--
INFO: Run Behavior\BuildLiteBehavior [ RunTime:0.000013s ]
INFO: [ app_init ] --END-- [ RunTime:0.000422s ]
INFO: [ app_begin ] --START--
INFO: Run Behavior\ReadHtmlCacheBehavior [ RunTime:0.000675s ]
INFO: [ app_begin ] --END-- [ RunTime:0.000720s ]
SQL: SELECT * FROM `jx_category`  [ RunTime:0.0003s ]
INFO: [ view_parse ] --START--
INFO: [ template_filter ] --START--
INFO: Run Behavior\ContentReplaceBehavior [ RunTime:0.000061s ]
INFO: [ template_filter ] --END-- [ RunTime:0.000099s ]
INFO: Run Behavior\ParseTemplateBehavior [ RunTime:0.331035s ]
INFO: [ view_parse ] --END-- [ RunTime:0.331090s ]
INFO: [ view_filter ] --START--
INFO: Run Behavior\WriteHtmlCacheBehavior [ RunTime:0.000647s ]
INFO: [ view_filter ] --END-- [ RunTime:0.000677s ]
INFO: [ app_end ] --START--
INFO: Run Behavior\ShowPageTraceBehavior [ RunTime:0.000684s ]
INFO: [ app_end ] --END-- [ RunTime:0.000718s ]

[ 2018-12-29T17:41:03+08:00 ] 127.0.0.1 /User/code.html
INFO: [ app_init ] --START--
INFO: Run Behavior\BuildLiteBehavior [ RunTime:0.000019s ]
INFO: [ app_init ] --END-- [ RunTime:0.000536s ]
INFO: [ app_begin ] --START--
INFO: Run Behavior\ReadHtmlCacheBehavior [ RunTime:0.000917s ]
INFO: [ app_begin ] --END-- [ RunTime:0.000989s ]
SQL: SELECT * FROM `jx_category`  [ RunTime:0.0005s ]
INFO: [ app_end ] --START--
INFO: Run Behavior\ShowPageTraceBehavior [ RunTime:0.001379s ]
INFO: [ app_end ] --END-- [ RunTime:0.001473s ]

[ 2018-12-29T17:45:27+08:00 ] 127.0.0.1 /User/login.html
INFO: [ app_init ] --START--
INFO: Run Behavior\BuildLiteBehavior [ RunTime:0.000011s ]
INFO: [ app_init ] --END-- [ RunTime:0.000328s ]
INFO: [ app_begin ] --START--
INFO: Run Behavior\ReadHtmlCacheBehavior [ RunTime:0.000506s ]
INFO: [ app_begin ] --END-- [ RunTime:0.000542s ]
SQL: SELECT * FROM `jx_category`  [ RunTime:0.0004s ]
INFO: [ view_parse ] --START--
INFO: [ template_filter ] --START--
INFO: Run Behavior\ContentReplaceBehavior [ RunTime:0.000060s ]
INFO: [ template_filter ] --END-- [ RunTime:0.000103s ]
INFO: Run Behavior\ParseTemplateBehavior [ RunTime:0.009254s ]
INFO: [ view_parse ] --END-- [ RunTime:0.009295s ]
INFO: [ view_filter ] --START--
INFO: Run Behavior\WriteHtmlCacheBehavior [ RunTime:0.000348s ]
INFO: [ view_filter ] --END-- [ RunTime:0.000376s ]
INFO: [ app_end ] --START--
INFO: Run Behavior\ShowPageTraceBehavior [ RunTime:0.000535s ]
INFO: [ app_end ] --END-- [ RunTime:0.000564s ]

[ 2018-12-29T17:45:27+08:00 ] 127.0.0.1 /User/code.html
INFO: [ app_init ] --START--
INFO: Run Behavior\BuildLiteBehavior [ RunTime:0.000016s ]
INFO: [ app_init ] --END-- [ RunTime:0.000461s ]
INFO: [ app_begin ] --START--
INFO: Run Behavior\ReadHtmlCacheBehavior [ RunTime:0.000704s ]
INFO: [ app_begin ] --END-- [ RunTime:0.000755s ]
SQL: SELECT * FROM `jx_category`  [ RunTime:0.0004s ]
INFO: [ app_end ] --START--
INFO: Run Behavior\ShowPageTraceBehavior [ RunTime:0.001489s ]
INFO: [ app_end ] --END-- [ RunTime:0.001615s ]

[ 2018-12-29T17:45:28+08:00 ] 127.0.0.1 /User/login.html
INFO: [ app_init ] --START--
INFO: Run Behavior\BuildLiteBehavior [ RunTime:0.000019s ]
INFO: [ app_init ] --END-- [ RunTime:0.000452s ]
INFO: [ app_begin ] --START--
INFO: Run Behavior\ReadHtmlCacheBehavior [ RunTime:0.000583s ]
INFO: [ app_begin ] --END-- [ RunTime:0.000635s ]
SQL: SELECT * FROM `jx_category`  [ RunTime:0.0003s ]
INFO: [ view_parse ] --START--
INFO: [ template_filter ] --START--
INFO: Run Behavior\ContentReplaceBehavior [ RunTime:0.000072s ]
INFO: [ template_filter ] --END-- [ RunTime:0.000121s ]
INFO: Run Behavior\ParseTemplateBehavior [ RunTime:0.007412s ]
INFO: [ view_parse ] --END-- [ RunTime:0.007524s ]
INFO: [ view_filter ] --START--
INFO: Run Behavior\WriteHtmlCacheBehavior [ RunTime:0.001013s ]
INFO: [ view_filter ] --END-- [ RunTime:0.001063s ]
INFO: [ app_end ] --START--
INFO: Run Behavior\ShowPageTraceBehavior [ RunTime:0.001044s ]
INFO: [ app_end ] --END-- [ RunTime:0.001106s ]

[ 2018-12-29T17:45:28+08:00 ] 127.0.0.1 /User/code.html
INFO: [ app_init ] --START--
INFO: Run Behavior\BuildLiteBehavior [ RunTime:0.000023s ]
INFO: [ app_init ] --END-- [ RunTime:0.000829s ]
INFO: [ app_begin ] --START--
INFO: Run Behavior\ReadHtmlCacheBehavior [ RunTime:0.001883s ]
INFO: [ app_begin ] --END-- [ RunTime:0.002073s ]
SQL: SELECT * FROM `jx_category`  [ RunTime:0.0006s ]
INFO: [ app_end ] --START--
INFO: Run Behavior\ShowPageTraceBehavior [ RunTime:0.000995s ]
INFO: [ app_end ] --END-- [ RunTime:0.001074s ]

[ 2018-12-29T17:50:00+08:00 ] 127.0.0.1 /User/login.html
INFO: [ app_init ] --START--
INFO: Run Behavior\BuildLiteBehavior [ RunTime:0.000012s ]
INFO: [ app_init ] --END-- [ RunTime:0.000335s ]
INFO: [ app_begin ] --START--
INFO: Run Behavior\ReadHtmlCacheBehavior [ RunTime:0.000591s ]
INFO: [ app_begin ] --END-- [ RunTime:0.000642s ]
SQL: SELECT * FROM `jx_category`  [ RunTime:0.0005s ]
INFO: [ view_parse ] --START--
INFO: [ template_filter ] --START--
INFO: Run Behavior\ContentReplaceBehavior [ RunTime:0.000087s ]
INFO: [ template_filter ] --END-- [ RunTime:0.000144s ]
INFO: Run Behavior\ParseTemplateBehavior [ RunTime:0.009357s ]
INFO: [ view_parse ] --END-- [ RunTime:0.009421s ]
INFO: [ view_filter ] --START--
INFO: Run Behavior\WriteHtmlCacheBehavior [ RunTime:0.000793s ]
INFO: [ view_filter ] --END-- [ RunTime:0.000843s ]
INFO: [ app_end ] --START--
INFO: Run Behavior\ShowPageTraceBehavior [ RunTime:0.000868s ]
INFO: [ app_end ] --END-- [ RunTime:0.000912s ]

[ 2018-12-29T17:50:00+08:00 ] 127.0.0.1 /User/code.html
INFO: [ app_init ] --START--
INFO: Run Behavior\BuildLiteBehavior [ RunTime:0.000041s ]
INFO: [ app_init ] --END-- [ RunTime:0.001067s ]
INFO: [ app_begin ] --START--
INFO: Run Behavior\ReadHtmlCacheBehavior [ RunTime:0.000929s ]
INFO: [ app_begin ] --END-- [ RunTime:0.001003s ]
SQL: SELECT * FROM `jx_category`  [ RunTime:0.0004s ]
INFO: [ app_end ] --START--
INFO: Run Behavior\ShowPageTraceBehavior [ RunTime:0.001050s ]
INFO: [ app_end ] --END-- [ RunTime:0.001152s ]

[ 2018-12-29T18:15:01+08:00 ] 127.0.0.1 /User/login.html
INFO: [ app_init ] --START--
INFO: Run Behavior\BuildLiteBehavior [ RunTime:0.000016s ]
INFO: [ app_init ] --END-- [ RunTime:0.000460s ]
INFO: [ app_begin ] --START--
INFO: Run Behavior\ReadHtmlCacheBehavior [ RunTime:0.000929s ]
INFO: [ app_begin ] --END-- [ RunTime:0.000990s ]
SQL: SELECT * FROM `jx_category`  [ RunTime:0.0004s ]
INFO: [ view_parse ] --START--
INFO: [ template_filter ] --START--
INFO: Run Behavior\ContentReplaceBehavior [ RunTime:0.000087s ]
INFO: [ template_filter ] --END-- [ RunTime:0.000148s ]
INFO: Run Behavior\ParseTemplateBehavior [ RunTime:0.009089s ]
INFO: [ view_parse ] --END-- [ RunTime:0.009142s ]
INFO: [ view_filter ] --START--
INFO: Run Behavior\WriteHtmlCacheBehavior [ RunTime:0.000374s ]
INFO: [ view_filter ] --END-- [ RunTime:0.000404s ]
INFO: [ app_end ] --START--
INFO: Run Behavior\ShowPageTraceBehavior [ RunTime:0.000590s ]
INFO: [ app_end ] --END-- [ RunTime:0.000620s ]

[ 2018-12-29T18:15:01+08:00 ] 127.0.0.1 /User/code.html
INFO: [ app_init ] --START--
INFO: Run Behavior\BuildLiteBehavior [ RunTime:0.000017s ]
INFO: [ app_init ] --END-- [ RunTime:0.000816s ]
INFO: [ app_begin ] --START--
INFO: Run Behavior\ReadHtmlCacheBehavior [ RunTime:0.003175s ]
INFO: [ app_begin ] --END-- [ RunTime:0.003319s ]
SQL: SELECT * FROM `jx_category`  [ RunTime:0.0004s ]
INFO: [ app_end ] --START--
INFO: Run Behavior\ShowPageTraceBehavior [ RunTime:0.002472s ]
INFO: [ app_end ] --END-- [ RunTime:0.002575s ]

[ 2018-12-29T18:15:02+08:00 ] 127.0.0.1 /User/oauth.html
INFO: [ app_init ] --START--
INFO: Run Behavior\BuildLiteBehavior [ RunTime:0.000013s ]
INFO: [ app_init ] --END-- [ RunTime:0.000412s ]
INFO: [ app_begin ] --START--
INFO: Run Behavior\ReadHtmlCacheBehavior [ RunTime:0.001711s ]
INFO: [ app_begin ] --END-- [ RunTime:0.001785s ]
SQL: SELECT * FROM `jx_category`  [ RunTime:0.0003s ]
NOTIC: [8] A session had already been started - ignoring session_start() F:\wamp\ThinkPHP_Project\jxshop\wwwroot\qq\API\qqConnectAPI.php 第 2 行.
INFO: [ app_end ] --START--
INFO: Run Behavior\ShowPageTraceBehavior [ RunTime:0.000541s ]
INFO: [ app_end ] --END-- [ RunTime:0.000584s ]

[ 2018-12-29T18:38:29+08:00 ] 127.0.0.1 /User/login.html
INFO: [ app_init ] --START--
INFO: Run Behavior\BuildLiteBehavior [ RunTime:0.000016s ]
INFO: [ app_init ] --END-- [ RunTime:0.000510s ]
INFO: [ app_begin ] --START--
INFO: Run Behavior\ReadHtmlCacheBehavior [ RunTime:0.001192s ]
INFO: [ app_begin ] --END-- [ RunTime:0.001432s ]
SQL: SELECT * FROM `jx_category`  [ RunTime:0.0007s ]
INFO: [ view_parse ] --START--
INFO: [ template_filter ] --START--
INFO: Run Behavior\ContentReplaceBehavior [ RunTime:0.000095s ]
INFO: [ template_filter ] --END-- [ RunTime:0.000157s ]
INFO: Run Behavior\ParseTemplateBehavior [ RunTime:0.010438s ]
INFO: [ view_parse ] --END-- [ RunTime:0.010514s ]
INFO: [ view_filter ] --START--
INFO: Run Behavior\WriteHtmlCacheBehavior [ RunTime:0.000514s ]
INFO: [ view_filter ] --END-- [ RunTime:0.000552s ]
INFO: [ app_end ] --START--
INFO: Run Behavior\ShowPageTraceBehavior [ RunTime:0.000702s ]
INFO: [ app_end ] --END-- [ RunTime:0.000755s ]

[ 2018-12-29T18:38:29+08:00 ] 127.0.0.1 /User/code.html
INFO: [ app_init ] --START--
INFO: Run Behavior\BuildLiteBehavior [ RunTime:0.000023s ]
INFO: [ app_init ] --END-- [ RunTime:0.000697s ]
INFO: [ app_begin ] --START--
INFO: Run Behavior\ReadHtmlCacheBehavior [ RunTime:0.000847s ]
INFO: [ app_begin ] --END-- [ RunTime:0.000918s ]
SQL: SELECT * FROM `jx_category`  [ RunTime:0.0006s ]
INFO: [ app_end ] --START--
INFO: Run Behavior\ShowPageTraceBehavior [ RunTime:0.001677s ]
INFO: [ app_end ] --END-- [ RunTime:0.001752s ]

[ 2018-12-29T18:38:32+08:00 ] 127.0.0.1 /User/oauth.html
INFO: [ app_init ] --START--
INFO: Run Behavior\BuildLiteBehavior [ RunTime:0.000011s ]
INFO: [ app_init ] --END-- [ RunTime:0.000300s ]
INFO: [ app_begin ] --START--
INFO: Run Behavior\ReadHtmlCacheBehavior [ RunTime:0.000451s ]
INFO: [ app_begin ] --END-- [ RunTime:0.000485s ]
SQL: SELECT * FROM `jx_category`  [ RunTime:0.0003s ]
NOTIC: [8] A session had already been started - ignoring session_start() F:\wamp\ThinkPHP_Project\jxshop\wwwroot\qq\API\qqConnectAPI.php 第 2 行.
INFO: [ app_end ] --START--
INFO: Run Behavior\ShowPageTraceBehavior [ RunTime:0.000683s ]
INFO: [ app_end ] --END-- [ RunTime:0.000732s ]

[ 2018-12-29T21:25:49+08:00 ] 127.0.0.1 /
INFO: [ app_init ] --START--
INFO: Run Behavior\BuildLiteBehavior [ RunTime:0.000018s ]
INFO: [ app_init ] --END-- [ RunTime:0.000541s ]
INFO: [ app_begin ] --START--
INFO: Run Behavior\ReadHtmlCacheBehavior [ RunTime:0.000793s ]
INFO: [ app_begin ] --END-- [ RunTime:0.000852s ]
SQL: SELECT * FROM `jx_category`  [ RunTime:0.0006s ]
NOTIC: [2048] Declaration of Admin\Model\GoodsModel::_after_insert() should be compatible with Think\Model::_after_insert($data, $options) F:\wamp\ThinkPHP_Project\jxshop\Application\Admin\Model\GoodsModel.class.php 第 452 行.
SQL: SELECT * FROM `jx_goods` WHERE ( is_sale=1 AND is_hot=1 ) ORDER BY id desc LIMIT 5   [ RunTime:0.0020s ]
SQL: SELECT * FROM `jx_goods` WHERE ( is_sale=1 AND is_rec=1 ) ORDER BY id desc LIMIT 5   [ RunTime:0.0006s ]
SQL: SELECT * FROM `jx_goods` WHERE ( is_sale=1 AND is_new=1 ) ORDER BY id desc LIMIT 5   [ RunTime:0.0006s ]
SQL: SELECT * FROM `jx_goods` WHERE ( is_sale=1 AND cx_price>0 AND start<1546089948 AND end>1546089948 ) LIMIT 5   [ RunTime:0.0005s ]
SQL: SELECT * FROM `jx_category` WHERE ( parent_id=0 )  [ RunTime:0.0002s ]
SQL: SELECT * FROM `jx_category` WHERE ( parent_id=1 )  [ RunTime:0.0002s ]
SQL: SELECT * FROM `jx_category` WHERE ( isrec=1 AND parent_id=1 )  [ RunTime:0.0002s ]
SQL: SELECT * FROM `jx_category`  [ RunTime:0.0003s ]
SQL: SHOW COLUMNS FROM `jx_goods` [ RunTime:0.0053s ]
SQL: SELECT * FROM `jx_goods` WHERE ( is_sale=1 AND cate_id in (2,5,4,6,25,17) ) LIMIT 8   [ RunTime:0.0005s ]
SQL: SELECT * FROM `jx_category`  [ RunTime:0.0003s ]
SQL: SELECT * FROM `jx_goods` WHERE ( is_sale=1 AND cate_id in (19,20,18) ) LIMIT 8   [ RunTime:0.0004s ]
SQL: SELECT * FROM `jx_category` WHERE ( parent_id=8 )  [ RunTime:0.0002s ]
SQL: SELECT * FROM `jx_category` WHERE ( isrec=1 AND parent_id=8 )  [ RunTime:0.0002s ]
SQL: SELECT * FROM `jx_category`  [ RunTime:0.0003s ]
SQL: SELECT * FROM `jx_goods` WHERE ( is_sale=1 AND cate_id in (7,9,11,12) ) LIMIT 8   [ RunTime:0.0005s ]
SQL: SELECT * FROM `jx_category`  [ RunTime:0.0003s ]
SQL: SELECT * FROM `jx_goods` WHERE ( is_sale=1 AND cate_id in (26,13) ) LIMIT 8   [ RunTime:0.0003s ]
SQL: SELECT * FROM `jx_category`  [ RunTime:0.0003s ]
SQL: SELECT * FROM `jx_goods` WHERE ( is_sale=1 AND cate_id in (27,28,14) ) LIMIT 8   [ RunTime:0.0004s ]
SQL: SELECT * FROM `jx_category` WHERE ( parent_id=10 )  [ RunTime:0.0003s ]
SQL: SELECT * FROM `jx_category` WHERE ( isrec=1 AND parent_id=10 )  [ RunTime:0.0011s ]
SQL: SELECT * FROM `jx_category`  [ RunTime:0.0003s ]
SQL: SELECT * FROM `jx_goods` WHERE ( is_sale=1 AND cate_id in (22,23,24,21) ) LIMIT 8   [ RunTime:0.0004s ]
SQL: SELECT * FROM `jx_category`  [ RunTime:0.0003s ]
SQL: SELECT * FROM `jx_goods` WHERE ( is_sale=1 AND cate_id in (30,29) ) LIMIT 8   [ RunTime:0.0003s ]
INFO: [ view_parse ] --START--
INFO: [ template_filter ] --START--
INFO: Run Behavior\ContentReplaceBehavior [ RunTime:0.000229s ]
INFO: [ template_filter ] --END-- [ RunTime:0.000287s ]
INFO: Run Behavior\ParseTemplateBehavior [ RunTime:0.809540s ]
INFO: [ view_parse ] --END-- [ RunTime:0.809613s ]
INFO: [ view_filter ] --START--
INFO: Run Behavior\WriteHtmlCacheBehavior [ RunTime:0.000870s ]
INFO: [ view_filter ] --END-- [ RunTime:0.000985s ]
INFO: [ app_end ] --START--
INFO: Run Behavior\ShowPageTraceBehavior [ RunTime:0.012146s ]
INFO: [ app_end ] --END-- [ RunTime:0.012226s ]

[ 2018-12-29T21:25:51+08:00 ] 127.0.0.1 /favicon.ico
INFO: [ app_init ] --START--
INFO: Run Behavior\BuildLiteBehavior [ RunTime:0.000013s ]
INFO: [ app_init ] --END-- [ RunTime:0.000378s ]

[ 2018-12-29T21:26:31+08:00 ] 127.0.0.1 /Home/API/login?username=admin&password=12345
INFO: [ app_init ] --START--
INFO: Run Behavior\BuildLiteBehavior [ RunTime:0.000014s ]
INFO: [ app_init ] --END-- [ RunTime:0.000420s ]
INFO: [ app_begin ] --START--
INFO: Run Behavior\ReadHtmlCacheBehavior [ RunTime:0.000743s ]
INFO: [ app_begin ] --END-- [ RunTime:0.000803s ]
SQL: SELECT * FROM `jx_category`  [ RunTime:0.0007s ]

[ 2018-12-29T21:26:59+08:00 ] 127.0.0.1 /Home/API/login?username=luo&password=12345
INFO: [ app_init ] --START--
INFO: Run Behavior\BuildLiteBehavior [ RunTime:0.000018s ]
INFO: [ app_init ] --END-- [ RunTime:0.000720s ]
INFO: [ app_begin ] --START--
INFO: Run Behavior\ReadHtmlCacheBehavior [ RunTime:0.001243s ]
INFO: [ app_begin ] --END-- [ RunTime:0.001320s ]
SQL: SELECT * FROM `jx_category`  [ RunTime:0.0005s ]

[ 2018-12-29T21:28:40+08:00 ] 127.0.0.1 /
INFO: [ app_init ] --START--
INFO: Run Behavior\BuildLiteBehavior [ RunTime:0.000035s ]
INFO: [ app_init ] --END-- [ RunTime:0.001144s ]
INFO: [ app_begin ] --START--
INFO: Run Behavior\ReadHtmlCacheBehavior [ RunTime:0.001133s ]
INFO: [ app_begin ] --END-- [ RunTime:0.001234s ]
SQL: SELECT * FROM `jx_category`  [ RunTime:0.0006s ]
NOTIC: [2048] Declaration of Admin\Model\GoodsModel::_after_insert() should be compatible with Think\Model::_after_insert($data, $options) F:\wamp\ThinkPHP_Project\jxshop\Application\Admin\Model\GoodsModel.class.php 第 452 行.
SQL: SELECT * FROM `jx_goods` WHERE ( is_sale=1 AND is_hot=1 ) ORDER BY id desc LIMIT 5   [ RunTime:0.0013s ]
SQL: SELECT * FROM `jx_goods` WHERE ( is_sale=1 AND is_rec=1 ) ORDER BY id desc LIMIT 5   [ RunTime:0.0006s ]
SQL: SELECT * FROM `jx_goods` WHERE ( is_sale=1 AND is_new=1 ) ORDER BY id desc LIMIT 5   [ RunTime:0.0006s ]
SQL: SELECT * FROM `jx_goods` WHERE ( is_sale=1 AND cx_price>0 AND start<1546090120 AND end>1546090120 ) LIMIT 5   [ RunTime:0.0014s ]
SQL: SELECT * FROM `jx_category` WHERE ( parent_id=0 )  [ RunTime:0.0005s ]
SQL: SELECT * FROM `jx_category` WHERE ( parent_id=1 )  [ RunTime:0.0006s ]
SQL: SELECT * FROM `jx_category` WHERE ( isrec=1 AND parent_id=1 )  [ RunTime:0.0006s ]
SQL: SELECT * FROM `jx_category`  [ RunTime:0.0006s ]
SQL: SHOW COLUMNS FROM `jx_goods` [ RunTime:0.0078s ]
SQL: SELECT * FROM `jx_goods` WHERE ( is_sale=1 AND cate_id in (2,5,4,6,25,17) ) LIMIT 8   [ RunTime:0.0007s ]
SQL: SELECT * FROM `jx_category`  [ RunTime:0.0004s ]
SQL: SELECT * FROM `jx_goods` WHERE ( is_sale=1 AND cate_id in (19,20,18) ) LIMIT 8   [ RunTime:0.0006s ]
SQL: SELECT * FROM `jx_category` WHERE ( parent_id=8 )  [ RunTime:0.0004s ]
SQL: SELECT * FROM `jx_category` WHERE ( isrec=1 AND parent_id=8 )  [ RunTime:0.0003s ]
SQL: SELECT * FROM `jx_category`  [ RunTime:0.0004s ]
SQL: SELECT * FROM `jx_goods` WHERE ( is_sale=1 AND cate_id in (7,9,11,12) ) LIMIT 8   [ RunTime:0.0006s ]
SQL: SELECT * FROM `jx_category`  [ RunTime:0.0003s ]
SQL: SELECT * FROM `jx_goods` WHERE ( is_sale=1 AND cate_id in (26,13) ) LIMIT 8   [ RunTime:0.0003s ]
SQL: SELECT * FROM `jx_category`  [ RunTime:0.0002s ]
SQL: SELECT * FROM `jx_goods` WHERE ( is_sale=1 AND cate_id in (27,28,14) ) LIMIT 8   [ RunTime:0.0003s ]
SQL: SELECT * FROM `jx_category` WHERE ( parent_id=10 )  [ RunTime:0.0002s ]
SQL: SELECT * FROM `jx_category` WHERE ( isrec=1 AND parent_id=10 )  [ RunTime:0.0004s ]
SQL: SELECT * FROM `jx_category`  [ RunTime:0.0002s ]
SQL: SELECT * FROM `jx_goods` WHERE ( is_sale=1 AND cate_id in (22,23,24,21) ) LIMIT 8   [ RunTime:0.0003s ]
SQL: SELECT * FROM `jx_category`  [ RunTime:0.0003s ]
SQL: SELECT * FROM `jx_goods` WHERE ( is_sale=1 AND cate_id in (30,29) ) LIMIT 8   [ RunTime:0.0004s ]
INFO: [ view_parse ] --START--
INFO: [ template_filter ] --START--
INFO: Run Behavior\ContentReplaceBehavior [ RunTime:0.000901s ]
INFO: [ template_filter ] --END-- [ RunTime:0.000984s ]
INFO: Run Behavior\ParseTemplateBehavior [ RunTime:0.047890s ]
INFO: [ view_parse ] --END-- [ RunTime:0.047967s ]
INFO: [ view_filter ] --START--
INFO: Run Behavior\WriteHtmlCacheBehavior [ RunTime:0.001274s ]
INFO: [ view_filter ] --END-- [ RunTime:0.001337s ]
INFO: [ app_end ] --START--
INFO: Run Behavior\ShowPageTraceBehavior [ RunTime:0.000845s ]
INFO: [ app_end ] --END-- [ RunTime:0.000902s ]

[ 2018-12-29T21:28:42+08:00 ] 127.0.0.1 /User/login.html
INFO: [ app_init ] --START--
INFO: Run Behavior\BuildLiteBehavior [ RunTime:0.000017s ]
INFO: [ app_init ] --END-- [ RunTime:0.000530s ]
INFO: [ app_begin ] --START--
INFO: Run Behavior\ReadHtmlCacheBehavior [ RunTime:0.000605s ]
INFO: [ app_begin ] --END-- [ RunTime:0.000664s ]
SQL: SELECT * FROM `jx_category`  [ RunTime:0.0003s ]
INFO: [ view_parse ] --START--
INFO: [ template_filter ] --START--
INFO: Run Behavior\ContentReplaceBehavior [ RunTime:0.000066s ]
INFO: [ template_filter ] --END-- [ RunTime:0.000106s ]
INFO: Run Behavior\ParseTemplateBehavior [ RunTime:0.008573s ]
INFO: [ view_parse ] --END-- [ RunTime:0.008633s ]
INFO: [ view_filter ] --START--
INFO: Run Behavior\WriteHtmlCacheBehavior [ RunTime:0.000560s ]
INFO: [ view_filter ] --END-- [ RunTime:0.000609s ]
INFO: [ app_end ] --START--
INFO: Run Behavior\ShowPageTraceBehavior [ RunTime:0.000843s ]
INFO: [ app_end ] --END-- [ RunTime:0.000889s ]

[ 2018-12-29T21:28:42+08:00 ] 127.0.0.1 /User/code.html
INFO: [ app_init ] --START--
INFO: Run Behavior\BuildLiteBehavior [ RunTime:0.000017s ]
INFO: [ app_init ] --END-- [ RunTime:0.000472s ]
INFO: [ app_begin ] --START--
INFO: Run Behavior\ReadHtmlCacheBehavior [ RunTime:0.000826s ]
INFO: [ app_begin ] --END-- [ RunTime:0.000892s ]
SQL: SELECT * FROM `jx_category`  [ RunTime:0.0006s ]
INFO: [ app_end ] --START--
INFO: Run Behavior\ShowPageTraceBehavior [ RunTime:0.000976s ]
INFO: [ app_end ] --END-- [ RunTime:0.001050s ]

[ 2018-12-29T21:28:54+08:00 ] 127.0.0.1 /User/login.html
INFO: [ app_init ] --START--
INFO: Run Behavior\BuildLiteBehavior [ RunTime:0.000011s ]
INFO: [ app_init ] --END-- [ RunTime:0.000434s ]
INFO: [ app_begin ] --START--
INFO: Run Behavior\ReadHtmlCacheBehavior [ RunTime:0.000923s ]
INFO: [ app_begin ] --END-- [ RunTime:0.000975s ]
SQL: SELECT * FROM `jx_category`  [ RunTime:0.0004s ]
SQL: SELECT * FROM `jx_user` WHERE ( username = 'admin'  ) LIMIT 1   [ RunTime:0.0007s ]
NOTIC: [2] Invalid argument supplied for foreach() F:\wamp\ThinkPHP_Project\jxshop\Application\Home\Model\CartModel.class.php 第 91 行.

[ 2018-12-29T21:28:54+08:00 ] 127.0.0.1 /Index/index.html
INFO: [ app_init ] --START--
INFO: Run Behavior\BuildLiteBehavior [ RunTime:0.000018s ]
INFO: [ app_init ] --END-- [ RunTime:0.000528s ]
INFO: [ app_begin ] --START--
INFO: Run Behavior\ReadHtmlCacheBehavior [ RunTime:0.000913s ]
INFO: [ app_begin ] --END-- [ RunTime:0.000987s ]
SQL: SELECT * FROM `jx_category`  [ RunTime:0.0003s ]
NOTIC: [2048] Declaration of Admin\Model\GoodsModel::_after_insert() should be compatible with Think\Model::_after_insert($data, $options) F:\wamp\ThinkPHP_Project\jxshop\Application\Admin\Model\GoodsModel.class.php 第 452 行.
SQL: SELECT * FROM `jx_goods` WHERE ( is_sale=1 AND is_hot=1 ) ORDER BY id desc LIMIT 5   [ RunTime:0.0004s ]
SQL: SELECT * FROM `jx_goods` WHERE ( is_sale=1 AND is_rec=1 ) ORDER BY id desc LIMIT 5   [ RunTime:0.0003s ]
SQL: SELECT * FROM `jx_goods` WHERE ( is_sale=1 AND is_new=1 ) ORDER BY id desc LIMIT 5   [ RunTime:0.0002s ]
SQL: SELECT * FROM `jx_goods` WHERE ( is_sale=1 AND cx_price>0 AND start<1546090134 AND end>1546090134 ) LIMIT 5   [ RunTime:0.0002s ]
SQL: SELECT * FROM `jx_category` WHERE ( parent_id=0 )  [ RunTime:0.0002s ]
SQL: SELECT * FROM `jx_category` WHERE ( parent_id=1 )  [ RunTime:0.0001s ]
SQL: SELECT * FROM `jx_category` WHERE ( isrec=1 AND parent_id=1 )  [ RunTime:0.0001s ]
SQL: SELECT * FROM `jx_category`  [ RunTime:0.0002s ]
SQL: SHOW COLUMNS FROM `jx_goods` [ RunTime:0.0047s ]
SQL: SELECT * FROM `jx_goods` WHERE ( is_sale=1 AND cate_id in (2,5,4,6,25,17) ) LIMIT 8   [ RunTime:0.0012s ]
SQL: SELECT * FROM `jx_category`  [ RunTime:0.0018s ]
SQL: SELECT * FROM `jx_goods` WHERE ( is_sale=1 AND cate_id in (19,20,18) ) LIMIT 8   [ RunTime:0.0007s ]
SQL: SELECT * FROM `jx_category` WHERE ( parent_id=8 )  [ RunTime:0.0003s ]
SQL: SELECT * FROM `jx_category` WHERE ( isrec=1 AND parent_id=8 )  [ RunTime:0.0003s ]
SQL: SELECT * FROM `jx_category`  [ RunTime:0.0006s ]
SQL: SELECT * FROM `jx_goods` WHERE ( is_sale=1 AND cate_id in (7,9,11,12) ) LIMIT 8   [ RunTime:0.0008s ]
SQL: SELECT * FROM `jx_category`  [ RunTime:0.0010s ]
SQL: SELECT * FROM `jx_goods` WHERE ( is_sale=1 AND cate_id in (26,13) ) LIMIT 8   [ RunTime:0.0005s ]
SQL: SELECT * FROM `jx_category`  [ RunTime:0.0003s ]
SQL: SELECT * FROM `jx_goods` WHERE ( is_sale=1 AND cate_id in (27,28,14) ) LIMIT 8   [ RunTime:0.0003s ]
SQL: SELECT * FROM `jx_category` WHERE ( parent_id=10 )  [ RunTime:0.0002s ]
SQL: SELECT * FROM `jx_category` WHERE ( isrec=1 AND parent_id=10 )  [ RunTime:0.0002s ]
SQL: SELECT * FROM `jx_category`  [ RunTime:0.0002s ]
SQL: SELECT * FROM `jx_goods` WHERE ( is_sale=1 AND cate_id in (22,23,24,21) ) LIMIT 8   [ RunTime:0.0002s ]
SQL: SELECT * FROM `jx_category`  [ RunTime:0.0002s ]
SQL: SELECT * FROM `jx_goods` WHERE ( is_sale=1 AND cate_id in (30,29) ) LIMIT 8   [ RunTime:0.0002s ]
INFO: [ view_parse ] --START--
INFO: [ template_filter ] --START--
INFO: Run Behavior\ContentReplaceBehavior [ RunTime:0.000243s ]
INFO: [ template_filter ] --END-- [ RunTime:0.000308s ]
INFO: Run Behavior\ParseTemplateBehavior [ RunTime:0.038900s ]
INFO: [ view_parse ] --END-- [ RunTime:0.038964s ]
INFO: [ view_filter ] --START--
INFO: Run Behavior\WriteHtmlCacheBehavior [ RunTime:0.000731s ]
INFO: [ view_filter ] --END-- [ RunTime:0.000775s ]
INFO: [ app_end ] --START--
INFO: Run Behavior\ShowPageTraceBehavior [ RunTime:0.001537s ]
INFO: [ app_end ] --END-- [ RunTime:0.001601s ]

[ 2018-12-29T21:29:05+08:00 ] 127.0.0.1 /Home/API/login?username=admin&password=admin
INFO: [ app_init ] --START--
INFO: Run Behavior\BuildLiteBehavior [ RunTime:0.000017s ]
INFO: [ app_init ] --END-- [ RunTime:0.000493s ]
INFO: [ app_begin ] --START--
INFO: Run Behavior\ReadHtmlCacheBehavior [ RunTime:0.000754s ]
INFO: [ app_begin ] --END-- [ RunTime:0.000823s ]
SQL: SELECT * FROM `jx_category`  [ RunTime:0.0005s ]

[ 2018-12-29T21:29:34+08:00 ] 127.0.0.1 /Home/API/login?username=admin&password=admin
INFO: [ app_init ] --START--
INFO: Run Behavior\BuildLiteBehavior [ RunTime:0.000014s ]
INFO: [ app_init ] --END-- [ RunTime:0.000500s ]
INFO: [ app_begin ] --START--
INFO: Run Behavior\ReadHtmlCacheBehavior [ RunTime:0.000613s ]
INFO: [ app_begin ] --END-- [ RunTime:0.000663s ]

[ 2018-12-29T21:29:35+08:00 ] 127.0.0.1 /Home/API/login?username=admin&password=admin
INFO: [ app_init ] --START--
INFO: Run Behavior\BuildLiteBehavior [ RunTime:0.000016s ]
INFO: [ app_init ] --END-- [ RunTime:0.000493s ]
INFO: [ app_begin ] --START--
INFO: Run Behavior\ReadHtmlCacheBehavior [ RunTime:0.000573s ]
INFO: [ app_begin ] --END-- [ RunTime:0.000606s ]

[ 2018-12-29T21:31:19+08:00 ] 127.0.0.1 /Home/API/login?username=admin&password=admin
INFO: [ app_init ] --START--
INFO: Run Behavior\BuildLiteBehavior [ RunTime:0.000014s ]
INFO: [ app_init ] --END-- [ RunTime:0.000471s ]
INFO: [ app_begin ] --START--
INFO: Run Behavior\ReadHtmlCacheBehavior [ RunTime:0.000702s ]
INFO: [ app_begin ] --END-- [ RunTime:0.000757s ]
SQL: SELECT * FROM `jx_user` WHERE ( username='admin' ) LIMIT 1   [ RunTime:0.0026s ]
NOTIC: [8] Undefined variable: info F:\wamp\ThinkPHP_Project\jxshop\Application\Home\Controller\APIController.class.php 第 23 行.

[ 2018-12-29T21:31:24+08:00 ] 127.0.0.1 /Home/API/login?username=admin&password=admin
INFO: [ app_init ] --START--
INFO: Run Behavior\BuildLiteBehavior [ RunTime:0.000011s ]
INFO: [ app_init ] --END-- [ RunTime:0.000344s ]
INFO: [ app_begin ] --START--
INFO: Run Behavior\ReadHtmlCacheBehavior [ RunTime:0.000457s ]
INFO: [ app_begin ] --END-- [ RunTime:0.000489s ]
SQL: SELECT * FROM `jx_user` WHERE ( username='admin' ) LIMIT 1   [ RunTime:0.0003s ]
NOTIC: [8] Undefined variable: info F:\wamp\ThinkPHP_Project\jxshop\Application\Home\Controller\APIController.class.php 第 23 行.

[ 2018-12-29T21:31:26+08:00 ] 127.0.0.1 /Home/API/login?username=admin&password=admin
INFO: [ app_init ] --START--
INFO: Run Behavior\BuildLiteBehavior [ RunTime:0.000011s ]
INFO: [ app_init ] --END-- [ RunTime:0.000335s ]
INFO: [ app_begin ] --START--
INFO: Run Behavior\ReadHtmlCacheBehavior [ RunTime:0.000733s ]
INFO: [ app_begin ] --END-- [ RunTime:0.000786s ]
SQL: SELECT * FROM `jx_user` WHERE ( username='admin' ) LIMIT 1   [ RunTime:0.0003s ]
NOTIC: [8] Undefined variable: info F:\wamp\ThinkPHP_Project\jxshop\Application\Home\Controller\APIController.class.php 第 23 行.

[ 2018-12-29T21:31:26+08:00 ] 127.0.0.1 /favicon.ico
INFO: [ app_init ] --START--
INFO: Run Behavior\BuildLiteBehavior [ RunTime:0.000017s ]
INFO: [ app_init ] --END-- [ RunTime:0.000473s ]

[ 2018-12-29T21:31:31+08:00 ] 127.0.0.1 /Home/API/login?username=admin&password=123435
INFO: [ app_init ] --START--
INFO: Run Behavior\BuildLiteBehavior [ RunTime:0.000019s ]
INFO: [ app_init ] --END-- [ RunTime:0.000556s ]
INFO: [ app_begin ] --START--
INFO: Run Behavior\ReadHtmlCacheBehavior [ RunTime:0.000906s ]
INFO: [ app_begin ] --END-- [ RunTime:0.000987s ]
SQL: SELECT * FROM `jx_user` WHERE ( username='admin' ) LIMIT 1   [ RunTime:0.0015s ]
NOTIC: [8] Undefined variable: info F:\wamp\ThinkPHP_Project\jxshop\Application\Home\Controller\APIController.class.php 第 23 行.

[ 2018-12-29T21:31:59+08:00 ] 127.0.0.1 /Home/API/login?username=admin&password=123435
INFO: [ app_init ] --START--
INFO: Run Behavior\BuildLiteBehavior [ RunTime:0.000011s ]
INFO: [ app_init ] --END-- [ RunTime:0.000435s ]
INFO: [ app_begin ] --START--
INFO: Run Behavior\ReadHtmlCacheBehavior [ RunTime:0.002837s ]
INFO: [ app_begin ] --END-- [ RunTime:0.002914s ]
SQL: SELECT * FROM `jx_user` WHERE ( username='admin' ) LIMIT 1   [ RunTime:0.0003s ]
NOTIC: [8] Undefined variable: info F:\wamp\ThinkPHP_Project\jxshop\Application\Home\Controller\APIController.class.php 第 25 行.

[ 2018-12-29T21:32:23+08:00 ] 127.0.0.1 /Home/API/login?username=admin&password=12345
INFO: [ app_init ] --START--
INFO: Run Behavior\BuildLiteBehavior [ RunTime:0.000012s ]
INFO: [ app_init ] --END-- [ RunTime:0.000311s ]
INFO: [ app_begin ] --START--
INFO: Run Behavior\ReadHtmlCacheBehavior [ RunTime:0.000708s ]
INFO: [ app_begin ] --END-- [ RunTime:0.000760s ]
SQL: SELECT * FROM `jx_user` WHERE ( username='admin' ) LIMIT 1   [ RunTime:0.0003s ]
NOTIC: [8] Undefined variable: info F:\wamp\ThinkPHP_Project\jxshop\Application\Home\Controller\APIController.class.php 第 25 行.

[ 2018-12-29T21:33:06+08:00 ] 127.0.0.1 /Home/API/login?username=admin&password=12345
INFO: [ app_init ] --START--
INFO: Run Behavior\BuildLiteBehavior [ RunTime:0.000045s ]
INFO: [ app_init ] --END-- [ RunTime:0.001027s ]
INFO: [ app_begin ] --START--
INFO: Run Behavior\ReadHtmlCacheBehavior [ RunTime:0.000807s ]
INFO: [ app_begin ] --END-- [ RunTime:0.000867s ]
SQL: SELECT * FROM `jx_user` WHERE ( username='admin' ) LIMIT 1   [ RunTime:0.0003s ]

[ 2018-12-29T21:33:09+08:00 ] 127.0.0.1 /Home/API/login?username=admin&password=12345
INFO: [ app_init ] --START--
INFO: Run Behavior\BuildLiteBehavior [ RunTime:0.000012s ]
INFO: [ app_init ] --END-- [ RunTime:0.000467s ]
INFO: [ app_begin ] --START--
INFO: Run Behavior\ReadHtmlCacheBehavior [ RunTime:0.001090s ]
INFO: [ app_begin ] --END-- [ RunTime:0.001175s ]
SQL: SELECT * FROM `jx_user` WHERE ( username='admin' ) LIMIT 1   [ RunTime:0.0003s ]

[ 2018-12-29T21:33:54+08:00 ] 127.0.0.1 /Home/API/login?username=luo&password=12345
INFO: [ app_init ] --START--
INFO: Run Behavior\BuildLiteBehavior [ RunTime:0.001265s ]
INFO: [ app_init ] --END-- [ RunTime:0.002041s ]
INFO: [ app_begin ] --START--
INFO: Run Behavior\ReadHtmlCacheBehavior [ RunTime:0.002226s ]
INFO: [ app_begin ] --END-- [ RunTime:0.002312s ]
SQL: SELECT * FROM `jx_user` WHERE ( username='luo' ) LIMIT 1   [ RunTime:0.0009s ]

[ 2018-12-29T21:34:46+08:00 ] 127.0.0.1 /Home/API/login?username=luo&password=12345
INFO: [ app_init ] --START--
INFO: Run Behavior\BuildLiteBehavior [ RunTime:0.000041s ]
INFO: [ app_init ] --END-- [ RunTime:0.001096s ]
INFO: [ app_begin ] --START--
INFO: Run Behavior\ReadHtmlCacheBehavior [ RunTime:0.000660s ]
INFO: [ app_begin ] --END-- [ RunTime:0.000708s ]
SQL: SELECT * FROM `jx_user` WHERE ( username='luo' ) LIMIT 1   [ RunTime:0.0003s ]

