[ 2018-12-05T16:10:38+08:00 ] 127.0.0.1 /Cart/index.html
INFO: [ app_init ] --START--
INFO: Run Behavior\BuildLiteBehavior [ RunTime:0.000015s ]
INFO: [ app_init ] --END-- [ RunTime:0.049363s ]
INFO: [ app_begin ] --START--
INFO: Run Behavior\ReadHtmlCacheBehavior [ RunTime:0.000843s ]
INFO: [ app_begin ] --END-- [ RunTime:0.000889s ]
SQL: SELECT * FROM `jx_category`  [ RunTime:0.0770s ]
NOTIC: [2] Invalid argument supplied for foreach() F:\wamp\ThinkPHP_Project\jxshop\Application\Home\Model\CartModel.class.php 第 126 行.
SQL: SHOW COLUMNS FROM `jx_goods` [ RunTime:0.0561s ]
NOTIC: [8] Undefined variable: data F:\wamp\ThinkPHP_Project\jxshop\Application\Home\Model\CartModel.class.php 第 137 行.
NOTIC: [2] Invalid argument supplied for foreach() F:\wamp\ThinkPHP_Project\jxshop\Application\Home\Model\CartModel.class.php 第 137 行.
NOTIC: [8] Undefined variable: data F:\wamp\ThinkPHP_Project\jxshop\Application\Home\Model\CartModel.class.php 第 154 行.
NOTIC: [2] Invalid argument supplied for foreach() F:\wamp\ThinkPHP_Project\jxshop\Application\Home\Model\CartModel.class.php 第 161 行.
NOTIC: [8] Undefined variable: price F:\wamp\ThinkPHP_Project\jxshop\Application\Home\Model\CartModel.class.php 第 165 行.
INFO: [ view_parse ] --START--
INFO: [ template_filter ] --START--
INFO: Run Behavior\ContentReplaceBehavior [ RunTime:0.010050s ]
INFO: [ template_filter ] --END-- [ RunTime:0.010105s ]
INFO: Run Behavior\ParseTemplateBehavior [ RunTime:0.124775s ]
INFO: [ view_parse ] --END-- [ RunTime:0.124819s ]
INFO: [ view_filter ] --START--
INFO: Run Behavior\WriteHtmlCacheBehavior [ RunTime:0.012313s ]
INFO: [ view_filter ] --END-- [ RunTime:0.012355s ]
INFO: [ app_end ] --START--
INFO: Run Behavior\ShowPageTraceBehavior [ RunTime:0.010862s ]
INFO: [ app_end ] --END-- [ RunTime:0.010904s ]

[ 2018-12-05T16:10:39+08:00 ] 127.0.0.1 /favicon.ico
INFO: [ app_init ] --START--
INFO: Run Behavior\BuildLiteBehavior [ RunTime:0.000028s ]
INFO: [ app_init ] --END-- [ RunTime:0.001270s ]

[ 2018-12-05T16:10:46+08:00 ] 127.0.0.1 /User/login.html
INFO: [ app_init ] --START--
INFO: Run Behavior\BuildLiteBehavior [ RunTime:0.000011s ]
INFO: [ app_init ] --END-- [ RunTime:0.000348s ]
INFO: [ app_begin ] --START--
INFO: Run Behavior\ReadHtmlCacheBehavior [ RunTime:0.000502s ]
INFO: [ app_begin ] --END-- [ RunTime:0.000537s ]
SQL: SELECT * FROM `jx_category`  [ RunTime:0.0003s ]
INFO: [ view_parse ] --START--
INFO: [ template_filter ] --START--
INFO: Run Behavior\ContentReplaceBehavior [ RunTime:0.000056s ]
INFO: [ template_filter ] --END-- [ RunTime:0.000096s ]
INFO: Run Behavior\ParseTemplateBehavior [ RunTime:0.019245s ]
INFO: [ view_parse ] --END-- [ RunTime:0.019285s ]
INFO: [ view_filter ] --START--
INFO: Run Behavior\WriteHtmlCacheBehavior [ RunTime:0.000359s ]
INFO: [ view_filter ] --END-- [ RunTime:0.000387s ]
INFO: [ app_end ] --START--
INFO: Run Behavior\ShowPageTraceBehavior [ RunTime:0.000780s ]
INFO: [ app_end ] --END-- [ RunTime:0.000832s ]

[ 2018-12-05T16:10:46+08:00 ] 127.0.0.1 /User/code.html
INFO: [ app_init ] --START--
INFO: Run Behavior\BuildLiteBehavior [ RunTime:0.000019s ]
INFO: [ app_init ] --END-- [ RunTime:0.000696s ]
INFO: [ app_begin ] --START--
INFO: Run Behavior\ReadHtmlCacheBehavior [ RunTime:0.001375s ]
INFO: [ app_begin ] --END-- [ RunTime:0.001559s ]
SQL: SELECT * FROM `jx_category`  [ RunTime:0.0004s ]
INFO: [ app_end ] --START--
INFO: Run Behavior\ShowPageTraceBehavior [ RunTime:0.000710s ]
INFO: [ app_end ] --END-- [ RunTime:0.000762s ]

[ 2018-12-05T16:10:48+08:00 ] 127.0.0.1 /User/code.html?date=1543997446385
INFO: [ app_init ] --START--
INFO: Run Behavior\BuildLiteBehavior [ RunTime:0.000012s ]
INFO: [ app_init ] --END-- [ RunTime:0.000314s ]
INFO: [ app_begin ] --START--
INFO: Run Behavior\ReadHtmlCacheBehavior [ RunTime:0.000507s ]
INFO: [ app_begin ] --END-- [ RunTime:0.000548s ]
SQL: SELECT * FROM `jx_category`  [ RunTime:0.0003s ]
INFO: [ app_end ] --START--
INFO: Run Behavior\ShowPageTraceBehavior [ RunTime:0.000607s ]
INFO: [ app_end ] --END-- [ RunTime:0.000655s ]

[ 2018-12-05T16:10:49+08:00 ] 127.0.0.1 /User/code.html?date=1543997446385
INFO: [ app_init ] --START--
INFO: Run Behavior\BuildLiteBehavior [ RunTime:0.000010s ]
INFO: [ app_init ] --END-- [ RunTime:0.000378s ]
INFO: [ app_begin ] --START--
INFO: Run Behavior\ReadHtmlCacheBehavior [ RunTime:0.000819s ]
INFO: [ app_begin ] --END-- [ RunTime:0.000865s ]
SQL: SELECT * FROM `jx_category`  [ RunTime:0.0003s ]
INFO: [ app_end ] --START--
INFO: Run Behavior\ShowPageTraceBehavior [ RunTime:0.000573s ]
INFO: [ app_end ] --END-- [ RunTime:0.000651s ]

[ 2018-12-05T16:10:50+08:00 ] 127.0.0.1 /User/code.html?date=1543997446385
INFO: [ app_init ] --START--
INFO: Run Behavior\BuildLiteBehavior [ RunTime:0.000011s ]
INFO: [ app_init ] --END-- [ RunTime:0.000399s ]
INFO: [ app_begin ] --START--
INFO: Run Behavior\ReadHtmlCacheBehavior [ RunTime:0.000531s ]
INFO: [ app_begin ] --END-- [ RunTime:0.000565s ]
SQL: SELECT * FROM `jx_category`  [ RunTime:0.0003s ]
INFO: [ app_end ] --START--
INFO: Run Behavior\ShowPageTraceBehavior [ RunTime:0.000701s ]
INFO: [ app_end ] --END-- [ RunTime:0.000779s ]

[ 2018-12-05T16:10:55+08:00 ] 127.0.0.1 /User/login.html
INFO: [ app_init ] --START--
INFO: Run Behavior\BuildLiteBehavior [ RunTime:0.000011s ]
INFO: [ app_init ] --END-- [ RunTime:0.000372s ]
INFO: [ app_begin ] --START--
INFO: Run Behavior\ReadHtmlCacheBehavior [ RunTime:0.000947s ]
INFO: [ app_begin ] --END-- [ RunTime:0.000986s ]
SQL: SELECT * FROM `jx_category`  [ RunTime:0.0004s ]
SQL: SELECT * FROM `jx_user` WHERE ( username = 'admin'  ) LIMIT 1   [ RunTime:0.2305s ]
NOTIC: [2] Invalid argument supplied for foreach() F:\wamp\ThinkPHP_Project\jxshop\Application\Home\Model\CartModel.class.php 第 91 行.

[ 2018-12-05T16:10:56+08:00 ] 127.0.0.1 /Index/index.html
INFO: [ app_init ] --START--
INFO: Run Behavior\BuildLiteBehavior [ RunTime:0.000011s ]
INFO: [ app_init ] --END-- [ RunTime:0.000315s ]
INFO: [ app_begin ] --START--
INFO: Run Behavior\ReadHtmlCacheBehavior [ RunTime:0.000455s ]
INFO: [ app_begin ] --END-- [ RunTime:0.000495s ]
SQL: SELECT * FROM `jx_category`  [ RunTime:0.0006s ]
NOTIC: [2048] Declaration of Admin\Model\GoodsModel::_after_insert() should be compatible with Think\Model::_after_insert($data, $options) F:\wamp\ThinkPHP_Project\jxshop\Application\Admin\Model\GoodsModel.class.php 第 341 行.
SQL: SELECT * FROM `jx_goods` WHERE ( is_sale=1 AND is_hot=1 ) ORDER BY id desc LIMIT 5   [ RunTime:0.0004s ]
SQL: SELECT * FROM `jx_goods` WHERE ( is_sale=1 AND is_rec=1 ) ORDER BY id desc LIMIT 5   [ RunTime:0.0003s ]
SQL: SELECT * FROM `jx_goods` WHERE ( is_sale=1 AND is_new=1 ) ORDER BY id desc LIMIT 5   [ RunTime:0.0003s ]
SQL: SELECT * FROM `jx_goods` WHERE ( is_sale=1 AND cx_price>0 AND start<1543997456 AND end>1543997456 ) LIMIT 5   [ RunTime:0.0003s ]
SQL: SELECT * FROM `jx_category` WHERE ( parent_id=0 )  [ RunTime:0.0002s ]
SQL: SELECT * FROM `jx_category` WHERE ( parent_id=1 )  [ RunTime:0.0002s ]
SQL: SELECT * FROM `jx_category` WHERE ( isrec=1 AND parent_id=1 )  [ RunTime:0.0002s ]
SQL: SELECT * FROM `jx_category`  [ RunTime:0.0002s ]
SQL: SHOW COLUMNS FROM `jx_goods` [ RunTime:0.0033s ]
SQL: SELECT * FROM `jx_goods` WHERE ( is_sale=1 AND cate_id in (2,5,4,6,25,17) ) LIMIT 8   [ RunTime:0.0003s ]
SQL: SELECT * FROM `jx_category`  [ RunTime:0.0003s ]
SQL: SELECT * FROM `jx_goods` WHERE ( is_sale=1 AND cate_id in (19,20,18) ) LIMIT 8   [ RunTime:0.0003s ]
SQL: SELECT * FROM `jx_category` WHERE ( parent_id=8 )  [ RunTime:0.0004s ]
SQL: SELECT * FROM `jx_category` WHERE ( isrec=1 AND parent_id=8 )  [ RunTime:0.0018s ]
SQL: SELECT * FROM `jx_category`  [ RunTime:0.0005s ]
SQL: SELECT * FROM `jx_goods` WHERE ( is_sale=1 AND cate_id in (7,9,11,12) ) LIMIT 8   [ RunTime:0.0005s ]
SQL: SELECT * FROM `jx_category`  [ RunTime:0.0003s ]
SQL: SELECT * FROM `jx_goods` WHERE ( is_sale=1 AND cate_id in (26,13) ) LIMIT 8   [ RunTime:0.0003s ]
SQL: SELECT * FROM `jx_category`  [ RunTime:0.0003s ]
SQL: SELECT * FROM `jx_goods` WHERE ( is_sale=1 AND cate_id in (27,28,14) ) LIMIT 8   [ RunTime:0.0004s ]
SQL: SELECT * FROM `jx_category` WHERE ( parent_id=10 )  [ RunTime:0.0002s ]
SQL: SELECT * FROM `jx_category` WHERE ( isrec=1 AND parent_id=10 )  [ RunTime:0.0003s ]
SQL: SELECT * FROM `jx_category`  [ RunTime:0.0003s ]
SQL: SELECT * FROM `jx_goods` WHERE ( is_sale=1 AND cate_id in (22,23,24,21) ) LIMIT 8   [ RunTime:0.0005s ]
SQL: SELECT * FROM `jx_category`  [ RunTime:0.0007s ]
SQL: SELECT * FROM `jx_goods` WHERE ( is_sale=1 AND cate_id in (30,29) ) LIMIT 8   [ RunTime:0.0006s ]
INFO: [ view_parse ] --START--
INFO: [ template_filter ] --START--
INFO: Run Behavior\ContentReplaceBehavior [ RunTime:0.000223s ]
INFO: [ template_filter ] --END-- [ RunTime:0.000284s ]
INFO: Run Behavior\ParseTemplateBehavior [ RunTime:0.083123s ]
INFO: [ view_parse ] --END-- [ RunTime:0.083169s ]
INFO: [ view_filter ] --START--
INFO: Run Behavior\WriteHtmlCacheBehavior [ RunTime:0.000467s ]
INFO: [ view_filter ] --END-- [ RunTime:0.000493s ]
INFO: [ app_end ] --START--
INFO: Run Behavior\ShowPageTraceBehavior [ RunTime:0.000697s ]
INFO: [ app_end ] --END-- [ RunTime:0.000748s ]

[ 2018-12-05T16:10:57+08:00 ] 127.0.0.1 /Index/Uploads/2018-11-26/thumb_5bfbfb90efce9.jpg
INFO: [ app_init ] --START--
INFO: Run Behavior\BuildLiteBehavior [ RunTime:0.000020s ]
INFO: [ app_init ] --END-- [ RunTime:0.001052s ]

[ 2018-12-05T16:10:57+08:00 ] 127.0.0.1 /Index/Uploads/2018-11-13/thumb_5beabe652d4dc.png
INFO: [ app_init ] --START--
INFO: Run Behavior\BuildLiteBehavior [ RunTime:0.000016s ]
INFO: [ app_init ] --END-- [ RunTime:0.000688s ]

[ 2018-12-05T16:10:57+08:00 ] 127.0.0.1 /Index/Uploads/2018-11-13/thumb_5beabfcff2ad8.jpg
INFO: [ app_init ] --START--
INFO: Run Behavior\BuildLiteBehavior [ RunTime:0.000018s ]
INFO: [ app_init ] --END-- [ RunTime:0.000560s ]

[ 2018-12-05T16:10:57+08:00 ] 127.0.0.1 /Index/Uploads/2018-11-26/thumb_5bfc03cc57826.jpg
INFO: [ app_init ] --START--
INFO: Run Behavior\BuildLiteBehavior [ RunTime:0.000018s ]
INFO: [ app_init ] --END-- [ RunTime:0.002205s ]

[ 2018-12-05T16:10:57+08:00 ] 127.0.0.1 /Index/Uploads/2018-10-29/thumb_5bd680fdd452c.jpg
INFO: [ app_init ] --START--
INFO: Run Behavior\BuildLiteBehavior [ RunTime:0.000015s ]
INFO: [ app_init ] --END-- [ RunTime:0.000477s ]

[ 2018-12-05T16:10:57+08:00 ] 127.0.0.1 /Index/Uploads/2018-10-29/thumb_5bd6a5135b7f2.jpg
INFO: [ app_init ] --START--
INFO: Run Behavior\BuildLiteBehavior [ RunTime:0.000021s ]
INFO: [ app_init ] --END-- [ RunTime:0.001018s ]

[ 2018-12-05T16:10:57+08:00 ] 127.0.0.1 /Index/Uploads/2018-11-29/thumb_5bffee961fb13.png
INFO: [ app_init ] --START--
INFO: Run Behavior\BuildLiteBehavior [ RunTime:0.000024s ]
INFO: [ app_init ] --END-- [ RunTime:0.000517s ]

[ 2018-12-05T16:10:57+08:00 ] 127.0.0.1 /Index/Uploads/2018-10-06/thump_
INFO: [ app_init ] --START--
INFO: Run Behavior\BuildLiteBehavior [ RunTime:0.000038s ]
INFO: [ app_init ] --END-- [ RunTime:0.000811s ]
INFO: [ app_begin ] --START--
INFO: Run Behavior\ReadHtmlCacheBehavior [ RunTime:0.000727s ]
INFO: [ app_begin ] --END-- [ RunTime:0.000792s ]
SQL: SELECT * FROM `jx_category`  [ RunTime:0.0007s ]
INFO: [ app_end ] --START--
INFO: Run Behavior\ShowPageTraceBehavior [ RunTime:0.000873s ]
INFO: [ app_end ] --END-- [ RunTime:0.000947s ]

[ 2018-12-05T16:10:57+08:00 ] 127.0.0.1 /Index/Uploads/2018-10-15/thump_
INFO: [ app_init ] --START--
INFO: Run Behavior\BuildLiteBehavior [ RunTime:0.000018s ]
INFO: [ app_init ] --END-- [ RunTime:0.000548s ]
INFO: [ app_begin ] --START--
INFO: Run Behavior\ReadHtmlCacheBehavior [ RunTime:0.000795s ]
INFO: [ app_begin ] --END-- [ RunTime:0.000866s ]
SQL: SELECT * FROM `jx_category`  [ RunTime:0.0003s ]
INFO: [ app_end ] --START--
INFO: Run Behavior\ShowPageTraceBehavior [ RunTime:0.001444s ]
INFO: [ app_end ] --END-- [ RunTime:0.001576s ]

[ 2018-12-05T16:11:02+08:00 ] 127.0.0.1 /Cart/index.html
INFO: [ app_init ] --START--
INFO: Run Behavior\BuildLiteBehavior [ RunTime:0.000012s ]
INFO: [ app_init ] --END-- [ RunTime:0.000312s ]
INFO: [ app_begin ] --START--
INFO: Run Behavior\ReadHtmlCacheBehavior [ RunTime:0.000822s ]
INFO: [ app_begin ] --END-- [ RunTime:0.000880s ]
SQL: SELECT * FROM `jx_category`  [ RunTime:0.0003s ]
SQL: SELECT * FROM `jx_cart` WHERE ( user_id=1 )  [ RunTime:0.0354s ]
SQL: SHOW COLUMNS FROM `jx_goods` [ RunTime:0.0030s ]
SQL: SELECT * FROM `jx_goods` WHERE ( id=29 ) LIMIT 1   [ RunTime:0.0004s ]
SQL: SELECT a.attr_values,b.attr_name FROM jx_goods_attr a left join jx_attribute b on a.attr_id=b.id  WHERE ( a.id in (139,142) )  [ RunTime:0.2111s ]
SQL: SELECT * FROM `jx_goods` WHERE ( id=29 ) LIMIT 1   [ RunTime:0.0003s ]
SQL: SELECT a.attr_values,b.attr_name FROM jx_goods_attr a left join jx_attribute b on a.attr_id=b.id  WHERE ( a.id in (140,143) )  [ RunTime:0.0002s ]
SQL: SELECT * FROM `jx_goods` WHERE ( id=30 ) LIMIT 1   [ RunTime:0.0003s ]
SQL: SELECT a.attr_values,b.attr_name FROM jx_goods_attr a left join jx_attribute b on a.attr_id=b.id  WHERE ( a.id in (190,193,194,196) )  [ RunTime:0.0003s ]
NOTIC: [8] Undefined variable: price F:\wamp\ThinkPHP_Project\jxshop\Application\Home\Model\CartModel.class.php 第 163 行.
INFO: [ view_parse ] --START--
INFO: [ template_filter ] --START--
INFO: Run Behavior\ContentReplaceBehavior [ RunTime:0.000105s ]
INFO: [ template_filter ] --END-- [ RunTime:0.000161s ]
INFO: Run Behavior\ParseTemplateBehavior [ RunTime:0.010576s ]
INFO: [ view_parse ] --END-- [ RunTime:0.010628s ]
INFO: [ view_filter ] --START--
INFO: Run Behavior\WriteHtmlCacheBehavior [ RunTime:0.000506s ]
INFO: [ view_filter ] --END-- [ RunTime:0.000546s ]
INFO: [ app_end ] --START--
INFO: Run Behavior\ShowPageTraceBehavior [ RunTime:0.000570s ]
INFO: [ app_end ] --END-- [ RunTime:0.000607s ]

[ 2018-12-05T16:11:07+08:00 ] 127.0.0.1 /Order/checkout.html
INFO: [ app_init ] --START--
INFO: Run Behavior\BuildLiteBehavior [ RunTime:0.000016s ]
INFO: [ app_init ] --END-- [ RunTime:0.000449s ]
INFO: [ app_begin ] --START--
INFO: Run Behavior\ReadHtmlCacheBehavior [ RunTime:0.000873s ]
INFO: [ app_begin ] --END-- [ RunTime:0.000935s ]
SQL: SELECT * FROM `jx_category`  [ RunTime:0.0003s ]
SQL: SELECT * FROM `jx_cart` WHERE ( user_id=1 )  [ RunTime:0.0003s ]
SQL: SHOW COLUMNS FROM `jx_goods` [ RunTime:0.0041s ]
SQL: SELECT * FROM `jx_goods` WHERE ( id=29 ) LIMIT 1   [ RunTime:0.0005s ]
SQL: SELECT a.attr_values,b.attr_name FROM jx_goods_attr a left join jx_attribute b on a.attr_id=b.id  WHERE ( a.id in (139,142) )  [ RunTime:0.0003s ]
SQL: SELECT * FROM `jx_goods` WHERE ( id=29 ) LIMIT 1   [ RunTime:0.0002s ]
SQL: SELECT a.attr_values,b.attr_name FROM jx_goods_attr a left join jx_attribute b on a.attr_id=b.id  WHERE ( a.id in (140,143) )  [ RunTime:0.0002s ]
SQL: SELECT * FROM `jx_goods` WHERE ( id=30 ) LIMIT 1   [ RunTime:0.0002s ]
SQL: SELECT a.attr_values,b.attr_name FROM jx_goods_attr a left join jx_attribute b on a.attr_id=b.id  WHERE ( a.id in (190,193,194,196) )  [ RunTime:0.0002s ]
NOTIC: [8] Undefined variable: price F:\wamp\ThinkPHP_Project\jxshop\Application\Home\Model\CartModel.class.php 第 163 行.
INFO: [ view_parse ] --START--
INFO: [ template_filter ] --START--
INFO: Run Behavior\ContentReplaceBehavior [ RunTime:0.000078s ]
INFO: [ template_filter ] --END-- [ RunTime:0.000118s ]
INFO: Run Behavior\ParseTemplateBehavior [ RunTime:0.013311s ]
INFO: [ view_parse ] --END-- [ RunTime:0.013360s ]
INFO: [ view_filter ] --START--
INFO: Run Behavior\WriteHtmlCacheBehavior [ RunTime:0.000631s ]
INFO: [ view_filter ] --END-- [ RunTime:0.000680s ]
INFO: [ app_end ] --START--
INFO: Run Behavior\ShowPageTraceBehavior [ RunTime:0.001070s ]
INFO: [ app_end ] --END-- [ RunTime:0.001129s ]

[ 2018-12-05T16:12:30+08:00 ] 127.0.0.1 /Order/checkout.html
INFO: [ app_init ] --START--
INFO: Run Behavior\BuildLiteBehavior [ RunTime:0.000011s ]
INFO: [ app_init ] --END-- [ RunTime:0.000311s ]
INFO: [ app_begin ] --START--
INFO: Run Behavior\ReadHtmlCacheBehavior [ RunTime:0.000522s ]
INFO: [ app_begin ] --END-- [ RunTime:0.000565s ]
SQL: SELECT * FROM `jx_category`  [ RunTime:0.0004s ]
SQL: SELECT * FROM `jx_cart` WHERE ( user_id=1 )  [ RunTime:0.0003s ]
SQL: SHOW COLUMNS FROM `jx_goods` [ RunTime:0.0032s ]
SQL: SELECT * FROM `jx_goods` WHERE ( id=29 ) LIMIT 1   [ RunTime:0.0003s ]
SQL: SELECT a.attr_values,b.attr_name FROM jx_goods_attr a left join jx_attribute b on a.attr_id=b.id  WHERE ( a.id in (139,142) )  [ RunTime:0.0002s ]
SQL: SELECT * FROM `jx_goods` WHERE ( id=29 ) LIMIT 1   [ RunTime:0.0002s ]
SQL: SELECT a.attr_values,b.attr_name FROM jx_goods_attr a left join jx_attribute b on a.attr_id=b.id  WHERE ( a.id in (140,143) )  [ RunTime:0.0002s ]
SQL: SELECT * FROM `jx_goods` WHERE ( id=30 ) LIMIT 1   [ RunTime:0.0002s ]
SQL: SELECT a.attr_values,b.attr_name FROM jx_goods_attr a left join jx_attribute b on a.attr_id=b.id  WHERE ( a.id in (190,193,194,196) )  [ RunTime:0.0002s ]
NOTIC: [8] Undefined variable: price F:\wamp\ThinkPHP_Project\jxshop\Application\Home\Model\CartModel.class.php 第 163 行.
INFO: [ view_parse ] --START--
INFO: [ template_filter ] --START--
INFO: Run Behavior\ContentReplaceBehavior [ RunTime:0.000077s ]
INFO: [ template_filter ] --END-- [ RunTime:0.000118s ]
INFO: Run Behavior\ParseTemplateBehavior [ RunTime:0.012046s ]
INFO: [ view_parse ] --END-- [ RunTime:0.012091s ]
INFO: [ view_filter ] --START--
INFO: Run Behavior\WriteHtmlCacheBehavior [ RunTime:0.000408s ]
INFO: [ view_filter ] --END-- [ RunTime:0.000448s ]
INFO: [ app_end ] --START--
INFO: Run Behavior\ShowPageTraceBehavior [ RunTime:0.000906s ]
INFO: [ app_end ] --END-- [ RunTime:0.000959s ]

[ 2018-12-05T16:12:34+08:00 ] 127.0.0.1 /Order/order.html
INFO: [ app_init ] --START--
INFO: Run Behavior\BuildLiteBehavior [ RunTime:0.000013s ]
INFO: [ app_init ] --END-- [ RunTime:0.000745s ]
INFO: [ app_begin ] --START--
INFO: Run Behavior\ReadHtmlCacheBehavior [ RunTime:0.000477s ]
INFO: [ app_begin ] --END-- [ RunTime:0.000515s ]
SQL: SELECT * FROM `jx_category`  [ RunTime:0.0004s ]
INFO: [ app_end ] --START--
INFO: Run Behavior\ShowPageTraceBehavior [ RunTime:0.000669s ]
INFO: [ app_end ] --END-- [ RunTime:0.000704s ]

[ 2018-12-05T16:12:38+08:00 ] 127.0.0.1 /Order/checkout.html
INFO: [ app_init ] --START--
INFO: Run Behavior\BuildLiteBehavior [ RunTime:0.000053s ]
INFO: [ app_init ] --END-- [ RunTime:0.000962s ]
INFO: [ app_begin ] --START--
INFO: Run Behavior\ReadHtmlCacheBehavior [ RunTime:0.000737s ]
INFO: [ app_begin ] --END-- [ RunTime:0.000805s ]
SQL: SELECT * FROM `jx_category`  [ RunTime:0.0003s ]
SQL: SELECT * FROM `jx_cart` WHERE ( user_id=1 )  [ RunTime:0.0003s ]
SQL: SHOW COLUMNS FROM `jx_goods` [ RunTime:0.0042s ]
SQL: SELECT * FROM `jx_goods` WHERE ( id=29 ) LIMIT 1   [ RunTime:0.0007s ]
SQL: SELECT a.attr_values,b.attr_name FROM jx_goods_attr a left join jx_attribute b on a.attr_id=b.id  WHERE ( a.id in (139,142) )  [ RunTime:0.0004s ]
SQL: SELECT * FROM `jx_goods` WHERE ( id=29 ) LIMIT 1   [ RunTime:0.0003s ]
SQL: SELECT a.attr_values,b.attr_name FROM jx_goods_attr a left join jx_attribute b on a.attr_id=b.id  WHERE ( a.id in (140,143) )  [ RunTime:0.0002s ]
SQL: SELECT * FROM `jx_goods` WHERE ( id=30 ) LIMIT 1   [ RunTime:0.0002s ]
SQL: SELECT a.attr_values,b.attr_name FROM jx_goods_attr a left join jx_attribute b on a.attr_id=b.id  WHERE ( a.id in (190,193,194,196) )  [ RunTime:0.0003s ]
NOTIC: [8] Undefined variable: price F:\wamp\ThinkPHP_Project\jxshop\Application\Home\Model\CartModel.class.php 第 163 行.
INFO: [ view_parse ] --START--
INFO: [ template_filter ] --START--
INFO: Run Behavior\ContentReplaceBehavior [ RunTime:0.000076s ]
INFO: [ template_filter ] --END-- [ RunTime:0.000115s ]
INFO: Run Behavior\ParseTemplateBehavior [ RunTime:0.010853s ]
INFO: [ view_parse ] --END-- [ RunTime:0.010911s ]
INFO: [ view_filter ] --START--
INFO: Run Behavior\WriteHtmlCacheBehavior [ RunTime:0.000516s ]
INFO: [ view_filter ] --END-- [ RunTime:0.000552s ]
INFO: [ app_end ] --START--
INFO: Run Behavior\ShowPageTraceBehavior [ RunTime:0.000973s ]
INFO: [ app_end ] --END-- [ RunTime:0.001042s ]

[ 2018-12-05T16:13:00+08:00 ] 127.0.0.1 /Order/checkout.html
INFO: [ app_init ] --START--
INFO: Run Behavior\BuildLiteBehavior [ RunTime:0.000015s ]
INFO: [ app_init ] --END-- [ RunTime:0.000561s ]
INFO: [ app_begin ] --START--
INFO: Run Behavior\ReadHtmlCacheBehavior [ RunTime:0.000854s ]
INFO: [ app_begin ] --END-- [ RunTime:0.000918s ]
SQL: SELECT * FROM `jx_category`  [ RunTime:0.0003s ]
SQL: SELECT * FROM `jx_cart` WHERE ( user_id=1 )  [ RunTime:0.0007s ]
SQL: SHOW COLUMNS FROM `jx_goods` [ RunTime:0.0042s ]
SQL: SELECT * FROM `jx_goods` WHERE ( id=29 ) LIMIT 1   [ RunTime:0.0003s ]
SQL: SELECT a.attr_values,b.attr_name FROM jx_goods_attr a left join jx_attribute b on a.attr_id=b.id  WHERE ( a.id in (139,142) )  [ RunTime:0.0004s ]
SQL: SELECT * FROM `jx_goods` WHERE ( id=29 ) LIMIT 1   [ RunTime:0.0002s ]
SQL: SELECT a.attr_values,b.attr_name FROM jx_goods_attr a left join jx_attribute b on a.attr_id=b.id  WHERE ( a.id in (140,143) )  [ RunTime:0.0002s ]
SQL: SELECT * FROM `jx_goods` WHERE ( id=30 ) LIMIT 1   [ RunTime:0.0002s ]
SQL: SELECT a.attr_values,b.attr_name FROM jx_goods_attr a left join jx_attribute b on a.attr_id=b.id  WHERE ( a.id in (190,193,194,196) )  [ RunTime:0.0002s ]
NOTIC: [8] Undefined variable: price F:\wamp\ThinkPHP_Project\jxshop\Application\Home\Model\CartModel.class.php 第 163 行.
INFO: [ view_parse ] --START--
INFO: [ template_filter ] --START--
INFO: Run Behavior\ContentReplaceBehavior [ RunTime:0.000109s ]
INFO: [ template_filter ] --END-- [ RunTime:0.000166s ]
INFO: Run Behavior\ParseTemplateBehavior [ RunTime:0.011820s ]
INFO: [ view_parse ] --END-- [ RunTime:0.011863s ]
INFO: [ view_filter ] --START--
INFO: Run Behavior\WriteHtmlCacheBehavior [ RunTime:0.000401s ]
INFO: [ view_filter ] --END-- [ RunTime:0.000434s ]
INFO: [ app_end ] --START--
INFO: Run Behavior\ShowPageTraceBehavior [ RunTime:0.000659s ]
INFO: [ app_end ] --END-- [ RunTime:0.000700s ]

[ 2018-12-05T16:13:01+08:00 ] 127.0.0.1 /Order/order.html
INFO: [ app_init ] --START--
INFO: Run Behavior\BuildLiteBehavior [ RunTime:0.000010s ]
INFO: [ app_init ] --END-- [ RunTime:0.000308s ]
INFO: [ app_begin ] --START--
INFO: Run Behavior\ReadHtmlCacheBehavior [ RunTime:0.000590s ]
INFO: [ app_begin ] --END-- [ RunTime:0.000637s ]
SQL: SELECT * FROM `jx_category`  [ RunTime:0.0003s ]
INFO: [ app_end ] --START--
INFO: Run Behavior\ShowPageTraceBehavior [ RunTime:0.001073s ]
INFO: [ app_end ] --END-- [ RunTime:0.001138s ]

[ 2018-12-05T16:37:21+08:00 ] 127.0.0.1 /Order/checkout.html
INFO: [ app_init ] --START--
INFO: Run Behavior\BuildLiteBehavior [ RunTime:0.000012s ]
INFO: [ app_init ] --END-- [ RunTime:0.000341s ]
INFO: [ app_begin ] --START--
INFO: Run Behavior\ReadHtmlCacheBehavior [ RunTime:0.000545s ]
INFO: [ app_begin ] --END-- [ RunTime:0.000581s ]
SQL: SELECT * FROM `jx_category`  [ RunTime:0.0006s ]
SQL: SELECT * FROM `jx_cart` WHERE ( user_id=1 )  [ RunTime:0.0004s ]
SQL: SHOW COLUMNS FROM `jx_goods` [ RunTime:0.0035s ]
SQL: SELECT * FROM `jx_goods` WHERE ( id=29 ) LIMIT 1   [ RunTime:0.0004s ]
SQL: SELECT a.attr_values,b.attr_name FROM jx_goods_attr a left join jx_attribute b on a.attr_id=b.id  WHERE ( a.id in (139,142) )  [ RunTime:0.0005s ]
SQL: SELECT * FROM `jx_goods` WHERE ( id=29 ) LIMIT 1   [ RunTime:0.0002s ]
SQL: SELECT a.attr_values,b.attr_name FROM jx_goods_attr a left join jx_attribute b on a.attr_id=b.id  WHERE ( a.id in (140,143) )  [ RunTime:0.0002s ]
SQL: SELECT * FROM `jx_goods` WHERE ( id=30 ) LIMIT 1   [ RunTime:0.0002s ]
SQL: SELECT a.attr_values,b.attr_name FROM jx_goods_attr a left join jx_attribute b on a.attr_id=b.id  WHERE ( a.id in (190,193,194,196) )  [ RunTime:0.0002s ]
NOTIC: [8] Undefined variable: price F:\wamp\ThinkPHP_Project\jxshop\Application\Home\Model\CartModel.class.php 第 163 行.
INFO: [ view_parse ] --START--
INFO: [ template_filter ] --START--
INFO: Run Behavior\ContentReplaceBehavior [ RunTime:0.000079s ]
INFO: [ template_filter ] --END-- [ RunTime:0.000145s ]
INFO: Run Behavior\ParseTemplateBehavior [ RunTime:0.011169s ]
INFO: [ view_parse ] --END-- [ RunTime:0.011208s ]
INFO: [ view_filter ] --START--
INFO: Run Behavior\WriteHtmlCacheBehavior [ RunTime:0.000366s ]
INFO: [ view_filter ] --END-- [ RunTime:0.000393s ]
INFO: [ app_end ] --START--
INFO: Run Behavior\ShowPageTraceBehavior [ RunTime:0.001474s ]
INFO: [ app_end ] --END-- [ RunTime:0.001543s ]

[ 2018-12-05T16:38:23+08:00 ] 127.0.0.1 /Order/order.html
INFO: [ app_init ] --START--
INFO: Run Behavior\BuildLiteBehavior [ RunTime:0.000015s ]
INFO: [ app_init ] --END-- [ RunTime:0.000509s ]
INFO: [ app_begin ] --START--
INFO: Run Behavior\ReadHtmlCacheBehavior [ RunTime:0.000548s ]
INFO: [ app_begin ] --END-- [ RunTime:0.000585s ]
SQL: SELECT * FROM `jx_category`  [ RunTime:0.0003s ]
SQL: SELECT * FROM `jx_cart` WHERE ( user_id=1 )  [ RunTime:0.0003s ]
SQL: SHOW COLUMNS FROM `jx_goods` [ RunTime:0.0034s ]
SQL: SELECT * FROM `jx_goods` WHERE ( id=29 ) LIMIT 1   [ RunTime:0.0006s ]
SQL: SELECT a.attr_values,b.attr_name FROM jx_goods_attr a left join jx_attribute b on a.attr_id=b.id  WHERE ( a.id in (139,142) )  [ RunTime:0.0003s ]
SQL: SELECT * FROM `jx_goods` WHERE ( id=29 ) LIMIT 1   [ RunTime:0.0002s ]
SQL: SELECT a.attr_values,b.attr_name FROM jx_goods_attr a left join jx_attribute b on a.attr_id=b.id  WHERE ( a.id in (140,143) )  [ RunTime:0.0002s ]
SQL: SELECT * FROM `jx_goods` WHERE ( id=30 ) LIMIT 1   [ RunTime:0.0002s ]
SQL: SELECT a.attr_values,b.attr_name FROM jx_goods_attr a left join jx_attribute b on a.attr_id=b.id  WHERE ( a.id in (190,193,194,196) )  [ RunTime:0.0002s ]
INFO: [ view_parse ] --START--
INFO: [ template_filter ] --START--
INFO: Run Behavior\ContentReplaceBehavior [ RunTime:0.000036s ]
INFO: [ template_filter ] --END-- [ RunTime:0.000075s ]
INFO: Run Behavior\ParseTemplateBehavior [ RunTime:0.043561s ]
INFO: [ view_parse ] --END-- [ RunTime:0.043596s ]
INFO: [ view_filter ] --START--
INFO: Run Behavior\WriteHtmlCacheBehavior [ RunTime:0.000415s ]
INFO: [ view_filter ] --END-- [ RunTime:0.000445s ]

[ 2018-12-05T16:38:29+08:00 ] 127.0.0.1 /Order/checkout.html
INFO: [ app_init ] --START--
INFO: Run Behavior\BuildLiteBehavior [ RunTime:0.000013s ]
INFO: [ app_init ] --END-- [ RunTime:0.000389s ]
INFO: [ app_begin ] --START--
INFO: Run Behavior\ReadHtmlCacheBehavior [ RunTime:0.000659s ]
INFO: [ app_begin ] --END-- [ RunTime:0.000710s ]
SQL: SELECT * FROM `jx_category`  [ RunTime:0.0003s ]
SQL: SELECT * FROM `jx_cart` WHERE ( user_id=1 )  [ RunTime:0.0004s ]
SQL: SHOW COLUMNS FROM `jx_goods` [ RunTime:0.0054s ]
SQL: SELECT * FROM `jx_goods` WHERE ( id=29 ) LIMIT 1   [ RunTime:0.0003s ]
SQL: SELECT a.attr_values,b.attr_name FROM jx_goods_attr a left join jx_attribute b on a.attr_id=b.id  WHERE ( a.id in (139,142) )  [ RunTime:0.0004s ]
SQL: SELECT * FROM `jx_goods` WHERE ( id=29 ) LIMIT 1   [ RunTime:0.0008s ]
SQL: SELECT a.attr_values,b.attr_name FROM jx_goods_attr a left join jx_attribute b on a.attr_id=b.id  WHERE ( a.id in (140,143) )  [ RunTime:0.0015s ]
SQL: SELECT * FROM `jx_goods` WHERE ( id=30 ) LIMIT 1   [ RunTime:0.0004s ]
SQL: SELECT a.attr_values,b.attr_name FROM jx_goods_attr a left join jx_attribute b on a.attr_id=b.id  WHERE ( a.id in (190,193,194,196) )  [ RunTime:0.0004s ]
NOTIC: [8] Undefined variable: price F:\wamp\ThinkPHP_Project\jxshop\Application\Home\Model\CartModel.class.php 第 163 行.
INFO: [ view_parse ] --START--
INFO: [ template_filter ] --START--
INFO: Run Behavior\ContentReplaceBehavior [ RunTime:0.000079s ]
INFO: [ template_filter ] --END-- [ RunTime:0.000120s ]
INFO: Run Behavior\ParseTemplateBehavior [ RunTime:0.012886s ]
INFO: [ view_parse ] --END-- [ RunTime:0.012941s ]
INFO: [ view_filter ] --START--
INFO: Run Behavior\WriteHtmlCacheBehavior [ RunTime:0.000576s ]
INFO: [ view_filter ] --END-- [ RunTime:0.000611s ]
INFO: [ app_end ] --START--
INFO: Run Behavior\ShowPageTraceBehavior [ RunTime:0.002722s ]
INFO: [ app_end ] --END-- [ RunTime:0.002789s ]

[ 2018-12-05T16:38:52+08:00 ] 127.0.0.1 /Order/order.html
INFO: [ app_init ] --START--
INFO: Run Behavior\BuildLiteBehavior [ RunTime:0.000016s ]
INFO: [ app_init ] --END-- [ RunTime:0.000485s ]
INFO: [ app_begin ] --START--
INFO: Run Behavior\ReadHtmlCacheBehavior [ RunTime:0.000574s ]
INFO: [ app_begin ] --END-- [ RunTime:0.000630s ]
SQL: SELECT * FROM `jx_category`  [ RunTime:0.0003s ]
SQL: SELECT * FROM `jx_cart` WHERE ( user_id=1 )  [ RunTime:0.0003s ]
SQL: SHOW COLUMNS FROM `jx_goods` [ RunTime:0.0040s ]
SQL: SELECT * FROM `jx_goods` WHERE ( id=29 ) LIMIT 1   [ RunTime:0.0003s ]
SQL: SELECT a.attr_values,b.attr_name FROM jx_goods_attr a left join jx_attribute b on a.attr_id=b.id  WHERE ( a.id in (139,142) )  [ RunTime:0.0003s ]
SQL: SELECT * FROM `jx_goods` WHERE ( id=29 ) LIMIT 1   [ RunTime:0.0003s ]
SQL: SELECT a.attr_values,b.attr_name FROM jx_goods_attr a left join jx_attribute b on a.attr_id=b.id  WHERE ( a.id in (140,143) )  [ RunTime:0.0003s ]
SQL: SELECT * FROM `jx_goods` WHERE ( id=30 ) LIMIT 1   [ RunTime:0.0002s ]
SQL: SELECT a.attr_values,b.attr_name FROM jx_goods_attr a left join jx_attribute b on a.attr_id=b.id  WHERE ( a.id in (190,193,194,196) )  [ RunTime:0.0002s ]
NOTIC: [2048] Declaration of Admin\Model\GoodsModel::_after_insert() should be compatible with Think\Model::_after_insert($data, $options) F:\wamp\ThinkPHP_Project\jxshop\Application\Admin\Model\GoodsModel.class.php 第 341 行.
SQL: SELECT * FROM `jx_goods` WHERE ( id=29 ) LIMIT 1   [ RunTime:0.0002s ]
SQL: SHOW COLUMNS FROM `jx_goods_number` [ RunTime:0.0031s ]
SQL: SELECT * FROM `jx_goods_number` WHERE ( goods_id=29 AND goods_attr_ids='139,142' ) LIMIT 1   [ RunTime:0.0002s ]
SQL: SELECT * FROM `jx_goods` WHERE ( id=29 ) LIMIT 1   [ RunTime:0.0002s ]
SQL: SELECT * FROM `jx_goods_number` WHERE ( goods_id=29 AND goods_attr_ids='140,143' ) LIMIT 1   [ RunTime:0.0001s ]
SQL: SELECT * FROM `jx_goods` WHERE ( id=30 ) LIMIT 1   [ RunTime:0.0002s ]
SQL: SELECT * FROM `jx_goods_number` WHERE ( goods_id=30 AND goods_attr_ids='190,193,194,196' ) LIMIT 1   [ RunTime:0.0002s ]
NOTIC: [8] Undefined variable: price F:\wamp\ThinkPHP_Project\jxshop\Application\Home\Model\CartModel.class.php 第 163 行.
SQL: INSERT INTO `jx_order` (`user_id`,`addtime`,`total_price`,`name`,`address`,`tel`) VALUES ('1','1543999131','17990','qianyewoailuo@126.com','北京市天安门广场','138000000') [ RunTime:0.3383s ]

[ 2018-12-05T16:39:20+08:00 ] 127.0.0.1 /Order/checkout.html
INFO: [ app_init ] --START--
INFO: Run Behavior\BuildLiteBehavior [ RunTime:0.000012s ]
INFO: [ app_init ] --END-- [ RunTime:0.000477s ]
INFO: [ app_begin ] --START--
INFO: Run Behavior\ReadHtmlCacheBehavior [ RunTime:0.000652s ]
INFO: [ app_begin ] --END-- [ RunTime:0.000733s ]
SQL: SELECT * FROM `jx_category`  [ RunTime:0.0003s ]
SQL: SELECT * FROM `jx_cart` WHERE ( user_id=1 )  [ RunTime:0.0003s ]
SQL: SHOW COLUMNS FROM `jx_goods` [ RunTime:0.0042s ]
SQL: SELECT * FROM `jx_goods` WHERE ( id=29 ) LIMIT 1   [ RunTime:0.0014s ]
SQL: SELECT a.attr_values,b.attr_name FROM jx_goods_attr a left join jx_attribute b on a.attr_id=b.id  WHERE ( a.id in (139,142) )  [ RunTime:0.0003s ]
SQL: SELECT * FROM `jx_goods` WHERE ( id=29 ) LIMIT 1   [ RunTime:0.0002s ]
SQL: SELECT a.attr_values,b.attr_name FROM jx_goods_attr a left join jx_attribute b on a.attr_id=b.id  WHERE ( a.id in (140,143) )  [ RunTime:0.0002s ]
SQL: SELECT * FROM `jx_goods` WHERE ( id=30 ) LIMIT 1   [ RunTime:0.0002s ]
SQL: SELECT a.attr_values,b.attr_name FROM jx_goods_attr a left join jx_attribute b on a.attr_id=b.id  WHERE ( a.id in (190,193,194,196) )  [ RunTime:0.0003s ]
NOTIC: [8] Undefined variable: price F:\wamp\ThinkPHP_Project\jxshop\Application\Home\Model\CartModel.class.php 第 163 行.
INFO: [ view_parse ] --START--
INFO: [ template_filter ] --START--
INFO: Run Behavior\ContentReplaceBehavior [ RunTime:0.000114s ]
INFO: [ template_filter ] --END-- [ RunTime:0.000170s ]
INFO: Run Behavior\ParseTemplateBehavior [ RunTime:0.014844s ]
INFO: [ view_parse ] --END-- [ RunTime:0.014898s ]
INFO: [ view_filter ] --START--
INFO: Run Behavior\WriteHtmlCacheBehavior [ RunTime:0.000385s ]
INFO: [ view_filter ] --END-- [ RunTime:0.000411s ]
INFO: [ app_end ] --START--
INFO: Run Behavior\ShowPageTraceBehavior [ RunTime:0.000845s ]
INFO: [ app_end ] --END-- [ RunTime:0.000904s ]

[ 2018-12-05T17:03:34+08:00 ] 127.0.0.1 /Order/checkout.html
INFO: [ app_init ] --START--
INFO: Run Behavior\BuildLiteBehavior [ RunTime:0.000011s ]
INFO: [ app_init ] --END-- [ RunTime:0.000341s ]
INFO: [ app_begin ] --START--
INFO: Run Behavior\ReadHtmlCacheBehavior [ RunTime:0.000558s ]
INFO: [ app_begin ] --END-- [ RunTime:0.000603s ]
SQL: SELECT * FROM `jx_category`  [ RunTime:0.0006s ]
SQL: SELECT * FROM `jx_cart` WHERE ( user_id=1 )  [ RunTime:0.0004s ]
SQL: SHOW COLUMNS FROM `jx_goods` [ RunTime:0.0036s ]
SQL: SELECT * FROM `jx_goods` WHERE ( id=29 ) LIMIT 1   [ RunTime:0.0003s ]
SQL: SELECT a.attr_values,b.attr_name FROM jx_goods_attr a left join jx_attribute b on a.attr_id=b.id  WHERE ( a.id in (139,142) )  [ RunTime:0.0007s ]
SQL: SELECT * FROM `jx_goods` WHERE ( id=29 ) LIMIT 1   [ RunTime:0.0003s ]
SQL: SELECT a.attr_values,b.attr_name FROM jx_goods_attr a left join jx_attribute b on a.attr_id=b.id  WHERE ( a.id in (140,143) )  [ RunTime:0.0002s ]
SQL: SELECT * FROM `jx_goods` WHERE ( id=30 ) LIMIT 1   [ RunTime:0.0002s ]
SQL: SELECT a.attr_values,b.attr_name FROM jx_goods_attr a left join jx_attribute b on a.attr_id=b.id  WHERE ( a.id in (190,193,194,196) )  [ RunTime:0.0002s ]
NOTIC: [8] Undefined variable: price F:\wamp\ThinkPHP_Project\jxshop\Application\Home\Model\CartModel.class.php 第 163 行.
INFO: [ view_parse ] --START--
INFO: [ template_filter ] --START--
INFO: Run Behavior\ContentReplaceBehavior [ RunTime:0.000079s ]
INFO: [ template_filter ] --END-- [ RunTime:0.000115s ]
INFO: Run Behavior\ParseTemplateBehavior [ RunTime:0.011169s ]
INFO: [ view_parse ] --END-- [ RunTime:0.011210s ]
INFO: [ view_filter ] --START--
INFO: Run Behavior\WriteHtmlCacheBehavior [ RunTime:0.000414s ]
INFO: [ view_filter ] --END-- [ RunTime:0.000443s ]
INFO: [ app_end ] --START--
INFO: Run Behavior\ShowPageTraceBehavior [ RunTime:0.001048s ]
INFO: [ app_end ] --END-- [ RunTime:0.001116s ]

[ 2018-12-05T17:04:15+08:00 ] 127.0.0.1 /Order/checkout.html
INFO: [ app_init ] --START--
INFO: Run Behavior\BuildLiteBehavior [ RunTime:0.000011s ]
INFO: [ app_init ] --END-- [ RunTime:0.000331s ]
INFO: [ app_begin ] --START--
INFO: Run Behavior\ReadHtmlCacheBehavior [ RunTime:0.000830s ]
INFO: [ app_begin ] --END-- [ RunTime:0.000894s ]
SQL: SELECT * FROM `jx_category`  [ RunTime:0.0003s ]
SQL: SELECT * FROM `jx_cart` WHERE ( user_id=1 )  [ RunTime:0.0003s ]
SQL: SHOW COLUMNS FROM `jx_goods` [ RunTime:0.0031s ]
SQL: SELECT * FROM `jx_goods` WHERE ( id=29 ) LIMIT 1   [ RunTime:0.0010s ]
SQL: SELECT a.attr_values,b.attr_name FROM jx_goods_attr a left join jx_attribute b on a.attr_id=b.id  WHERE ( a.id in (139,142) )  [ RunTime:0.0004s ]
SQL: SELECT * FROM `jx_goods` WHERE ( id=29 ) LIMIT 1   [ RunTime:0.0003s ]
SQL: SELECT a.attr_values,b.attr_name FROM jx_goods_attr a left join jx_attribute b on a.attr_id=b.id  WHERE ( a.id in (140,143) )  [ RunTime:0.0002s ]
SQL: SELECT * FROM `jx_goods` WHERE ( id=30 ) LIMIT 1   [ RunTime:0.0002s ]
SQL: SELECT a.attr_values,b.attr_name FROM jx_goods_attr a left join jx_attribute b on a.attr_id=b.id  WHERE ( a.id in (190,193,194,196) )  [ RunTime:0.0003s ]
NOTIC: [8] Undefined variable: price F:\wamp\ThinkPHP_Project\jxshop\Application\Home\Model\CartModel.class.php 第 163 行.
INFO: [ view_parse ] --START--
INFO: [ template_filter ] --START--
INFO: Run Behavior\ContentReplaceBehavior [ RunTime:0.000082s ]
INFO: [ template_filter ] --END-- [ RunTime:0.000123s ]
INFO: Run Behavior\ParseTemplateBehavior [ RunTime:0.010083s ]
INFO: [ view_parse ] --END-- [ RunTime:0.010150s ]
INFO: [ view_filter ] --START--
INFO: Run Behavior\WriteHtmlCacheBehavior [ RunTime:0.000491s ]
INFO: [ view_filter ] --END-- [ RunTime:0.000537s ]
INFO: [ app_end ] --START--
INFO: Run Behavior\ShowPageTraceBehavior [ RunTime:0.000990s ]
INFO: [ app_end ] --END-- [ RunTime:0.001057s ]

[ 2018-12-05T17:05:22+08:00 ] 127.0.0.1 /Order/order.html
INFO: [ app_init ] --START--
INFO: Run Behavior\BuildLiteBehavior [ RunTime:0.000010s ]
INFO: [ app_init ] --END-- [ RunTime:0.000303s ]
INFO: [ app_begin ] --START--
INFO: Run Behavior\ReadHtmlCacheBehavior [ RunTime:0.001143s ]
INFO: [ app_begin ] --END-- [ RunTime:0.001207s ]
SQL: SELECT * FROM `jx_category`  [ RunTime:0.0003s ]
SQL: SELECT * FROM `jx_cart` WHERE ( user_id=1 )  [ RunTime:0.0003s ]
SQL: SHOW COLUMNS FROM `jx_goods` [ RunTime:0.0049s ]
SQL: SELECT * FROM `jx_goods` WHERE ( id=29 ) LIMIT 1   [ RunTime:0.0019s ]
SQL: SELECT a.attr_values,b.attr_name FROM jx_goods_attr a left join jx_attribute b on a.attr_id=b.id  WHERE ( a.id in (139,142) )  [ RunTime:0.0006s ]
SQL: SELECT * FROM `jx_goods` WHERE ( id=29 ) LIMIT 1   [ RunTime:0.0004s ]
SQL: SELECT a.attr_values,b.attr_name FROM jx_goods_attr a left join jx_attribute b on a.attr_id=b.id  WHERE ( a.id in (140,143) )  [ RunTime:0.0004s ]
SQL: SELECT * FROM `jx_goods` WHERE ( id=30 ) LIMIT 1   [ RunTime:0.0002s ]
SQL: SELECT a.attr_values,b.attr_name FROM jx_goods_attr a left join jx_attribute b on a.attr_id=b.id  WHERE ( a.id in (190,193,194,196) )  [ RunTime:0.0002s ]
NOTIC: [2048] Declaration of Admin\Model\GoodsModel::_after_insert() should be compatible with Think\Model::_after_insert($data, $options) F:\wamp\ThinkPHP_Project\jxshop\Application\Admin\Model\GoodsModel.class.php 第 341 行.
SQL: SELECT * FROM `jx_goods` WHERE ( id=29 ) LIMIT 1   [ RunTime:0.0003s ]
SQL: SHOW COLUMNS FROM `jx_goods_number` [ RunTime:0.0049s ]
SQL: SELECT * FROM `jx_goods_number` WHERE ( goods_id=29 AND goods_attr_ids='139,142' ) LIMIT 1   [ RunTime:0.0012s ]
SQL: SELECT * FROM `jx_goods` WHERE ( id=29 ) LIMIT 1   [ RunTime:0.0014s ]
SQL: SELECT * FROM `jx_goods_number` WHERE ( goods_id=29 AND goods_attr_ids='140,143' ) LIMIT 1   [ RunTime:0.0003s ]
SQL: SELECT * FROM `jx_goods` WHERE ( id=30 ) LIMIT 1   [ RunTime:0.0003s ]
SQL: SELECT * FROM `jx_goods_number` WHERE ( goods_id=30 AND goods_attr_ids='190,193,194,196' ) LIMIT 1   [ RunTime:0.0002s ]
NOTIC: [8] Undefined variable: price F:\wamp\ThinkPHP_Project\jxshop\Application\Home\Model\CartModel.class.php 第 163 行.
SQL: INSERT INTO `jx_order` (`user_id`,`addtime`,`total_price`,`name`,`address`,`tel`) VALUES ('1','1544000721','17990','qianyewoailuo@126.com','北京市天安门广场','138000000') [ RunTime:0.0008s ]
ERR: 1146:Table 'jxshop.jx_goods_order' doesn't exist
 [ SQL语句 ] : SHOW COLUMNS FROM `jx_goods_order`
ERR: 1146:Table 'jxshop.jx_goods_order' doesn't exist
 [ SQL语句 ] : SHOW COLUMNS FROM `jx_goods_order`

[ 2018-12-05T17:06:39+08:00 ] 127.0.0.1 /Order/order.html
INFO: [ app_init ] --START--
INFO: Run Behavior\BuildLiteBehavior [ RunTime:0.000017s ]
INFO: [ app_init ] --END-- [ RunTime:0.000512s ]
INFO: [ app_begin ] --START--
INFO: Run Behavior\ReadHtmlCacheBehavior [ RunTime:0.000867s ]
INFO: [ app_begin ] --END-- [ RunTime:0.000935s ]
SQL: SELECT * FROM `jx_category`  [ RunTime:0.0004s ]
SQL: SELECT * FROM `jx_cart` WHERE ( user_id=1 )  [ RunTime:0.0004s ]
SQL: SHOW COLUMNS FROM `jx_goods` [ RunTime:0.0044s ]
SQL: SELECT * FROM `jx_goods` WHERE ( id=29 ) LIMIT 1   [ RunTime:0.0003s ]
SQL: SELECT a.attr_values,b.attr_name FROM jx_goods_attr a left join jx_attribute b on a.attr_id=b.id  WHERE ( a.id in (139,142) )  [ RunTime:0.0005s ]
SQL: SELECT * FROM `jx_goods` WHERE ( id=29 ) LIMIT 1   [ RunTime:0.0004s ]
SQL: SELECT a.attr_values,b.attr_name FROM jx_goods_attr a left join jx_attribute b on a.attr_id=b.id  WHERE ( a.id in (140,143) )  [ RunTime:0.0003s ]
SQL: SELECT * FROM `jx_goods` WHERE ( id=30 ) LIMIT 1   [ RunTime:0.0005s ]
SQL: SELECT a.attr_values,b.attr_name FROM jx_goods_attr a left join jx_attribute b on a.attr_id=b.id  WHERE ( a.id in (190,193,194,196) )  [ RunTime:0.0024s ]
NOTIC: [2048] Declaration of Admin\Model\GoodsModel::_after_insert() should be compatible with Think\Model::_after_insert($data, $options) F:\wamp\ThinkPHP_Project\jxshop\Application\Admin\Model\GoodsModel.class.php 第 341 行.
SQL: SELECT * FROM `jx_goods` WHERE ( id=29 ) LIMIT 1   [ RunTime:0.0003s ]
SQL: SHOW COLUMNS FROM `jx_goods_number` [ RunTime:0.0037s ]
SQL: SELECT * FROM `jx_goods_number` WHERE ( goods_id=29 AND goods_attr_ids='139,142' ) LIMIT 1   [ RunTime:0.0003s ]
SQL: SELECT * FROM `jx_goods` WHERE ( id=29 ) LIMIT 1   [ RunTime:0.0002s ]
SQL: SELECT * FROM `jx_goods_number` WHERE ( goods_id=29 AND goods_attr_ids='140,143' ) LIMIT 1   [ RunTime:0.0002s ]
SQL: SELECT * FROM `jx_goods` WHERE ( id=30 ) LIMIT 1   [ RunTime:0.0002s ]
SQL: SELECT * FROM `jx_goods_number` WHERE ( goods_id=30 AND goods_attr_ids='190,193,194,196' ) LIMIT 1   [ RunTime:0.0002s ]
NOTIC: [8] Undefined variable: price F:\wamp\ThinkPHP_Project\jxshop\Application\Home\Model\CartModel.class.php 第 163 行.
SQL: INSERT INTO `jx_order` (`user_id`,`addtime`,`total_price`,`name`,`address`,`tel`) VALUES ('1','1544000798','17990','qianyewoailuo@126.com','北京市天安门广场','138000000') [ RunTime:0.0002s ]
SQL: INSERT INTO `jx_order_goods` (`order_id`,`goods_id`,`goods_attr_ids`,`price`,`goods_count`) VALUES ('22','29','139,142','444.00','13'),('22','29','140,143','444.00','5'),('22','30','190,193,194,196','4999.00','2') [ RunTime:0.0011s ]
SQL: UPDATE `jx_goods` SET `goods_number`=goods_number-13 WHERE ( id=29 ) [ RunTime:0.2898s ]
NOTIC: D方法实例化没找到模型类Admin\Model\GoodsNumberModel
SQL: SHOW COLUMNS FROM `jx_goods_number` [ RunTime:0.0027s ]
SQL: UPDATE `jx_goods_number` SET `goods_number`=goods_number-13 WHERE `goods_id` = 29 AND `goods_attr_ids` = '139,142' [ RunTime:0.0003s ]
SQL: UPDATE `jx_goods` SET `goods_number`=goods_number-5 WHERE ( id=29 ) [ RunTime:0.0452s ]
SQL: UPDATE `jx_goods_number` SET `goods_number`=goods_number-5 WHERE `goods_id` = 29 AND `goods_attr_ids` = '140,143' [ RunTime:0.0003s ]
SQL: UPDATE `jx_goods` SET `goods_number`=goods_number-2 WHERE ( id=30 ) [ RunTime:0.0502s ]
SQL: UPDATE `jx_goods_number` SET `goods_number`=goods_number-2 WHERE `goods_id` = 30 AND `goods_attr_ids` = '190,193,194,196' [ RunTime:0.0007s ]
SQL: DELETE FROM `jx_cart` WHERE ( user_id=1 ) [ RunTime:0.0651s ]
INFO: [ app_end ] --START--
INFO: Run Behavior\ShowPageTraceBehavior [ RunTime:0.000699s ]
INFO: [ app_end ] --END-- [ RunTime:0.000742s ]

