[ 2019-03-23T09:55:10+08:00 ] 127.0.0.1 /favicon.ico
INFO: [ app_init ] --START--
INFO: Run Behavior\BuildLiteBehavior [ RunTime:0.000000s ]
INFO: [ app_init ] --END-- [ RunTime:0.000000s ]

[ 2019-03-23T10:06:22+08:00 ] 127.0.0.1 /
INFO: [ app_init ] --START--
INFO: Run Behavior\BuildLiteBehavior [ RunTime:0.000000s ]
INFO: [ app_init ] --END-- [ RunTime:0.000000s ]
INFO: [ app_begin ] --START--
INFO: Run Behavior\ReadHtmlCacheBehavior [ RunTime:0.000000s ]
INFO: [ app_begin ] --END-- [ RunTime:0.000000s ]
SQL: SELECT * FROM `jx_category`  [ RunTime:0.0490s ]
NOTIC: [2] Declaration of Admin\Model\GoodsModel::_after_insert($data) should be compatible with Think\Model::_after_insert($data, $options) F:\wamp\ThinkPHP_Project\jxshop\Application\Admin\Model\GoodsModel.class.php 第 0 行.
SQL: SELECT * FROM `jx_goods` WHERE ( is_sale=1 AND is_hot=1 ) ORDER BY id desc LIMIT 5   [ RunTime:0.0020s ]
SQL: SELECT * FROM `jx_goods` WHERE ( is_sale=1 AND is_rec=1 ) ORDER BY id desc LIMIT 5   [ RunTime:0.0010s ]
SQL: SELECT * FROM `jx_goods` WHERE ( is_sale=1 AND is_new=1 ) ORDER BY id desc LIMIT 5   [ RunTime:0.0000s ]
SQL: SELECT * FROM `jx_goods` WHERE ( is_sale=1 AND cx_price>0 AND start<1553306782 AND end>1553306782 ) LIMIT 5   [ RunTime:0.0000s ]
SQL: SELECT * FROM `jx_category` WHERE ( parent_id=0 )  [ RunTime:0.0000s ]
SQL: SELECT * FROM `jx_category` WHERE ( parent_id=1 )  [ RunTime:0.0000s ]
SQL: SELECT * FROM `jx_category` WHERE ( isrec=1 AND parent_id=1 )  [ RunTime:0.0000s ]
SQL: SELECT * FROM `jx_category`  [ RunTime:0.0000s ]
SQL: SHOW COLUMNS FROM `jx_goods` [ RunTime:0.0050s ]
SQL: SELECT * FROM `jx_goods` WHERE ( is_sale=1 AND cate_id in (2,5,4,6,25,17) ) LIMIT 8   [ RunTime:0.0000s ]
SQL: SELECT * FROM `jx_category`  [ RunTime:0.0000s ]
SQL: SELECT * FROM `jx_goods` WHERE ( is_sale=1 AND cate_id in (19,20,18) ) LIMIT 8   [ RunTime:0.0010s ]
SQL: SELECT * FROM `jx_category` WHERE ( parent_id=8 )  [ RunTime:0.0000s ]
SQL: SELECT * FROM `jx_category` WHERE ( isrec=1 AND parent_id=8 )  [ RunTime:0.0000s ]
SQL: SELECT * FROM `jx_category`  [ RunTime:0.0000s ]
SQL: SELECT * FROM `jx_goods` WHERE ( is_sale=1 AND cate_id in (7,9,11,12) ) LIMIT 8   [ RunTime:0.0000s ]
SQL: SELECT * FROM `jx_category`  [ RunTime:0.0000s ]
SQL: SELECT * FROM `jx_goods` WHERE ( is_sale=1 AND cate_id in (26,13) ) LIMIT 8   [ RunTime:0.0000s ]
SQL: SELECT * FROM `jx_category`  [ RunTime:0.0000s ]
SQL: SELECT * FROM `jx_goods` WHERE ( is_sale=1 AND cate_id in (27,28,14) ) LIMIT 8   [ RunTime:0.0000s ]
SQL: SELECT * FROM `jx_category` WHERE ( parent_id=10 )  [ RunTime:0.0000s ]
SQL: SELECT * FROM `jx_category` WHERE ( isrec=1 AND parent_id=10 )  [ RunTime:0.0000s ]
SQL: SELECT * FROM `jx_category`  [ RunTime:0.0000s ]
SQL: SELECT * FROM `jx_goods` WHERE ( is_sale=1 AND cate_id in (22,23,24,21) ) LIMIT 8   [ RunTime:0.0000s ]
SQL: SELECT * FROM `jx_category`  [ RunTime:0.0010s ]
SQL: SELECT * FROM `jx_goods` WHERE ( is_sale=1 AND cate_id in (30,29) ) LIMIT 8   [ RunTime:0.0000s ]
INFO: [ view_parse ] --START--
INFO: [ template_filter ] --START--
INFO: Run Behavior\ContentReplaceBehavior [ RunTime:0.000000s ]
INFO: [ template_filter ] --END-- [ RunTime:0.000000s ]
INFO: Run Behavior\ParseTemplateBehavior [ RunTime:0.011000s ]
INFO: [ view_parse ] --END-- [ RunTime:0.011000s ]
INFO: [ view_filter ] --START--
INFO: Run Behavior\WriteHtmlCacheBehavior [ RunTime:0.000000s ]
INFO: [ view_filter ] --END-- [ RunTime:0.000000s ]
INFO: [ app_end ] --START--
INFO: Run Behavior\ShowPageTraceBehavior [ RunTime:0.001000s ]
INFO: [ app_end ] --END-- [ RunTime:0.001000s ]

[ 2019-03-23T10:06:25+08:00 ] 127.0.0.1 /User/regist.html
INFO: [ app_init ] --START--
INFO: Run Behavior\BuildLiteBehavior [ RunTime:0.000000s ]
INFO: [ app_init ] --END-- [ RunTime:0.000000s ]
INFO: [ app_begin ] --START--
INFO: Run Behavior\ReadHtmlCacheBehavior [ RunTime:0.000000s ]
INFO: [ app_begin ] --END-- [ RunTime:0.000000s ]
SQL: SELECT * FROM `jx_category`  [ RunTime:0.0010s ]
INFO: [ view_parse ] --START--
INFO: [ template_filter ] --START--
INFO: Run Behavior\ContentReplaceBehavior [ RunTime:0.001000s ]
INFO: [ template_filter ] --END-- [ RunTime:0.001000s ]
INFO: Run Behavior\ParseTemplateBehavior [ RunTime:0.003000s ]
INFO: [ view_parse ] --END-- [ RunTime:0.003000s ]
INFO: [ view_filter ] --START--
INFO: Run Behavior\WriteHtmlCacheBehavior [ RunTime:0.001000s ]
INFO: [ view_filter ] --END-- [ RunTime:0.001000s ]
INFO: [ app_end ] --START--
INFO: Run Behavior\ShowPageTraceBehavior [ RunTime:0.000000s ]
INFO: [ app_end ] --END-- [ RunTime:0.000000s ]

[ 2019-03-23T10:06:26+08:00 ] 127.0.0.1 /User/code.html
INFO: [ app_init ] --START--
INFO: Run Behavior\BuildLiteBehavior [ RunTime:0.000000s ]
INFO: [ app_init ] --END-- [ RunTime:0.000000s ]
INFO: [ app_begin ] --START--
INFO: Run Behavior\ReadHtmlCacheBehavior [ RunTime:0.001000s ]
INFO: [ app_begin ] --END-- [ RunTime:0.001000s ]
SQL: SELECT * FROM `jx_category`  [ RunTime:0.0000s ]
INFO: [ app_end ] --START--
INFO: Run Behavior\ShowPageTraceBehavior [ RunTime:0.000000s ]
INFO: [ app_end ] --END-- [ RunTime:0.000000s ]

[ 2019-03-23T10:43:51+08:00 ] 127.0.0.1 /User/regist.html
INFO: [ app_init ] --START--
INFO: Run Behavior\BuildLiteBehavior [ RunTime:0.000000s ]
INFO: [ app_init ] --END-- [ RunTime:0.001000s ]
INFO: [ app_begin ] --START--
INFO: Run Behavior\ReadHtmlCacheBehavior [ RunTime:0.000000s ]
INFO: [ app_begin ] --END-- [ RunTime:0.000000s ]
SQL: SELECT * FROM `jx_category`  [ RunTime:0.0000s ]
INFO: [ view_parse ] --START--
INFO: [ template_filter ] --START--
INFO: Run Behavior\ContentReplaceBehavior [ RunTime:0.000000s ]
INFO: [ template_filter ] --END-- [ RunTime:0.000000s ]
INFO: Run Behavior\ParseTemplateBehavior [ RunTime:0.005000s ]
INFO: [ view_parse ] --END-- [ RunTime:0.005000s ]
INFO: [ view_filter ] --START--
INFO: Run Behavior\WriteHtmlCacheBehavior [ RunTime:0.000000s ]
INFO: [ view_filter ] --END-- [ RunTime:0.000000s ]
INFO: [ app_end ] --START--
INFO: Run Behavior\ShowPageTraceBehavior [ RunTime:0.001000s ]
INFO: [ app_end ] --END-- [ RunTime:0.001000s ]

[ 2019-03-23T10:43:52+08:00 ] 127.0.0.1 /User/code.html
INFO: [ app_init ] --START--
INFO: Run Behavior\BuildLiteBehavior [ RunTime:0.000000s ]
INFO: [ app_init ] --END-- [ RunTime:0.001000s ]
INFO: [ app_begin ] --START--
INFO: Run Behavior\ReadHtmlCacheBehavior [ RunTime:0.000000s ]
INFO: [ app_begin ] --END-- [ RunTime:0.000000s ]
SQL: SELECT * FROM `jx_category`  [ RunTime:0.0010s ]
INFO: [ app_end ] --START--
INFO: Run Behavior\ShowPageTraceBehavior [ RunTime:0.000000s ]
INFO: [ app_end ] --END-- [ RunTime:0.001001s ]

[ 2019-03-23T10:43:55+08:00 ] 127.0.0.1 /User/code.html?date=1553309032074
INFO: [ app_init ] --START--
INFO: Run Behavior\BuildLiteBehavior [ RunTime:0.000000s ]
INFO: [ app_init ] --END-- [ RunTime:0.000000s ]
INFO: [ app_begin ] --START--
INFO: Run Behavior\ReadHtmlCacheBehavior [ RunTime:0.000000s ]
INFO: [ app_begin ] --END-- [ RunTime:0.000000s ]
SQL: SELECT * FROM `jx_category`  [ RunTime:0.0000s ]
INFO: [ app_end ] --START--
INFO: Run Behavior\ShowPageTraceBehavior [ RunTime:0.000000s ]
INFO: [ app_end ] --END-- [ RunTime:0.000000s ]

[ 2019-03-23T10:43:55+08:00 ] 127.0.0.1 /User/code.html?date=1553309032074
INFO: [ app_init ] --START--
INFO: Run Behavior\BuildLiteBehavior [ RunTime:0.000000s ]
INFO: [ app_init ] --END-- [ RunTime:0.000000s ]
INFO: [ app_begin ] --START--
INFO: Run Behavior\ReadHtmlCacheBehavior [ RunTime:0.015600s ]
INFO: [ app_begin ] --END-- [ RunTime:0.015600s ]
SQL: SELECT * FROM `jx_category`  [ RunTime:0.0000s ]
INFO: [ app_end ] --START--
INFO: Run Behavior\ShowPageTraceBehavior [ RunTime:0.000000s ]
INFO: [ app_end ] --END-- [ RunTime:0.000000s ]

[ 2019-03-23T10:43:56+08:00 ] 127.0.0.1 /User/code.html?date=1553309032074
INFO: [ app_init ] --START--
INFO: Run Behavior\BuildLiteBehavior [ RunTime:0.000000s ]
INFO: [ app_init ] --END-- [ RunTime:0.000000s ]
INFO: [ app_begin ] --START--
INFO: Run Behavior\ReadHtmlCacheBehavior [ RunTime:0.000000s ]
INFO: [ app_begin ] --END-- [ RunTime:0.000000s ]
SQL: SELECT * FROM `jx_category`  [ RunTime:0.0000s ]
INFO: [ app_end ] --START--
INFO: Run Behavior\ShowPageTraceBehavior [ RunTime:0.000000s ]
INFO: [ app_end ] --END-- [ RunTime:0.000000s ]

[ 2019-03-23T10:43:56+08:00 ] 127.0.0.1 /User/code.html?date=1553309032074
INFO: [ app_init ] --START--
INFO: Run Behavior\BuildLiteBehavior [ RunTime:0.000000s ]
INFO: [ app_init ] --END-- [ RunTime:0.000000s ]
INFO: [ app_begin ] --START--
INFO: Run Behavior\ReadHtmlCacheBehavior [ RunTime:0.000000s ]
INFO: [ app_begin ] --END-- [ RunTime:0.000000s ]
SQL: SELECT * FROM `jx_category`  [ RunTime:0.0000s ]
INFO: [ app_end ] --START--
INFO: Run Behavior\ShowPageTraceBehavior [ RunTime:0.000000s ]
INFO: [ app_end ] --END-- [ RunTime:0.000000s ]

[ 2019-03-23T10:43:56+08:00 ] 127.0.0.1 /User/code.html?date=1553309032074
INFO: [ app_init ] --START--
INFO: Run Behavior\BuildLiteBehavior [ RunTime:0.000000s ]
INFO: [ app_init ] --END-- [ RunTime:0.000000s ]
INFO: [ app_begin ] --START--
INFO: Run Behavior\ReadHtmlCacheBehavior [ RunTime:0.000000s ]
INFO: [ app_begin ] --END-- [ RunTime:0.000000s ]
SQL: SELECT * FROM `jx_category`  [ RunTime:0.0000s ]
INFO: [ app_end ] --START--
INFO: Run Behavior\ShowPageTraceBehavior [ RunTime:0.000000s ]
INFO: [ app_end ] --END-- [ RunTime:0.000000s ]

[ 2019-03-23T11:23:28+08:00 ] 127.0.0.1 /User/regist.html
INFO: [ app_init ] --START--
INFO: Run Behavior\BuildLiteBehavior [ RunTime:0.000000s ]
INFO: [ app_init ] --END-- [ RunTime:0.001000s ]
INFO: [ app_begin ] --START--
INFO: Run Behavior\ReadHtmlCacheBehavior [ RunTime:0.000000s ]
INFO: [ app_begin ] --END-- [ RunTime:0.000000s ]
SQL: SELECT * FROM `jx_category`  [ RunTime:0.0010s ]
INFO: [ view_parse ] --START--
INFO: [ template_filter ] --START--
INFO: Run Behavior\ContentReplaceBehavior [ RunTime:0.001000s ]
INFO: [ template_filter ] --END-- [ RunTime:0.001000s ]
INFO: Run Behavior\ParseTemplateBehavior [ RunTime:0.005000s ]
INFO: [ view_parse ] --END-- [ RunTime:0.005000s ]
INFO: [ view_filter ] --START--
INFO: Run Behavior\WriteHtmlCacheBehavior [ RunTime:0.000000s ]
INFO: [ view_filter ] --END-- [ RunTime:0.000000s ]
INFO: [ app_end ] --START--
INFO: Run Behavior\ShowPageTraceBehavior [ RunTime:0.001000s ]
INFO: [ app_end ] --END-- [ RunTime:0.001000s ]

[ 2019-03-23T11:23:28+08:00 ] 127.0.0.1 /User/code.html
INFO: [ app_init ] --START--
INFO: Run Behavior\BuildLiteBehavior [ RunTime:0.000000s ]
INFO: [ app_init ] --END-- [ RunTime:0.000000s ]
INFO: [ app_begin ] --START--
INFO: Run Behavior\ReadHtmlCacheBehavior [ RunTime:0.000000s ]
INFO: [ app_begin ] --END-- [ RunTime:0.000000s ]
SQL: SELECT * FROM `jx_category`  [ RunTime:0.0010s ]
INFO: [ app_end ] --START--
INFO: Run Behavior\ShowPageTraceBehavior [ RunTime:0.001000s ]
INFO: [ app_end ] --END-- [ RunTime:0.001000s ]

[ 2019-03-23T11:23:28+08:00 ] 127.0.0.1 /favicon.ico
INFO: [ app_init ] --START--
INFO: Run Behavior\BuildLiteBehavior [ RunTime:0.000000s ]
INFO: [ app_init ] --END-- [ RunTime:0.000000s ]

[ 2019-03-23T11:23:30+08:00 ] 127.0.0.1 /User/regist.html
INFO: [ app_init ] --START--
INFO: Run Behavior\BuildLiteBehavior [ RunTime:0.000000s ]
INFO: [ app_init ] --END-- [ RunTime:0.000000s ]
INFO: [ app_begin ] --START--
INFO: Run Behavior\ReadHtmlCacheBehavior [ RunTime:0.000000s ]
INFO: [ app_begin ] --END-- [ RunTime:0.000000s ]
SQL: SELECT * FROM `jx_category`  [ RunTime:0.0000s ]

[ 2019-03-23T11:23:30+08:00 ] 127.0.0.1 /User/code.html?date=1553311408310
INFO: [ app_init ] --START--
INFO: Run Behavior\BuildLiteBehavior [ RunTime:0.000000s ]
INFO: [ app_init ] --END-- [ RunTime:0.000000s ]
INFO: [ app_begin ] --START--
INFO: Run Behavior\ReadHtmlCacheBehavior [ RunTime:0.001000s ]
INFO: [ app_begin ] --END-- [ RunTime:0.001000s ]
SQL: SELECT * FROM `jx_category`  [ RunTime:0.0010s ]
INFO: [ app_end ] --START--
INFO: Run Behavior\ShowPageTraceBehavior [ RunTime:0.001000s ]
INFO: [ app_end ] --END-- [ RunTime:0.001000s ]

[ 2019-03-23T11:41:55+08:00 ] 127.0.0.1 /User/regist.html
INFO: [ app_init ] --START--
INFO: Run Behavior\BuildLiteBehavior [ RunTime:0.000000s ]
INFO: [ app_init ] --END-- [ RunTime:0.000000s ]
INFO: [ app_begin ] --START--
INFO: Run Behavior\ReadHtmlCacheBehavior [ RunTime:0.001000s ]
INFO: [ app_begin ] --END-- [ RunTime:0.001000s ]
SQL: SELECT * FROM `jx_category`  [ RunTime:0.0000s ]
INFO: [ view_parse ] --START--
INFO: [ template_filter ] --START--
INFO: Run Behavior\ContentReplaceBehavior [ RunTime:0.000000s ]
INFO: [ template_filter ] --END-- [ RunTime:0.000000s ]
INFO: Run Behavior\ParseTemplateBehavior [ RunTime:0.003000s ]
INFO: [ view_parse ] --END-- [ RunTime:0.003000s ]
INFO: [ view_filter ] --START--
INFO: Run Behavior\WriteHtmlCacheBehavior [ RunTime:0.001000s ]
INFO: [ view_filter ] --END-- [ RunTime:0.001000s ]
INFO: [ app_end ] --START--
INFO: Run Behavior\ShowPageTraceBehavior [ RunTime:0.000000s ]
INFO: [ app_end ] --END-- [ RunTime:0.000000s ]

[ 2019-03-23T11:41:55+08:00 ] 127.0.0.1 /User/code.html
INFO: [ app_init ] --START--
INFO: Run Behavior\BuildLiteBehavior [ RunTime:0.000000s ]
INFO: [ app_init ] --END-- [ RunTime:0.000000s ]
INFO: [ app_begin ] --START--
INFO: Run Behavior\ReadHtmlCacheBehavior [ RunTime:0.000000s ]
INFO: [ app_begin ] --END-- [ RunTime:0.000000s ]
SQL: SELECT * FROM `jx_category`  [ RunTime:0.0010s ]
INFO: [ app_end ] --START--
INFO: Run Behavior\ShowPageTraceBehavior [ RunTime:0.001000s ]
INFO: [ app_end ] --END-- [ RunTime:0.001000s ]

[ 2019-03-23T11:56:54+08:00 ] 127.0.0.1 /User/index.html
INFO: [ app_init ] --START--
INFO: Run Behavior\BuildLiteBehavior [ RunTime:0.000000s ]
INFO: [ app_init ] --END-- [ RunTime:0.000000s ]
INFO: [ app_begin ] --START--
INFO: Run Behavior\ReadHtmlCacheBehavior [ RunTime:0.000000s ]
INFO: [ app_begin ] --END-- [ RunTime:0.000000s ]
SQL: SELECT * FROM `jx_category`  [ RunTime:0.0010s ]
INFO: [ app_end ] --START--
INFO: Run Behavior\ShowPageTraceBehavior [ RunTime:0.000000s ]
INFO: [ app_end ] --END-- [ RunTime:0.000000s ]

[ 2019-03-23T11:56:56+08:00 ] 127.0.0.1 /User/code.html
INFO: [ app_init ] --START--
INFO: Run Behavior\BuildLiteBehavior [ RunTime:0.000000s ]
INFO: [ app_init ] --END-- [ RunTime:0.001000s ]
INFO: [ app_begin ] --START--
INFO: Run Behavior\ReadHtmlCacheBehavior [ RunTime:0.001000s ]
INFO: [ app_begin ] --END-- [ RunTime:0.001000s ]
SQL: SELECT * FROM `jx_category`  [ RunTime:0.0010s ]
INFO: [ app_end ] --START--
INFO: Run Behavior\ShowPageTraceBehavior [ RunTime:0.000000s ]
INFO: [ app_end ] --END-- [ RunTime:0.000000s ]

[ 2019-03-23T11:56:59+08:00 ] 127.0.0.1 /User/login.html
INFO: [ app_init ] --START--
INFO: Run Behavior\BuildLiteBehavior [ RunTime:0.000000s ]
INFO: [ app_init ] --END-- [ RunTime:0.000000s ]
INFO: [ app_begin ] --START--
INFO: Run Behavior\ReadHtmlCacheBehavior [ RunTime:0.000000s ]
INFO: [ app_begin ] --END-- [ RunTime:0.000000s ]
SQL: SELECT * FROM `jx_category`  [ RunTime:0.0000s ]
INFO: [ view_parse ] --START--
INFO: [ template_filter ] --START--
INFO: Run Behavior\ContentReplaceBehavior [ RunTime:0.000000s ]
INFO: [ template_filter ] --END-- [ RunTime:0.000000s ]
INFO: Run Behavior\ParseTemplateBehavior [ RunTime:0.000000s ]
INFO: [ view_parse ] --END-- [ RunTime:0.000000s ]
INFO: [ view_filter ] --START--
INFO: Run Behavior\WriteHtmlCacheBehavior [ RunTime:0.000000s ]
INFO: [ view_filter ] --END-- [ RunTime:0.000000s ]
INFO: [ app_end ] --START--
INFO: Run Behavior\ShowPageTraceBehavior [ RunTime:0.000000s ]
INFO: [ app_end ] --END-- [ RunTime:0.000000s ]

[ 2019-03-23T11:56:59+08:00 ] 127.0.0.1 /User/code.html
INFO: [ app_init ] --START--
INFO: Run Behavior\BuildLiteBehavior [ RunTime:0.000000s ]
INFO: [ app_init ] --END-- [ RunTime:0.000000s ]
INFO: [ app_begin ] --START--
INFO: Run Behavior\ReadHtmlCacheBehavior [ RunTime:0.000000s ]
INFO: [ app_begin ] --END-- [ RunTime:0.000000s ]
SQL: SELECT * FROM `jx_category`  [ RunTime:0.0020s ]
INFO: [ app_end ] --START--
INFO: Run Behavior\ShowPageTraceBehavior [ RunTime:0.000000s ]
INFO: [ app_end ] --END-- [ RunTime:0.001000s ]

[ 2019-03-23T11:57:13+08:00 ] 127.0.0.1 /User/code.html?date=1553313419335
INFO: [ app_init ] --START--
INFO: Run Behavior\BuildLiteBehavior [ RunTime:0.000000s ]
INFO: [ app_init ] --END-- [ RunTime:0.000000s ]
INFO: [ app_begin ] --START--
INFO: Run Behavior\ReadHtmlCacheBehavior [ RunTime:0.000000s ]
INFO: [ app_begin ] --END-- [ RunTime:0.000000s ]
SQL: SELECT * FROM `jx_category`  [ RunTime:0.0000s ]
INFO: [ app_end ] --START--
INFO: Run Behavior\ShowPageTraceBehavior [ RunTime:0.000000s ]
INFO: [ app_end ] --END-- [ RunTime:0.000000s ]

[ 2019-03-23T11:57:20+08:00 ] 127.0.0.1 /User/login.html
INFO: [ app_init ] --START--
INFO: Run Behavior\BuildLiteBehavior [ RunTime:0.000000s ]
INFO: [ app_init ] --END-- [ RunTime:0.000000s ]
INFO: [ app_begin ] --START--
INFO: Run Behavior\ReadHtmlCacheBehavior [ RunTime:0.000000s ]
INFO: [ app_begin ] --END-- [ RunTime:0.000000s ]
SQL: SELECT * FROM `jx_category`  [ RunTime:0.0000s ]
NOTIC: [8] Undefined index: url F:\wamp\ThinkPHP_Project\jxshop\Application\Common\Common\function.php 第 216 行.
NOTIC: [2] Invalid argument supplied for foreach() F:\wamp\ThinkPHP_Project\jxshop\Application\Home\Model\CartModel.class.php 第 91 行.

[ 2019-03-23T11:57:20+08:00 ] 127.0.0.1 /Index/index.html
INFO: [ app_init ] --START--
INFO: Run Behavior\BuildLiteBehavior [ RunTime:0.000000s ]
INFO: [ app_init ] --END-- [ RunTime:0.000000s ]
INFO: [ app_begin ] --START--
INFO: Run Behavior\ReadHtmlCacheBehavior [ RunTime:0.000000s ]
INFO: [ app_begin ] --END-- [ RunTime:0.000000s ]
SQL: SELECT * FROM `jx_category`  [ RunTime:0.0010s ]
NOTIC: [2] Declaration of Admin\Model\GoodsModel::_after_insert($data) should be compatible with Think\Model::_after_insert($data, $options) F:\wamp\ThinkPHP_Project\jxshop\Application\Admin\Model\GoodsModel.class.php 第 0 行.
SQL: SELECT * FROM `jx_goods` WHERE ( is_sale=1 AND is_hot=1 ) ORDER BY id desc LIMIT 5   [ RunTime:0.0010s ]
SQL: SELECT * FROM `jx_goods` WHERE ( is_sale=1 AND is_rec=1 ) ORDER BY id desc LIMIT 5   [ RunTime:0.0000s ]
SQL: SELECT * FROM `jx_goods` WHERE ( is_sale=1 AND is_new=1 ) ORDER BY id desc LIMIT 5   [ RunTime:0.0000s ]
SQL: SELECT * FROM `jx_goods` WHERE ( is_sale=1 AND cx_price>0 AND start<1553313440 AND end>1553313440 ) LIMIT 5   [ RunTime:0.0010s ]
SQL: SELECT * FROM `jx_category` WHERE ( parent_id=0 )  [ RunTime:0.0000s ]
SQL: SELECT * FROM `jx_category` WHERE ( parent_id=1 )  [ RunTime:0.0000s ]
SQL: SELECT * FROM `jx_category` WHERE ( isrec=1 AND parent_id=1 )  [ RunTime:0.0000s ]
SQL: SELECT * FROM `jx_category`  [ RunTime:0.0000s ]
SQL: SHOW COLUMNS FROM `jx_goods` [ RunTime:0.0030s ]
SQL: SELECT * FROM `jx_goods` WHERE ( is_sale=1 AND cate_id in (2,5,4,6,25,17) ) LIMIT 8   [ RunTime:0.0000s ]
SQL: SELECT * FROM `jx_category`  [ RunTime:0.0010s ]
SQL: SELECT * FROM `jx_goods` WHERE ( is_sale=1 AND cate_id in (19,20,18) ) LIMIT 8   [ RunTime:0.0000s ]
SQL: SELECT * FROM `jx_category` WHERE ( parent_id=8 )  [ RunTime:0.0000s ]
SQL: SELECT * FROM `jx_category` WHERE ( isrec=1 AND parent_id=8 )  [ RunTime:0.0000s ]
SQL: SELECT * FROM `jx_category`  [ RunTime:0.0010s ]
SQL: SELECT * FROM `jx_goods` WHERE ( is_sale=1 AND cate_id in (7,9,11,12) ) LIMIT 8   [ RunTime:0.0000s ]
SQL: SELECT * FROM `jx_category`  [ RunTime:0.0000s ]
SQL: SELECT * FROM `jx_goods` WHERE ( is_sale=1 AND cate_id in (26,13) ) LIMIT 8   [ RunTime:0.0000s ]
SQL: SELECT * FROM `jx_category`  [ RunTime:0.0000s ]
SQL: SELECT * FROM `jx_goods` WHERE ( is_sale=1 AND cate_id in (27,28,14) ) LIMIT 8   [ RunTime:0.0000s ]
SQL: SELECT * FROM `jx_category` WHERE ( parent_id=10 )  [ RunTime:0.0000s ]
SQL: SELECT * FROM `jx_category` WHERE ( isrec=1 AND parent_id=10 )  [ RunTime:0.0000s ]
SQL: SELECT * FROM `jx_category`  [ RunTime:0.0000s ]
SQL: SELECT * FROM `jx_goods` WHERE ( is_sale=1 AND cate_id in (22,23,24,21) ) LIMIT 8   [ RunTime:0.0010s ]
SQL: SELECT * FROM `jx_category`  [ RunTime:0.0000s ]
SQL: SELECT * FROM `jx_goods` WHERE ( is_sale=1 AND cate_id in (30,29) ) LIMIT 8   [ RunTime:0.0000s ]
INFO: [ view_parse ] --START--
INFO: [ template_filter ] --START--
INFO: Run Behavior\ContentReplaceBehavior [ RunTime:0.000000s ]
INFO: [ template_filter ] --END-- [ RunTime:0.000000s ]
INFO: Run Behavior\ParseTemplateBehavior [ RunTime:0.009001s ]
INFO: [ view_parse ] --END-- [ RunTime:0.009001s ]
INFO: [ view_filter ] --START--
INFO: Run Behavior\WriteHtmlCacheBehavior [ RunTime:0.000000s ]
INFO: [ view_filter ] --END-- [ RunTime:0.000000s ]
INFO: [ app_end ] --START--
INFO: Run Behavior\ShowPageTraceBehavior [ RunTime:0.001000s ]
INFO: [ app_end ] --END-- [ RunTime:0.001000s ]

[ 2019-03-23T11:57:20+08:00 ] 127.0.0.1 /Index/index.html
INFO: [ app_init ] --START--
INFO: Run Behavior\BuildLiteBehavior [ RunTime:0.000000s ]
INFO: [ app_init ] --END-- [ RunTime:0.000000s ]
INFO: [ app_begin ] --START--
INFO: Run Behavior\ReadHtmlCacheBehavior [ RunTime:0.001000s ]
INFO: [ app_begin ] --END-- [ RunTime:0.001000s ]
SQL: SELECT * FROM `jx_category`  [ RunTime:0.0000s ]
NOTIC: [2] Declaration of Admin\Model\GoodsModel::_after_insert($data) should be compatible with Think\Model::_after_insert($data, $options) F:\wamp\ThinkPHP_Project\jxshop\Application\Admin\Model\GoodsModel.class.php 第 0 行.
SQL: SELECT * FROM `jx_goods` WHERE ( is_sale=1 AND is_hot=1 ) ORDER BY id desc LIMIT 5   [ RunTime:0.0010s ]
SQL: SELECT * FROM `jx_goods` WHERE ( is_sale=1 AND is_rec=1 ) ORDER BY id desc LIMIT 5   [ RunTime:0.0000s ]
SQL: SELECT * FROM `jx_goods` WHERE ( is_sale=1 AND is_new=1 ) ORDER BY id desc LIMIT 5   [ RunTime:0.0010s ]
SQL: SELECT * FROM `jx_goods` WHERE ( is_sale=1 AND cx_price>0 AND start<1553313440 AND end>1553313440 ) LIMIT 5   [ RunTime:0.0000s ]
SQL: SELECT * FROM `jx_category` WHERE ( parent_id=0 )  [ RunTime:0.0000s ]
SQL: SELECT * FROM `jx_category` WHERE ( parent_id=1 )  [ RunTime:0.0000s ]
SQL: SELECT * FROM `jx_category` WHERE ( isrec=1 AND parent_id=1 )  [ RunTime:0.0000s ]
SQL: SELECT * FROM `jx_category`  [ RunTime:0.0010s ]
SQL: SHOW COLUMNS FROM `jx_goods` [ RunTime:0.0030s ]
SQL: SELECT * FROM `jx_goods` WHERE ( is_sale=1 AND cate_id in (2,5,4,6,25,17) ) LIMIT 8   [ RunTime:0.0000s ]
SQL: SELECT * FROM `jx_category`  [ RunTime:0.0010s ]
SQL: SELECT * FROM `jx_goods` WHERE ( is_sale=1 AND cate_id in (19,20,18) ) LIMIT 8   [ RunTime:0.0000s ]
SQL: SELECT * FROM `jx_category` WHERE ( parent_id=8 )  [ RunTime:0.0000s ]
SQL: SELECT * FROM `jx_category` WHERE ( isrec=1 AND parent_id=8 )  [ RunTime:0.0010s ]
SQL: SELECT * FROM `jx_category`  [ RunTime:0.0000s ]
SQL: SELECT * FROM `jx_goods` WHERE ( is_sale=1 AND cate_id in (7,9,11,12) ) LIMIT 8   [ RunTime:0.0000s ]
SQL: SELECT * FROM `jx_category`  [ RunTime:0.0000s ]
SQL: SELECT * FROM `jx_goods` WHERE ( is_sale=1 AND cate_id in (26,13) ) LIMIT 8   [ RunTime:0.0010s ]
SQL: SELECT * FROM `jx_category`  [ RunTime:0.0000s ]
SQL: SELECT * FROM `jx_goods` WHERE ( is_sale=1 AND cate_id in (27,28,14) ) LIMIT 8   [ RunTime:0.0000s ]
SQL: SELECT * FROM `jx_category` WHERE ( parent_id=10 )  [ RunTime:0.0000s ]
SQL: SELECT * FROM `jx_category` WHERE ( isrec=1 AND parent_id=10 )  [ RunTime:0.0000s ]
SQL: SELECT * FROM `jx_category`  [ RunTime:0.0010s ]
SQL: SELECT * FROM `jx_goods` WHERE ( is_sale=1 AND cate_id in (22,23,24,21) ) LIMIT 8   [ RunTime:0.0000s ]
SQL: SELECT * FROM `jx_category`  [ RunTime:0.0000s ]
SQL: SELECT * FROM `jx_goods` WHERE ( is_sale=1 AND cate_id in (30,29) ) LIMIT 8   [ RunTime:0.0000s ]
INFO: [ view_parse ] --START--
INFO: [ template_filter ] --START--
INFO: Run Behavior\ContentReplaceBehavior [ RunTime:0.000000s ]
INFO: [ template_filter ] --END-- [ RunTime:0.000000s ]
INFO: Run Behavior\ParseTemplateBehavior [ RunTime:0.009000s ]
INFO: [ view_parse ] --END-- [ RunTime:0.009000s ]
INFO: [ view_filter ] --START--
INFO: Run Behavior\WriteHtmlCacheBehavior [ RunTime:0.000000s ]
INFO: [ view_filter ] --END-- [ RunTime:0.000000s ]
INFO: [ app_end ] --START--
INFO: Run Behavior\ShowPageTraceBehavior [ RunTime:0.000000s ]
INFO: [ app_end ] --END-- [ RunTime:0.000000s ]

[ 2019-03-23T15:50:21+08:00 ] 127.0.0.1 /favicon.ico
INFO: [ app_init ] --START--
INFO: Run Behavior\BuildLiteBehavior [ RunTime:0.000000s ]
INFO: [ app_init ] --END-- [ RunTime:0.000000s ]

