[ 2019-02-17T22:22:15+08:00 ] 127.0.0.1 /
INFO: [ app_init ] --START--
INFO: Run Behavior\BuildLiteBehavior [ RunTime:0.000022s ]
INFO: [ app_init ] --END-- [ RunTime:0.015500s ]
INFO: [ app_begin ] --START--
INFO: Run Behavior\ReadHtmlCacheBehavior [ RunTime:0.001006s ]
INFO: [ app_begin ] --END-- [ RunTime:0.001054s ]
SQL: SELECT * FROM `jx_category`  [ RunTime:0.0539s ]
NOTIC: [2048] Declaration of Admin\Model\GoodsModel::_after_insert() should be compatible with Think\Model::_after_insert($data, $options) F:\wamp\ThinkPHP_Project\jxshop\Application\Admin\Model\GoodsModel.class.php 第 451 行.
SQL: SELECT * FROM `jx_goods` WHERE ( is_sale=1 AND is_hot=1 ) ORDER BY id desc LIMIT 5   [ RunTime:0.0669s ]
SQL: SELECT * FROM `jx_goods` WHERE ( is_sale=1 AND is_rec=1 ) ORDER BY id desc LIMIT 5   [ RunTime:0.0004s ]
SQL: SELECT * FROM `jx_goods` WHERE ( is_sale=1 AND is_new=1 ) ORDER BY id desc LIMIT 5   [ RunTime:0.0003s ]
SQL: SELECT * FROM `jx_goods` WHERE ( is_sale=1 AND cx_price>0 AND start<1550413335 AND end>1550413335 ) LIMIT 5   [ RunTime:0.0128s ]
SQL: SELECT * FROM `jx_category` WHERE ( parent_id=0 )  [ RunTime:0.0002s ]
SQL: SELECT * FROM `jx_category` WHERE ( parent_id=1 )  [ RunTime:0.0002s ]
SQL: SELECT * FROM `jx_category` WHERE ( isrec=1 AND parent_id=1 )  [ RunTime:0.0002s ]
SQL: SELECT * FROM `jx_category`  [ RunTime:0.0003s ]
SQL: SHOW COLUMNS FROM `jx_goods` [ RunTime:0.0040s ]
SQL: SELECT * FROM `jx_goods` WHERE ( is_sale=1 AND cate_id in (2,5,4,6,25,17) ) LIMIT 8   [ RunTime:0.0005s ]
SQL: SELECT * FROM `jx_category`  [ RunTime:0.0003s ]
SQL: SELECT * FROM `jx_goods` WHERE ( is_sale=1 AND cate_id in (19,20,18) ) LIMIT 8   [ RunTime:0.0003s ]
SQL: SELECT * FROM `jx_category` WHERE ( parent_id=8 )  [ RunTime:0.0002s ]
SQL: SELECT * FROM `jx_category` WHERE ( isrec=1 AND parent_id=8 )  [ RunTime:0.0003s ]
SQL: SELECT * FROM `jx_category`  [ RunTime:0.0003s ]
SQL: SELECT * FROM `jx_goods` WHERE ( is_sale=1 AND cate_id in (7,9,11,12) ) LIMIT 8   [ RunTime:0.0004s ]
SQL: SELECT * FROM `jx_category`  [ RunTime:0.0004s ]
SQL: SELECT * FROM `jx_goods` WHERE ( is_sale=1 AND cate_id in (26,13) ) LIMIT 8   [ RunTime:0.0003s ]
SQL: SELECT * FROM `jx_category`  [ RunTime:0.0003s ]
SQL: SELECT * FROM `jx_goods` WHERE ( is_sale=1 AND cate_id in (27,28,14) ) LIMIT 8   [ RunTime:0.0003s ]
SQL: SELECT * FROM `jx_category` WHERE ( parent_id=10 )  [ RunTime:0.0002s ]
SQL: SELECT * FROM `jx_category` WHERE ( isrec=1 AND parent_id=10 )  [ RunTime:0.0002s ]
SQL: SELECT * FROM `jx_category`  [ RunTime:0.0002s ]
SQL: SELECT * FROM `jx_goods` WHERE ( is_sale=1 AND cate_id in (22,23,24,21) ) LIMIT 8   [ RunTime:0.0003s ]
SQL: SELECT * FROM `jx_category`  [ RunTime:0.0003s ]
SQL: SELECT * FROM `jx_goods` WHERE ( is_sale=1 AND cate_id in (30,29) ) LIMIT 8   [ RunTime:0.0003s ]
INFO: [ view_parse ] --START--
INFO: [ template_filter ] --START--
INFO: Run Behavior\ContentReplaceBehavior [ RunTime:0.011494s ]
INFO: [ template_filter ] --END-- [ RunTime:0.011557s ]
INFO: Run Behavior\ParseTemplateBehavior [ RunTime:0.386933s ]
INFO: [ view_parse ] --END-- [ RunTime:0.386976s ]
INFO: [ view_filter ] --START--
INFO: Run Behavior\WriteHtmlCacheBehavior [ RunTime:0.014214s ]
INFO: [ view_filter ] --END-- [ RunTime:0.014267s ]
INFO: [ app_end ] --START--
INFO: Run Behavior\ShowPageTraceBehavior [ RunTime:0.011583s ]
INFO: [ app_end ] --END-- [ RunTime:0.011631s ]

[ 2019-02-17T22:22:17+08:00 ] 127.0.0.1 /favicon.ico
INFO: [ app_init ] --START--
INFO: Run Behavior\BuildLiteBehavior [ RunTime:0.000118s ]
INFO: [ app_init ] --END-- [ RunTime:0.001647s ]

[ 2019-02-17T22:22:23+08:00 ] 127.0.0.1 /Category/index/id/2.html
INFO: [ app_init ] --START--
INFO: Run Behavior\BuildLiteBehavior [ RunTime:0.000009s ]
INFO: [ app_init ] --END-- [ RunTime:0.000385s ]
INFO: [ app_begin ] --START--
INFO: Run Behavior\ReadHtmlCacheBehavior [ RunTime:0.000690s ]
INFO: [ app_begin ] --END-- [ RunTime:0.000738s ]
SQL: SELECT * FROM `jx_category`  [ RunTime:0.0003s ]
NOTIC: [2048] Declaration of Admin\Model\GoodsModel::_after_insert() should be compatible with Think\Model::_after_insert($data, $options) F:\wamp\ThinkPHP_Project\jxshop\Application\Admin\Model\GoodsModel.class.php 第 451 行.
SQL: SELECT * FROM `jx_category`  [ RunTime:0.0003s ]
SQL: SELECT max(shop_price) max_price,min(shop_price) min_price,count(id) goods_count,group_concat(id) goods_ids FROM `jx_goods` WHERE ( is_sale=1 AND cate_id in (5,2) ) LIMIT 1   [ RunTime:0.0197s ]
SQL: SELECT COUNT(*) AS tp_count FROM `jx_goods` WHERE ( is_sale=1 AND cate_id in (5,2) ) LIMIT 1   [ RunTime:0.0003s ]
SQL: SELECT * FROM `jx_goods` WHERE ( is_sale=1 AND cate_id in (5,2) ) ORDER BY sale_number desc,id asc LIMIT 0,2   [ RunTime:0.0004s ]
NOTIC: [8] Undefined variable: price F:\wamp\ThinkPHP_Project\jxshop\Application\Admin\Model\GoodsModel.class.php 第 447 行.
NOTIC: [8] Undefined variable: attrwhere F:\wamp\ThinkPHP_Project\jxshop\Application\Admin\Model\GoodsModel.class.php 第 448 行.
INFO: [ view_parse ] --START--
INFO: [ template_filter ] --START--
INFO: Run Behavior\ContentReplaceBehavior [ RunTime:0.000175s ]
INFO: [ template_filter ] --END-- [ RunTime:0.000232s ]
NOTIC: [8] Undefined index: sort F:\wamp\ThinkPHP_Project\jxshop\Application\Runtime\Cache\Home\d47f7e8b5d40353c26583cfdcb9e3b02.php 第 424 行.
NOTIC: [8] Use of undefined constant sale_number - assumed 'sale_number' F:\wamp\ThinkPHP_Project\jxshop\Application\Runtime\Cache\Home\d47f7e8b5d40353c26583cfdcb9e3b02.php 第 424 行.
NOTIC: [8] Undefined index: sort F:\wamp\ThinkPHP_Project\jxshop\Application\Runtime\Cache\Home\d47f7e8b5d40353c26583cfdcb9e3b02.php 第 424 行.
NOTIC: [8] Undefined index: sort F:\wamp\ThinkPHP_Project\jxshop\Application\Runtime\Cache\Home\d47f7e8b5d40353c26583cfdcb9e3b02.php 第 425 行.
NOTIC: [8] Undefined index: sort F:\wamp\ThinkPHP_Project\jxshop\Application\Runtime\Cache\Home\d47f7e8b5d40353c26583cfdcb9e3b02.php 第 426 行.
NOTIC: [8] Undefined index: sort F:\wamp\ThinkPHP_Project\jxshop\Application\Runtime\Cache\Home\d47f7e8b5d40353c26583cfdcb9e3b02.php 第 427 行.
INFO: Run Behavior\ParseTemplateBehavior [ RunTime:0.038275s ]
INFO: [ view_parse ] --END-- [ RunTime:0.038322s ]
INFO: [ view_filter ] --START--
INFO: Run Behavior\WriteHtmlCacheBehavior [ RunTime:0.000474s ]
INFO: [ view_filter ] --END-- [ RunTime:0.000501s ]
INFO: [ app_end ] --START--
INFO: Run Behavior\ShowPageTraceBehavior [ RunTime:0.000937s ]
INFO: [ app_end ] --END-- [ RunTime:0.000991s ]

[ 2019-02-17T22:22:28+08:00 ] 127.0.0.1 /Category/index/id/1.html
INFO: [ app_init ] --START--
INFO: Run Behavior\BuildLiteBehavior [ RunTime:0.000012s ]
INFO: [ app_init ] --END-- [ RunTime:0.000821s ]
INFO: [ app_begin ] --START--
INFO: Run Behavior\ReadHtmlCacheBehavior [ RunTime:0.000637s ]
INFO: [ app_begin ] --END-- [ RunTime:0.000671s ]
SQL: SELECT * FROM `jx_category`  [ RunTime:0.0004s ]
NOTIC: [2048] Declaration of Admin\Model\GoodsModel::_after_insert() should be compatible with Think\Model::_after_insert($data, $options) F:\wamp\ThinkPHP_Project\jxshop\Application\Admin\Model\GoodsModel.class.php 第 451 行.
SQL: SELECT * FROM `jx_category`  [ RunTime:0.0003s ]
SQL: SELECT max(shop_price) max_price,min(shop_price) min_price,count(id) goods_count,group_concat(id) goods_ids FROM `jx_goods` WHERE ( is_sale=1 AND cate_id in (17,2,5,4,6,25,18,19,20,1) ) LIMIT 1   [ RunTime:0.0004s ]
SQL: SHOW COLUMNS FROM `jx_goods_attr` [ RunTime:0.0284s ]
SQL: SELECT distinct a.attr_id,a.attr_values,b.attr_name FROM jx_goods_attr a left join jx_attribute b on a.attr_id=b.id  WHERE ( a.goods_id in (11,16,17,18,19,20,21,22,23,24,27) )  [ RunTime:0.0802s ]
SQL: SELECT COUNT(*) AS tp_count FROM `jx_goods` WHERE ( is_sale=1 AND cate_id in (17,2,5,4,6,25,18,19,20,1) ) LIMIT 1   [ RunTime:0.0003s ]
SQL: SELECT * FROM `jx_goods` WHERE ( is_sale=1 AND cate_id in (17,2,5,4,6,25,18,19,20,1) ) ORDER BY sale_number desc,id asc LIMIT 0,2   [ RunTime:0.0005s ]
INFO: [ view_parse ] --START--
INFO: [ template_filter ] --START--
INFO: Run Behavior\ContentReplaceBehavior [ RunTime:0.000156s ]
INFO: [ template_filter ] --END-- [ RunTime:0.000206s ]
NOTIC: [8] Undefined index: price F:\wamp\ThinkPHP_Project\jxshop\Application\Runtime\Cache\Home\d47f7e8b5d40353c26583cfdcb9e3b02.php 第 396 行.
NOTIC: [8] Undefined index: price F:\wamp\ThinkPHP_Project\jxshop\Application\Runtime\Cache\Home\d47f7e8b5d40353c26583cfdcb9e3b02.php 第 396 行.
NOTIC: [8] Undefined index: price F:\wamp\ThinkPHP_Project\jxshop\Application\Runtime\Cache\Home\d47f7e8b5d40353c26583cfdcb9e3b02.php 第 396 行.
NOTIC: [8] Undefined index: attr F:\wamp\ThinkPHP_Project\jxshop\Application\Runtime\Cache\Home\d47f7e8b5d40353c26583cfdcb9e3b02.php 第 412 行.
NOTIC: [8] Undefined index: attr F:\wamp\ThinkPHP_Project\jxshop\Application\Runtime\Cache\Home\d47f7e8b5d40353c26583cfdcb9e3b02.php 第 412 行.
NOTIC: [8] Undefined index: attr F:\wamp\ThinkPHP_Project\jxshop\Application\Runtime\Cache\Home\d47f7e8b5d40353c26583cfdcb9e3b02.php 第 412 行.
NOTIC: [8] Undefined variable: attr_values F:\wamp\ThinkPHP_Project\jxshop\Application\Runtime\Cache\Home\d47f7e8b5d40353c26583cfdcb9e3b02.php 第 412 行.
NOTIC: [8] Undefined index: attr F:\wamp\ThinkPHP_Project\jxshop\Application\Runtime\Cache\Home\d47f7e8b5d40353c26583cfdcb9e3b02.php 第 412 行.
NOTIC: [8] Undefined index: attr F:\wamp\ThinkPHP_Project\jxshop\Application\Runtime\Cache\Home\d47f7e8b5d40353c26583cfdcb9e3b02.php 第 412 行.
NOTIC: [8] Undefined index: attr F:\wamp\ThinkPHP_Project\jxshop\Application\Runtime\Cache\Home\d47f7e8b5d40353c26583cfdcb9e3b02.php 第 412 行.
NOTIC: [8] Undefined variable: attr_values F:\wamp\ThinkPHP_Project\jxshop\Application\Runtime\Cache\Home\d47f7e8b5d40353c26583cfdcb9e3b02.php 第 412 行.
NOTIC: [8] Undefined index: attr F:\wamp\ThinkPHP_Project\jxshop\Application\Runtime\Cache\Home\d47f7e8b5d40353c26583cfdcb9e3b02.php 第 412 行.
NOTIC: [8] Undefined index: attr F:\wamp\ThinkPHP_Project\jxshop\Application\Runtime\Cache\Home\d47f7e8b5d40353c26583cfdcb9e3b02.php 第 412 行.
NOTIC: [8] Undefined index: attr F:\wamp\ThinkPHP_Project\jxshop\Application\Runtime\Cache\Home\d47f7e8b5d40353c26583cfdcb9e3b02.php 第 412 行.
NOTIC: [8] Undefined variable: attr_values F:\wamp\ThinkPHP_Project\jxshop\Application\Runtime\Cache\Home\d47f7e8b5d40353c26583cfdcb9e3b02.php 第 412 行.
NOTIC: [8] Undefined index: attr F:\wamp\ThinkPHP_Project\jxshop\Application\Runtime\Cache\Home\d47f7e8b5d40353c26583cfdcb9e3b02.php 第 412 行.
NOTIC: [8] Undefined index: attr F:\wamp\ThinkPHP_Project\jxshop\Application\Runtime\Cache\Home\d47f7e8b5d40353c26583cfdcb9e3b02.php 第 412 行.
NOTIC: [8] Undefined index: attr F:\wamp\ThinkPHP_Project\jxshop\Application\Runtime\Cache\Home\d47f7e8b5d40353c26583cfdcb9e3b02.php 第 412 行.
NOTIC: [8] Undefined variable: attr_values F:\wamp\ThinkPHP_Project\jxshop\Application\Runtime\Cache\Home\d47f7e8b5d40353c26583cfdcb9e3b02.php 第 412 行.
NOTIC: [8] Undefined index: attr F:\wamp\ThinkPHP_Project\jxshop\Application\Runtime\Cache\Home\d47f7e8b5d40353c26583cfdcb9e3b02.php 第 412 行.
NOTIC: [8] Undefined index: attr F:\wamp\ThinkPHP_Project\jxshop\Application\Runtime\Cache\Home\d47f7e8b5d40353c26583cfdcb9e3b02.php 第 412 行.
NOTIC: [8] Undefined index: attr F:\wamp\ThinkPHP_Project\jxshop\Application\Runtime\Cache\Home\d47f7e8b5d40353c26583cfdcb9e3b02.php 第 412 行.
NOTIC: [8] Undefined variable: attr_values F:\wamp\ThinkPHP_Project\jxshop\Application\Runtime\Cache\Home\d47f7e8b5d40353c26583cfdcb9e3b02.php 第 412 行.
NOTIC: [8] Undefined index: sort F:\wamp\ThinkPHP_Project\jxshop\Application\Runtime\Cache\Home\d47f7e8b5d40353c26583cfdcb9e3b02.php 第 424 行.
NOTIC: [8] Use of undefined constant sale_number - assumed 'sale_number' F:\wamp\ThinkPHP_Project\jxshop\Application\Runtime\Cache\Home\d47f7e8b5d40353c26583cfdcb9e3b02.php 第 424 行.
NOTIC: [8] Undefined index: sort F:\wamp\ThinkPHP_Project\jxshop\Application\Runtime\Cache\Home\d47f7e8b5d40353c26583cfdcb9e3b02.php 第 424 行.
NOTIC: [8] Undefined index: sort F:\wamp\ThinkPHP_Project\jxshop\Application\Runtime\Cache\Home\d47f7e8b5d40353c26583cfdcb9e3b02.php 第 425 行.
NOTIC: [8] Undefined index: sort F:\wamp\ThinkPHP_Project\jxshop\Application\Runtime\Cache\Home\d47f7e8b5d40353c26583cfdcb9e3b02.php 第 426 行.
NOTIC: [8] Undefined index: sort F:\wamp\ThinkPHP_Project\jxshop\Application\Runtime\Cache\Home\d47f7e8b5d40353c26583cfdcb9e3b02.php 第 427 行.
INFO: Run Behavior\ParseTemplateBehavior [ RunTime:0.019789s ]
INFO: [ view_parse ] --END-- [ RunTime:0.019827s ]
INFO: [ view_filter ] --START--
INFO: Run Behavior\WriteHtmlCacheBehavior [ RunTime:0.000513s ]
INFO: [ view_filter ] --END-- [ RunTime:0.000541s ]
INFO: [ app_end ] --START--
INFO: Run Behavior\ShowPageTraceBehavior [ RunTime:0.000838s ]
INFO: [ app_end ] --END-- [ RunTime:0.000879s ]

[ 2019-02-17T22:22:31+08:00 ] 127.0.0.1 /Category/index.html?id=1&sort=shop_price&price=&attr=
INFO: [ app_init ] --START--
INFO: Run Behavior\BuildLiteBehavior [ RunTime:0.000011s ]
INFO: [ app_init ] --END-- [ RunTime:0.000394s ]
INFO: [ app_begin ] --START--
INFO: Run Behavior\ReadHtmlCacheBehavior [ RunTime:0.000560s ]
INFO: [ app_begin ] --END-- [ RunTime:0.000594s ]
SQL: SELECT * FROM `jx_category`  [ RunTime:0.0003s ]
NOTIC: [2048] Declaration of Admin\Model\GoodsModel::_after_insert() should be compatible with Think\Model::_after_insert($data, $options) F:\wamp\ThinkPHP_Project\jxshop\Application\Admin\Model\GoodsModel.class.php 第 451 行.
SQL: SELECT * FROM `jx_category`  [ RunTime:0.0003s ]
SQL: SELECT max(shop_price) max_price,min(shop_price) min_price,count(id) goods_count,group_concat(id) goods_ids FROM `jx_goods` WHERE ( is_sale=1 AND cate_id in (17,2,5,4,6,25,18,19,20,1) ) LIMIT 1   [ RunTime:0.0004s ]
SQL: SHOW COLUMNS FROM `jx_goods_attr` [ RunTime:0.0034s ]
SQL: SELECT distinct a.attr_id,a.attr_values,b.attr_name FROM jx_goods_attr a left join jx_attribute b on a.attr_id=b.id  WHERE ( a.goods_id in (11,16,17,18,19,20,21,22,23,24,27) )  [ RunTime:0.0006s ]
SQL: SELECT COUNT(*) AS tp_count FROM `jx_goods` WHERE ( is_sale=1 AND cate_id in (17,2,5,4,6,25,18,19,20,1) ) LIMIT 1   [ RunTime:0.0002s ]
SQL: SELECT * FROM `jx_goods` WHERE ( is_sale=1 AND cate_id in (17,2,5,4,6,25,18,19,20,1) ) ORDER BY shop_price desc,id asc LIMIT 0,2   [ RunTime:0.0004s ]
INFO: [ view_parse ] --START--
INFO: [ template_filter ] --START--
INFO: Run Behavior\ContentReplaceBehavior [ RunTime:0.000138s ]
INFO: [ template_filter ] --END-- [ RunTime:0.000177s ]
NOTIC: [8] Undefined variable: attr_values F:\wamp\ThinkPHP_Project\jxshop\Application\Runtime\Cache\Home\d47f7e8b5d40353c26583cfdcb9e3b02.php 第 412 行.
NOTIC: [8] Undefined variable: attr_values F:\wamp\ThinkPHP_Project\jxshop\Application\Runtime\Cache\Home\d47f7e8b5d40353c26583cfdcb9e3b02.php 第 412 行.
NOTIC: [8] Undefined variable: attr_values F:\wamp\ThinkPHP_Project\jxshop\Application\Runtime\Cache\Home\d47f7e8b5d40353c26583cfdcb9e3b02.php 第 412 行.
NOTIC: [8] Undefined variable: attr_values F:\wamp\ThinkPHP_Project\jxshop\Application\Runtime\Cache\Home\d47f7e8b5d40353c26583cfdcb9e3b02.php 第 412 行.
NOTIC: [8] Undefined variable: attr_values F:\wamp\ThinkPHP_Project\jxshop\Application\Runtime\Cache\Home\d47f7e8b5d40353c26583cfdcb9e3b02.php 第 412 行.
NOTIC: [8] Use of undefined constant sale_number - assumed 'sale_number' F:\wamp\ThinkPHP_Project\jxshop\Application\Runtime\Cache\Home\d47f7e8b5d40353c26583cfdcb9e3b02.php 第 424 行.
INFO: Run Behavior\ParseTemplateBehavior [ RunTime:0.019450s ]
INFO: [ view_parse ] --END-- [ RunTime:0.019520s ]
INFO: [ view_filter ] --START--
INFO: Run Behavior\WriteHtmlCacheBehavior [ RunTime:0.000526s ]
INFO: [ view_filter ] --END-- [ RunTime:0.000552s ]
INFO: [ app_end ] --START--
INFO: Run Behavior\ShowPageTraceBehavior [ RunTime:0.000868s ]
INFO: [ app_end ] --END-- [ RunTime:0.000915s ]

[ 2019-02-17T22:22:33+08:00 ] 127.0.0.1 /Goods/index/goods_id/11.html
INFO: [ app_init ] --START--
INFO: Run Behavior\BuildLiteBehavior [ RunTime:0.000011s ]
INFO: [ app_init ] --END-- [ RunTime:0.000426s ]
INFO: [ app_begin ] --START--
INFO: Run Behavior\ReadHtmlCacheBehavior [ RunTime:0.000537s ]
INFO: [ app_begin ] --END-- [ RunTime:0.000571s ]
SQL: SELECT * FROM `jx_category`  [ RunTime:0.0003s ]
NOTIC: [2048] Declaration of Admin\Model\GoodsModel::_after_insert() should be compatible with Think\Model::_after_insert($data, $options) F:\wamp\ThinkPHP_Project\jxshop\Application\Admin\Model\GoodsModel.class.php 第 451 行.
SQL: SELECT * FROM `jx_goods` WHERE ( is_sale=1 AND id=11 ) LIMIT 1   [ RunTime:0.0003s ]
SQL: SELECT * FROM `jx_goods_img` WHERE ( goods_id=11 )  [ RunTime:0.0366s ]
SQL: SHOW COLUMNS FROM `jx_goods_attr` [ RunTime:0.0034s ]
SQL: SELECT a.*,b.attr_name,b.attr_type FROM jx_goods_attr a left join jx_attribute b on a.attr_id=b.id  WHERE ( a.goods_id=11 )  [ RunTime:0.0003s ]
NOTIC: [8] Undefined variable: unique F:\wamp\ThinkPHP_Project\jxshop\Application\Home\Controller\GoodsController.class.php 第 62 行.
NOTIC: [8] Undefined variable: sigle F:\wamp\ThinkPHP_Project\jxshop\Application\Home\Controller\GoodsController.class.php 第 63 行.
NOTIC: [2048] Declaration of Home\Model\CommentModel::_before_insert() should be compatible with Think\Model::_before_insert(&$data, $options) F:\wamp\ThinkPHP_Project\jxshop\Application\Home\Model\CommentModel.class.php 第 6 行.
NOTIC: [2048] Declaration of Home\Model\CommentModel::_after_insert() should be compatible with Think\Model::_after_insert($data, $options) F:\wamp\ThinkPHP_Project\jxshop\Application\Home\Model\CommentModel.class.php 第 6 行.
SQL: SELECT COUNT(*) AS tp_count FROM `jx_comment` WHERE ( goods_id=11 ) LIMIT 1   [ RunTime:0.1063s ]
SQL: SELECT a.*,b.username FROM jx_comment a left join jx_user b on a.user_id = b.id  WHERE ( a.goods_id=11 ) LIMIT 0,3   [ RunTime:0.0418s ]
SQL: SHOW COLUMNS FROM `jx_impression` [ RunTime:0.0348s ]
SQL: SELECT * FROM `jx_impression` WHERE ( goods_id=11 ) ORDER BY count desc LIMIT 8   [ RunTime:0.0003s ]
INFO: [ view_parse ] --START--
INFO: [ template_filter ] --START--
INFO: Run Behavior\ContentReplaceBehavior [ RunTime:0.000157s ]
INFO: [ template_filter ] --END-- [ RunTime:0.000195s ]
NOTIC: [8] Undefined offset: 0 F:\wamp\ThinkPHP_Project\jxshop\Application\Runtime\Cache\Home\7b3635392bd764ae088d371efaef15dc.php 第 334 行.
NOTIC: [8] Undefined offset: 0 F:\wamp\ThinkPHP_Project\jxshop\Application\Runtime\Cache\Home\7b3635392bd764ae088d371efaef15dc.php 第 335 行.
INFO: Run Behavior\ParseTemplateBehavior [ RunTime:0.019779s ]
INFO: [ view_parse ] --END-- [ RunTime:0.019816s ]
INFO: [ view_filter ] --START--
INFO: Run Behavior\WriteHtmlCacheBehavior [ RunTime:0.000629s ]
INFO: [ view_filter ] --END-- [ RunTime:0.000657s ]
INFO: [ app_end ] --START--
INFO: Run Behavior\ShowPageTraceBehavior [ RunTime:0.000810s ]
INFO: [ app_end ] --END-- [ RunTime:0.000855s ]

[ 2019-02-17T22:22:34+08:00 ] 127.0.0.1 /
INFO: [ app_init ] --START--
INFO: Run Behavior\BuildLiteBehavior [ RunTime:0.000011s ]
INFO: [ app_init ] --END-- [ RunTime:0.000333s ]
INFO: [ app_begin ] --START--
INFO: Run Behavior\ReadHtmlCacheBehavior [ RunTime:0.000469s ]
INFO: [ app_begin ] --END-- [ RunTime:0.000503s ]
SQL: SELECT * FROM `jx_category`  [ RunTime:0.0006s ]
NOTIC: [2048] Declaration of Admin\Model\GoodsModel::_after_insert() should be compatible with Think\Model::_after_insert($data, $options) F:\wamp\ThinkPHP_Project\jxshop\Application\Admin\Model\GoodsModel.class.php 第 451 行.
SQL: SELECT * FROM `jx_goods` WHERE ( is_sale=1 AND is_hot=1 ) ORDER BY id desc LIMIT 5   [ RunTime:0.0007s ]
SQL: SELECT * FROM `jx_goods` WHERE ( is_sale=1 AND is_rec=1 ) ORDER BY id desc LIMIT 5   [ RunTime:0.0004s ]
SQL: SELECT * FROM `jx_goods` WHERE ( is_sale=1 AND is_new=1 ) ORDER BY id desc LIMIT 5   [ RunTime:0.0003s ]
SQL: SELECT * FROM `jx_goods` WHERE ( is_sale=1 AND cx_price>0 AND start<1550413354 AND end>1550413354 ) LIMIT 5   [ RunTime:0.0003s ]
SQL: SELECT * FROM `jx_category` WHERE ( parent_id=0 )  [ RunTime:0.0002s ]
SQL: SELECT * FROM `jx_category` WHERE ( parent_id=1 )  [ RunTime:0.0002s ]
SQL: SELECT * FROM `jx_category` WHERE ( isrec=1 AND parent_id=1 )  [ RunTime:0.0002s ]
SQL: SELECT * FROM `jx_category`  [ RunTime:0.0002s ]
SQL: SHOW COLUMNS FROM `jx_goods` [ RunTime:0.0298s ]
SQL: SELECT * FROM `jx_goods` WHERE ( is_sale=1 AND cate_id in (2,5,4,6,25,17) ) LIMIT 8   [ RunTime:0.0005s ]
SQL: SELECT * FROM `jx_category`  [ RunTime:0.0003s ]
SQL: SELECT * FROM `jx_goods` WHERE ( is_sale=1 AND cate_id in (19,20,18) ) LIMIT 8   [ RunTime:0.0003s ]
SQL: SELECT * FROM `jx_category` WHERE ( parent_id=8 )  [ RunTime:0.0002s ]
SQL: SELECT * FROM `jx_category` WHERE ( isrec=1 AND parent_id=8 )  [ RunTime:0.0002s ]
SQL: SELECT * FROM `jx_category`  [ RunTime:0.0002s ]
SQL: SELECT * FROM `jx_goods` WHERE ( is_sale=1 AND cate_id in (7,9,11,12) ) LIMIT 8   [ RunTime:0.0003s ]
SQL: SELECT * FROM `jx_category`  [ RunTime:0.0002s ]
SQL: SELECT * FROM `jx_goods` WHERE ( is_sale=1 AND cate_id in (26,13) ) LIMIT 8   [ RunTime:0.0003s ]
SQL: SELECT * FROM `jx_category`  [ RunTime:0.0002s ]
SQL: SELECT * FROM `jx_goods` WHERE ( is_sale=1 AND cate_id in (27,28,14) ) LIMIT 8   [ RunTime:0.0003s ]
SQL: SELECT * FROM `jx_category` WHERE ( parent_id=10 )  [ RunTime:0.0002s ]
SQL: SELECT * FROM `jx_category` WHERE ( isrec=1 AND parent_id=10 )  [ RunTime:0.0002s ]
SQL: SELECT * FROM `jx_category`  [ RunTime:0.0002s ]
SQL: SELECT * FROM `jx_goods` WHERE ( is_sale=1 AND cate_id in (22,23,24,21) ) LIMIT 8   [ RunTime:0.0003s ]
SQL: SELECT * FROM `jx_category`  [ RunTime:0.0002s ]
SQL: SELECT * FROM `jx_goods` WHERE ( is_sale=1 AND cate_id in (30,29) ) LIMIT 8   [ RunTime:0.0003s ]
INFO: [ view_parse ] --START--
INFO: [ template_filter ] --START--
INFO: Run Behavior\ContentReplaceBehavior [ RunTime:0.000245s ]
INFO: [ template_filter ] --END-- [ RunTime:0.000322s ]
INFO: Run Behavior\ParseTemplateBehavior [ RunTime:0.034355s ]
INFO: [ view_parse ] --END-- [ RunTime:0.034423s ]
INFO: [ view_filter ] --START--
INFO: Run Behavior\WriteHtmlCacheBehavior [ RunTime:0.000710s ]
INFO: [ view_filter ] --END-- [ RunTime:0.000760s ]
INFO: [ app_end ] --START--
INFO: Run Behavior\ShowPageTraceBehavior [ RunTime:0.001019s ]
INFO: [ app_end ] --END-- [ RunTime:0.001080s ]

[ 2019-02-17T22:22:39+08:00 ] 127.0.0.1 /Goods/index/goods_id/16.html
INFO: [ app_init ] --START--
INFO: Run Behavior\BuildLiteBehavior [ RunTime:0.000012s ]
INFO: [ app_init ] --END-- [ RunTime:0.000408s ]
INFO: [ app_begin ] --START--
INFO: Run Behavior\ReadHtmlCacheBehavior [ RunTime:0.000727s ]
INFO: [ app_begin ] --END-- [ RunTime:0.000764s ]
SQL: SELECT * FROM `jx_category`  [ RunTime:0.0004s ]
NOTIC: [2048] Declaration of Admin\Model\GoodsModel::_after_insert() should be compatible with Think\Model::_after_insert($data, $options) F:\wamp\ThinkPHP_Project\jxshop\Application\Admin\Model\GoodsModel.class.php 第 451 行.
SQL: SELECT * FROM `jx_goods` WHERE ( is_sale=1 AND id=16 ) LIMIT 1   [ RunTime:0.0003s ]
SQL: SELECT * FROM `jx_goods_img` WHERE ( goods_id=16 )  [ RunTime:0.0005s ]
SQL: SHOW COLUMNS FROM `jx_goods_attr` [ RunTime:0.0052s ]
SQL: SELECT a.*,b.attr_name,b.attr_type FROM jx_goods_attr a left join jx_attribute b on a.attr_id=b.id  WHERE ( a.goods_id=16 )  [ RunTime:0.0004s ]
NOTIC: [8] Undefined variable: unique F:\wamp\ThinkPHP_Project\jxshop\Application\Home\Controller\GoodsController.class.php 第 62 行.
NOTIC: [8] Undefined variable: sigle F:\wamp\ThinkPHP_Project\jxshop\Application\Home\Controller\GoodsController.class.php 第 63 行.
NOTIC: [2048] Declaration of Home\Model\CommentModel::_before_insert() should be compatible with Think\Model::_before_insert(&$data, $options) F:\wamp\ThinkPHP_Project\jxshop\Application\Home\Model\CommentModel.class.php 第 6 行.
NOTIC: [2048] Declaration of Home\Model\CommentModel::_after_insert() should be compatible with Think\Model::_after_insert($data, $options) F:\wamp\ThinkPHP_Project\jxshop\Application\Home\Model\CommentModel.class.php 第 6 行.
SQL: SELECT COUNT(*) AS tp_count FROM `jx_comment` WHERE ( goods_id=16 ) LIMIT 1   [ RunTime:0.0003s ]
SQL: SELECT a.*,b.username FROM jx_comment a left join jx_user b on a.user_id = b.id  WHERE ( a.goods_id=16 ) LIMIT 0,3   [ RunTime:0.0003s ]
SQL: SHOW COLUMNS FROM `jx_impression` [ RunTime:0.0037s ]
SQL: SELECT * FROM `jx_impression` WHERE ( goods_id=16 ) ORDER BY count desc LIMIT 8   [ RunTime:0.0003s ]
INFO: [ view_parse ] --START--
INFO: [ template_filter ] --START--
INFO: Run Behavior\ContentReplaceBehavior [ RunTime:0.000161s ]
INFO: [ template_filter ] --END-- [ RunTime:0.000230s ]
NOTIC: [8] Undefined offset: 0 F:\wamp\ThinkPHP_Project\jxshop\Application\Runtime\Cache\Home\7b3635392bd764ae088d371efaef15dc.php 第 334 行.
NOTIC: [8] Undefined offset: 0 F:\wamp\ThinkPHP_Project\jxshop\Application\Runtime\Cache\Home\7b3635392bd764ae088d371efaef15dc.php 第 335 行.
INFO: Run Behavior\ParseTemplateBehavior [ RunTime:0.022256s ]
INFO: [ view_parse ] --END-- [ RunTime:0.022323s ]
INFO: [ view_filter ] --START--
INFO: Run Behavior\WriteHtmlCacheBehavior [ RunTime:0.000380s ]
INFO: [ view_filter ] --END-- [ RunTime:0.000408s ]
INFO: [ app_end ] --START--
INFO: Run Behavior\ShowPageTraceBehavior [ RunTime:0.000940s ]
INFO: [ app_end ] --END-- [ RunTime:0.001002s ]

[ 2019-02-17T22:22:39+08:00 ] 127.0.0.1 /
INFO: [ app_init ] --START--
INFO: Run Behavior\BuildLiteBehavior [ RunTime:0.000017s ]
INFO: [ app_init ] --END-- [ RunTime:0.000492s ]
INFO: [ app_begin ] --START--
INFO: Run Behavior\ReadHtmlCacheBehavior [ RunTime:0.001839s ]
INFO: [ app_begin ] --END-- [ RunTime:0.002055s ]
SQL: SELECT * FROM `jx_category`  [ RunTime:0.0004s ]
NOTIC: [2048] Declaration of Admin\Model\GoodsModel::_after_insert() should be compatible with Think\Model::_after_insert($data, $options) F:\wamp\ThinkPHP_Project\jxshop\Application\Admin\Model\GoodsModel.class.php 第 451 行.
SQL: SELECT * FROM `jx_goods` WHERE ( is_sale=1 AND is_hot=1 ) ORDER BY id desc LIMIT 5   [ RunTime:0.0005s ]
SQL: SELECT * FROM `jx_goods` WHERE ( is_sale=1 AND is_rec=1 ) ORDER BY id desc LIMIT 5   [ RunTime:0.0005s ]
SQL: SELECT * FROM `jx_goods` WHERE ( is_sale=1 AND is_new=1 ) ORDER BY id desc LIMIT 5   [ RunTime:0.0006s ]
SQL: SELECT * FROM `jx_goods` WHERE ( is_sale=1 AND cx_price>0 AND start<1550413359 AND end>1550413359 ) LIMIT 5   [ RunTime:0.0019s ]
SQL: SELECT * FROM `jx_category` WHERE ( parent_id=0 )  [ RunTime:0.0016s ]
SQL: SELECT * FROM `jx_category` WHERE ( parent_id=1 )  [ RunTime:0.0006s ]
SQL: SELECT * FROM `jx_category` WHERE ( isrec=1 AND parent_id=1 )  [ RunTime:0.0004s ]
SQL: SELECT * FROM `jx_category`  [ RunTime:0.0005s ]
SQL: SHOW COLUMNS FROM `jx_goods` [ RunTime:0.0045s ]
SQL: SELECT * FROM `jx_goods` WHERE ( is_sale=1 AND cate_id in (2,5,4,6,25,17) ) LIMIT 8   [ RunTime:0.0004s ]
SQL: SELECT * FROM `jx_category`  [ RunTime:0.0002s ]
SQL: SELECT * FROM `jx_goods` WHERE ( is_sale=1 AND cate_id in (19,20,18) ) LIMIT 8   [ RunTime:0.0003s ]
SQL: SELECT * FROM `jx_category` WHERE ( parent_id=8 )  [ RunTime:0.0002s ]
SQL: SELECT * FROM `jx_category` WHERE ( isrec=1 AND parent_id=8 )  [ RunTime:0.0003s ]
SQL: SELECT * FROM `jx_category`  [ RunTime:0.0003s ]
SQL: SELECT * FROM `jx_goods` WHERE ( is_sale=1 AND cate_id in (7,9,11,12) ) LIMIT 8   [ RunTime:0.0003s ]
SQL: SELECT * FROM `jx_category`  [ RunTime:0.0002s ]
SQL: SELECT * FROM `jx_goods` WHERE ( is_sale=1 AND cate_id in (26,13) ) LIMIT 8   [ RunTime:0.0015s ]
SQL: SELECT * FROM `jx_category`  [ RunTime:0.0007s ]
SQL: SELECT * FROM `jx_goods` WHERE ( is_sale=1 AND cate_id in (27,28,14) ) LIMIT 8   [ RunTime:0.0006s ]
SQL: SELECT * FROM `jx_category` WHERE ( parent_id=10 )  [ RunTime:0.0005s ]
SQL: SELECT * FROM `jx_category` WHERE ( isrec=1 AND parent_id=10 )  [ RunTime:0.0002s ]
SQL: SELECT * FROM `jx_category`  [ RunTime:0.0002s ]
SQL: SELECT * FROM `jx_goods` WHERE ( is_sale=1 AND cate_id in (22,23,24,21) ) LIMIT 8   [ RunTime:0.0003s ]
SQL: SELECT * FROM `jx_category`  [ RunTime:0.0002s ]
SQL: SELECT * FROM `jx_goods` WHERE ( is_sale=1 AND cate_id in (30,29) ) LIMIT 8   [ RunTime:0.0003s ]
INFO: [ view_parse ] --START--
INFO: [ template_filter ] --START--
INFO: Run Behavior\ContentReplaceBehavior [ RunTime:0.000185s ]
INFO: [ template_filter ] --END-- [ RunTime:0.000242s ]
INFO: Run Behavior\ParseTemplateBehavior [ RunTime:0.035269s ]
INFO: [ view_parse ] --END-- [ RunTime:0.035342s ]
INFO: [ view_filter ] --START--
INFO: Run Behavior\WriteHtmlCacheBehavior [ RunTime:0.000957s ]
INFO: [ view_filter ] --END-- [ RunTime:0.001023s ]
INFO: [ app_end ] --START--
INFO: Run Behavior\ShowPageTraceBehavior [ RunTime:0.001275s ]
INFO: [ app_end ] --END-- [ RunTime:0.001359s ]

[ 2019-02-17T22:22:45+08:00 ] 127.0.0.1 /Category/index/id/1.html
INFO: [ app_init ] --START--
INFO: Run Behavior\BuildLiteBehavior [ RunTime:0.000018s ]
INFO: [ app_init ] --END-- [ RunTime:0.000435s ]
INFO: [ app_begin ] --START--
INFO: Run Behavior\ReadHtmlCacheBehavior [ RunTime:0.000645s ]
INFO: [ app_begin ] --END-- [ RunTime:0.000678s ]
SQL: SELECT * FROM `jx_category`  [ RunTime:0.0003s ]
NOTIC: [2048] Declaration of Admin\Model\GoodsModel::_after_insert() should be compatible with Think\Model::_after_insert($data, $options) F:\wamp\ThinkPHP_Project\jxshop\Application\Admin\Model\GoodsModel.class.php 第 451 行.
SQL: SELECT * FROM `jx_category`  [ RunTime:0.0003s ]
SQL: SELECT max(shop_price) max_price,min(shop_price) min_price,count(id) goods_count,group_concat(id) goods_ids FROM `jx_goods` WHERE ( is_sale=1 AND cate_id in (17,2,5,4,6,25,18,19,20,1) ) LIMIT 1   [ RunTime:0.0004s ]
SQL: SHOW COLUMNS FROM `jx_goods_attr` [ RunTime:0.0038s ]
SQL: SELECT distinct a.attr_id,a.attr_values,b.attr_name FROM jx_goods_attr a left join jx_attribute b on a.attr_id=b.id  WHERE ( a.goods_id in (11,16,17,18,19,20,21,22,23,24,27) )  [ RunTime:0.0006s ]
SQL: SELECT COUNT(*) AS tp_count FROM `jx_goods` WHERE ( is_sale=1 AND cate_id in (17,2,5,4,6,25,18,19,20,1) ) LIMIT 1   [ RunTime:0.0003s ]
SQL: SELECT * FROM `jx_goods` WHERE ( is_sale=1 AND cate_id in (17,2,5,4,6,25,18,19,20,1) ) ORDER BY sale_number desc,id asc LIMIT 0,2   [ RunTime:0.0004s ]
INFO: [ view_parse ] --START--
INFO: [ template_filter ] --START--
INFO: Run Behavior\ContentReplaceBehavior [ RunTime:0.000140s ]
INFO: [ template_filter ] --END-- [ RunTime:0.000177s ]
NOTIC: [8] Undefined index: price F:\wamp\ThinkPHP_Project\jxshop\Application\Runtime\Cache\Home\d47f7e8b5d40353c26583cfdcb9e3b02.php 第 396 行.
NOTIC: [8] Undefined index: price F:\wamp\ThinkPHP_Project\jxshop\Application\Runtime\Cache\Home\d47f7e8b5d40353c26583cfdcb9e3b02.php 第 396 行.
NOTIC: [8] Undefined index: price F:\wamp\ThinkPHP_Project\jxshop\Application\Runtime\Cache\Home\d47f7e8b5d40353c26583cfdcb9e3b02.php 第 396 行.
NOTIC: [8] Undefined index: attr F:\wamp\ThinkPHP_Project\jxshop\Application\Runtime\Cache\Home\d47f7e8b5d40353c26583cfdcb9e3b02.php 第 412 行.
NOTIC: [8] Undefined index: attr F:\wamp\ThinkPHP_Project\jxshop\Application\Runtime\Cache\Home\d47f7e8b5d40353c26583cfdcb9e3b02.php 第 412 行.
NOTIC: [8] Undefined index: attr F:\wamp\ThinkPHP_Project\jxshop\Application\Runtime\Cache\Home\d47f7e8b5d40353c26583cfdcb9e3b02.php 第 412 行.
NOTIC: [8] Undefined variable: attr_values F:\wamp\ThinkPHP_Project\jxshop\Application\Runtime\Cache\Home\d47f7e8b5d40353c26583cfdcb9e3b02.php 第 412 行.
NOTIC: [8] Undefined index: attr F:\wamp\ThinkPHP_Project\jxshop\Application\Runtime\Cache\Home\d47f7e8b5d40353c26583cfdcb9e3b02.php 第 412 行.
NOTIC: [8] Undefined index: attr F:\wamp\ThinkPHP_Project\jxshop\Application\Runtime\Cache\Home\d47f7e8b5d40353c26583cfdcb9e3b02.php 第 412 行.
NOTIC: [8] Undefined index: attr F:\wamp\ThinkPHP_Project\jxshop\Application\Runtime\Cache\Home\d47f7e8b5d40353c26583cfdcb9e3b02.php 第 412 行.
NOTIC: [8] Undefined variable: attr_values F:\wamp\ThinkPHP_Project\jxshop\Application\Runtime\Cache\Home\d47f7e8b5d40353c26583cfdcb9e3b02.php 第 412 行.
NOTIC: [8] Undefined index: attr F:\wamp\ThinkPHP_Project\jxshop\Application\Runtime\Cache\Home\d47f7e8b5d40353c26583cfdcb9e3b02.php 第 412 行.
NOTIC: [8] Undefined index: attr F:\wamp\ThinkPHP_Project\jxshop\Application\Runtime\Cache\Home\d47f7e8b5d40353c26583cfdcb9e3b02.php 第 412 行.
NOTIC: [8] Undefined index: attr F:\wamp\ThinkPHP_Project\jxshop\Application\Runtime\Cache\Home\d47f7e8b5d40353c26583cfdcb9e3b02.php 第 412 行.
NOTIC: [8] Undefined variable: attr_values F:\wamp\ThinkPHP_Project\jxshop\Application\Runtime\Cache\Home\d47f7e8b5d40353c26583cfdcb9e3b02.php 第 412 行.
NOTIC: [8] Undefined index: attr F:\wamp\ThinkPHP_Project\jxshop\Application\Runtime\Cache\Home\d47f7e8b5d40353c26583cfdcb9e3b02.php 第 412 行.
NOTIC: [8] Undefined index: attr F:\wamp\ThinkPHP_Project\jxshop\Application\Runtime\Cache\Home\d47f7e8b5d40353c26583cfdcb9e3b02.php 第 412 行.
NOTIC: [8] Undefined index: attr F:\wamp\ThinkPHP_Project\jxshop\Application\Runtime\Cache\Home\d47f7e8b5d40353c26583cfdcb9e3b02.php 第 412 行.
NOTIC: [8] Undefined variable: attr_values F:\wamp\ThinkPHP_Project\jxshop\Application\Runtime\Cache\Home\d47f7e8b5d40353c26583cfdcb9e3b02.php 第 412 行.
NOTIC: [8] Undefined index: attr F:\wamp\ThinkPHP_Project\jxshop\Application\Runtime\Cache\Home\d47f7e8b5d40353c26583cfdcb9e3b02.php 第 412 行.
NOTIC: [8] Undefined index: attr F:\wamp\ThinkPHP_Project\jxshop\Application\Runtime\Cache\Home\d47f7e8b5d40353c26583cfdcb9e3b02.php 第 412 行.
NOTIC: [8] Undefined index: attr F:\wamp\ThinkPHP_Project\jxshop\Application\Runtime\Cache\Home\d47f7e8b5d40353c26583cfdcb9e3b02.php 第 412 行.
NOTIC: [8] Undefined variable: attr_values F:\wamp\ThinkPHP_Project\jxshop\Application\Runtime\Cache\Home\d47f7e8b5d40353c26583cfdcb9e3b02.php 第 412 行.
NOTIC: [8] Undefined index: sort F:\wamp\ThinkPHP_Project\jxshop\Application\Runtime\Cache\Home\d47f7e8b5d40353c26583cfdcb9e3b02.php 第 424 行.
NOTIC: [8] Use of undefined constant sale_number - assumed 'sale_number' F:\wamp\ThinkPHP_Project\jxshop\Application\Runtime\Cache\Home\d47f7e8b5d40353c26583cfdcb9e3b02.php 第 424 行.
NOTIC: [8] Undefined index: sort F:\wamp\ThinkPHP_Project\jxshop\Application\Runtime\Cache\Home\d47f7e8b5d40353c26583cfdcb9e3b02.php 第 424 行.
NOTIC: [8] Undefined index: sort F:\wamp\ThinkPHP_Project\jxshop\Application\Runtime\Cache\Home\d47f7e8b5d40353c26583cfdcb9e3b02.php 第 425 行.
NOTIC: [8] Undefined index: sort F:\wamp\ThinkPHP_Project\jxshop\Application\Runtime\Cache\Home\d47f7e8b5d40353c26583cfdcb9e3b02.php 第 426 行.
NOTIC: [8] Undefined index: sort F:\wamp\ThinkPHP_Project\jxshop\Application\Runtime\Cache\Home\d47f7e8b5d40353c26583cfdcb9e3b02.php 第 427 行.
INFO: Run Behavior\ParseTemplateBehavior [ RunTime:0.019478s ]
INFO: [ view_parse ] --END-- [ RunTime:0.019516s ]
INFO: [ view_filter ] --START--
INFO: Run Behavior\WriteHtmlCacheBehavior [ RunTime:0.000535s ]
INFO: [ view_filter ] --END-- [ RunTime:0.000564s ]
INFO: [ app_end ] --START--
INFO: Run Behavior\ShowPageTraceBehavior [ RunTime:0.000933s ]
INFO: [ app_end ] --END-- [ RunTime:0.000999s ]

[ 2019-02-17T22:22:47+08:00 ] 127.0.0.1 /Category/index/id/8.html
INFO: [ app_init ] --START--
INFO: Run Behavior\BuildLiteBehavior [ RunTime:0.000017s ]
INFO: [ app_init ] --END-- [ RunTime:0.000487s ]
INFO: [ app_begin ] --START--
INFO: Run Behavior\ReadHtmlCacheBehavior [ RunTime:0.000731s ]
INFO: [ app_begin ] --END-- [ RunTime:0.000786s ]
SQL: SELECT * FROM `jx_category`  [ RunTime:0.0003s ]
NOTIC: [2048] Declaration of Admin\Model\GoodsModel::_after_insert() should be compatible with Think\Model::_after_insert($data, $options) F:\wamp\ThinkPHP_Project\jxshop\Application\Admin\Model\GoodsModel.class.php 第 451 行.
SQL: SELECT * FROM `jx_category`  [ RunTime:0.0003s ]
SQL: SELECT max(shop_price) max_price,min(shop_price) min_price,count(id) goods_count,group_concat(id) goods_ids FROM `jx_goods` WHERE ( is_sale=1 AND cate_id in (12,7,9,11,13,26,14,27,28,8) ) LIMIT 1   [ RunTime:0.0004s ]
SQL: SHOW COLUMNS FROM `jx_goods_attr` [ RunTime:0.0048s ]
SQL: SELECT distinct a.attr_id,a.attr_values,b.attr_name FROM jx_goods_attr a left join jx_attribute b on a.attr_id=b.id  WHERE ( a.goods_id in (1,2,3,4,5,6,7,9,10,12,13,14,15,28,29) )  [ RunTime:0.0005s ]
SQL: SELECT COUNT(*) AS tp_count FROM `jx_goods` WHERE ( is_sale=1 AND cate_id in (12,7,9,11,13,26,14,27,28,8) ) LIMIT 1   [ RunTime:0.0002s ]
SQL: SELECT * FROM `jx_goods` WHERE ( is_sale=1 AND cate_id in (12,7,9,11,13,26,14,27,28,8) ) ORDER BY sale_number desc,id asc LIMIT 0,2   [ RunTime:0.0004s ]
INFO: [ view_parse ] --START--
INFO: [ template_filter ] --START--
INFO: Run Behavior\ContentReplaceBehavior [ RunTime:0.000148s ]
INFO: [ template_filter ] --END-- [ RunTime:0.000190s ]
NOTIC: [8] Undefined index: price F:\wamp\ThinkPHP_Project\jxshop\Application\Runtime\Cache\Home\d47f7e8b5d40353c26583cfdcb9e3b02.php 第 396 行.
NOTIC: [8] Undefined index: price F:\wamp\ThinkPHP_Project\jxshop\Application\Runtime\Cache\Home\d47f7e8b5d40353c26583cfdcb9e3b02.php 第 396 行.
NOTIC: [8] Undefined index: price F:\wamp\ThinkPHP_Project\jxshop\Application\Runtime\Cache\Home\d47f7e8b5d40353c26583cfdcb9e3b02.php 第 396 行.
NOTIC: [8] Undefined index: price F:\wamp\ThinkPHP_Project\jxshop\Application\Runtime\Cache\Home\d47f7e8b5d40353c26583cfdcb9e3b02.php 第 396 行.
NOTIC: [8] Undefined index: price F:\wamp\ThinkPHP_Project\jxshop\Application\Runtime\Cache\Home\d47f7e8b5d40353c26583cfdcb9e3b02.php 第 396 行.
NOTIC: [8] Undefined index: attr F:\wamp\ThinkPHP_Project\jxshop\Application\Runtime\Cache\Home\d47f7e8b5d40353c26583cfdcb9e3b02.php 第 412 行.
NOTIC: [8] Undefined index: attr F:\wamp\ThinkPHP_Project\jxshop\Application\Runtime\Cache\Home\d47f7e8b5d40353c26583cfdcb9e3b02.php 第 412 行.
NOTIC: [8] Undefined index: attr F:\wamp\ThinkPHP_Project\jxshop\Application\Runtime\Cache\Home\d47f7e8b5d40353c26583cfdcb9e3b02.php 第 412 行.
NOTIC: [8] Undefined variable: attr_values F:\wamp\ThinkPHP_Project\jxshop\Application\Runtime\Cache\Home\d47f7e8b5d40353c26583cfdcb9e3b02.php 第 412 行.
NOTIC: [8] Undefined index: attr F:\wamp\ThinkPHP_Project\jxshop\Application\Runtime\Cache\Home\d47f7e8b5d40353c26583cfdcb9e3b02.php 第 412 行.
NOTIC: [8] Undefined index: attr F:\wamp\ThinkPHP_Project\jxshop\Application\Runtime\Cache\Home\d47f7e8b5d40353c26583cfdcb9e3b02.php 第 412 行.
NOTIC: [8] Undefined index: attr F:\wamp\ThinkPHP_Project\jxshop\Application\Runtime\Cache\Home\d47f7e8b5d40353c26583cfdcb9e3b02.php 第 412 行.
NOTIC: [8] Undefined variable: attr_values F:\wamp\ThinkPHP_Project\jxshop\Application\Runtime\Cache\Home\d47f7e8b5d40353c26583cfdcb9e3b02.php 第 412 行.
NOTIC: [8] Undefined index: attr F:\wamp\ThinkPHP_Project\jxshop\Application\Runtime\Cache\Home\d47f7e8b5d40353c26583cfdcb9e3b02.php 第 412 行.
NOTIC: [8] Undefined index: attr F:\wamp\ThinkPHP_Project\jxshop\Application\Runtime\Cache\Home\d47f7e8b5d40353c26583cfdcb9e3b02.php 第 412 行.
NOTIC: [8] Undefined index: attr F:\wamp\ThinkPHP_Project\jxshop\Application\Runtime\Cache\Home\d47f7e8b5d40353c26583cfdcb9e3b02.php 第 412 行.
NOTIC: [8] Undefined variable: attr_values F:\wamp\ThinkPHP_Project\jxshop\Application\Runtime\Cache\Home\d47f7e8b5d40353c26583cfdcb9e3b02.php 第 412 行.
NOTIC: [8] Undefined index: attr F:\wamp\ThinkPHP_Project\jxshop\Application\Runtime\Cache\Home\d47f7e8b5d40353c26583cfdcb9e3b02.php 第 412 行.
NOTIC: [8] Undefined index: attr F:\wamp\ThinkPHP_Project\jxshop\Application\Runtime\Cache\Home\d47f7e8b5d40353c26583cfdcb9e3b02.php 第 412 行.
NOTIC: [8] Undefined index: attr F:\wamp\ThinkPHP_Project\jxshop\Application\Runtime\Cache\Home\d47f7e8b5d40353c26583cfdcb9e3b02.php 第 412 行.
NOTIC: [8] Undefined variable: attr_values F:\wamp\ThinkPHP_Project\jxshop\Application\Runtime\Cache\Home\d47f7e8b5d40353c26583cfdcb9e3b02.php 第 412 行.
NOTIC: [8] Undefined index: attr F:\wamp\ThinkPHP_Project\jxshop\Application\Runtime\Cache\Home\d47f7e8b5d40353c26583cfdcb9e3b02.php 第 412 行.
NOTIC: [8] Undefined index: attr F:\wamp\ThinkPHP_Project\jxshop\Application\Runtime\Cache\Home\d47f7e8b5d40353c26583cfdcb9e3b02.php 第 412 行.
NOTIC: [8] Undefined index: attr F:\wamp\ThinkPHP_Project\jxshop\Application\Runtime\Cache\Home\d47f7e8b5d40353c26583cfdcb9e3b02.php 第 412 行.
NOTIC: [8] Undefined variable: attr_values F:\wamp\ThinkPHP_Project\jxshop\Application\Runtime\Cache\Home\d47f7e8b5d40353c26583cfdcb9e3b02.php 第 412 行.
NOTIC: [8] Undefined index: attr F:\wamp\ThinkPHP_Project\jxshop\Application\Runtime\Cache\Home\d47f7e8b5d40353c26583cfdcb9e3b02.php 第 412 行.
NOTIC: [8] Undefined index: attr F:\wamp\ThinkPHP_Project\jxshop\Application\Runtime\Cache\Home\d47f7e8b5d40353c26583cfdcb9e3b02.php 第 412 行.
NOTIC: [8] Undefined index: attr F:\wamp\ThinkPHP_Project\jxshop\Application\Runtime\Cache\Home\d47f7e8b5d40353c26583cfdcb9e3b02.php 第 412 行.
NOTIC: [8] Undefined variable: attr_values F:\wamp\ThinkPHP_Project\jxshop\Application\Runtime\Cache\Home\d47f7e8b5d40353c26583cfdcb9e3b02.php 第 412 行.
NOTIC: [8] Undefined index: attr F:\wamp\ThinkPHP_Project\jxshop\Application\Runtime\Cache\Home\d47f7e8b5d40353c26583cfdcb9e3b02.php 第 412 行.
NOTIC: [8] Undefined index: attr F:\wamp\ThinkPHP_Project\jxshop\Application\Runtime\Cache\Home\d47f7e8b5d40353c26583cfdcb9e3b02.php 第 412 行.
NOTIC: [8] Undefined index: attr F:\wamp\ThinkPHP_Project\jxshop\Application\Runtime\Cache\Home\d47f7e8b5d40353c26583cfdcb9e3b02.php 第 412 行.
NOTIC: [8] Undefined variable: attr_values F:\wamp\ThinkPHP_Project\jxshop\Application\Runtime\Cache\Home\d47f7e8b5d40353c26583cfdcb9e3b02.php 第 412 行.
NOTIC: [8] Undefined index: attr F:\wamp\ThinkPHP_Project\jxshop\Application\Runtime\Cache\Home\d47f7e8b5d40353c26583cfdcb9e3b02.php 第 412 行.
NOTIC: [8] Undefined index: attr F:\wamp\ThinkPHP_Project\jxshop\Application\Runtime\Cache\Home\d47f7e8b5d40353c26583cfdcb9e3b02.php 第 412 行.
NOTIC: [8] Undefined index: attr F:\wamp\ThinkPHP_Project\jxshop\Application\Runtime\Cache\Home\d47f7e8b5d40353c26583cfdcb9e3b02.php 第 412 行.
NOTIC: [8] Undefined variable: attr_values F:\wamp\ThinkPHP_Project\jxshop\Application\Runtime\Cache\Home\d47f7e8b5d40353c26583cfdcb9e3b02.php 第 412 行.
NOTIC: [8] Undefined index: sort F:\wamp\ThinkPHP_Project\jxshop\Application\Runtime\Cache\Home\d47f7e8b5d40353c26583cfdcb9e3b02.php 第 424 行.
NOTIC: [8] Use of undefined constant sale_number - assumed 'sale_number' F:\wamp\ThinkPHP_Project\jxshop\Application\Runtime\Cache\Home\d47f7e8b5d40353c26583cfdcb9e3b02.php 第 424 行.
NOTIC: [8] Undefined index: sort F:\wamp\ThinkPHP_Project\jxshop\Application\Runtime\Cache\Home\d47f7e8b5d40353c26583cfdcb9e3b02.php 第 424 行.
NOTIC: [8] Undefined index: sort F:\wamp\ThinkPHP_Project\jxshop\Application\Runtime\Cache\Home\d47f7e8b5d40353c26583cfdcb9e3b02.php 第 425 行.
NOTIC: [8] Undefined index: sort F:\wamp\ThinkPHP_Project\jxshop\Application\Runtime\Cache\Home\d47f7e8b5d40353c26583cfdcb9e3b02.php 第 426 行.
NOTIC: [8] Undefined index: sort F:\wamp\ThinkPHP_Project\jxshop\Application\Runtime\Cache\Home\d47f7e8b5d40353c26583cfdcb9e3b02.php 第 427 行.
INFO: Run Behavior\ParseTemplateBehavior [ RunTime:0.022673s ]
INFO: [ view_parse ] --END-- [ RunTime:0.022720s ]
INFO: [ view_filter ] --START--
INFO: Run Behavior\WriteHtmlCacheBehavior [ RunTime:0.000676s ]
INFO: [ view_filter ] --END-- [ RunTime:0.000720s ]
INFO: [ app_end ] --START--
INFO: Run Behavior\ShowPageTraceBehavior [ RunTime:0.000944s ]
INFO: [ app_end ] --END-- [ RunTime:0.001003s ]

[ 2019-02-17T22:22:49+08:00 ] 127.0.0.1 /Goods/index/goods_id/29.html
INFO: [ app_init ] --START--
INFO: Run Behavior\BuildLiteBehavior [ RunTime:0.000012s ]
INFO: [ app_init ] --END-- [ RunTime:0.000396s ]
INFO: [ app_begin ] --START--
INFO: Run Behavior\ReadHtmlCacheBehavior [ RunTime:0.000544s ]
INFO: [ app_begin ] --END-- [ RunTime:0.000577s ]
SQL: SELECT * FROM `jx_category`  [ RunTime:0.0003s ]
NOTIC: [2048] Declaration of Admin\Model\GoodsModel::_after_insert() should be compatible with Think\Model::_after_insert($data, $options) F:\wamp\ThinkPHP_Project\jxshop\Application\Admin\Model\GoodsModel.class.php 第 451 行.
SQL: SELECT * FROM `jx_goods` WHERE ( is_sale=1 AND id=29 ) LIMIT 1   [ RunTime:0.0004s ]
SQL: SELECT * FROM `jx_goods_img` WHERE ( goods_id=29 )  [ RunTime:0.0003s ]
SQL: SHOW COLUMNS FROM `jx_goods_attr` [ RunTime:0.0034s ]
SQL: SELECT a.*,b.attr_name,b.attr_type FROM jx_goods_attr a left join jx_attribute b on a.attr_id=b.id  WHERE ( a.goods_id=29 )  [ RunTime:0.0004s ]
NOTIC: [2048] Declaration of Home\Model\CommentModel::_before_insert() should be compatible with Think\Model::_before_insert(&$data, $options) F:\wamp\ThinkPHP_Project\jxshop\Application\Home\Model\CommentModel.class.php 第 6 行.
NOTIC: [2048] Declaration of Home\Model\CommentModel::_after_insert() should be compatible with Think\Model::_after_insert($data, $options) F:\wamp\ThinkPHP_Project\jxshop\Application\Home\Model\CommentModel.class.php 第 6 行.
SQL: SELECT COUNT(*) AS tp_count FROM `jx_comment` WHERE ( goods_id=29 ) LIMIT 1   [ RunTime:0.0003s ]
SQL: SELECT a.*,b.username FROM jx_comment a left join jx_user b on a.user_id = b.id  WHERE ( a.goods_id=29 ) LIMIT 0,3   [ RunTime:0.0704s ]
SQL: SHOW COLUMNS FROM `jx_impression` [ RunTime:0.0036s ]
SQL: SELECT * FROM `jx_impression` WHERE ( goods_id=29 ) ORDER BY count desc LIMIT 8   [ RunTime:0.0004s ]
INFO: [ view_parse ] --START--
INFO: [ template_filter ] --START--
INFO: Run Behavior\ContentReplaceBehavior [ RunTime:0.000157s ]
INFO: [ template_filter ] --END-- [ RunTime:0.000206s ]
INFO: Run Behavior\ParseTemplateBehavior [ RunTime:0.019699s ]
INFO: [ view_parse ] --END-- [ RunTime:0.019740s ]
INFO: [ view_filter ] --START--
INFO: Run Behavior\WriteHtmlCacheBehavior [ RunTime:0.000501s ]
INFO: [ view_filter ] --END-- [ RunTime:0.000527s ]
INFO: [ app_end ] --START--
INFO: Run Behavior\ShowPageTraceBehavior [ RunTime:0.000946s ]
INFO: [ app_end ] --END-- [ RunTime:0.000998s ]

[ 2019-02-17T22:22:50+08:00 ] 127.0.0.1 /Public/Home/images/zoomloader.gif
INFO: [ app_init ] --START--
INFO: Run Behavior\BuildLiteBehavior [ RunTime:0.000052s ]
INFO: [ app_init ] --END-- [ RunTime:0.000438s ]

[ 2019-02-17T22:23:17+08:00 ] 127.0.0.1 /User/login.html
INFO: [ app_init ] --START--
INFO: Run Behavior\BuildLiteBehavior [ RunTime:0.000011s ]
INFO: [ app_init ] --END-- [ RunTime:0.000416s ]
INFO: [ app_begin ] --START--
INFO: Run Behavior\ReadHtmlCacheBehavior [ RunTime:0.000483s ]
INFO: [ app_begin ] --END-- [ RunTime:0.000515s ]
SQL: SELECT * FROM `jx_category`  [ RunTime:0.0004s ]
INFO: [ view_parse ] --START--
INFO: [ template_filter ] --START--
INFO: Run Behavior\ContentReplaceBehavior [ RunTime:0.000055s ]
INFO: [ template_filter ] --END-- [ RunTime:0.000093s ]
INFO: Run Behavior\ParseTemplateBehavior [ RunTime:0.062249s ]
INFO: [ view_parse ] --END-- [ RunTime:0.062285s ]
INFO: [ view_filter ] --START--
INFO: Run Behavior\WriteHtmlCacheBehavior [ RunTime:0.000434s ]
INFO: [ view_filter ] --END-- [ RunTime:0.000460s ]
INFO: [ app_end ] --START--
INFO: Run Behavior\ShowPageTraceBehavior [ RunTime:0.000650s ]
INFO: [ app_end ] --END-- [ RunTime:0.000678s ]

[ 2019-02-17T22:23:17+08:00 ] 127.0.0.1 /User/code.html
INFO: [ app_init ] --START--
INFO: Run Behavior\BuildLiteBehavior [ RunTime:0.000025s ]
INFO: [ app_init ] --END-- [ RunTime:0.000791s ]
INFO: [ app_begin ] --START--
INFO: Run Behavior\ReadHtmlCacheBehavior [ RunTime:0.000968s ]
INFO: [ app_begin ] --END-- [ RunTime:0.001051s ]
SQL: SELECT * FROM `jx_category`  [ RunTime:0.0003s ]
INFO: [ app_end ] --START--
INFO: Run Behavior\ShowPageTraceBehavior [ RunTime:0.000748s ]
INFO: [ app_end ] --END-- [ RunTime:0.000798s ]

[ 2019-02-17T22:23:25+08:00 ] 127.0.0.1 /User/regist.html
INFO: [ app_init ] --START--
INFO: Run Behavior\BuildLiteBehavior [ RunTime:0.000011s ]
INFO: [ app_init ] --END-- [ RunTime:0.000390s ]
INFO: [ app_begin ] --START--
INFO: Run Behavior\ReadHtmlCacheBehavior [ RunTime:0.000513s ]
INFO: [ app_begin ] --END-- [ RunTime:0.000546s ]
SQL: SELECT * FROM `jx_category`  [ RunTime:0.0003s ]
INFO: [ view_parse ] --START--
INFO: [ template_filter ] --START--
INFO: Run Behavior\ContentReplaceBehavior [ RunTime:0.000057s ]
INFO: [ template_filter ] --END-- [ RunTime:0.000094s ]
INFO: Run Behavior\ParseTemplateBehavior [ RunTime:0.072526s ]
INFO: [ view_parse ] --END-- [ RunTime:0.072578s ]
INFO: [ view_filter ] --START--
INFO: Run Behavior\WriteHtmlCacheBehavior [ RunTime:0.000515s ]
INFO: [ view_filter ] --END-- [ RunTime:0.000543s ]
INFO: [ app_end ] --START--
INFO: Run Behavior\ShowPageTraceBehavior [ RunTime:0.000687s ]
INFO: [ app_end ] --END-- [ RunTime:0.000719s ]

[ 2019-02-17T22:23:25+08:00 ] 127.0.0.1 /User/code.html
INFO: [ app_init ] --START--
INFO: Run Behavior\BuildLiteBehavior [ RunTime:0.000028s ]
INFO: [ app_init ] --END-- [ RunTime:0.000701s ]
INFO: [ app_begin ] --START--
INFO: Run Behavior\ReadHtmlCacheBehavior [ RunTime:0.001111s ]
INFO: [ app_begin ] --END-- [ RunTime:0.001189s ]
SQL: SELECT * FROM `jx_category`  [ RunTime:0.0003s ]
INFO: [ app_end ] --START--
INFO: Run Behavior\ShowPageTraceBehavior [ RunTime:0.000598s ]
INFO: [ app_end ] --END-- [ RunTime:0.000653s ]

