[ 2018-10-07T00:00:30+08:00 ] 127.0.0.1 /Admin/Category/index.html
INFO: [ app_init ] --START--
INFO: Run Behavior\BuildLiteBehavior [ RunTime:0.000011s ]
INFO: [ app_init ] --END-- [ RunTime:0.000426s ]
INFO: [ app_begin ] --START--
INFO: Run Behavior\ReadHtmlCacheBehavior [ RunTime:0.000739s ]
INFO: [ app_begin ] --END-- [ RunTime:0.000773s ]
SQL: SELECT * FROM `jx_category`  [ RunTime:0.0003s ]
INFO: [ view_parse ] --START--
INFO: [ template_filter ] --START--
INFO: Run Behavior\ContentReplaceBehavior [ RunTime:0.000044s ]
INFO: [ template_filter ] --END-- [ RunTime:0.000081s ]
NOTIC: [8] Use of undefined constant no - assumed 'no' F:\wamp\ThinkPHP_Project\jxshop\Application\Runtime\Cache\Admin\fcedd280eb839d591ede42fd792f86f4.php 第 41 行.
NOTIC: [8] Use of undefined constant yes - assumed 'yes' F:\wamp\ThinkPHP_Project\jxshop\Application\Runtime\Cache\Admin\fcedd280eb839d591ede42fd792f86f4.php 第 41 行.
NOTIC: [8] Use of undefined constant yes - assumed 'yes' F:\wamp\ThinkPHP_Project\jxshop\Application\Runtime\Cache\Admin\fcedd280eb839d591ede42fd792f86f4.php 第 41 行.
NOTIC: [8] Use of undefined constant no - assumed 'no' F:\wamp\ThinkPHP_Project\jxshop\Application\Runtime\Cache\Admin\fcedd280eb839d591ede42fd792f86f4.php 第 41 行.
NOTIC: [8] Use of undefined constant no - assumed 'no' F:\wamp\ThinkPHP_Project\jxshop\Application\Runtime\Cache\Admin\fcedd280eb839d591ede42fd792f86f4.php 第 41 行.
NOTIC: [8] Use of undefined constant no - assumed 'no' F:\wamp\ThinkPHP_Project\jxshop\Application\Runtime\Cache\Admin\fcedd280eb839d591ede42fd792f86f4.php 第 41 行.
NOTIC: [8] Use of undefined constant no - assumed 'no' F:\wamp\ThinkPHP_Project\jxshop\Application\Runtime\Cache\Admin\fcedd280eb839d591ede42fd792f86f4.php 第 41 行.
NOTIC: [8] Use of undefined constant no - assumed 'no' F:\wamp\ThinkPHP_Project\jxshop\Application\Runtime\Cache\Admin\fcedd280eb839d591ede42fd792f86f4.php 第 41 行.
NOTIC: [8] Use of undefined constant no - assumed 'no' F:\wamp\ThinkPHP_Project\jxshop\Application\Runtime\Cache\Admin\fcedd280eb839d591ede42fd792f86f4.php 第 41 行.
INFO: Run Behavior\ParseTemplateBehavior [ RunTime:0.008530s ]
INFO: [ view_parse ] --END-- [ RunTime:0.008564s ]
INFO: [ view_filter ] --START--
INFO: Run Behavior\WriteHtmlCacheBehavior [ RunTime:0.000650s ]
INFO: [ view_filter ] --END-- [ RunTime:0.000682s ]
INFO: [ app_end ] --START--
INFO: Run Behavior\ShowPageTraceBehavior [ RunTime:0.000907s ]
INFO: [ app_end ] --END-- [ RunTime:0.000958s ]

[ 2018-10-07T00:00:33+08:00 ] 127.0.0.1 /Admin/Category/index.html
INFO: [ app_init ] --START--
INFO: Run Behavior\BuildLiteBehavior [ RunTime:0.000012s ]
INFO: [ app_init ] --END-- [ RunTime:0.000462s ]
INFO: [ app_begin ] --START--
INFO: Run Behavior\ReadHtmlCacheBehavior [ RunTime:0.000749s ]
INFO: [ app_begin ] --END-- [ RunTime:0.000804s ]
SQL: SELECT * FROM `jx_category`  [ RunTime:0.0003s ]
INFO: [ view_parse ] --START--
INFO: [ template_filter ] --START--
INFO: Run Behavior\ContentReplaceBehavior [ RunTime:0.000046s ]
INFO: [ template_filter ] --END-- [ RunTime:0.000088s ]
NOTIC: [8] Use of undefined constant no - assumed 'no' F:\wamp\ThinkPHP_Project\jxshop\Application\Runtime\Cache\Admin\fcedd280eb839d591ede42fd792f86f4.php 第 41 行.
NOTIC: [8] Use of undefined constant yes - assumed 'yes' F:\wamp\ThinkPHP_Project\jxshop\Application\Runtime\Cache\Admin\fcedd280eb839d591ede42fd792f86f4.php 第 41 行.
NOTIC: [8] Use of undefined constant yes - assumed 'yes' F:\wamp\ThinkPHP_Project\jxshop\Application\Runtime\Cache\Admin\fcedd280eb839d591ede42fd792f86f4.php 第 41 行.
NOTIC: [8] Use of undefined constant no - assumed 'no' F:\wamp\ThinkPHP_Project\jxshop\Application\Runtime\Cache\Admin\fcedd280eb839d591ede42fd792f86f4.php 第 41 行.
NOTIC: [8] Use of undefined constant no - assumed 'no' F:\wamp\ThinkPHP_Project\jxshop\Application\Runtime\Cache\Admin\fcedd280eb839d591ede42fd792f86f4.php 第 41 行.
NOTIC: [8] Use of undefined constant no - assumed 'no' F:\wamp\ThinkPHP_Project\jxshop\Application\Runtime\Cache\Admin\fcedd280eb839d591ede42fd792f86f4.php 第 41 行.
NOTIC: [8] Use of undefined constant no - assumed 'no' F:\wamp\ThinkPHP_Project\jxshop\Application\Runtime\Cache\Admin\fcedd280eb839d591ede42fd792f86f4.php 第 41 行.
NOTIC: [8] Use of undefined constant no - assumed 'no' F:\wamp\ThinkPHP_Project\jxshop\Application\Runtime\Cache\Admin\fcedd280eb839d591ede42fd792f86f4.php 第 41 行.
NOTIC: [8] Use of undefined constant no - assumed 'no' F:\wamp\ThinkPHP_Project\jxshop\Application\Runtime\Cache\Admin\fcedd280eb839d591ede42fd792f86f4.php 第 41 行.
INFO: Run Behavior\ParseTemplateBehavior [ RunTime:0.009276s ]
INFO: [ view_parse ] --END-- [ RunTime:0.009316s ]
INFO: [ view_filter ] --START--
INFO: Run Behavior\WriteHtmlCacheBehavior [ RunTime:0.000545s ]
INFO: [ view_filter ] --END-- [ RunTime:0.000572s ]
INFO: [ app_end ] --START--
INFO: Run Behavior\ShowPageTraceBehavior [ RunTime:0.002083s ]
INFO: [ app_end ] --END-- [ RunTime:0.002146s ]

[ 2018-10-07T00:05:39+08:00 ] 127.0.0.1 /Admin/Category/add.html
INFO: [ app_init ] --START--
INFO: Run Behavior\BuildLiteBehavior [ RunTime:0.000012s ]
INFO: [ app_init ] --END-- [ RunTime:0.000434s ]
INFO: [ app_begin ] --START--
INFO: Run Behavior\ReadHtmlCacheBehavior [ RunTime:0.000753s ]
INFO: [ app_begin ] --END-- [ RunTime:0.000788s ]
SQL: SELECT * FROM `jx_category`  [ RunTime:0.0005s ]
INFO: [ view_parse ] --START--
INFO: [ template_filter ] --START--
INFO: Run Behavior\ContentReplaceBehavior [ RunTime:0.000044s ]
INFO: [ template_filter ] --END-- [ RunTime:0.000081s ]
INFO: Run Behavior\ParseTemplateBehavior [ RunTime:0.008531s ]
INFO: [ view_parse ] --END-- [ RunTime:0.008580s ]
INFO: [ view_filter ] --START--
INFO: Run Behavior\WriteHtmlCacheBehavior [ RunTime:0.000590s ]
INFO: [ view_filter ] --END-- [ RunTime:0.000616s ]
INFO: [ app_end ] --START--
INFO: Run Behavior\ShowPageTraceBehavior [ RunTime:0.000812s ]
INFO: [ app_end ] --END-- [ RunTime:0.000840s ]

[ 2018-10-07T00:05:41+08:00 ] 127.0.0.1 /Admin/Category/index.html
INFO: [ app_init ] --START--
INFO: Run Behavior\BuildLiteBehavior [ RunTime:0.000016s ]
INFO: [ app_init ] --END-- [ RunTime:0.000510s ]
INFO: [ app_begin ] --START--
INFO: Run Behavior\ReadHtmlCacheBehavior [ RunTime:0.001080s ]
INFO: [ app_begin ] --END-- [ RunTime:0.001137s ]
SQL: SELECT * FROM `jx_category`  [ RunTime:0.0003s ]
INFO: [ view_parse ] --START--
INFO: [ template_filter ] --START--
INFO: Run Behavior\ContentReplaceBehavior [ RunTime:0.000045s ]
INFO: [ template_filter ] --END-- [ RunTime:0.000086s ]
NOTIC: [8] Use of undefined constant no - assumed 'no' F:\wamp\ThinkPHP_Project\jxshop\Application\Runtime\Cache\Admin\fcedd280eb839d591ede42fd792f86f4.php 第 41 行.
NOTIC: [8] Use of undefined constant yes - assumed 'yes' F:\wamp\ThinkPHP_Project\jxshop\Application\Runtime\Cache\Admin\fcedd280eb839d591ede42fd792f86f4.php 第 41 行.
NOTIC: [8] Use of undefined constant yes - assumed 'yes' F:\wamp\ThinkPHP_Project\jxshop\Application\Runtime\Cache\Admin\fcedd280eb839d591ede42fd792f86f4.php 第 41 行.
NOTIC: [8] Use of undefined constant no - assumed 'no' F:\wamp\ThinkPHP_Project\jxshop\Application\Runtime\Cache\Admin\fcedd280eb839d591ede42fd792f86f4.php 第 41 行.
NOTIC: [8] Use of undefined constant no - assumed 'no' F:\wamp\ThinkPHP_Project\jxshop\Application\Runtime\Cache\Admin\fcedd280eb839d591ede42fd792f86f4.php 第 41 行.
NOTIC: [8] Use of undefined constant no - assumed 'no' F:\wamp\ThinkPHP_Project\jxshop\Application\Runtime\Cache\Admin\fcedd280eb839d591ede42fd792f86f4.php 第 41 行.
NOTIC: [8] Use of undefined constant no - assumed 'no' F:\wamp\ThinkPHP_Project\jxshop\Application\Runtime\Cache\Admin\fcedd280eb839d591ede42fd792f86f4.php 第 41 行.
NOTIC: [8] Use of undefined constant no - assumed 'no' F:\wamp\ThinkPHP_Project\jxshop\Application\Runtime\Cache\Admin\fcedd280eb839d591ede42fd792f86f4.php 第 41 行.
NOTIC: [8] Use of undefined constant no - assumed 'no' F:\wamp\ThinkPHP_Project\jxshop\Application\Runtime\Cache\Admin\fcedd280eb839d591ede42fd792f86f4.php 第 41 行.
INFO: Run Behavior\ParseTemplateBehavior [ RunTime:0.010024s ]
INFO: [ view_parse ] --END-- [ RunTime:0.010074s ]
INFO: [ view_filter ] --START--
INFO: Run Behavior\WriteHtmlCacheBehavior [ RunTime:0.000778s ]
INFO: [ view_filter ] --END-- [ RunTime:0.000855s ]
INFO: [ app_end ] --START--
INFO: Run Behavior\ShowPageTraceBehavior [ RunTime:0.001280s ]
INFO: [ app_end ] --END-- [ RunTime:0.001355s ]

[ 2018-10-07T00:05:42+08:00 ] 127.0.0.1 /Admin/Category/add.html
INFO: [ app_init ] --START--
INFO: Run Behavior\BuildLiteBehavior [ RunTime:0.000010s ]
INFO: [ app_init ] --END-- [ RunTime:0.000355s ]
INFO: [ app_begin ] --START--
INFO: Run Behavior\ReadHtmlCacheBehavior [ RunTime:0.000685s ]
INFO: [ app_begin ] --END-- [ RunTime:0.000724s ]
SQL: SELECT * FROM `jx_category`  [ RunTime:0.0003s ]
INFO: [ view_parse ] --START--
INFO: [ template_filter ] --START--
INFO: Run Behavior\ContentReplaceBehavior [ RunTime:0.000069s ]
INFO: [ template_filter ] --END-- [ RunTime:0.000137s ]
INFO: Run Behavior\ParseTemplateBehavior [ RunTime:0.011876s ]
INFO: [ view_parse ] --END-- [ RunTime:0.011940s ]
INFO: [ view_filter ] --START--
INFO: Run Behavior\WriteHtmlCacheBehavior [ RunTime:0.000819s ]
INFO: [ view_filter ] --END-- [ RunTime:0.000859s ]
INFO: [ app_end ] --START--
INFO: Run Behavior\ShowPageTraceBehavior [ RunTime:0.001167s ]
INFO: [ app_end ] --END-- [ RunTime:0.001216s ]

[ 2018-10-07T00:05:44+08:00 ] 127.0.0.1 /Admin/Category/index.html
INFO: [ app_init ] --START--
INFO: Run Behavior\BuildLiteBehavior [ RunTime:0.000011s ]
INFO: [ app_init ] --END-- [ RunTime:0.000419s ]
INFO: [ app_begin ] --START--
INFO: Run Behavior\ReadHtmlCacheBehavior [ RunTime:0.000770s ]
INFO: [ app_begin ] --END-- [ RunTime:0.000806s ]
SQL: SELECT * FROM `jx_category`  [ RunTime:0.0003s ]
INFO: [ view_parse ] --START--
INFO: [ template_filter ] --START--
INFO: Run Behavior\ContentReplaceBehavior [ RunTime:0.000043s ]
INFO: [ template_filter ] --END-- [ RunTime:0.000082s ]
NOTIC: [8] Use of undefined constant no - assumed 'no' F:\wamp\ThinkPHP_Project\jxshop\Application\Runtime\Cache\Admin\fcedd280eb839d591ede42fd792f86f4.php 第 41 行.
NOTIC: [8] Use of undefined constant yes - assumed 'yes' F:\wamp\ThinkPHP_Project\jxshop\Application\Runtime\Cache\Admin\fcedd280eb839d591ede42fd792f86f4.php 第 41 行.
NOTIC: [8] Use of undefined constant yes - assumed 'yes' F:\wamp\ThinkPHP_Project\jxshop\Application\Runtime\Cache\Admin\fcedd280eb839d591ede42fd792f86f4.php 第 41 行.
NOTIC: [8] Use of undefined constant no - assumed 'no' F:\wamp\ThinkPHP_Project\jxshop\Application\Runtime\Cache\Admin\fcedd280eb839d591ede42fd792f86f4.php 第 41 行.
NOTIC: [8] Use of undefined constant no - assumed 'no' F:\wamp\ThinkPHP_Project\jxshop\Application\Runtime\Cache\Admin\fcedd280eb839d591ede42fd792f86f4.php 第 41 行.
NOTIC: [8] Use of undefined constant no - assumed 'no' F:\wamp\ThinkPHP_Project\jxshop\Application\Runtime\Cache\Admin\fcedd280eb839d591ede42fd792f86f4.php 第 41 行.
NOTIC: [8] Use of undefined constant no - assumed 'no' F:\wamp\ThinkPHP_Project\jxshop\Application\Runtime\Cache\Admin\fcedd280eb839d591ede42fd792f86f4.php 第 41 行.
NOTIC: [8] Use of undefined constant no - assumed 'no' F:\wamp\ThinkPHP_Project\jxshop\Application\Runtime\Cache\Admin\fcedd280eb839d591ede42fd792f86f4.php 第 41 行.
NOTIC: [8] Use of undefined constant no - assumed 'no' F:\wamp\ThinkPHP_Project\jxshop\Application\Runtime\Cache\Admin\fcedd280eb839d591ede42fd792f86f4.php 第 41 行.
INFO: Run Behavior\ParseTemplateBehavior [ RunTime:0.008356s ]
INFO: [ view_parse ] --END-- [ RunTime:0.008388s ]
INFO: [ view_filter ] --START--
INFO: Run Behavior\WriteHtmlCacheBehavior [ RunTime:0.000610s ]
INFO: [ view_filter ] --END-- [ RunTime:0.000639s ]
INFO: [ app_end ] --START--
INFO: Run Behavior\ShowPageTraceBehavior [ RunTime:0.000820s ]
INFO: [ app_end ] --END-- [ RunTime:0.000863s ]

[ 2018-10-07T00:05:45+08:00 ] 127.0.0.1 /Admin/Category/add.html
INFO: [ app_init ] --START--
INFO: Run Behavior\BuildLiteBehavior [ RunTime:0.000023s ]
INFO: [ app_init ] --END-- [ RunTime:0.000777s ]
INFO: [ app_begin ] --START--
INFO: Run Behavior\ReadHtmlCacheBehavior [ RunTime:0.000785s ]
INFO: [ app_begin ] --END-- [ RunTime:0.000820s ]
SQL: SELECT * FROM `jx_category`  [ RunTime:0.0004s ]
INFO: [ view_parse ] --START--
INFO: [ template_filter ] --START--
INFO: Run Behavior\ContentReplaceBehavior [ RunTime:0.000043s ]
INFO: [ template_filter ] --END-- [ RunTime:0.000078s ]
INFO: Run Behavior\ParseTemplateBehavior [ RunTime:0.007683s ]
INFO: [ view_parse ] --END-- [ RunTime:0.007749s ]
INFO: [ view_filter ] --START--
INFO: Run Behavior\WriteHtmlCacheBehavior [ RunTime:0.000579s ]
INFO: [ view_filter ] --END-- [ RunTime:0.000607s ]
INFO: [ app_end ] --START--
INFO: Run Behavior\ShowPageTraceBehavior [ RunTime:0.000802s ]
INFO: [ app_end ] --END-- [ RunTime:0.000832s ]

[ 2018-10-07T00:05:46+08:00 ] 127.0.0.1 /Admin/Category/index.html
INFO: [ app_init ] --START--
INFO: Run Behavior\BuildLiteBehavior [ RunTime:0.000016s ]
INFO: [ app_init ] --END-- [ RunTime:0.000648s ]
INFO: [ app_begin ] --START--
INFO: Run Behavior\ReadHtmlCacheBehavior [ RunTime:0.001038s ]
INFO: [ app_begin ] --END-- [ RunTime:0.001089s ]
SQL: SELECT * FROM `jx_category`  [ RunTime:0.0002s ]
INFO: [ view_parse ] --START--
INFO: [ template_filter ] --START--
INFO: Run Behavior\ContentReplaceBehavior [ RunTime:0.000044s ]
INFO: [ template_filter ] --END-- [ RunTime:0.000085s ]
NOTIC: [8] Use of undefined constant no - assumed 'no' F:\wamp\ThinkPHP_Project\jxshop\Application\Runtime\Cache\Admin\fcedd280eb839d591ede42fd792f86f4.php 第 41 行.
NOTIC: [8] Use of undefined constant yes - assumed 'yes' F:\wamp\ThinkPHP_Project\jxshop\Application\Runtime\Cache\Admin\fcedd280eb839d591ede42fd792f86f4.php 第 41 行.
NOTIC: [8] Use of undefined constant yes - assumed 'yes' F:\wamp\ThinkPHP_Project\jxshop\Application\Runtime\Cache\Admin\fcedd280eb839d591ede42fd792f86f4.php 第 41 行.
NOTIC: [8] Use of undefined constant no - assumed 'no' F:\wamp\ThinkPHP_Project\jxshop\Application\Runtime\Cache\Admin\fcedd280eb839d591ede42fd792f86f4.php 第 41 行.
NOTIC: [8] Use of undefined constant no - assumed 'no' F:\wamp\ThinkPHP_Project\jxshop\Application\Runtime\Cache\Admin\fcedd280eb839d591ede42fd792f86f4.php 第 41 行.
NOTIC: [8] Use of undefined constant no - assumed 'no' F:\wamp\ThinkPHP_Project\jxshop\Application\Runtime\Cache\Admin\fcedd280eb839d591ede42fd792f86f4.php 第 41 行.
NOTIC: [8] Use of undefined constant no - assumed 'no' F:\wamp\ThinkPHP_Project\jxshop\Application\Runtime\Cache\Admin\fcedd280eb839d591ede42fd792f86f4.php 第 41 行.
NOTIC: [8] Use of undefined constant no - assumed 'no' F:\wamp\ThinkPHP_Project\jxshop\Application\Runtime\Cache\Admin\fcedd280eb839d591ede42fd792f86f4.php 第 41 行.
NOTIC: [8] Use of undefined constant no - assumed 'no' F:\wamp\ThinkPHP_Project\jxshop\Application\Runtime\Cache\Admin\fcedd280eb839d591ede42fd792f86f4.php 第 41 行.
INFO: Run Behavior\ParseTemplateBehavior [ RunTime:0.012008s ]
INFO: [ view_parse ] --END-- [ RunTime:0.012044s ]
INFO: [ view_filter ] --START--
INFO: Run Behavior\WriteHtmlCacheBehavior [ RunTime:0.000576s ]
INFO: [ view_filter ] --END-- [ RunTime:0.000606s ]
INFO: [ app_end ] --START--
INFO: Run Behavior\ShowPageTraceBehavior [ RunTime:0.001217s ]
INFO: [ app_end ] --END-- [ RunTime:0.001281s ]

[ 2018-10-07T00:05:48+08:00 ] 127.0.0.1 /Admin/Category/add.html
INFO: [ app_init ] --START--
INFO: Run Behavior\BuildLiteBehavior [ RunTime:0.000015s ]
INFO: [ app_init ] --END-- [ RunTime:0.000499s ]
INFO: [ app_begin ] --START--
INFO: Run Behavior\ReadHtmlCacheBehavior [ RunTime:0.000973s ]
INFO: [ app_begin ] --END-- [ RunTime:0.001020s ]
SQL: SELECT * FROM `jx_category`  [ RunTime:0.0002s ]
INFO: [ view_parse ] --START--
INFO: [ template_filter ] --START--
INFO: Run Behavior\ContentReplaceBehavior [ RunTime:0.000044s ]
INFO: [ template_filter ] --END-- [ RunTime:0.000085s ]
INFO: Run Behavior\ParseTemplateBehavior [ RunTime:0.009480s ]
INFO: [ view_parse ] --END-- [ RunTime:0.009533s ]
INFO: [ view_filter ] --START--
INFO: Run Behavior\WriteHtmlCacheBehavior [ RunTime:0.000625s ]
INFO: [ view_filter ] --END-- [ RunTime:0.000659s ]
INFO: [ app_end ] --START--
INFO: Run Behavior\ShowPageTraceBehavior [ RunTime:0.000746s ]
INFO: [ app_end ] --END-- [ RunTime:0.000781s ]

[ 2018-10-07T00:16:26+08:00 ] 127.0.0.1 /Admin/Category/index.html
INFO: [ app_init ] --START--
INFO: Run Behavior\BuildLiteBehavior [ RunTime:0.000011s ]
INFO: [ app_init ] --END-- [ RunTime:0.000421s ]
INFO: [ app_begin ] --START--
INFO: Run Behavior\ReadHtmlCacheBehavior [ RunTime:0.000822s ]
INFO: [ app_begin ] --END-- [ RunTime:0.000886s ]
SQL: SELECT * FROM `jx_category`  [ RunTime:0.0003s ]
INFO: [ view_parse ] --START--
INFO: [ template_filter ] --START--
INFO: Run Behavior\ContentReplaceBehavior [ RunTime:0.000043s ]
INFO: [ template_filter ] --END-- [ RunTime:0.000079s ]
NOTIC: [8] Use of undefined constant no - assumed 'no' F:\wamp\ThinkPHP_Project\jxshop\Application\Runtime\Cache\Admin\fcedd280eb839d591ede42fd792f86f4.php 第 41 行.
NOTIC: [8] Use of undefined constant yes - assumed 'yes' F:\wamp\ThinkPHP_Project\jxshop\Application\Runtime\Cache\Admin\fcedd280eb839d591ede42fd792f86f4.php 第 41 行.
NOTIC: [8] Use of undefined constant yes - assumed 'yes' F:\wamp\ThinkPHP_Project\jxshop\Application\Runtime\Cache\Admin\fcedd280eb839d591ede42fd792f86f4.php 第 41 行.
NOTIC: [8] Use of undefined constant no - assumed 'no' F:\wamp\ThinkPHP_Project\jxshop\Application\Runtime\Cache\Admin\fcedd280eb839d591ede42fd792f86f4.php 第 41 行.
NOTIC: [8] Use of undefined constant no - assumed 'no' F:\wamp\ThinkPHP_Project\jxshop\Application\Runtime\Cache\Admin\fcedd280eb839d591ede42fd792f86f4.php 第 41 行.
NOTIC: [8] Use of undefined constant no - assumed 'no' F:\wamp\ThinkPHP_Project\jxshop\Application\Runtime\Cache\Admin\fcedd280eb839d591ede42fd792f86f4.php 第 41 行.
NOTIC: [8] Use of undefined constant no - assumed 'no' F:\wamp\ThinkPHP_Project\jxshop\Application\Runtime\Cache\Admin\fcedd280eb839d591ede42fd792f86f4.php 第 41 行.
NOTIC: [8] Use of undefined constant no - assumed 'no' F:\wamp\ThinkPHP_Project\jxshop\Application\Runtime\Cache\Admin\fcedd280eb839d591ede42fd792f86f4.php 第 41 行.
NOTIC: [8] Use of undefined constant no - assumed 'no' F:\wamp\ThinkPHP_Project\jxshop\Application\Runtime\Cache\Admin\fcedd280eb839d591ede42fd792f86f4.php 第 41 行.
INFO: Run Behavior\ParseTemplateBehavior [ RunTime:0.008621s ]
INFO: [ view_parse ] --END-- [ RunTime:0.008659s ]
INFO: [ view_filter ] --START--
INFO: Run Behavior\WriteHtmlCacheBehavior [ RunTime:0.000606s ]
INFO: [ view_filter ] --END-- [ RunTime:0.000636s ]
INFO: [ app_end ] --START--
INFO: Run Behavior\ShowPageTraceBehavior [ RunTime:0.002134s ]
INFO: [ app_end ] --END-- [ RunTime:0.002200s ]

