[ 2018-10-31T00:01:04+08:00 ] 127.0.0.1 /Admin/Goods/index/cate_id/1/intro_type/0/is_sale/0/p/1.html?cate_id=0&intro_type=0&is_sale=0&keyword=%E7%94%B5%E8%A7%86
INFO: [ app_init ] --START--
INFO: Run Behavior\BuildLiteBehavior [ RunTime:0.000014s ]
INFO: [ app_init ] --END-- [ RunTime:0.000345s ]
INFO: [ app_begin ] --START--
INFO: Run Behavior\ReadHtmlCacheBehavior [ RunTime:0.000550s ]
INFO: [ app_begin ] --END-- [ RunTime:0.000603s ]
SQL: SELECT * FROM `jx_category`  [ RunTime:0.0003s ]
NOTIC: [2048] Declaration of Admin\Model\GoodsModel::_after_insert() should be compatible with Think\Model::_after_insert($data, $options) F:\wamp\ThinkPHP_Project\jxshop\Application\Admin\Model\GoodsModel.class.php 第 244 行.
SQL: SELECT COUNT(*) AS tp_count FROM `jx_goods` WHERE ( isdel=1 AND goods_name LIKE '%电视%' ) LIMIT 1   [ RunTime:0.1482s ]
SQL: SELECT * FROM `jx_goods` WHERE ( isdel=1 AND goods_name LIKE '%电视%' ) LIMIT 0,2   [ RunTime:0.0003s ]
INFO: [ view_parse ] --START--
INFO: [ template_filter ] --START--
INFO: Run Behavior\ContentReplaceBehavior [ RunTime:0.000067s ]
INFO: [ template_filter ] --END-- [ RunTime:0.000100s ]
NOTIC: [8] Use of undefined constant yes - assumed 'yes' F:\wamp\ThinkPHP_Project\jxshop\Application\Runtime\Cache\Admin\9ce8eac8d2713f300aacb86a396bc850.php 第 74 行.
NOTIC: [8] Use of undefined constant yes - assumed 'yes' F:\wamp\ThinkPHP_Project\jxshop\Application\Runtime\Cache\Admin\9ce8eac8d2713f300aacb86a396bc850.php 第 75 行.
NOTIC: [8] Use of undefined constant yes - assumed 'yes' F:\wamp\ThinkPHP_Project\jxshop\Application\Runtime\Cache\Admin\9ce8eac8d2713f300aacb86a396bc850.php 第 74 行.
NOTIC: [8] Use of undefined constant no - assumed 'no' F:\wamp\ThinkPHP_Project\jxshop\Application\Runtime\Cache\Admin\9ce8eac8d2713f300aacb86a396bc850.php 第 75 行.
INFO: Run Behavior\ParseTemplateBehavior [ RunTime:0.008216s ]
INFO: [ view_parse ] --END-- [ RunTime:0.008250s ]
INFO: [ view_filter ] --START--
INFO: Run Behavior\WriteHtmlCacheBehavior [ RunTime:0.000349s ]
INFO: [ view_filter ] --END-- [ RunTime:0.000376s ]
INFO: [ app_end ] --START--
INFO: Run Behavior\ShowPageTraceBehavior [ RunTime:0.000634s ]
INFO: [ app_end ] --END-- [ RunTime:0.000661s ]

[ 2018-10-31T00:01:06+08:00 ] 127.0.0.1 /Admin/Goods/index/cate_id/0/intro_type/0/is_sale/0/p/2/keyword/%E7%94%B5%E8%A7%86.html
INFO: [ app_init ] --START--
INFO: Run Behavior\BuildLiteBehavior [ RunTime:0.000016s ]
INFO: [ app_init ] --END-- [ RunTime:0.000468s ]
INFO: [ app_begin ] --START--
INFO: Run Behavior\ReadHtmlCacheBehavior [ RunTime:0.001662s ]
INFO: [ app_begin ] --END-- [ RunTime:0.001864s ]
SQL: SELECT * FROM `jx_category`  [ RunTime:0.0002s ]
NOTIC: [2048] Declaration of Admin\Model\GoodsModel::_after_insert() should be compatible with Think\Model::_after_insert($data, $options) F:\wamp\ThinkPHP_Project\jxshop\Application\Admin\Model\GoodsModel.class.php 第 244 行.
SQL: SELECT COUNT(*) AS tp_count FROM `jx_goods` WHERE ( isdel=1 AND goods_name LIKE '%电视%' ) LIMIT 1   [ RunTime:0.0002s ]
SQL: SELECT * FROM `jx_goods` WHERE ( isdel=1 AND goods_name LIKE '%电视%' ) LIMIT 2,2   [ RunTime:0.0003s ]
INFO: [ view_parse ] --START--
INFO: [ template_filter ] --START--
INFO: Run Behavior\ContentReplaceBehavior [ RunTime:0.000067s ]
INFO: [ template_filter ] --END-- [ RunTime:0.000107s ]
NOTIC: [8] Use of undefined constant no - assumed 'no' F:\wamp\ThinkPHP_Project\jxshop\Application\Runtime\Cache\Admin\9ce8eac8d2713f300aacb86a396bc850.php 第 74 行.
NOTIC: [8] Use of undefined constant no - assumed 'no' F:\wamp\ThinkPHP_Project\jxshop\Application\Runtime\Cache\Admin\9ce8eac8d2713f300aacb86a396bc850.php 第 75 行.
NOTIC: [8] Use of undefined constant yes - assumed 'yes' F:\wamp\ThinkPHP_Project\jxshop\Application\Runtime\Cache\Admin\9ce8eac8d2713f300aacb86a396bc850.php 第 74 行.
NOTIC: [8] Use of undefined constant no - assumed 'no' F:\wamp\ThinkPHP_Project\jxshop\Application\Runtime\Cache\Admin\9ce8eac8d2713f300aacb86a396bc850.php 第 75 行.
INFO: Run Behavior\ParseTemplateBehavior [ RunTime:0.009060s ]
INFO: [ view_parse ] --END-- [ RunTime:0.009093s ]
INFO: [ view_filter ] --START--
INFO: Run Behavior\WriteHtmlCacheBehavior [ RunTime:0.000268s ]
INFO: [ view_filter ] --END-- [ RunTime:0.000294s ]
INFO: [ app_end ] --START--
INFO: Run Behavior\ShowPageTraceBehavior [ RunTime:0.000534s ]
INFO: [ app_end ] --END-- [ RunTime:0.000561s ]

[ 2018-10-31T00:01:06+08:00 ] 127.0.0.1 /Admin/Goods/index/cate_id/0/intro_type/0/is_sale/0/p/5/keyword/%E7%94%B5%E8%A7%86.html
INFO: [ app_init ] --START--
INFO: Run Behavior\BuildLiteBehavior [ RunTime:0.000012s ]
INFO: [ app_init ] --END-- [ RunTime:0.000392s ]
INFO: [ app_begin ] --START--
INFO: Run Behavior\ReadHtmlCacheBehavior [ RunTime:0.000558s ]
INFO: [ app_begin ] --END-- [ RunTime:0.000591s ]
SQL: SELECT * FROM `jx_category`  [ RunTime:0.0003s ]
NOTIC: [2048] Declaration of Admin\Model\GoodsModel::_after_insert() should be compatible with Think\Model::_after_insert($data, $options) F:\wamp\ThinkPHP_Project\jxshop\Application\Admin\Model\GoodsModel.class.php 第 244 行.
SQL: SELECT COUNT(*) AS tp_count FROM `jx_goods` WHERE ( isdel=1 AND goods_name LIKE '%电视%' ) LIMIT 1   [ RunTime:0.0003s ]
SQL: SELECT * FROM `jx_goods` WHERE ( isdel=1 AND goods_name LIKE '%电视%' ) LIMIT 8,2   [ RunTime:0.0003s ]
INFO: [ view_parse ] --START--
INFO: [ template_filter ] --START--
INFO: Run Behavior\ContentReplaceBehavior [ RunTime:0.000060s ]
INFO: [ template_filter ] --END-- [ RunTime:0.000092s ]
NOTIC: [8] Use of undefined constant yes - assumed 'yes' F:\wamp\ThinkPHP_Project\jxshop\Application\Runtime\Cache\Admin\9ce8eac8d2713f300aacb86a396bc850.php 第 74 行.
NOTIC: [8] Use of undefined constant yes - assumed 'yes' F:\wamp\ThinkPHP_Project\jxshop\Application\Runtime\Cache\Admin\9ce8eac8d2713f300aacb86a396bc850.php 第 75 行.
INFO: Run Behavior\ParseTemplateBehavior [ RunTime:0.008725s ]
INFO: [ view_parse ] --END-- [ RunTime:0.008788s ]
INFO: [ view_filter ] --START--
INFO: Run Behavior\WriteHtmlCacheBehavior [ RunTime:0.000703s ]
INFO: [ view_filter ] --END-- [ RunTime:0.000779s ]
INFO: [ app_end ] --START--
INFO: Run Behavior\ShowPageTraceBehavior [ RunTime:0.000904s ]
INFO: [ app_end ] --END-- [ RunTime:0.000956s ]

[ 2018-10-31T00:06:27+08:00 ] 127.0.0.1 /Admin/Goods/index/cate_id/0/intro_type/0/is_sale/0/p/5/keyword/%E7%94%B5%E8%A7%86.html?cate_id=0&intro_type=0&is_sale=0&keyword=%E7%94%B5%E8%A7%86
INFO: [ app_init ] --START--
INFO: Run Behavior\BuildLiteBehavior [ RunTime:0.000012s ]
INFO: [ app_init ] --END-- [ RunTime:0.000496s ]
INFO: [ app_begin ] --START--
INFO: Run Behavior\ReadHtmlCacheBehavior [ RunTime:0.000769s ]
INFO: [ app_begin ] --END-- [ RunTime:0.000817s ]
SQL: SELECT * FROM `jx_category`  [ RunTime:0.0002s ]
NOTIC: [2048] Declaration of Admin\Model\GoodsModel::_after_insert() should be compatible with Think\Model::_after_insert($data, $options) F:\wamp\ThinkPHP_Project\jxshop\Application\Admin\Model\GoodsModel.class.php 第 244 行.
SQL: SELECT COUNT(*) AS tp_count FROM `jx_goods` WHERE ( isdel=1 AND goods_name LIKE '%电视%' ) LIMIT 1   [ RunTime:0.0003s ]
SQL: SELECT * FROM `jx_goods` WHERE ( isdel=1 AND goods_name LIKE '%电视%' ) LIMIT 8,2   [ RunTime:0.0004s ]
INFO: [ view_parse ] --START--
INFO: [ template_filter ] --START--
INFO: Run Behavior\ContentReplaceBehavior [ RunTime:0.000068s ]
INFO: [ template_filter ] --END-- [ RunTime:0.000106s ]
NOTIC: [8] Use of undefined constant yes - assumed 'yes' F:\wamp\ThinkPHP_Project\jxshop\Application\Runtime\Cache\Admin\9ce8eac8d2713f300aacb86a396bc850.php 第 74 行.
NOTIC: [8] Use of undefined constant yes - assumed 'yes' F:\wamp\ThinkPHP_Project\jxshop\Application\Runtime\Cache\Admin\9ce8eac8d2713f300aacb86a396bc850.php 第 75 行.
INFO: Run Behavior\ParseTemplateBehavior [ RunTime:0.009178s ]
INFO: [ view_parse ] --END-- [ RunTime:0.009226s ]
INFO: [ view_filter ] --START--
INFO: Run Behavior\WriteHtmlCacheBehavior [ RunTime:0.000355s ]
INFO: [ view_filter ] --END-- [ RunTime:0.000382s ]
INFO: [ app_end ] --START--
INFO: Run Behavior\ShowPageTraceBehavior [ RunTime:0.000514s ]
INFO: [ app_end ] --END-- [ RunTime:0.000541s ]

[ 2018-10-31T00:06:29+08:00 ] 127.0.0.1 /Admin/Goods/index/cate_id/0/intro_type/0/is_sale/0/p/1/keyword/%E7%94%B5%E8%A7%86.html
INFO: [ app_init ] --START--
INFO: Run Behavior\BuildLiteBehavior [ RunTime:0.000019s ]
INFO: [ app_init ] --END-- [ RunTime:0.000480s ]
INFO: [ app_begin ] --START--
INFO: Run Behavior\ReadHtmlCacheBehavior [ RunTime:0.000695s ]
INFO: [ app_begin ] --END-- [ RunTime:0.000768s ]
SQL: SELECT * FROM `jx_category`  [ RunTime:0.0004s ]
NOTIC: [2048] Declaration of Admin\Model\GoodsModel::_after_insert() should be compatible with Think\Model::_after_insert($data, $options) F:\wamp\ThinkPHP_Project\jxshop\Application\Admin\Model\GoodsModel.class.php 第 244 行.
SQL: SELECT COUNT(*) AS tp_count FROM `jx_goods` WHERE ( isdel=1 AND goods_name LIKE '%电视%' ) LIMIT 1   [ RunTime:0.0005s ]
SQL: SELECT * FROM `jx_goods` WHERE ( isdel=1 AND goods_name LIKE '%电视%' ) LIMIT 0,2   [ RunTime:0.0003s ]
INFO: [ view_parse ] --START--
INFO: [ template_filter ] --START--
INFO: Run Behavior\ContentReplaceBehavior [ RunTime:0.000074s ]
INFO: [ template_filter ] --END-- [ RunTime:0.000121s ]
NOTIC: [8] Use of undefined constant yes - assumed 'yes' F:\wamp\ThinkPHP_Project\jxshop\Application\Runtime\Cache\Admin\9ce8eac8d2713f300aacb86a396bc850.php 第 74 行.
NOTIC: [8] Use of undefined constant yes - assumed 'yes' F:\wamp\ThinkPHP_Project\jxshop\Application\Runtime\Cache\Admin\9ce8eac8d2713f300aacb86a396bc850.php 第 75 行.
NOTIC: [8] Use of undefined constant yes - assumed 'yes' F:\wamp\ThinkPHP_Project\jxshop\Application\Runtime\Cache\Admin\9ce8eac8d2713f300aacb86a396bc850.php 第 74 行.
NOTIC: [8] Use of undefined constant no - assumed 'no' F:\wamp\ThinkPHP_Project\jxshop\Application\Runtime\Cache\Admin\9ce8eac8d2713f300aacb86a396bc850.php 第 75 行.
INFO: Run Behavior\ParseTemplateBehavior [ RunTime:0.008948s ]
INFO: [ view_parse ] --END-- [ RunTime:0.008982s ]
INFO: [ view_filter ] --START--
INFO: Run Behavior\WriteHtmlCacheBehavior [ RunTime:0.000359s ]
INFO: [ view_filter ] --END-- [ RunTime:0.000385s ]
INFO: [ app_end ] --START--
INFO: Run Behavior\ShowPageTraceBehavior [ RunTime:0.000604s ]
INFO: [ app_end ] --END-- [ RunTime:0.000631s ]

[ 2018-10-31T00:06:32+08:00 ] 127.0.0.1 /Admin/Goods/index/cate_id/0/intro_type/0/is_sale/0/p/1/keyword/%E7%94%B5%E8%A7%86.html?cate_id=0&intro_type=0&is_sale=0&keyword=%E7%94%B5%E8%A7%86
INFO: [ app_init ] --START--
INFO: Run Behavior\BuildLiteBehavior [ RunTime:0.000010s ]
INFO: [ app_init ] --END-- [ RunTime:0.000407s ]
INFO: [ app_begin ] --START--
INFO: Run Behavior\ReadHtmlCacheBehavior [ RunTime:0.000551s ]
INFO: [ app_begin ] --END-- [ RunTime:0.000585s ]
SQL: SELECT * FROM `jx_category`  [ RunTime:0.0003s ]
NOTIC: [2048] Declaration of Admin\Model\GoodsModel::_after_insert() should be compatible with Think\Model::_after_insert($data, $options) F:\wamp\ThinkPHP_Project\jxshop\Application\Admin\Model\GoodsModel.class.php 第 244 行.
SQL: SELECT COUNT(*) AS tp_count FROM `jx_goods` WHERE ( isdel=1 AND goods_name LIKE '%电视%' ) LIMIT 1   [ RunTime:0.0003s ]
SQL: SELECT * FROM `jx_goods` WHERE ( isdel=1 AND goods_name LIKE '%电视%' ) LIMIT 0,2   [ RunTime:0.0003s ]
INFO: [ view_parse ] --START--
INFO: [ template_filter ] --START--
INFO: Run Behavior\ContentReplaceBehavior [ RunTime:0.000083s ]
INFO: [ template_filter ] --END-- [ RunTime:0.000133s ]
NOTIC: [8] Use of undefined constant yes - assumed 'yes' F:\wamp\ThinkPHP_Project\jxshop\Application\Runtime\Cache\Admin\9ce8eac8d2713f300aacb86a396bc850.php 第 74 行.
NOTIC: [8] Use of undefined constant yes - assumed 'yes' F:\wamp\ThinkPHP_Project\jxshop\Application\Runtime\Cache\Admin\9ce8eac8d2713f300aacb86a396bc850.php 第 75 行.
NOTIC: [8] Use of undefined constant yes - assumed 'yes' F:\wamp\ThinkPHP_Project\jxshop\Application\Runtime\Cache\Admin\9ce8eac8d2713f300aacb86a396bc850.php 第 74 行.
NOTIC: [8] Use of undefined constant no - assumed 'no' F:\wamp\ThinkPHP_Project\jxshop\Application\Runtime\Cache\Admin\9ce8eac8d2713f300aacb86a396bc850.php 第 75 行.
INFO: Run Behavior\ParseTemplateBehavior [ RunTime:0.008721s ]
INFO: [ view_parse ] --END-- [ RunTime:0.008753s ]
INFO: [ view_filter ] --START--
INFO: Run Behavior\WriteHtmlCacheBehavior [ RunTime:0.000365s ]
INFO: [ view_filter ] --END-- [ RunTime:0.000391s ]
INFO: [ app_end ] --START--
INFO: Run Behavior\ShowPageTraceBehavior [ RunTime:0.000579s ]
INFO: [ app_end ] --END-- [ RunTime:0.000615s ]

[ 2018-10-31T00:07:52+08:00 ] 127.0.0.1 /Admin/Goods/index/cate_id/0/intro_type/0/is_sale/0/p/1/keyword/%E7%94%B5%E8%A7%86.html?cate_id=0&intro_type=0&is_sale=0&keyword=%E7%94%B5%E8%A7%86
INFO: [ app_init ] --START--
INFO: Run Behavior\BuildLiteBehavior [ RunTime:0.000012s ]
INFO: [ app_init ] --END-- [ RunTime:0.000398s ]
INFO: [ app_begin ] --START--
INFO: Run Behavior\ReadHtmlCacheBehavior [ RunTime:0.000567s ]
INFO: [ app_begin ] --END-- [ RunTime:0.000602s ]
SQL: SELECT * FROM `jx_category`  [ RunTime:0.0003s ]
NOTIC: [2048] Declaration of Admin\Model\GoodsModel::_after_insert() should be compatible with Think\Model::_after_insert($data, $options) F:\wamp\ThinkPHP_Project\jxshop\Application\Admin\Model\GoodsModel.class.php 第 244 行.
SQL: SELECT COUNT(*) AS tp_count FROM `jx_goods` WHERE ( isdel=1 AND goods_name LIKE '%电视%' ) LIMIT 1   [ RunTime:0.0006s ]
SQL: SELECT * FROM `jx_goods` WHERE ( isdel=1 AND goods_name LIKE '%电视%' ) LIMIT 0,2   [ RunTime:0.0006s ]
INFO: [ view_parse ] --START--
INFO: [ template_filter ] --START--
INFO: Run Behavior\ContentReplaceBehavior [ RunTime:0.000077s ]
INFO: [ template_filter ] --END-- [ RunTime:0.000118s ]
NOTIC: [8] Use of undefined constant yes - assumed 'yes' F:\wamp\ThinkPHP_Project\jxshop\Application\Runtime\Cache\Admin\9ce8eac8d2713f300aacb86a396bc850.php 第 74 行.
NOTIC: [8] Use of undefined constant yes - assumed 'yes' F:\wamp\ThinkPHP_Project\jxshop\Application\Runtime\Cache\Admin\9ce8eac8d2713f300aacb86a396bc850.php 第 75 行.
NOTIC: [8] Use of undefined constant yes - assumed 'yes' F:\wamp\ThinkPHP_Project\jxshop\Application\Runtime\Cache\Admin\9ce8eac8d2713f300aacb86a396bc850.php 第 74 行.
NOTIC: [8] Use of undefined constant no - assumed 'no' F:\wamp\ThinkPHP_Project\jxshop\Application\Runtime\Cache\Admin\9ce8eac8d2713f300aacb86a396bc850.php 第 75 行.
INFO: Run Behavior\ParseTemplateBehavior [ RunTime:0.008664s ]
INFO: [ view_parse ] --END-- [ RunTime:0.008699s ]
INFO: [ view_filter ] --START--
INFO: Run Behavior\WriteHtmlCacheBehavior [ RunTime:0.000380s ]
INFO: [ view_filter ] --END-- [ RunTime:0.000407s ]
INFO: [ app_end ] --START--
INFO: Run Behavior\ShowPageTraceBehavior [ RunTime:0.000550s ]
INFO: [ app_end ] --END-- [ RunTime:0.000577s ]

[ 2018-10-31T00:07:54+08:00 ] 127.0.0.1 /Admin/Goods/index/cate_id/0/intro_type/0/is_sale/0/p/1/keyword/%E7%94%B5%E8%A7%86.html?cate_id=0&intro_type=0&is_sale=0&keyword=%E7%94%B5%E8%A7%86
INFO: [ app_init ] --START--
INFO: Run Behavior\BuildLiteBehavior [ RunTime:0.000012s ]
INFO: [ app_init ] --END-- [ RunTime:0.000338s ]
INFO: [ app_begin ] --START--
INFO: Run Behavior\ReadHtmlCacheBehavior [ RunTime:0.000558s ]
INFO: [ app_begin ] --END-- [ RunTime:0.000591s ]
SQL: SELECT * FROM `jx_category`  [ RunTime:0.0003s ]
NOTIC: [2048] Declaration of Admin\Model\GoodsModel::_after_insert() should be compatible with Think\Model::_after_insert($data, $options) F:\wamp\ThinkPHP_Project\jxshop\Application\Admin\Model\GoodsModel.class.php 第 244 行.
SQL: SELECT COUNT(*) AS tp_count FROM `jx_goods` WHERE ( isdel=1 AND goods_name LIKE '%电视%' ) LIMIT 1   [ RunTime:0.0004s ]
SQL: SELECT * FROM `jx_goods` WHERE ( isdel=1 AND goods_name LIKE '%电视%' ) LIMIT 0,2   [ RunTime:0.0004s ]
INFO: [ view_parse ] --START--
INFO: [ template_filter ] --START--
INFO: Run Behavior\ContentReplaceBehavior [ RunTime:0.000078s ]
INFO: [ template_filter ] --END-- [ RunTime:0.000142s ]
NOTIC: [8] Use of undefined constant yes - assumed 'yes' F:\wamp\ThinkPHP_Project\jxshop\Application\Runtime\Cache\Admin\9ce8eac8d2713f300aacb86a396bc850.php 第 74 行.
NOTIC: [8] Use of undefined constant yes - assumed 'yes' F:\wamp\ThinkPHP_Project\jxshop\Application\Runtime\Cache\Admin\9ce8eac8d2713f300aacb86a396bc850.php 第 75 行.
NOTIC: [8] Use of undefined constant yes - assumed 'yes' F:\wamp\ThinkPHP_Project\jxshop\Application\Runtime\Cache\Admin\9ce8eac8d2713f300aacb86a396bc850.php 第 74 行.
NOTIC: [8] Use of undefined constant no - assumed 'no' F:\wamp\ThinkPHP_Project\jxshop\Application\Runtime\Cache\Admin\9ce8eac8d2713f300aacb86a396bc850.php 第 75 行.
INFO: Run Behavior\ParseTemplateBehavior [ RunTime:0.009098s ]
INFO: [ view_parse ] --END-- [ RunTime:0.009130s ]
INFO: [ view_filter ] --START--
INFO: Run Behavior\WriteHtmlCacheBehavior [ RunTime:0.000359s ]
INFO: [ view_filter ] --END-- [ RunTime:0.000395s ]
INFO: [ app_end ] --START--
INFO: Run Behavior\ShowPageTraceBehavior [ RunTime:0.000677s ]
INFO: [ app_end ] --END-- [ RunTime:0.000704s ]

[ 2018-10-31T00:07:57+08:00 ] 127.0.0.1 /Admin/Goods/index/cate_id/0/intro_type/0/is_sale/0/p/1/keyword/%E7%94%B5%E8%A7%86.html?cate_id=0&intro_type=0&is_sale=0&keyword=0
INFO: [ app_init ] --START--
INFO: Run Behavior\BuildLiteBehavior [ RunTime:0.000010s ]
INFO: [ app_init ] --END-- [ RunTime:0.000412s ]
INFO: [ app_begin ] --START--
INFO: Run Behavior\ReadHtmlCacheBehavior [ RunTime:0.000641s ]
INFO: [ app_begin ] --END-- [ RunTime:0.000697s ]
SQL: SELECT * FROM `jx_category`  [ RunTime:0.0003s ]
NOTIC: [2048] Declaration of Admin\Model\GoodsModel::_after_insert() should be compatible with Think\Model::_after_insert($data, $options) F:\wamp\ThinkPHP_Project\jxshop\Application\Admin\Model\GoodsModel.class.php 第 244 行.
SQL: SELECT COUNT(*) AS tp_count FROM `jx_goods` WHERE ( isdel=1 AND goods_name LIKE '%0%' ) LIMIT 1   [ RunTime:0.0005s ]
SQL: SELECT * FROM `jx_goods` WHERE ( isdel=1 AND goods_name LIKE '%0%' ) LIMIT 0,2   [ RunTime:0.0005s ]
INFO: [ view_parse ] --START--
INFO: [ template_filter ] --START--
INFO: Run Behavior\ContentReplaceBehavior [ RunTime:0.000062s ]
INFO: [ template_filter ] --END-- [ RunTime:0.000098s ]
NOTIC: [8] Use of undefined constant yes - assumed 'yes' F:\wamp\ThinkPHP_Project\jxshop\Application\Runtime\Cache\Admin\9ce8eac8d2713f300aacb86a396bc850.php 第 74 行.
NOTIC: [8] Use of undefined constant no - assumed 'no' F:\wamp\ThinkPHP_Project\jxshop\Application\Runtime\Cache\Admin\9ce8eac8d2713f300aacb86a396bc850.php 第 75 行.
NOTIC: [8] Use of undefined constant yes - assumed 'yes' F:\wamp\ThinkPHP_Project\jxshop\Application\Runtime\Cache\Admin\9ce8eac8d2713f300aacb86a396bc850.php 第 74 行.
NOTIC: [8] Use of undefined constant no - assumed 'no' F:\wamp\ThinkPHP_Project\jxshop\Application\Runtime\Cache\Admin\9ce8eac8d2713f300aacb86a396bc850.php 第 75 行.
INFO: Run Behavior\ParseTemplateBehavior [ RunTime:0.008559s ]
INFO: [ view_parse ] --END-- [ RunTime:0.008606s ]
INFO: [ view_filter ] --START--
INFO: Run Behavior\WriteHtmlCacheBehavior [ RunTime:0.000376s ]
INFO: [ view_filter ] --END-- [ RunTime:0.000402s ]
INFO: [ app_end ] --START--
INFO: Run Behavior\ShowPageTraceBehavior [ RunTime:0.000571s ]
INFO: [ app_end ] --END-- [ RunTime:0.000598s ]

[ 2018-10-31T00:08:01+08:00 ] 127.0.0.1 /Admin/Goods/index/cate_id/0/intro_type/0/is_sale/0/p/1/keyword/%E7%94%B5%E8%A7%86.html?cate_id=0&intro_type=0&is_sale=0&keyword=3.0
INFO: [ app_init ] --START--
INFO: Run Behavior\BuildLiteBehavior [ RunTime:0.000011s ]
INFO: [ app_init ] --END-- [ RunTime:0.000408s ]
INFO: [ app_begin ] --START--
INFO: Run Behavior\ReadHtmlCacheBehavior [ RunTime:0.000627s ]
INFO: [ app_begin ] --END-- [ RunTime:0.000662s ]
SQL: SELECT * FROM `jx_category`  [ RunTime:0.0003s ]
NOTIC: [2048] Declaration of Admin\Model\GoodsModel::_after_insert() should be compatible with Think\Model::_after_insert($data, $options) F:\wamp\ThinkPHP_Project\jxshop\Application\Admin\Model\GoodsModel.class.php 第 244 行.
SQL: SELECT COUNT(*) AS tp_count FROM `jx_goods` WHERE ( isdel=1 AND goods_name LIKE '%3.0%' ) LIMIT 1   [ RunTime:0.0003s ]
SQL: SELECT * FROM `jx_goods` WHERE ( isdel=1 AND goods_name LIKE '%3.0%' ) LIMIT 0,2   [ RunTime:0.0003s ]
INFO: [ view_parse ] --START--
INFO: [ template_filter ] --START--
INFO: Run Behavior\ContentReplaceBehavior [ RunTime:0.000064s ]
INFO: [ template_filter ] --END-- [ RunTime:0.000101s ]
NOTIC: [8] Use of undefined constant yes - assumed 'yes' F:\wamp\ThinkPHP_Project\jxshop\Application\Runtime\Cache\Admin\9ce8eac8d2713f300aacb86a396bc850.php 第 74 行.
NOTIC: [8] Use of undefined constant no - assumed 'no' F:\wamp\ThinkPHP_Project\jxshop\Application\Runtime\Cache\Admin\9ce8eac8d2713f300aacb86a396bc850.php 第 75 行.
NOTIC: [8] Use of undefined constant yes - assumed 'yes' F:\wamp\ThinkPHP_Project\jxshop\Application\Runtime\Cache\Admin\9ce8eac8d2713f300aacb86a396bc850.php 第 74 行.
NOTIC: [8] Use of undefined constant no - assumed 'no' F:\wamp\ThinkPHP_Project\jxshop\Application\Runtime\Cache\Admin\9ce8eac8d2713f300aacb86a396bc850.php 第 75 行.
INFO: Run Behavior\ParseTemplateBehavior [ RunTime:0.009484s ]
INFO: [ view_parse ] --END-- [ RunTime:0.009533s ]
INFO: [ view_filter ] --START--
INFO: Run Behavior\WriteHtmlCacheBehavior [ RunTime:0.000351s ]
INFO: [ view_filter ] --END-- [ RunTime:0.000386s ]
INFO: [ app_end ] --START--
INFO: Run Behavior\ShowPageTraceBehavior [ RunTime:0.000583s ]
INFO: [ app_end ] --END-- [ RunTime:0.000611s ]

[ 2018-10-31T00:08:03+08:00 ] 127.0.0.1 /Admin/Goods/index/cate_id/0/intro_type/0/is_sale/0/p/2/keyword/3.0.html
INFO: [ app_init ] --START--
INFO: Run Behavior\BuildLiteBehavior [ RunTime:0.000012s ]
INFO: [ app_init ] --END-- [ RunTime:0.000317s ]
INFO: [ app_begin ] --START--
INFO: Run Behavior\ReadHtmlCacheBehavior [ RunTime:0.001449s ]
INFO: [ app_begin ] --END-- [ RunTime:0.001500s ]
SQL: SELECT * FROM `jx_category`  [ RunTime:0.0003s ]
NOTIC: [2048] Declaration of Admin\Model\GoodsModel::_after_insert() should be compatible with Think\Model::_after_insert($data, $options) F:\wamp\ThinkPHP_Project\jxshop\Application\Admin\Model\GoodsModel.class.php 第 244 行.
SQL: SELECT COUNT(*) AS tp_count FROM `jx_goods` WHERE ( isdel=1 AND goods_name LIKE '%3.0%' ) LIMIT 1   [ RunTime:0.0004s ]
SQL: SELECT * FROM `jx_goods` WHERE ( isdel=1 AND goods_name LIKE '%3.0%' ) LIMIT 2,2   [ RunTime:0.0004s ]
INFO: [ view_parse ] --START--
INFO: [ template_filter ] --START--
INFO: Run Behavior\ContentReplaceBehavior [ RunTime:0.000092s ]
INFO: [ template_filter ] --END-- [ RunTime:0.000156s ]
NOTIC: [8] Use of undefined constant yes - assumed 'yes' F:\wamp\ThinkPHP_Project\jxshop\Application\Runtime\Cache\Admin\9ce8eac8d2713f300aacb86a396bc850.php 第 74 行.
NOTIC: [8] Use of undefined constant yes - assumed 'yes' F:\wamp\ThinkPHP_Project\jxshop\Application\Runtime\Cache\Admin\9ce8eac8d2713f300aacb86a396bc850.php 第 75 行.
INFO: Run Behavior\ParseTemplateBehavior [ RunTime:0.014127s ]
INFO: [ view_parse ] --END-- [ RunTime:0.014171s ]
INFO: [ view_filter ] --START--
INFO: Run Behavior\WriteHtmlCacheBehavior [ RunTime:0.000303s ]
INFO: [ view_filter ] --END-- [ RunTime:0.000334s ]
INFO: [ app_end ] --START--
INFO: Run Behavior\ShowPageTraceBehavior [ RunTime:0.000673s ]
INFO: [ app_end ] --END-- [ RunTime:0.000718s ]

[ 2018-10-31T14:25:28+08:00 ] 127.0.0.1 /Admin/Goods/add
INFO: [ app_init ] --START--
INFO: Run Behavior\BuildLiteBehavior [ RunTime:0.000011s ]
INFO: [ app_init ] --END-- [ RunTime:0.000344s ]
INFO: [ app_begin ] --START--
INFO: Run Behavior\ReadHtmlCacheBehavior [ RunTime:0.000561s ]
INFO: [ app_begin ] --END-- [ RunTime:0.000606s ]
SQL: SELECT * FROM `jx_category`  [ RunTime:0.5285s ]
INFO: [ view_parse ] --START--
INFO: [ template_filter ] --START--
INFO: Run Behavior\ContentReplaceBehavior [ RunTime:0.000063s ]
INFO: [ template_filter ] --END-- [ RunTime:0.000106s ]
INFO: Run Behavior\ParseTemplateBehavior [ RunTime:0.008515s ]
INFO: [ view_parse ] --END-- [ RunTime:0.008569s ]
INFO: [ view_filter ] --START--
INFO: Run Behavior\WriteHtmlCacheBehavior [ RunTime:0.000482s ]
INFO: [ view_filter ] --END-- [ RunTime:0.000513s ]
INFO: [ app_end ] --START--
INFO: Run Behavior\ShowPageTraceBehavior [ RunTime:0.000582s ]
INFO: [ app_end ] --END-- [ RunTime:0.000627s ]

[ 2018-10-31T14:25:31+08:00 ] 127.0.0.1 /Admin/Goods/index.html
INFO: [ app_init ] --START--
INFO: Run Behavior\BuildLiteBehavior [ RunTime:0.000025s ]
INFO: [ app_init ] --END-- [ RunTime:0.001195s ]
INFO: [ app_begin ] --START--
INFO: Run Behavior\ReadHtmlCacheBehavior [ RunTime:0.001510s ]
INFO: [ app_begin ] --END-- [ RunTime:0.001654s ]
SQL: SELECT * FROM `jx_category`  [ RunTime:0.0003s ]
NOTIC: [2048] Declaration of Admin\Model\GoodsModel::_after_insert() should be compatible with Think\Model::_after_insert($data, $options) F:\wamp\ThinkPHP_Project\jxshop\Application\Admin\Model\GoodsModel.class.php 第 244 行.
SQL: SELECT COUNT(*) AS tp_count FROM `jx_goods` WHERE ( isdel=1 ) LIMIT 1   [ RunTime:0.0598s ]
SQL: SELECT * FROM `jx_goods` WHERE ( isdel=1 ) LIMIT 0,2   [ RunTime:0.0003s ]
INFO: [ view_parse ] --START--
INFO: [ template_filter ] --START--
INFO: Run Behavior\ContentReplaceBehavior [ RunTime:0.000074s ]
INFO: [ template_filter ] --END-- [ RunTime:0.000108s ]
NOTIC: [8] Undefined index: cate_id F:\wamp\ThinkPHP_Project\jxshop\Application\Runtime\Cache\Admin\9ce8eac8d2713f300aacb86a396bc850.php 第 35 行.
NOTIC: [8] Undefined index: cate_id F:\wamp\ThinkPHP_Project\jxshop\Application\Runtime\Cache\Admin\9ce8eac8d2713f300aacb86a396bc850.php 第 35 行.
NOTIC: [8] Undefined index: cate_id F:\wamp\ThinkPHP_Project\jxshop\Application\Runtime\Cache\Admin\9ce8eac8d2713f300aacb86a396bc850.php 第 35 行.
NOTIC: [8] Undefined index: cate_id F:\wamp\ThinkPHP_Project\jxshop\Application\Runtime\Cache\Admin\9ce8eac8d2713f300aacb86a396bc850.php 第 35 行.
NOTIC: [8] Undefined index: cate_id F:\wamp\ThinkPHP_Project\jxshop\Application\Runtime\Cache\Admin\9ce8eac8d2713f300aacb86a396bc850.php 第 35 行.
NOTIC: [8] Undefined index: cate_id F:\wamp\ThinkPHP_Project\jxshop\Application\Runtime\Cache\Admin\9ce8eac8d2713f300aacb86a396bc850.php 第 35 行.
NOTIC: [8] Undefined index: cate_id F:\wamp\ThinkPHP_Project\jxshop\Application\Runtime\Cache\Admin\9ce8eac8d2713f300aacb86a396bc850.php 第 35 行.
NOTIC: [8] Undefined index: cate_id F:\wamp\ThinkPHP_Project\jxshop\Application\Runtime\Cache\Admin\9ce8eac8d2713f300aacb86a396bc850.php 第 35 行.
NOTIC: [8] Undefined index: cate_id F:\wamp\ThinkPHP_Project\jxshop\Application\Runtime\Cache\Admin\9ce8eac8d2713f300aacb86a396bc850.php 第 35 行.
NOTIC: [8] Undefined index: cate_id F:\wamp\ThinkPHP_Project\jxshop\Application\Runtime\Cache\Admin\9ce8eac8d2713f300aacb86a396bc850.php 第 35 行.
NOTIC: [8] Undefined index: intro_type F:\wamp\ThinkPHP_Project\jxshop\Application\Runtime\Cache\Admin\9ce8eac8d2713f300aacb86a396bc850.php 第 40 行.
NOTIC: [8] Undefined index: intro_type F:\wamp\ThinkPHP_Project\jxshop\Application\Runtime\Cache\Admin\9ce8eac8d2713f300aacb86a396bc850.php 第 41 行.
NOTIC: [8] Undefined index: intro_type F:\wamp\ThinkPHP_Project\jxshop\Application\Runtime\Cache\Admin\9ce8eac8d2713f300aacb86a396bc850.php 第 42 行.
NOTIC: [8] Undefined index: is_sale F:\wamp\ThinkPHP_Project\jxshop\Application\Runtime\Cache\Admin\9ce8eac8d2713f300aacb86a396bc850.php 第 46 行.
NOTIC: [8] Undefined index: is_sale F:\wamp\ThinkPHP_Project\jxshop\Application\Runtime\Cache\Admin\9ce8eac8d2713f300aacb86a396bc850.php 第 47 行.
NOTIC: [8] Undefined index: is_sale F:\wamp\ThinkPHP_Project\jxshop\Application\Runtime\Cache\Admin\9ce8eac8d2713f300aacb86a396bc850.php 第 48 行.
NOTIC: [8] Undefined index: keyword F:\wamp\ThinkPHP_Project\jxshop\Application\Runtime\Cache\Admin\9ce8eac8d2713f300aacb86a396bc850.php 第 51 行.
NOTIC: [8] Use of undefined constant yes - assumed 'yes' F:\wamp\ThinkPHP_Project\jxshop\Application\Runtime\Cache\Admin\9ce8eac8d2713f300aacb86a396bc850.php 第 74 行.
NOTIC: [8] Use of undefined constant yes - assumed 'yes' F:\wamp\ThinkPHP_Project\jxshop\Application\Runtime\Cache\Admin\9ce8eac8d2713f300aacb86a396bc850.php 第 75 行.
NOTIC: [8] Use of undefined constant yes - assumed 'yes' F:\wamp\ThinkPHP_Project\jxshop\Application\Runtime\Cache\Admin\9ce8eac8d2713f300aacb86a396bc850.php 第 74 行.
NOTIC: [8] Use of undefined constant no - assumed 'no' F:\wamp\ThinkPHP_Project\jxshop\Application\Runtime\Cache\Admin\9ce8eac8d2713f300aacb86a396bc850.php 第 75 行.
INFO: Run Behavior\ParseTemplateBehavior [ RunTime:0.009593s ]
INFO: [ view_parse ] --END-- [ RunTime:0.009627s ]
INFO: [ view_filter ] --START--
INFO: Run Behavior\WriteHtmlCacheBehavior [ RunTime:0.000437s ]
INFO: [ view_filter ] --END-- [ RunTime:0.000463s ]
INFO: [ app_end ] --START--
INFO: Run Behavior\ShowPageTraceBehavior [ RunTime:0.000624s ]
INFO: [ app_end ] --END-- [ RunTime:0.000651s ]

[ 2018-10-31T14:25:34+08:00 ] 127.0.0.1 /Admin/Goods/edit/goods_id/1.html
INFO: [ app_init ] --START--
INFO: Run Behavior\BuildLiteBehavior [ RunTime:0.000010s ]
INFO: [ app_init ] --END-- [ RunTime:0.000300s ]
INFO: [ app_begin ] --START--
INFO: Run Behavior\ReadHtmlCacheBehavior [ RunTime:0.000454s ]
INFO: [ app_begin ] --END-- [ RunTime:0.000486s ]
NOTIC: [2048] Declaration of Admin\Model\GoodsModel::_after_insert() should be compatible with Think\Model::_after_insert($data, $options) F:\wamp\ThinkPHP_Project\jxshop\Application\Admin\Model\GoodsModel.class.php 第 6 行.
SQL: SELECT * FROM `jx_goods` WHERE ( id=1 ) LIMIT 1   [ RunTime:0.0003s ]
SQL: SELECT * FROM `jx_category`  [ RunTime:0.0003s ]
SQL: SHOW COLUMNS FROM `jx_goods_cate` [ RunTime:0.0412s ]
SQL: SELECT * FROM `jx_goods_cate` WHERE ( goods_id=1 )  [ RunTime:0.0003s ]
INFO: [ view_parse ] --START--
INFO: [ template_filter ] --START--
INFO: Run Behavior\ContentReplaceBehavior [ RunTime:0.000069s ]
INFO: [ template_filter ] --END-- [ RunTime:0.000107s ]
INFO: Run Behavior\ParseTemplateBehavior [ RunTime:0.020659s ]
INFO: [ view_parse ] --END-- [ RunTime:0.020703s ]
INFO: [ view_filter ] --START--
INFO: Run Behavior\WriteHtmlCacheBehavior [ RunTime:0.000349s ]
INFO: [ view_filter ] --END-- [ RunTime:0.000382s ]
INFO: [ app_end ] --START--
INFO: Run Behavior\ShowPageTraceBehavior [ RunTime:0.000556s ]
INFO: [ app_end ] --END-- [ RunTime:0.000587s ]

[ 2018-10-31T14:30:24+08:00 ] 127.0.0.1 /Admin/Goods/add
INFO: [ app_init ] --START--
INFO: Run Behavior\BuildLiteBehavior [ RunTime:0.000012s ]
INFO: [ app_init ] --END-- [ RunTime:0.000421s ]
INFO: [ app_begin ] --START--
INFO: Run Behavior\ReadHtmlCacheBehavior [ RunTime:0.000614s ]
INFO: [ app_begin ] --END-- [ RunTime:0.000651s ]
SQL: SELECT * FROM `jx_category`  [ RunTime:0.0003s ]
INFO: [ view_parse ] --START--
INFO: [ template_filter ] --START--
INFO: Run Behavior\ContentReplaceBehavior [ RunTime:0.000074s ]
INFO: [ template_filter ] --END-- [ RunTime:0.000113s ]
INFO: Run Behavior\ParseTemplateBehavior [ RunTime:0.008500s ]
INFO: [ view_parse ] --END-- [ RunTime:0.008551s ]
INFO: [ view_filter ] --START--
INFO: Run Behavior\WriteHtmlCacheBehavior [ RunTime:0.000438s ]
INFO: [ view_filter ] --END-- [ RunTime:0.000464s ]
INFO: [ app_end ] --START--
INFO: Run Behavior\ShowPageTraceBehavior [ RunTime:0.000642s ]
INFO: [ app_end ] --END-- [ RunTime:0.000672s ]

[ 2018-10-31T14:42:03+08:00 ] 127.0.0.1 /Admin/Goods/edit/goods_id/5.html
INFO: [ app_init ] --START--
INFO: Run Behavior\BuildLiteBehavior [ RunTime:0.000014s ]
INFO: [ app_init ] --END-- [ RunTime:0.000431s ]
INFO: [ app_begin ] --START--
INFO: Run Behavior\ReadHtmlCacheBehavior [ RunTime:0.000864s ]
INFO: [ app_begin ] --END-- [ RunTime:0.000910s ]
NOTIC: [2048] Declaration of Admin\Model\GoodsModel::_after_insert() should be compatible with Think\Model::_after_insert($data, $options) F:\wamp\ThinkPHP_Project\jxshop\Application\Admin\Model\GoodsModel.class.php 第 6 行.
SQL: SELECT * FROM `jx_goods` WHERE ( id=5 ) LIMIT 1   [ RunTime:0.0004s ]
SQL: SELECT * FROM `jx_category`  [ RunTime:0.0004s ]
SQL: SHOW COLUMNS FROM `jx_goods_cate` [ RunTime:0.0057s ]
SQL: SELECT * FROM `jx_goods_cate` WHERE ( goods_id=5 )  [ RunTime:0.0003s ]
INFO: [ view_parse ] --START--
INFO: [ template_filter ] --START--
INFO: Run Behavior\ContentReplaceBehavior [ RunTime:0.000069s ]
INFO: [ template_filter ] --END-- [ RunTime:0.000109s ]
NOTIC: [2] Illegal string offset 'cate_id' F:\wamp\ThinkPHP_Project\jxshop\Application\Runtime\Cache\Admin\a68982ab60d400bc8aceea561f470ef1.php 第 68 行.
NOTIC: [2] Illegal string offset 'cate_id' F:\wamp\ThinkPHP_Project\jxshop\Application\Runtime\Cache\Admin\a68982ab60d400bc8aceea561f470ef1.php 第 68 行.
NOTIC: [2] Illegal string offset 'cate_id' F:\wamp\ThinkPHP_Project\jxshop\Application\Runtime\Cache\Admin\a68982ab60d400bc8aceea561f470ef1.php 第 68 行.
NOTIC: [2] Illegal string offset 'cate_id' F:\wamp\ThinkPHP_Project\jxshop\Application\Runtime\Cache\Admin\a68982ab60d400bc8aceea561f470ef1.php 第 68 行.
NOTIC: [2] Illegal string offset 'cate_id' F:\wamp\ThinkPHP_Project\jxshop\Application\Runtime\Cache\Admin\a68982ab60d400bc8aceea561f470ef1.php 第 68 行.
NOTIC: [2] Illegal string offset 'cate_id' F:\wamp\ThinkPHP_Project\jxshop\Application\Runtime\Cache\Admin\a68982ab60d400bc8aceea561f470ef1.php 第 68 行.
NOTIC: [2] Illegal string offset 'cate_id' F:\wamp\ThinkPHP_Project\jxshop\Application\Runtime\Cache\Admin\a68982ab60d400bc8aceea561f470ef1.php 第 68 行.
NOTIC: [2] Illegal string offset 'cate_id' F:\wamp\ThinkPHP_Project\jxshop\Application\Runtime\Cache\Admin\a68982ab60d400bc8aceea561f470ef1.php 第 68 行.
NOTIC: [2] Illegal string offset 'cate_id' F:\wamp\ThinkPHP_Project\jxshop\Application\Runtime\Cache\Admin\a68982ab60d400bc8aceea561f470ef1.php 第 68 行.
NOTIC: [2] Illegal string offset 'cate_id' F:\wamp\ThinkPHP_Project\jxshop\Application\Runtime\Cache\Admin\a68982ab60d400bc8aceea561f470ef1.php 第 68 行.
INFO: Run Behavior\ParseTemplateBehavior [ RunTime:0.011911s ]
INFO: [ view_parse ] --END-- [ RunTime:0.011953s ]
INFO: [ view_filter ] --START--
INFO: Run Behavior\WriteHtmlCacheBehavior [ RunTime:0.000805s ]
INFO: [ view_filter ] --END-- [ RunTime:0.000843s ]
INFO: [ app_end ] --START--
INFO: Run Behavior\ShowPageTraceBehavior [ RunTime:0.000765s ]
INFO: [ app_end ] --END-- [ RunTime:0.000800s ]

[ 2018-10-31T15:24:30+08:00 ] 127.0.0.1 /Admin/Goods/add
INFO: [ app_init ] --START--
INFO: Run Behavior\BuildLiteBehavior [ RunTime:0.000014s ]
INFO: [ app_init ] --END-- [ RunTime:0.000449s ]
INFO: [ app_begin ] --START--
INFO: Run Behavior\ReadHtmlCacheBehavior [ RunTime:0.000688s ]
INFO: [ app_begin ] --END-- [ RunTime:0.000737s ]
SQL: SELECT * FROM `jx_category`  [ RunTime:0.0004s ]
INFO: [ view_parse ] --START--
INFO: [ template_filter ] --START--
INFO: Run Behavior\ContentReplaceBehavior [ RunTime:0.000071s ]
INFO: [ template_filter ] --END-- [ RunTime:0.000119s ]
INFO: Run Behavior\ParseTemplateBehavior [ RunTime:0.012738s ]
INFO: [ view_parse ] --END-- [ RunTime:0.012795s ]
INFO: [ view_filter ] --START--
INFO: Run Behavior\WriteHtmlCacheBehavior [ RunTime:0.000332s ]
INFO: [ view_filter ] --END-- [ RunTime:0.000361s ]
INFO: [ app_end ] --START--
INFO: Run Behavior\ShowPageTraceBehavior [ RunTime:0.000738s ]
INFO: [ app_end ] --END-- [ RunTime:0.000782s ]

[ 2018-10-31T15:24:31+08:00 ] 127.0.0.1 /Admin/Goods/index.html
INFO: [ app_init ] --START--
INFO: Run Behavior\BuildLiteBehavior [ RunTime:0.000017s ]
INFO: [ app_init ] --END-- [ RunTime:0.000477s ]
INFO: [ app_begin ] --START--
INFO: Run Behavior\ReadHtmlCacheBehavior [ RunTime:0.000645s ]
INFO: [ app_begin ] --END-- [ RunTime:0.000708s ]
SQL: SELECT * FROM `jx_category`  [ RunTime:0.0003s ]
NOTIC: [2048] Declaration of Admin\Model\GoodsModel::_after_insert() should be compatible with Think\Model::_after_insert($data, $options) F:\wamp\ThinkPHP_Project\jxshop\Application\Admin\Model\GoodsModel.class.php 第 244 行.
SQL: SELECT COUNT(*) AS tp_count FROM `jx_goods` WHERE ( isdel=1 ) LIMIT 1   [ RunTime:0.0004s ]
SQL: SELECT * FROM `jx_goods` WHERE ( isdel=1 ) LIMIT 0,2   [ RunTime:0.0004s ]
INFO: [ view_parse ] --START--
INFO: [ template_filter ] --START--
INFO: Run Behavior\ContentReplaceBehavior [ RunTime:0.000068s ]
INFO: [ template_filter ] --END-- [ RunTime:0.000111s ]
NOTIC: [8] Undefined index: cate_id F:\wamp\ThinkPHP_Project\jxshop\Application\Runtime\Cache\Admin\9ce8eac8d2713f300aacb86a396bc850.php 第 35 行.
NOTIC: [8] Undefined index: cate_id F:\wamp\ThinkPHP_Project\jxshop\Application\Runtime\Cache\Admin\9ce8eac8d2713f300aacb86a396bc850.php 第 35 行.
NOTIC: [8] Undefined index: cate_id F:\wamp\ThinkPHP_Project\jxshop\Application\Runtime\Cache\Admin\9ce8eac8d2713f300aacb86a396bc850.php 第 35 行.
NOTIC: [8] Undefined index: cate_id F:\wamp\ThinkPHP_Project\jxshop\Application\Runtime\Cache\Admin\9ce8eac8d2713f300aacb86a396bc850.php 第 35 行.
NOTIC: [8] Undefined index: cate_id F:\wamp\ThinkPHP_Project\jxshop\Application\Runtime\Cache\Admin\9ce8eac8d2713f300aacb86a396bc850.php 第 35 行.
NOTIC: [8] Undefined index: cate_id F:\wamp\ThinkPHP_Project\jxshop\Application\Runtime\Cache\Admin\9ce8eac8d2713f300aacb86a396bc850.php 第 35 行.
NOTIC: [8] Undefined index: cate_id F:\wamp\ThinkPHP_Project\jxshop\Application\Runtime\Cache\Admin\9ce8eac8d2713f300aacb86a396bc850.php 第 35 行.
NOTIC: [8] Undefined index: cate_id F:\wamp\ThinkPHP_Project\jxshop\Application\Runtime\Cache\Admin\9ce8eac8d2713f300aacb86a396bc850.php 第 35 行.
NOTIC: [8] Undefined index: cate_id F:\wamp\ThinkPHP_Project\jxshop\Application\Runtime\Cache\Admin\9ce8eac8d2713f300aacb86a396bc850.php 第 35 行.
NOTIC: [8] Undefined index: cate_id F:\wamp\ThinkPHP_Project\jxshop\Application\Runtime\Cache\Admin\9ce8eac8d2713f300aacb86a396bc850.php 第 35 行.
NOTIC: [8] Undefined index: intro_type F:\wamp\ThinkPHP_Project\jxshop\Application\Runtime\Cache\Admin\9ce8eac8d2713f300aacb86a396bc850.php 第 40 行.
NOTIC: [8] Undefined index: intro_type F:\wamp\ThinkPHP_Project\jxshop\Application\Runtime\Cache\Admin\9ce8eac8d2713f300aacb86a396bc850.php 第 41 行.
NOTIC: [8] Undefined index: intro_type F:\wamp\ThinkPHP_Project\jxshop\Application\Runtime\Cache\Admin\9ce8eac8d2713f300aacb86a396bc850.php 第 42 行.
NOTIC: [8] Undefined index: is_sale F:\wamp\ThinkPHP_Project\jxshop\Application\Runtime\Cache\Admin\9ce8eac8d2713f300aacb86a396bc850.php 第 46 行.
NOTIC: [8] Undefined index: is_sale F:\wamp\ThinkPHP_Project\jxshop\Application\Runtime\Cache\Admin\9ce8eac8d2713f300aacb86a396bc850.php 第 47 行.
NOTIC: [8] Undefined index: is_sale F:\wamp\ThinkPHP_Project\jxshop\Application\Runtime\Cache\Admin\9ce8eac8d2713f300aacb86a396bc850.php 第 48 行.
NOTIC: [8] Undefined index: keyword F:\wamp\ThinkPHP_Project\jxshop\Application\Runtime\Cache\Admin\9ce8eac8d2713f300aacb86a396bc850.php 第 51 行.
NOTIC: [8] Use of undefined constant yes - assumed 'yes' F:\wamp\ThinkPHP_Project\jxshop\Application\Runtime\Cache\Admin\9ce8eac8d2713f300aacb86a396bc850.php 第 74 行.
NOTIC: [8] Use of undefined constant yes - assumed 'yes' F:\wamp\ThinkPHP_Project\jxshop\Application\Runtime\Cache\Admin\9ce8eac8d2713f300aacb86a396bc850.php 第 75 行.
NOTIC: [8] Use of undefined constant yes - assumed 'yes' F:\wamp\ThinkPHP_Project\jxshop\Application\Runtime\Cache\Admin\9ce8eac8d2713f300aacb86a396bc850.php 第 74 行.
NOTIC: [8] Use of undefined constant no - assumed 'no' F:\wamp\ThinkPHP_Project\jxshop\Application\Runtime\Cache\Admin\9ce8eac8d2713f300aacb86a396bc850.php 第 75 行.
INFO: Run Behavior\ParseTemplateBehavior [ RunTime:0.011705s ]
INFO: [ view_parse ] --END-- [ RunTime:0.011771s ]
INFO: [ view_filter ] --START--
INFO: Run Behavior\WriteHtmlCacheBehavior [ RunTime:0.000383s ]
INFO: [ view_filter ] --END-- [ RunTime:0.000424s ]
INFO: [ app_end ] --START--
INFO: Run Behavior\ShowPageTraceBehavior [ RunTime:0.000681s ]
INFO: [ app_end ] --END-- [ RunTime:0.000721s ]

[ 2018-10-31T15:24:33+08:00 ] 127.0.0.1 /Admin/Goods/edit/goods_id/1.html
INFO: [ app_init ] --START--
INFO: Run Behavior\BuildLiteBehavior [ RunTime:0.000012s ]
INFO: [ app_init ] --END-- [ RunTime:0.000438s ]
INFO: [ app_begin ] --START--
INFO: Run Behavior\ReadHtmlCacheBehavior [ RunTime:0.000564s ]
INFO: [ app_begin ] --END-- [ RunTime:0.000600s ]
NOTIC: [2048] Declaration of Admin\Model\GoodsModel::_after_insert() should be compatible with Think\Model::_after_insert($data, $options) F:\wamp\ThinkPHP_Project\jxshop\Application\Admin\Model\GoodsModel.class.php 第 6 行.
SQL: SELECT * FROM `jx_goods` WHERE ( id=1 ) LIMIT 1   [ RunTime:0.0003s ]
SQL: SELECT * FROM `jx_category`  [ RunTime:0.0002s ]
SQL: SHOW COLUMNS FROM `jx_goods_cate` [ RunTime:0.0038s ]
SQL: SELECT * FROM `jx_goods_cate` WHERE ( goods_id=1 )  [ RunTime:0.0003s ]
INFO: [ view_parse ] --START--
INFO: [ template_filter ] --START--
INFO: Run Behavior\ContentReplaceBehavior [ RunTime:0.000079s ]
INFO: [ template_filter ] --END-- [ RunTime:0.000116s ]
INFO: Run Behavior\ParseTemplateBehavior [ RunTime:0.008607s ]
INFO: [ view_parse ] --END-- [ RunTime:0.008681s ]
INFO: [ view_filter ] --START--
INFO: Run Behavior\WriteHtmlCacheBehavior [ RunTime:0.000361s ]
INFO: [ view_filter ] --END-- [ RunTime:0.000395s ]
INFO: [ app_end ] --START--
INFO: Run Behavior\ShowPageTraceBehavior [ RunTime:0.000841s ]
INFO: [ app_end ] --END-- [ RunTime:0.000876s ]

[ 2018-10-31T16:04:03+08:00 ] 127.0.0.1 /Admin/Goods/add
INFO: [ app_init ] --START--
INFO: Run Behavior\BuildLiteBehavior [ RunTime:0.000019s ]
INFO: [ app_init ] --END-- [ RunTime:0.000582s ]
INFO: [ app_begin ] --START--
INFO: Run Behavior\ReadHtmlCacheBehavior [ RunTime:0.002881s ]
INFO: [ app_begin ] --END-- [ RunTime:0.002979s ]
SQL: SELECT * FROM `jx_category`  [ RunTime:0.0009s ]
INFO: [ view_parse ] --START--
INFO: [ template_filter ] --START--
INFO: Run Behavior\ContentReplaceBehavior [ RunTime:0.000061s ]
INFO: [ template_filter ] --END-- [ RunTime:0.000101s ]
INFO: Run Behavior\ParseTemplateBehavior [ RunTime:0.009298s ]
INFO: [ view_parse ] --END-- [ RunTime:0.009367s ]
INFO: [ view_filter ] --START--
INFO: Run Behavior\WriteHtmlCacheBehavior [ RunTime:0.000554s ]
INFO: [ view_filter ] --END-- [ RunTime:0.000596s ]
INFO: [ app_end ] --START--
INFO: Run Behavior\ShowPageTraceBehavior [ RunTime:0.000772s ]
INFO: [ app_end ] --END-- [ RunTime:0.000818s ]

[ 2018-10-31T16:14:20+08:00 ] 127.0.0.1 /Admin/Goods/add
INFO: [ app_init ] --START--
INFO: Run Behavior\BuildLiteBehavior [ RunTime:0.000012s ]
INFO: [ app_init ] --END-- [ RunTime:0.000400s ]
INFO: [ app_begin ] --START--
INFO: Run Behavior\ReadHtmlCacheBehavior [ RunTime:0.000537s ]
INFO: [ app_begin ] --END-- [ RunTime:0.000574s ]
SQL: SELECT * FROM `jx_category`  [ RunTime:0.0003s ]
INFO: [ view_parse ] --START--
INFO: [ template_filter ] --START--
INFO: Run Behavior\ContentReplaceBehavior [ RunTime:0.000073s ]
INFO: [ template_filter ] --END-- [ RunTime:0.000126s ]
INFO: Run Behavior\ParseTemplateBehavior [ RunTime:0.010505s ]
INFO: [ view_parse ] --END-- [ RunTime:0.010561s ]
INFO: [ view_filter ] --START--
INFO: Run Behavior\WriteHtmlCacheBehavior [ RunTime:0.000423s ]
INFO: [ view_filter ] --END-- [ RunTime:0.000457s ]
INFO: [ app_end ] --START--
INFO: Run Behavior\ShowPageTraceBehavior [ RunTime:0.000631s ]
INFO: [ app_end ] --END-- [ RunTime:0.000673s ]

[ 2018-10-31T16:14:22+08:00 ] 127.0.0.1 /Admin/Goods/index.html
INFO: [ app_init ] --START--
INFO: Run Behavior\BuildLiteBehavior [ RunTime:0.000014s ]
INFO: [ app_init ] --END-- [ RunTime:0.000447s ]
INFO: [ app_begin ] --START--
INFO: Run Behavior\ReadHtmlCacheBehavior [ RunTime:0.000638s ]
INFO: [ app_begin ] --END-- [ RunTime:0.000685s ]
SQL: SELECT * FROM `jx_category`  [ RunTime:0.0003s ]
NOTIC: [2048] Declaration of Admin\Model\GoodsModel::_after_insert() should be compatible with Think\Model::_after_insert($data, $options) F:\wamp\ThinkPHP_Project\jxshop\Application\Admin\Model\GoodsModel.class.php 第 244 行.
SQL: SELECT COUNT(*) AS tp_count FROM `jx_goods` WHERE ( isdel=1 ) LIMIT 1   [ RunTime:0.0003s ]
SQL: SELECT * FROM `jx_goods` WHERE ( isdel=1 ) LIMIT 0,2   [ RunTime:0.0003s ]
INFO: [ view_parse ] --START--
INFO: [ template_filter ] --START--
INFO: Run Behavior\ContentReplaceBehavior [ RunTime:0.000096s ]
INFO: [ template_filter ] --END-- [ RunTime:0.000149s ]
NOTIC: [8] Undefined index: cate_id F:\wamp\ThinkPHP_Project\jxshop\Application\Runtime\Cache\Admin\9ce8eac8d2713f300aacb86a396bc850.php 第 35 行.
NOTIC: [8] Undefined index: cate_id F:\wamp\ThinkPHP_Project\jxshop\Application\Runtime\Cache\Admin\9ce8eac8d2713f300aacb86a396bc850.php 第 35 行.
NOTIC: [8] Undefined index: cate_id F:\wamp\ThinkPHP_Project\jxshop\Application\Runtime\Cache\Admin\9ce8eac8d2713f300aacb86a396bc850.php 第 35 行.
NOTIC: [8] Undefined index: cate_id F:\wamp\ThinkPHP_Project\jxshop\Application\Runtime\Cache\Admin\9ce8eac8d2713f300aacb86a396bc850.php 第 35 行.
NOTIC: [8] Undefined index: cate_id F:\wamp\ThinkPHP_Project\jxshop\Application\Runtime\Cache\Admin\9ce8eac8d2713f300aacb86a396bc850.php 第 35 行.
NOTIC: [8] Undefined index: cate_id F:\wamp\ThinkPHP_Project\jxshop\Application\Runtime\Cache\Admin\9ce8eac8d2713f300aacb86a396bc850.php 第 35 行.
NOTIC: [8] Undefined index: cate_id F:\wamp\ThinkPHP_Project\jxshop\Application\Runtime\Cache\Admin\9ce8eac8d2713f300aacb86a396bc850.php 第 35 行.
NOTIC: [8] Undefined index: cate_id F:\wamp\ThinkPHP_Project\jxshop\Application\Runtime\Cache\Admin\9ce8eac8d2713f300aacb86a396bc850.php 第 35 行.
NOTIC: [8] Undefined index: cate_id F:\wamp\ThinkPHP_Project\jxshop\Application\Runtime\Cache\Admin\9ce8eac8d2713f300aacb86a396bc850.php 第 35 行.
NOTIC: [8] Undefined index: cate_id F:\wamp\ThinkPHP_Project\jxshop\Application\Runtime\Cache\Admin\9ce8eac8d2713f300aacb86a396bc850.php 第 35 行.
NOTIC: [8] Undefined index: intro_type F:\wamp\ThinkPHP_Project\jxshop\Application\Runtime\Cache\Admin\9ce8eac8d2713f300aacb86a396bc850.php 第 40 行.
NOTIC: [8] Undefined index: intro_type F:\wamp\ThinkPHP_Project\jxshop\Application\Runtime\Cache\Admin\9ce8eac8d2713f300aacb86a396bc850.php 第 41 行.
NOTIC: [8] Undefined index: intro_type F:\wamp\ThinkPHP_Project\jxshop\Application\Runtime\Cache\Admin\9ce8eac8d2713f300aacb86a396bc850.php 第 42 行.
NOTIC: [8] Undefined index: is_sale F:\wamp\ThinkPHP_Project\jxshop\Application\Runtime\Cache\Admin\9ce8eac8d2713f300aacb86a396bc850.php 第 46 行.
NOTIC: [8] Undefined index: is_sale F:\wamp\ThinkPHP_Project\jxshop\Application\Runtime\Cache\Admin\9ce8eac8d2713f300aacb86a396bc850.php 第 47 行.
NOTIC: [8] Undefined index: is_sale F:\wamp\ThinkPHP_Project\jxshop\Application\Runtime\Cache\Admin\9ce8eac8d2713f300aacb86a396bc850.php 第 48 行.
NOTIC: [8] Undefined index: keyword F:\wamp\ThinkPHP_Project\jxshop\Application\Runtime\Cache\Admin\9ce8eac8d2713f300aacb86a396bc850.php 第 51 行.
NOTIC: [8] Use of undefined constant yes - assumed 'yes' F:\wamp\ThinkPHP_Project\jxshop\Application\Runtime\Cache\Admin\9ce8eac8d2713f300aacb86a396bc850.php 第 74 行.
NOTIC: [8] Use of undefined constant yes - assumed 'yes' F:\wamp\ThinkPHP_Project\jxshop\Application\Runtime\Cache\Admin\9ce8eac8d2713f300aacb86a396bc850.php 第 75 行.
NOTIC: [8] Use of undefined constant yes - assumed 'yes' F:\wamp\ThinkPHP_Project\jxshop\Application\Runtime\Cache\Admin\9ce8eac8d2713f300aacb86a396bc850.php 第 74 行.
NOTIC: [8] Use of undefined constant no - assumed 'no' F:\wamp\ThinkPHP_Project\jxshop\Application\Runtime\Cache\Admin\9ce8eac8d2713f300aacb86a396bc850.php 第 75 行.
INFO: Run Behavior\ParseTemplateBehavior [ RunTime:0.012050s ]
INFO: [ view_parse ] --END-- [ RunTime:0.012084s ]
INFO: [ view_filter ] --START--
INFO: Run Behavior\WriteHtmlCacheBehavior [ RunTime:0.000430s ]
INFO: [ view_filter ] --END-- [ RunTime:0.000456s ]
INFO: [ app_end ] --START--
INFO: Run Behavior\ShowPageTraceBehavior [ RunTime:0.000581s ]
INFO: [ app_end ] --END-- [ RunTime:0.000611s ]

[ 2018-10-31T16:14:23+08:00 ] 127.0.0.1 /Admin/Goods/edit/goods_id/1.html
INFO: [ app_init ] --START--
INFO: Run Behavior\BuildLiteBehavior [ RunTime:0.000015s ]
INFO: [ app_init ] --END-- [ RunTime:0.000431s ]
INFO: [ app_begin ] --START--
INFO: Run Behavior\ReadHtmlCacheBehavior [ RunTime:0.000670s ]
INFO: [ app_begin ] --END-- [ RunTime:0.000716s ]
NOTIC: [2048] Declaration of Admin\Model\GoodsModel::_after_insert() should be compatible with Think\Model::_after_insert($data, $options) F:\wamp\ThinkPHP_Project\jxshop\Application\Admin\Model\GoodsModel.class.php 第 6 行.
SQL: SELECT * FROM `jx_goods` WHERE ( id=1 ) LIMIT 1   [ RunTime:0.0003s ]
SQL: SELECT * FROM `jx_category`  [ RunTime:0.0002s ]
SQL: SHOW COLUMNS FROM `jx_goods_cate` [ RunTime:0.0069s ]
SQL: SELECT * FROM `jx_goods_cate` WHERE ( goods_id=1 )  [ RunTime:0.0003s ]
INFO: [ view_parse ] --START--
INFO: [ template_filter ] --START--
INFO: Run Behavior\ContentReplaceBehavior [ RunTime:0.000107s ]
INFO: [ template_filter ] --END-- [ RunTime:0.000163s ]
INFO: Run Behavior\ParseTemplateBehavior [ RunTime:0.011127s ]
INFO: [ view_parse ] --END-- [ RunTime:0.011191s ]
INFO: [ view_filter ] --START--
INFO: Run Behavior\WriteHtmlCacheBehavior [ RunTime:0.000539s ]
INFO: [ view_filter ] --END-- [ RunTime:0.000578s ]
INFO: [ app_end ] --START--
INFO: Run Behavior\ShowPageTraceBehavior [ RunTime:0.000903s ]
INFO: [ app_end ] --END-- [ RunTime:0.000960s ]

[ 2018-10-31T16:14:26+08:00 ] 127.0.0.1 /Admin/Goods/edit/goods_id/1.html
INFO: [ app_init ] --START--
INFO: Run Behavior\BuildLiteBehavior [ RunTime:0.000008s ]
INFO: [ app_init ] --END-- [ RunTime:0.000379s ]
INFO: [ app_begin ] --START--
INFO: Run Behavior\ReadHtmlCacheBehavior [ RunTime:0.000521s ]
INFO: [ app_begin ] --END-- [ RunTime:0.000554s ]
NOTIC: [2048] Declaration of Admin\Model\GoodsModel::_after_insert() should be compatible with Think\Model::_after_insert($data, $options) F:\wamp\ThinkPHP_Project\jxshop\Application\Admin\Model\GoodsModel.class.php 第 6 行.
NOTIC: [8] Undefined index: validate F:\wamp\ThinkPHP_Project\jxshop\ThinkPHP\Library\Think\Model.class.php 第 1185 行.
NOTIC: [8] Undefined index: auto F:\wamp\ThinkPHP_Project\jxshop\ThinkPHP\Library\Think\Model.class.php 第 1128 行.
NOTIC: [8] Undefined index: is_hot F:\wamp\ThinkPHP_Project\jxshop\Application\Admin\Controller\GoodsController.class.php 第 99 行.
SQL: SELECT * FROM `jx_goods` WHERE ( goods_sn = 'lg499932' AND id != 1 ) LIMIT 1   [ RunTime:0.0003s ]
SQL: SHOW COLUMNS FROM `jx_goods_cate` [ RunTime:0.0033s ]
SQL: DELETE FROM `jx_goods_cate` WHERE ( goods_id = 1 ) [ RunTime:0.0947s ]
SQL: INSERT INTO `jx_goods_cate` (`goods_id`,`cate_id`) VALUES ('1','1'),('1','10') [ RunTime:0.0440s ]
SQL: UPDATE `jx_goods` SET `goods_name`='LG智能电视',`goods_sn`='lg499932',`cate_id`='7',`shop_price`='4999.00',`is_sale`='1',`is_new`='1',`is_rec`='1',`market_price`='4999.00',`goods_body`='&lt;p&gt;bbbbbbbbbbbbbbbb定时达bbbb&lt;/p&gt;',`is_hot`='0' WHERE `id` = '1' [ RunTime:0.0441s ]
INFO: [ view_parse ] --START--
INFO: [ template_filter ] --START--
INFO: Run Behavior\ContentReplaceBehavior [ RunTime:0.000034s ]
INFO: [ template_filter ] --END-- [ RunTime:0.000064s ]
INFO: Run Behavior\ParseTemplateBehavior [ RunTime:0.005687s ]
INFO: [ view_parse ] --END-- [ RunTime:0.005726s ]
INFO: [ view_filter ] --START--
INFO: Run Behavior\WriteHtmlCacheBehavior [ RunTime:0.000437s ]
INFO: [ view_filter ] --END-- [ RunTime:0.000463s ]
INFO: [ app_end ] --START--
INFO: Run Behavior\ShowPageTraceBehavior [ RunTime:0.000576s ]
INFO: [ app_end ] --END-- [ RunTime:0.000612s ]

[ 2018-10-31T16:14:27+08:00 ] 127.0.0.1 /Admin/Goods/index.html
INFO: [ app_init ] --START--
INFO: Run Behavior\BuildLiteBehavior [ RunTime:0.000012s ]
INFO: [ app_init ] --END-- [ RunTime:0.000465s ]
INFO: [ app_begin ] --START--
INFO: Run Behavior\ReadHtmlCacheBehavior [ RunTime:0.000566s ]
INFO: [ app_begin ] --END-- [ RunTime:0.000602s ]
SQL: SELECT * FROM `jx_category`  [ RunTime:0.0003s ]
NOTIC: [2048] Declaration of Admin\Model\GoodsModel::_after_insert() should be compatible with Think\Model::_after_insert($data, $options) F:\wamp\ThinkPHP_Project\jxshop\Application\Admin\Model\GoodsModel.class.php 第 244 行.
SQL: SELECT COUNT(*) AS tp_count FROM `jx_goods` WHERE ( isdel=1 ) LIMIT 1   [ RunTime:0.0003s ]
SQL: SELECT * FROM `jx_goods` WHERE ( isdel=1 ) LIMIT 0,2   [ RunTime:0.0004s ]
INFO: [ view_parse ] --START--
INFO: [ template_filter ] --START--
INFO: Run Behavior\ContentReplaceBehavior [ RunTime:0.000063s ]
INFO: [ template_filter ] --END-- [ RunTime:0.000097s ]
NOTIC: [8] Undefined index: cate_id F:\wamp\ThinkPHP_Project\jxshop\Application\Runtime\Cache\Admin\9ce8eac8d2713f300aacb86a396bc850.php 第 35 行.
NOTIC: [8] Undefined index: cate_id F:\wamp\ThinkPHP_Project\jxshop\Application\Runtime\Cache\Admin\9ce8eac8d2713f300aacb86a396bc850.php 第 35 行.
NOTIC: [8] Undefined index: cate_id F:\wamp\ThinkPHP_Project\jxshop\Application\Runtime\Cache\Admin\9ce8eac8d2713f300aacb86a396bc850.php 第 35 行.
NOTIC: [8] Undefined index: cate_id F:\wamp\ThinkPHP_Project\jxshop\Application\Runtime\Cache\Admin\9ce8eac8d2713f300aacb86a396bc850.php 第 35 行.
NOTIC: [8] Undefined index: cate_id F:\wamp\ThinkPHP_Project\jxshop\Application\Runtime\Cache\Admin\9ce8eac8d2713f300aacb86a396bc850.php 第 35 行.
NOTIC: [8] Undefined index: cate_id F:\wamp\ThinkPHP_Project\jxshop\Application\Runtime\Cache\Admin\9ce8eac8d2713f300aacb86a396bc850.php 第 35 行.
NOTIC: [8] Undefined index: cate_id F:\wamp\ThinkPHP_Project\jxshop\Application\Runtime\Cache\Admin\9ce8eac8d2713f300aacb86a396bc850.php 第 35 行.
NOTIC: [8] Undefined index: cate_id F:\wamp\ThinkPHP_Project\jxshop\Application\Runtime\Cache\Admin\9ce8eac8d2713f300aacb86a396bc850.php 第 35 行.
NOTIC: [8] Undefined index: cate_id F:\wamp\ThinkPHP_Project\jxshop\Application\Runtime\Cache\Admin\9ce8eac8d2713f300aacb86a396bc850.php 第 35 行.
NOTIC: [8] Undefined index: cate_id F:\wamp\ThinkPHP_Project\jxshop\Application\Runtime\Cache\Admin\9ce8eac8d2713f300aacb86a396bc850.php 第 35 行.
NOTIC: [8] Undefined index: intro_type F:\wamp\ThinkPHP_Project\jxshop\Application\Runtime\Cache\Admin\9ce8eac8d2713f300aacb86a396bc850.php 第 40 行.
NOTIC: [8] Undefined index: intro_type F:\wamp\ThinkPHP_Project\jxshop\Application\Runtime\Cache\Admin\9ce8eac8d2713f300aacb86a396bc850.php 第 41 行.
NOTIC: [8] Undefined index: intro_type F:\wamp\ThinkPHP_Project\jxshop\Application\Runtime\Cache\Admin\9ce8eac8d2713f300aacb86a396bc850.php 第 42 行.
NOTIC: [8] Undefined index: is_sale F:\wamp\ThinkPHP_Project\jxshop\Application\Runtime\Cache\Admin\9ce8eac8d2713f300aacb86a396bc850.php 第 46 行.
NOTIC: [8] Undefined index: is_sale F:\wamp\ThinkPHP_Project\jxshop\Application\Runtime\Cache\Admin\9ce8eac8d2713f300aacb86a396bc850.php 第 47 行.
NOTIC: [8] Undefined index: is_sale F:\wamp\ThinkPHP_Project\jxshop\Application\Runtime\Cache\Admin\9ce8eac8d2713f300aacb86a396bc850.php 第 48 行.
NOTIC: [8] Undefined index: keyword F:\wamp\ThinkPHP_Project\jxshop\Application\Runtime\Cache\Admin\9ce8eac8d2713f300aacb86a396bc850.php 第 51 行.
NOTIC: [8] Use of undefined constant yes - assumed 'yes' F:\wamp\ThinkPHP_Project\jxshop\Application\Runtime\Cache\Admin\9ce8eac8d2713f300aacb86a396bc850.php 第 74 行.
NOTIC: [8] Use of undefined constant yes - assumed 'yes' F:\wamp\ThinkPHP_Project\jxshop\Application\Runtime\Cache\Admin\9ce8eac8d2713f300aacb86a396bc850.php 第 75 行.
NOTIC: [8] Use of undefined constant yes - assumed 'yes' F:\wamp\ThinkPHP_Project\jxshop\Application\Runtime\Cache\Admin\9ce8eac8d2713f300aacb86a396bc850.php 第 74 行.
NOTIC: [8] Use of undefined constant no - assumed 'no' F:\wamp\ThinkPHP_Project\jxshop\Application\Runtime\Cache\Admin\9ce8eac8d2713f300aacb86a396bc850.php 第 75 行.
INFO: Run Behavior\ParseTemplateBehavior [ RunTime:0.011016s ]
INFO: [ view_parse ] --END-- [ RunTime:0.011215s ]
INFO: [ view_filter ] --START--
INFO: Run Behavior\WriteHtmlCacheBehavior [ RunTime:0.000826s ]
INFO: [ view_filter ] --END-- [ RunTime:0.000909s ]
INFO: [ app_end ] --START--
INFO: Run Behavior\ShowPageTraceBehavior [ RunTime:0.000868s ]
INFO: [ app_end ] --END-- [ RunTime:0.000911s ]

[ 2018-10-31T18:27:29+08:00 ] 127.0.0.1 /Admin/Goods/trash
INFO: [ app_init ] --START--
INFO: Run Behavior\BuildLiteBehavior [ RunTime:0.000018s ]
INFO: [ app_init ] --END-- [ RunTime:0.000506s ]
INFO: [ app_begin ] --START--
INFO: Run Behavior\ReadHtmlCacheBehavior [ RunTime:0.001366s ]
INFO: [ app_begin ] --END-- [ RunTime:0.001442s ]
SQL: SELECT * FROM `jx_category`  [ RunTime:0.0004s ]
NOTIC: [2048] Declaration of Admin\Model\GoodsModel::_after_insert() should be compatible with Think\Model::_after_insert($data, $options) F:\wamp\ThinkPHP_Project\jxshop\Application\Admin\Model\GoodsModel.class.php 第 244 行.
SQL: SELECT COUNT(*) AS tp_count FROM `jx_goods` WHERE ( isdel=0 ) LIMIT 1   [ RunTime:0.0005s ]
SQL: SELECT * FROM `jx_goods` WHERE ( isdel=0 ) LIMIT 0,2   [ RunTime:0.0013s ]
INFO: [ view_parse ] --START--
INFO: [ template_filter ] --START--
INFO: Run Behavior\ContentReplaceBehavior [ RunTime:0.000064s ]
INFO: [ template_filter ] --END-- [ RunTime:0.000103s ]
NOTIC: [8] Undefined index: cate_id F:\wamp\ThinkPHP_Project\jxshop\Application\Runtime\Cache\Admin\58c9149b3e8991eec7a902c7da9df42a.php 第 34 行.
NOTIC: [8] Undefined index: cate_id F:\wamp\ThinkPHP_Project\jxshop\Application\Runtime\Cache\Admin\58c9149b3e8991eec7a902c7da9df42a.php 第 34 行.
NOTIC: [8] Undefined index: cate_id F:\wamp\ThinkPHP_Project\jxshop\Application\Runtime\Cache\Admin\58c9149b3e8991eec7a902c7da9df42a.php 第 34 行.
NOTIC: [8] Undefined index: cate_id F:\wamp\ThinkPHP_Project\jxshop\Application\Runtime\Cache\Admin\58c9149b3e8991eec7a902c7da9df42a.php 第 34 行.
NOTIC: [8] Undefined index: cate_id F:\wamp\ThinkPHP_Project\jxshop\Application\Runtime\Cache\Admin\58c9149b3e8991eec7a902c7da9df42a.php 第 34 行.
NOTIC: [8] Undefined index: cate_id F:\wamp\ThinkPHP_Project\jxshop\Application\Runtime\Cache\Admin\58c9149b3e8991eec7a902c7da9df42a.php 第 34 行.
NOTIC: [8] Undefined index: cate_id F:\wamp\ThinkPHP_Project\jxshop\Application\Runtime\Cache\Admin\58c9149b3e8991eec7a902c7da9df42a.php 第 34 行.
NOTIC: [8] Undefined index: cate_id F:\wamp\ThinkPHP_Project\jxshop\Application\Runtime\Cache\Admin\58c9149b3e8991eec7a902c7da9df42a.php 第 34 行.
NOTIC: [8] Undefined index: cate_id F:\wamp\ThinkPHP_Project\jxshop\Application\Runtime\Cache\Admin\58c9149b3e8991eec7a902c7da9df42a.php 第 34 行.
NOTIC: [8] Undefined index: cate_id F:\wamp\ThinkPHP_Project\jxshop\Application\Runtime\Cache\Admin\58c9149b3e8991eec7a902c7da9df42a.php 第 34 行.
NOTIC: [8] Undefined index: intro_type F:\wamp\ThinkPHP_Project\jxshop\Application\Runtime\Cache\Admin\58c9149b3e8991eec7a902c7da9df42a.php 第 39 行.
NOTIC: [8] Undefined index: intro_type F:\wamp\ThinkPHP_Project\jxshop\Application\Runtime\Cache\Admin\58c9149b3e8991eec7a902c7da9df42a.php 第 40 行.
NOTIC: [8] Undefined index: intro_type F:\wamp\ThinkPHP_Project\jxshop\Application\Runtime\Cache\Admin\58c9149b3e8991eec7a902c7da9df42a.php 第 41 行.
NOTIC: [8] Undefined index: is_sale F:\wamp\ThinkPHP_Project\jxshop\Application\Runtime\Cache\Admin\58c9149b3e8991eec7a902c7da9df42a.php 第 45 行.
NOTIC: [8] Undefined index: is_sale F:\wamp\ThinkPHP_Project\jxshop\Application\Runtime\Cache\Admin\58c9149b3e8991eec7a902c7da9df42a.php 第 46 行.
NOTIC: [8] Undefined index: is_sale F:\wamp\ThinkPHP_Project\jxshop\Application\Runtime\Cache\Admin\58c9149b3e8991eec7a902c7da9df42a.php 第 47 行.
NOTIC: [8] Undefined index: keyword F:\wamp\ThinkPHP_Project\jxshop\Application\Runtime\Cache\Admin\58c9149b3e8991eec7a902c7da9df42a.php 第 50 行.
NOTIC: [8] Use of undefined constant yes - assumed 'yes' F:\wamp\ThinkPHP_Project\jxshop\Application\Runtime\Cache\Admin\58c9149b3e8991eec7a902c7da9df42a.php 第 73 行.
NOTIC: [8] Use of undefined constant yes - assumed 'yes' F:\wamp\ThinkPHP_Project\jxshop\Application\Runtime\Cache\Admin\58c9149b3e8991eec7a902c7da9df42a.php 第 74 行.
NOTIC: [8] Use of undefined constant yes - assumed 'yes' F:\wamp\ThinkPHP_Project\jxshop\Application\Runtime\Cache\Admin\58c9149b3e8991eec7a902c7da9df42a.php 第 73 行.
NOTIC: [8] Use of undefined constant yes - assumed 'yes' F:\wamp\ThinkPHP_Project\jxshop\Application\Runtime\Cache\Admin\58c9149b3e8991eec7a902c7da9df42a.php 第 74 行.
INFO: Run Behavior\ParseTemplateBehavior [ RunTime:0.082262s ]
INFO: [ view_parse ] --END-- [ RunTime:0.082306s ]
INFO: [ view_filter ] --START--
INFO: Run Behavior\WriteHtmlCacheBehavior [ RunTime:0.000620s ]
INFO: [ view_filter ] --END-- [ RunTime:0.000650s ]
INFO: [ app_end ] --START--
INFO: Run Behavior\ShowPageTraceBehavior [ RunTime:0.000638s ]
INFO: [ app_end ] --END-- [ RunTime:0.000666s ]

[ 2018-10-31T18:27:38+08:00 ] 127.0.0.1 /Admin/Goods/recover/goods_id/1.html
INFO: [ app_init ] --START--
INFO: Run Behavior\BuildLiteBehavior [ RunTime:0.000023s ]
INFO: [ app_init ] --END-- [ RunTime:0.000482s ]
INFO: [ app_begin ] --START--
INFO: Run Behavior\ReadHtmlCacheBehavior [ RunTime:0.000651s ]
INFO: [ app_begin ] --END-- [ RunTime:0.000698s ]
NOTIC: [2048] Declaration of Admin\Model\GoodsModel::_after_insert() should be compatible with Think\Model::_after_insert($data, $options) F:\wamp\ThinkPHP_Project\jxshop\Application\Admin\Model\GoodsModel.class.php 第 6 行.
SQL: UPDATE `jx_goods` SET `isdel`='1' WHERE ( id=1 ) [ RunTime:0.0863s ]
INFO: [ view_parse ] --START--
INFO: [ template_filter ] --START--
INFO: Run Behavior\ContentReplaceBehavior [ RunTime:0.000053s ]
INFO: [ template_filter ] --END-- [ RunTime:0.000112s ]
INFO: Run Behavior\ParseTemplateBehavior [ RunTime:0.009987s ]
INFO: [ view_parse ] --END-- [ RunTime:0.010052s ]
INFO: [ view_filter ] --START--
INFO: Run Behavior\WriteHtmlCacheBehavior [ RunTime:0.000624s ]
INFO: [ view_filter ] --END-- [ RunTime:0.000671s ]
INFO: [ app_end ] --START--
INFO: Run Behavior\ShowPageTraceBehavior [ RunTime:0.000898s ]
INFO: [ app_end ] --END-- [ RunTime:0.000951s ]

[ 2018-10-31T18:27:39+08:00 ] 127.0.0.1 /Admin/Goods/trash
INFO: [ app_init ] --START--
INFO: Run Behavior\BuildLiteBehavior [ RunTime:0.000019s ]
INFO: [ app_init ] --END-- [ RunTime:0.000491s ]
INFO: [ app_begin ] --START--
INFO: Run Behavior\ReadHtmlCacheBehavior [ RunTime:0.000820s ]
INFO: [ app_begin ] --END-- [ RunTime:0.000898s ]
SQL: SELECT * FROM `jx_category`  [ RunTime:0.0003s ]
NOTIC: [2048] Declaration of Admin\Model\GoodsModel::_after_insert() should be compatible with Think\Model::_after_insert($data, $options) F:\wamp\ThinkPHP_Project\jxshop\Application\Admin\Model\GoodsModel.class.php 第 244 行.
SQL: SELECT COUNT(*) AS tp_count FROM `jx_goods` WHERE ( isdel=0 ) LIMIT 1   [ RunTime:0.0004s ]
SQL: SELECT * FROM `jx_goods` WHERE ( isdel=0 ) LIMIT 0,2   [ RunTime:0.0004s ]
INFO: [ view_parse ] --START--
INFO: [ template_filter ] --START--
INFO: Run Behavior\ContentReplaceBehavior [ RunTime:0.000117s ]
INFO: [ template_filter ] --END-- [ RunTime:0.000172s ]
NOTIC: [8] Undefined index: cate_id F:\wamp\ThinkPHP_Project\jxshop\Application\Runtime\Cache\Admin\58c9149b3e8991eec7a902c7da9df42a.php 第 34 行.
NOTIC: [8] Undefined index: cate_id F:\wamp\ThinkPHP_Project\jxshop\Application\Runtime\Cache\Admin\58c9149b3e8991eec7a902c7da9df42a.php 第 34 行.
NOTIC: [8] Undefined index: cate_id F:\wamp\ThinkPHP_Project\jxshop\Application\Runtime\Cache\Admin\58c9149b3e8991eec7a902c7da9df42a.php 第 34 行.
NOTIC: [8] Undefined index: cate_id F:\wamp\ThinkPHP_Project\jxshop\Application\Runtime\Cache\Admin\58c9149b3e8991eec7a902c7da9df42a.php 第 34 行.
NOTIC: [8] Undefined index: cate_id F:\wamp\ThinkPHP_Project\jxshop\Application\Runtime\Cache\Admin\58c9149b3e8991eec7a902c7da9df42a.php 第 34 行.
NOTIC: [8] Undefined index: cate_id F:\wamp\ThinkPHP_Project\jxshop\Application\Runtime\Cache\Admin\58c9149b3e8991eec7a902c7da9df42a.php 第 34 行.
NOTIC: [8] Undefined index: cate_id F:\wamp\ThinkPHP_Project\jxshop\Application\Runtime\Cache\Admin\58c9149b3e8991eec7a902c7da9df42a.php 第 34 行.
NOTIC: [8] Undefined index: cate_id F:\wamp\ThinkPHP_Project\jxshop\Application\Runtime\Cache\Admin\58c9149b3e8991eec7a902c7da9df42a.php 第 34 行.
NOTIC: [8] Undefined index: cate_id F:\wamp\ThinkPHP_Project\jxshop\Application\Runtime\Cache\Admin\58c9149b3e8991eec7a902c7da9df42a.php 第 34 行.
NOTIC: [8] Undefined index: cate_id F:\wamp\ThinkPHP_Project\jxshop\Application\Runtime\Cache\Admin\58c9149b3e8991eec7a902c7da9df42a.php 第 34 行.
NOTIC: [8] Undefined index: intro_type F:\wamp\ThinkPHP_Project\jxshop\Application\Runtime\Cache\Admin\58c9149b3e8991eec7a902c7da9df42a.php 第 39 行.
NOTIC: [8] Undefined index: intro_type F:\wamp\ThinkPHP_Project\jxshop\Application\Runtime\Cache\Admin\58c9149b3e8991eec7a902c7da9df42a.php 第 40 行.
NOTIC: [8] Undefined index: intro_type F:\wamp\ThinkPHP_Project\jxshop\Application\Runtime\Cache\Admin\58c9149b3e8991eec7a902c7da9df42a.php 第 41 行.
NOTIC: [8] Undefined index: is_sale F:\wamp\ThinkPHP_Project\jxshop\Application\Runtime\Cache\Admin\58c9149b3e8991eec7a902c7da9df42a.php 第 45 行.
NOTIC: [8] Undefined index: is_sale F:\wamp\ThinkPHP_Project\jxshop\Application\Runtime\Cache\Admin\58c9149b3e8991eec7a902c7da9df42a.php 第 46 行.
NOTIC: [8] Undefined index: is_sale F:\wamp\ThinkPHP_Project\jxshop\Application\Runtime\Cache\Admin\58c9149b3e8991eec7a902c7da9df42a.php 第 47 行.
NOTIC: [8] Undefined index: keyword F:\wamp\ThinkPHP_Project\jxshop\Application\Runtime\Cache\Admin\58c9149b3e8991eec7a902c7da9df42a.php 第 50 行.
NOTIC: [8] Use of undefined constant yes - assumed 'yes' F:\wamp\ThinkPHP_Project\jxshop\Application\Runtime\Cache\Admin\58c9149b3e8991eec7a902c7da9df42a.php 第 73 行.
NOTIC: [8] Use of undefined constant yes - assumed 'yes' F:\wamp\ThinkPHP_Project\jxshop\Application\Runtime\Cache\Admin\58c9149b3e8991eec7a902c7da9df42a.php 第 74 行.
NOTIC: [8] Use of undefined constant yes - assumed 'yes' F:\wamp\ThinkPHP_Project\jxshop\Application\Runtime\Cache\Admin\58c9149b3e8991eec7a902c7da9df42a.php 第 73 行.
NOTIC: [8] Use of undefined constant yes - assumed 'yes' F:\wamp\ThinkPHP_Project\jxshop\Application\Runtime\Cache\Admin\58c9149b3e8991eec7a902c7da9df42a.php 第 74 行.
INFO: Run Behavior\ParseTemplateBehavior [ RunTime:0.011789s ]
INFO: [ view_parse ] --END-- [ RunTime:0.011824s ]
INFO: [ view_filter ] --START--
INFO: Run Behavior\WriteHtmlCacheBehavior [ RunTime:0.000425s ]
INFO: [ view_filter ] --END-- [ RunTime:0.000452s ]
INFO: [ app_end ] --START--
INFO: Run Behavior\ShowPageTraceBehavior [ RunTime:0.000794s ]
INFO: [ app_end ] --END-- [ RunTime:0.000829s ]

[ 2018-10-31T18:27:44+08:00 ] 127.0.0.1 /Admin/Goods/index.html
INFO: [ app_init ] --START--
INFO: Run Behavior\BuildLiteBehavior [ RunTime:0.000010s ]
INFO: [ app_init ] --END-- [ RunTime:0.000334s ]
INFO: [ app_begin ] --START--
INFO: Run Behavior\ReadHtmlCacheBehavior [ RunTime:0.000572s ]
INFO: [ app_begin ] --END-- [ RunTime:0.000606s ]
SQL: SELECT * FROM `jx_category`  [ RunTime:0.0003s ]
NOTIC: [2048] Declaration of Admin\Model\GoodsModel::_after_insert() should be compatible with Think\Model::_after_insert($data, $options) F:\wamp\ThinkPHP_Project\jxshop\Application\Admin\Model\GoodsModel.class.php 第 244 行.
SQL: SELECT COUNT(*) AS tp_count FROM `jx_goods` WHERE ( isdel=1 ) LIMIT 1   [ RunTime:0.0003s ]
SQL: SELECT * FROM `jx_goods` WHERE ( isdel=1 ) LIMIT 0,2   [ RunTime:0.0003s ]
INFO: [ view_parse ] --START--
INFO: [ template_filter ] --START--
INFO: Run Behavior\ContentReplaceBehavior [ RunTime:0.000064s ]
INFO: [ template_filter ] --END-- [ RunTime:0.000100s ]
NOTIC: [8] Undefined index: cate_id F:\wamp\ThinkPHP_Project\jxshop\Application\Runtime\Cache\Admin\9ce8eac8d2713f300aacb86a396bc850.php 第 35 行.
NOTIC: [8] Undefined index: cate_id F:\wamp\ThinkPHP_Project\jxshop\Application\Runtime\Cache\Admin\9ce8eac8d2713f300aacb86a396bc850.php 第 35 行.
NOTIC: [8] Undefined index: cate_id F:\wamp\ThinkPHP_Project\jxshop\Application\Runtime\Cache\Admin\9ce8eac8d2713f300aacb86a396bc850.php 第 35 行.
NOTIC: [8] Undefined index: cate_id F:\wamp\ThinkPHP_Project\jxshop\Application\Runtime\Cache\Admin\9ce8eac8d2713f300aacb86a396bc850.php 第 35 行.
NOTIC: [8] Undefined index: cate_id F:\wamp\ThinkPHP_Project\jxshop\Application\Runtime\Cache\Admin\9ce8eac8d2713f300aacb86a396bc850.php 第 35 行.
NOTIC: [8] Undefined index: cate_id F:\wamp\ThinkPHP_Project\jxshop\Application\Runtime\Cache\Admin\9ce8eac8d2713f300aacb86a396bc850.php 第 35 行.
NOTIC: [8] Undefined index: cate_id F:\wamp\ThinkPHP_Project\jxshop\Application\Runtime\Cache\Admin\9ce8eac8d2713f300aacb86a396bc850.php 第 35 行.
NOTIC: [8] Undefined index: cate_id F:\wamp\ThinkPHP_Project\jxshop\Application\Runtime\Cache\Admin\9ce8eac8d2713f300aacb86a396bc850.php 第 35 行.
NOTIC: [8] Undefined index: cate_id F:\wamp\ThinkPHP_Project\jxshop\Application\Runtime\Cache\Admin\9ce8eac8d2713f300aacb86a396bc850.php 第 35 行.
NOTIC: [8] Undefined index: cate_id F:\wamp\ThinkPHP_Project\jxshop\Application\Runtime\Cache\Admin\9ce8eac8d2713f300aacb86a396bc850.php 第 35 行.
NOTIC: [8] Undefined index: intro_type F:\wamp\ThinkPHP_Project\jxshop\Application\Runtime\Cache\Admin\9ce8eac8d2713f300aacb86a396bc850.php 第 40 行.
NOTIC: [8] Undefined index: intro_type F:\wamp\ThinkPHP_Project\jxshop\Application\Runtime\Cache\Admin\9ce8eac8d2713f300aacb86a396bc850.php 第 41 行.
NOTIC: [8] Undefined index: intro_type F:\wamp\ThinkPHP_Project\jxshop\Application\Runtime\Cache\Admin\9ce8eac8d2713f300aacb86a396bc850.php 第 42 行.
NOTIC: [8] Undefined index: is_sale F:\wamp\ThinkPHP_Project\jxshop\Application\Runtime\Cache\Admin\9ce8eac8d2713f300aacb86a396bc850.php 第 46 行.
NOTIC: [8] Undefined index: is_sale F:\wamp\ThinkPHP_Project\jxshop\Application\Runtime\Cache\Admin\9ce8eac8d2713f300aacb86a396bc850.php 第 47 行.
NOTIC: [8] Undefined index: is_sale F:\wamp\ThinkPHP_Project\jxshop\Application\Runtime\Cache\Admin\9ce8eac8d2713f300aacb86a396bc850.php 第 48 行.
NOTIC: [8] Undefined index: keyword F:\wamp\ThinkPHP_Project\jxshop\Application\Runtime\Cache\Admin\9ce8eac8d2713f300aacb86a396bc850.php 第 51 行.
NOTIC: [8] Use of undefined constant yes - assumed 'yes' F:\wamp\ThinkPHP_Project\jxshop\Application\Runtime\Cache\Admin\9ce8eac8d2713f300aacb86a396bc850.php 第 74 行.
NOTIC: [8] Use of undefined constant yes - assumed 'yes' F:\wamp\ThinkPHP_Project\jxshop\Application\Runtime\Cache\Admin\9ce8eac8d2713f300aacb86a396bc850.php 第 75 行.
NOTIC: [8] Use of undefined constant yes - assumed 'yes' F:\wamp\ThinkPHP_Project\jxshop\Application\Runtime\Cache\Admin\9ce8eac8d2713f300aacb86a396bc850.php 第 74 行.
NOTIC: [8] Use of undefined constant no - assumed 'no' F:\wamp\ThinkPHP_Project\jxshop\Application\Runtime\Cache\Admin\9ce8eac8d2713f300aacb86a396bc850.php 第 75 行.
INFO: Run Behavior\ParseTemplateBehavior [ RunTime:0.010306s ]
INFO: [ view_parse ] --END-- [ RunTime:0.010341s ]
INFO: [ view_filter ] --START--
INFO: Run Behavior\WriteHtmlCacheBehavior [ RunTime:0.000484s ]
INFO: [ view_filter ] --END-- [ RunTime:0.000515s ]
INFO: [ app_end ] --START--
INFO: Run Behavior\ShowPageTraceBehavior [ RunTime:0.001493s ]
INFO: [ app_end ] --END-- [ RunTime:0.001540s ]

[ 2018-10-31T18:27:49+08:00 ] 127.0.0.1 /Admin/Goods/del/goods_id/1.html
INFO: [ app_init ] --START--
INFO: Run Behavior\BuildLiteBehavior [ RunTime:0.000012s ]
INFO: [ app_init ] --END-- [ RunTime:0.000485s ]
INFO: [ app_begin ] --START--
INFO: Run Behavior\ReadHtmlCacheBehavior [ RunTime:0.000744s ]
INFO: [ app_begin ] --END-- [ RunTime:0.000791s ]
NOTIC: [2048] Declaration of Admin\Model\GoodsModel::_after_insert() should be compatible with Think\Model::_after_insert($data, $options) F:\wamp\ThinkPHP_Project\jxshop\Application\Admin\Model\GoodsModel.class.php 第 6 行.
SQL: UPDATE `jx_goods` SET `isdel`='0' WHERE ( id=1 ) [ RunTime:0.0961s ]
INFO: [ view_parse ] --START--
INFO: [ template_filter ] --START--
INFO: Run Behavior\ContentReplaceBehavior [ RunTime:0.000037s ]
INFO: [ template_filter ] --END-- [ RunTime:0.000071s ]
INFO: Run Behavior\ParseTemplateBehavior [ RunTime:0.006909s ]
INFO: [ view_parse ] --END-- [ RunTime:0.006960s ]
INFO: [ view_filter ] --START--
INFO: Run Behavior\WriteHtmlCacheBehavior [ RunTime:0.000508s ]
INFO: [ view_filter ] --END-- [ RunTime:0.000545s ]
INFO: [ app_end ] --START--
INFO: Run Behavior\ShowPageTraceBehavior [ RunTime:0.000652s ]
INFO: [ app_end ] --END-- [ RunTime:0.000678s ]

[ 2018-10-31T18:27:50+08:00 ] 127.0.0.1 /Admin/Goods/index.html
INFO: [ app_init ] --START--
INFO: Run Behavior\BuildLiteBehavior [ RunTime:0.000011s ]
INFO: [ app_init ] --END-- [ RunTime:0.000577s ]
INFO: [ app_begin ] --START--
INFO: Run Behavior\ReadHtmlCacheBehavior [ RunTime:0.000640s ]
INFO: [ app_begin ] --END-- [ RunTime:0.000672s ]
SQL: SELECT * FROM `jx_category`  [ RunTime:0.0003s ]
NOTIC: [2048] Declaration of Admin\Model\GoodsModel::_after_insert() should be compatible with Think\Model::_after_insert($data, $options) F:\wamp\ThinkPHP_Project\jxshop\Application\Admin\Model\GoodsModel.class.php 第 244 行.
SQL: SELECT COUNT(*) AS tp_count FROM `jx_goods` WHERE ( isdel=1 ) LIMIT 1   [ RunTime:0.0003s ]
SQL: SELECT * FROM `jx_goods` WHERE ( isdel=1 ) LIMIT 0,2   [ RunTime:0.0003s ]
INFO: [ view_parse ] --START--
INFO: [ template_filter ] --START--
INFO: Run Behavior\ContentReplaceBehavior [ RunTime:0.000061s ]
INFO: [ template_filter ] --END-- [ RunTime:0.000097s ]
NOTIC: [8] Undefined index: cate_id F:\wamp\ThinkPHP_Project\jxshop\Application\Runtime\Cache\Admin\9ce8eac8d2713f300aacb86a396bc850.php 第 35 行.
NOTIC: [8] Undefined index: cate_id F:\wamp\ThinkPHP_Project\jxshop\Application\Runtime\Cache\Admin\9ce8eac8d2713f300aacb86a396bc850.php 第 35 行.
NOTIC: [8] Undefined index: cate_id F:\wamp\ThinkPHP_Project\jxshop\Application\Runtime\Cache\Admin\9ce8eac8d2713f300aacb86a396bc850.php 第 35 行.
NOTIC: [8] Undefined index: cate_id F:\wamp\ThinkPHP_Project\jxshop\Application\Runtime\Cache\Admin\9ce8eac8d2713f300aacb86a396bc850.php 第 35 行.
NOTIC: [8] Undefined index: cate_id F:\wamp\ThinkPHP_Project\jxshop\Application\Runtime\Cache\Admin\9ce8eac8d2713f300aacb86a396bc850.php 第 35 行.
NOTIC: [8] Undefined index: cate_id F:\wamp\ThinkPHP_Project\jxshop\Application\Runtime\Cache\Admin\9ce8eac8d2713f300aacb86a396bc850.php 第 35 行.
NOTIC: [8] Undefined index: cate_id F:\wamp\ThinkPHP_Project\jxshop\Application\Runtime\Cache\Admin\9ce8eac8d2713f300aacb86a396bc850.php 第 35 行.
NOTIC: [8] Undefined index: cate_id F:\wamp\ThinkPHP_Project\jxshop\Application\Runtime\Cache\Admin\9ce8eac8d2713f300aacb86a396bc850.php 第 35 行.
NOTIC: [8] Undefined index: cate_id F:\wamp\ThinkPHP_Project\jxshop\Application\Runtime\Cache\Admin\9ce8eac8d2713f300aacb86a396bc850.php 第 35 行.
NOTIC: [8] Undefined index: cate_id F:\wamp\ThinkPHP_Project\jxshop\Application\Runtime\Cache\Admin\9ce8eac8d2713f300aacb86a396bc850.php 第 35 行.
NOTIC: [8] Undefined index: intro_type F:\wamp\ThinkPHP_Project\jxshop\Application\Runtime\Cache\Admin\9ce8eac8d2713f300aacb86a396bc850.php 第 40 行.
NOTIC: [8] Undefined index: intro_type F:\wamp\ThinkPHP_Project\jxshop\Application\Runtime\Cache\Admin\9ce8eac8d2713f300aacb86a396bc850.php 第 41 行.
NOTIC: [8] Undefined index: intro_type F:\wamp\ThinkPHP_Project\jxshop\Application\Runtime\Cache\Admin\9ce8eac8d2713f300aacb86a396bc850.php 第 42 行.
NOTIC: [8] Undefined index: is_sale F:\wamp\ThinkPHP_Project\jxshop\Application\Runtime\Cache\Admin\9ce8eac8d2713f300aacb86a396bc850.php 第 46 行.
NOTIC: [8] Undefined index: is_sale F:\wamp\ThinkPHP_Project\jxshop\Application\Runtime\Cache\Admin\9ce8eac8d2713f300aacb86a396bc850.php 第 47 行.
NOTIC: [8] Undefined index: is_sale F:\wamp\ThinkPHP_Project\jxshop\Application\Runtime\Cache\Admin\9ce8eac8d2713f300aacb86a396bc850.php 第 48 行.
NOTIC: [8] Undefined index: keyword F:\wamp\ThinkPHP_Project\jxshop\Application\Runtime\Cache\Admin\9ce8eac8d2713f300aacb86a396bc850.php 第 51 行.
NOTIC: [8] Use of undefined constant yes - assumed 'yes' F:\wamp\ThinkPHP_Project\jxshop\Application\Runtime\Cache\Admin\9ce8eac8d2713f300aacb86a396bc850.php 第 74 行.
NOTIC: [8] Use of undefined constant no - assumed 'no' F:\wamp\ThinkPHP_Project\jxshop\Application\Runtime\Cache\Admin\9ce8eac8d2713f300aacb86a396bc850.php 第 75 行.
NOTIC: [8] Use of undefined constant yes - assumed 'yes' F:\wamp\ThinkPHP_Project\jxshop\Application\Runtime\Cache\Admin\9ce8eac8d2713f300aacb86a396bc850.php 第 74 行.
NOTIC: [8] Use of undefined constant no - assumed 'no' F:\wamp\ThinkPHP_Project\jxshop\Application\Runtime\Cache\Admin\9ce8eac8d2713f300aacb86a396bc850.php 第 75 行.
INFO: Run Behavior\ParseTemplateBehavior [ RunTime:0.010811s ]
INFO: [ view_parse ] --END-- [ RunTime:0.010861s ]
INFO: [ view_filter ] --START--
INFO: Run Behavior\WriteHtmlCacheBehavior [ RunTime:0.000507s ]
INFO: [ view_filter ] --END-- [ RunTime:0.000537s ]
INFO: [ app_end ] --START--
INFO: Run Behavior\ShowPageTraceBehavior [ RunTime:0.000639s ]
INFO: [ app_end ] --END-- [ RunTime:0.000670s ]

[ 2018-10-31T18:27:53+08:00 ] 127.0.0.1 /Admin/Goods/trash.html
INFO: [ app_init ] --START--
INFO: Run Behavior\BuildLiteBehavior [ RunTime:0.000010s ]
INFO: [ app_init ] --END-- [ RunTime:0.000409s ]
INFO: [ app_begin ] --START--
INFO: Run Behavior\ReadHtmlCacheBehavior [ RunTime:0.000831s ]
INFO: [ app_begin ] --END-- [ RunTime:0.000874s ]
SQL: SELECT * FROM `jx_category`  [ RunTime:0.0002s ]
NOTIC: [2048] Declaration of Admin\Model\GoodsModel::_after_insert() should be compatible with Think\Model::_after_insert($data, $options) F:\wamp\ThinkPHP_Project\jxshop\Application\Admin\Model\GoodsModel.class.php 第 244 行.
SQL: SELECT COUNT(*) AS tp_count FROM `jx_goods` WHERE ( isdel=0 ) LIMIT 1   [ RunTime:0.0002s ]
SQL: SELECT * FROM `jx_goods` WHERE ( isdel=0 ) LIMIT 0,2   [ RunTime:0.0003s ]
INFO: [ view_parse ] --START--
INFO: [ template_filter ] --START--
INFO: Run Behavior\ContentReplaceBehavior [ RunTime:0.000063s ]
INFO: [ template_filter ] --END-- [ RunTime:0.000097s ]
NOTIC: [8] Undefined index: cate_id F:\wamp\ThinkPHP_Project\jxshop\Application\Runtime\Cache\Admin\58c9149b3e8991eec7a902c7da9df42a.php 第 34 行.
NOTIC: [8] Undefined index: cate_id F:\wamp\ThinkPHP_Project\jxshop\Application\Runtime\Cache\Admin\58c9149b3e8991eec7a902c7da9df42a.php 第 34 行.
NOTIC: [8] Undefined index: cate_id F:\wamp\ThinkPHP_Project\jxshop\Application\Runtime\Cache\Admin\58c9149b3e8991eec7a902c7da9df42a.php 第 34 行.
NOTIC: [8] Undefined index: cate_id F:\wamp\ThinkPHP_Project\jxshop\Application\Runtime\Cache\Admin\58c9149b3e8991eec7a902c7da9df42a.php 第 34 行.
NOTIC: [8] Undefined index: cate_id F:\wamp\ThinkPHP_Project\jxshop\Application\Runtime\Cache\Admin\58c9149b3e8991eec7a902c7da9df42a.php 第 34 行.
NOTIC: [8] Undefined index: cate_id F:\wamp\ThinkPHP_Project\jxshop\Application\Runtime\Cache\Admin\58c9149b3e8991eec7a902c7da9df42a.php 第 34 行.
NOTIC: [8] Undefined index: cate_id F:\wamp\ThinkPHP_Project\jxshop\Application\Runtime\Cache\Admin\58c9149b3e8991eec7a902c7da9df42a.php 第 34 行.
NOTIC: [8] Undefined index: cate_id F:\wamp\ThinkPHP_Project\jxshop\Application\Runtime\Cache\Admin\58c9149b3e8991eec7a902c7da9df42a.php 第 34 行.
NOTIC: [8] Undefined index: cate_id F:\wamp\ThinkPHP_Project\jxshop\Application\Runtime\Cache\Admin\58c9149b3e8991eec7a902c7da9df42a.php 第 34 行.
NOTIC: [8] Undefined index: cate_id F:\wamp\ThinkPHP_Project\jxshop\Application\Runtime\Cache\Admin\58c9149b3e8991eec7a902c7da9df42a.php 第 34 行.
NOTIC: [8] Undefined index: intro_type F:\wamp\ThinkPHP_Project\jxshop\Application\Runtime\Cache\Admin\58c9149b3e8991eec7a902c7da9df42a.php 第 39 行.
NOTIC: [8] Undefined index: intro_type F:\wamp\ThinkPHP_Project\jxshop\Application\Runtime\Cache\Admin\58c9149b3e8991eec7a902c7da9df42a.php 第 40 行.
NOTIC: [8] Undefined index: intro_type F:\wamp\ThinkPHP_Project\jxshop\Application\Runtime\Cache\Admin\58c9149b3e8991eec7a902c7da9df42a.php 第 41 行.
NOTIC: [8] Undefined index: is_sale F:\wamp\ThinkPHP_Project\jxshop\Application\Runtime\Cache\Admin\58c9149b3e8991eec7a902c7da9df42a.php 第 45 行.
NOTIC: [8] Undefined index: is_sale F:\wamp\ThinkPHP_Project\jxshop\Application\Runtime\Cache\Admin\58c9149b3e8991eec7a902c7da9df42a.php 第 46 行.
NOTIC: [8] Undefined index: is_sale F:\wamp\ThinkPHP_Project\jxshop\Application\Runtime\Cache\Admin\58c9149b3e8991eec7a902c7da9df42a.php 第 47 行.
NOTIC: [8] Undefined index: keyword F:\wamp\ThinkPHP_Project\jxshop\Application\Runtime\Cache\Admin\58c9149b3e8991eec7a902c7da9df42a.php 第 50 行.
NOTIC: [8] Use of undefined constant yes - assumed 'yes' F:\wamp\ThinkPHP_Project\jxshop\Application\Runtime\Cache\Admin\58c9149b3e8991eec7a902c7da9df42a.php 第 73 行.
NOTIC: [8] Use of undefined constant yes - assumed 'yes' F:\wamp\ThinkPHP_Project\jxshop\Application\Runtime\Cache\Admin\58c9149b3e8991eec7a902c7da9df42a.php 第 74 行.
NOTIC: [8] Use of undefined constant yes - assumed 'yes' F:\wamp\ThinkPHP_Project\jxshop\Application\Runtime\Cache\Admin\58c9149b3e8991eec7a902c7da9df42a.php 第 73 行.
NOTIC: [8] Use of undefined constant yes - assumed 'yes' F:\wamp\ThinkPHP_Project\jxshop\Application\Runtime\Cache\Admin\58c9149b3e8991eec7a902c7da9df42a.php 第 74 行.
INFO: Run Behavior\ParseTemplateBehavior [ RunTime:0.010116s ]
INFO: [ view_parse ] --END-- [ RunTime:0.010161s ]
INFO: [ view_filter ] --START--
INFO: Run Behavior\WriteHtmlCacheBehavior [ RunTime:0.000811s ]
INFO: [ view_filter ] --END-- [ RunTime:0.000849s ]
INFO: [ app_end ] --START--
INFO: Run Behavior\ShowPageTraceBehavior [ RunTime:0.001498s ]
INFO: [ app_end ] --END-- [ RunTime:0.001542s ]

[ 2018-10-31T18:28:51+08:00 ] 127.0.0.1 /Admin/Goods/trash.html
INFO: [ app_init ] --START--
INFO: Run Behavior\BuildLiteBehavior [ RunTime:0.000012s ]
INFO: [ app_init ] --END-- [ RunTime:0.000343s ]
INFO: [ app_begin ] --START--
INFO: Run Behavior\ReadHtmlCacheBehavior [ RunTime:0.000549s ]
INFO: [ app_begin ] --END-- [ RunTime:0.000587s ]
SQL: SELECT * FROM `jx_category`  [ RunTime:0.0003s ]
NOTIC: [2048] Declaration of Admin\Model\GoodsModel::_after_insert() should be compatible with Think\Model::_after_insert($data, $options) F:\wamp\ThinkPHP_Project\jxshop\Application\Admin\Model\GoodsModel.class.php 第 244 行.
SQL: SELECT COUNT(*) AS tp_count FROM `jx_goods` WHERE ( isdel=0 ) LIMIT 1   [ RunTime:0.0003s ]
SQL: SELECT * FROM `jx_goods` WHERE ( isdel=0 ) LIMIT 0,2   [ RunTime:0.0003s ]
INFO: [ view_parse ] --START--
INFO: [ template_filter ] --START--
INFO: Run Behavior\ContentReplaceBehavior [ RunTime:0.000064s ]
INFO: [ template_filter ] --END-- [ RunTime:0.000097s ]
NOTIC: [8] Undefined index: cate_id F:\wamp\ThinkPHP_Project\jxshop\Application\Runtime\Cache\Admin\58c9149b3e8991eec7a902c7da9df42a.php 第 34 行.
NOTIC: [8] Undefined index: cate_id F:\wamp\ThinkPHP_Project\jxshop\Application\Runtime\Cache\Admin\58c9149b3e8991eec7a902c7da9df42a.php 第 34 行.
NOTIC: [8] Undefined index: cate_id F:\wamp\ThinkPHP_Project\jxshop\Application\Runtime\Cache\Admin\58c9149b3e8991eec7a902c7da9df42a.php 第 34 行.
NOTIC: [8] Undefined index: cate_id F:\wamp\ThinkPHP_Project\jxshop\Application\Runtime\Cache\Admin\58c9149b3e8991eec7a902c7da9df42a.php 第 34 行.
NOTIC: [8] Undefined index: cate_id F:\wamp\ThinkPHP_Project\jxshop\Application\Runtime\Cache\Admin\58c9149b3e8991eec7a902c7da9df42a.php 第 34 行.
NOTIC: [8] Undefined index: cate_id F:\wamp\ThinkPHP_Project\jxshop\Application\Runtime\Cache\Admin\58c9149b3e8991eec7a902c7da9df42a.php 第 34 行.
NOTIC: [8] Undefined index: cate_id F:\wamp\ThinkPHP_Project\jxshop\Application\Runtime\Cache\Admin\58c9149b3e8991eec7a902c7da9df42a.php 第 34 行.
NOTIC: [8] Undefined index: cate_id F:\wamp\ThinkPHP_Project\jxshop\Application\Runtime\Cache\Admin\58c9149b3e8991eec7a902c7da9df42a.php 第 34 行.
NOTIC: [8] Undefined index: cate_id F:\wamp\ThinkPHP_Project\jxshop\Application\Runtime\Cache\Admin\58c9149b3e8991eec7a902c7da9df42a.php 第 34 行.
NOTIC: [8] Undefined index: cate_id F:\wamp\ThinkPHP_Project\jxshop\Application\Runtime\Cache\Admin\58c9149b3e8991eec7a902c7da9df42a.php 第 34 行.
NOTIC: [8] Undefined index: intro_type F:\wamp\ThinkPHP_Project\jxshop\Application\Runtime\Cache\Admin\58c9149b3e8991eec7a902c7da9df42a.php 第 39 行.
NOTIC: [8] Undefined index: intro_type F:\wamp\ThinkPHP_Project\jxshop\Application\Runtime\Cache\Admin\58c9149b3e8991eec7a902c7da9df42a.php 第 40 行.
NOTIC: [8] Undefined index: intro_type F:\wamp\ThinkPHP_Project\jxshop\Application\Runtime\Cache\Admin\58c9149b3e8991eec7a902c7da9df42a.php 第 41 行.
NOTIC: [8] Undefined index: is_sale F:\wamp\ThinkPHP_Project\jxshop\Application\Runtime\Cache\Admin\58c9149b3e8991eec7a902c7da9df42a.php 第 45 行.
NOTIC: [8] Undefined index: is_sale F:\wamp\ThinkPHP_Project\jxshop\Application\Runtime\Cache\Admin\58c9149b3e8991eec7a902c7da9df42a.php 第 46 行.
NOTIC: [8] Undefined index: is_sale F:\wamp\ThinkPHP_Project\jxshop\Application\Runtime\Cache\Admin\58c9149b3e8991eec7a902c7da9df42a.php 第 47 行.
NOTIC: [8] Undefined index: keyword F:\wamp\ThinkPHP_Project\jxshop\Application\Runtime\Cache\Admin\58c9149b3e8991eec7a902c7da9df42a.php 第 50 行.
NOTIC: [8] Use of undefined constant yes - assumed 'yes' F:\wamp\ThinkPHP_Project\jxshop\Application\Runtime\Cache\Admin\58c9149b3e8991eec7a902c7da9df42a.php 第 73 行.
NOTIC: [8] Use of undefined constant yes - assumed 'yes' F:\wamp\ThinkPHP_Project\jxshop\Application\Runtime\Cache\Admin\58c9149b3e8991eec7a902c7da9df42a.php 第 74 行.
NOTIC: [8] Use of undefined constant yes - assumed 'yes' F:\wamp\ThinkPHP_Project\jxshop\Application\Runtime\Cache\Admin\58c9149b3e8991eec7a902c7da9df42a.php 第 73 行.
NOTIC: [8] Use of undefined constant yes - assumed 'yes' F:\wamp\ThinkPHP_Project\jxshop\Application\Runtime\Cache\Admin\58c9149b3e8991eec7a902c7da9df42a.php 第 74 行.
INFO: Run Behavior\ParseTemplateBehavior [ RunTime:0.011956s ]
INFO: [ view_parse ] --END-- [ RunTime:0.011991s ]
INFO: [ view_filter ] --START--
INFO: Run Behavior\WriteHtmlCacheBehavior [ RunTime:0.000426s ]
INFO: [ view_filter ] --END-- [ RunTime:0.000454s ]
INFO: [ app_end ] --START--
INFO: Run Behavior\ShowPageTraceBehavior [ RunTime:0.000586s ]
INFO: [ app_end ] --END-- [ RunTime:0.000614s ]

