[ 2019-03-23T09:55:09+08:00 ] 127.0.0.1 /Admin/Index/index.html
INFO: [ app_init ] --START--
INFO: Run Behavior\BuildLiteBehavior [ RunTime:0.000000s ]
INFO: [ app_init ] --END-- [ RunTime:0.013001s ]
INFO: [ app_begin ] --START--
INFO: Run Behavior\ReadHtmlCacheBehavior [ RunTime:0.025001s ]
INFO: [ app_begin ] --END-- [ RunTime:0.025001s ]
INFO: [ view_parse ] --START--
INFO: [ template_filter ] --START--
INFO: Run Behavior\ContentReplaceBehavior [ RunTime:0.000000s ]
INFO: [ template_filter ] --END-- [ RunTime:0.000000s ]
INFO: Run Behavior\ParseTemplateBehavior [ RunTime:0.245014s ]
INFO: [ view_parse ] --END-- [ RunTime:0.245014s ]
INFO: [ view_filter ] --START--
INFO: Run Behavior\WriteHtmlCacheBehavior [ RunTime:0.004000s ]
INFO: [ view_filter ] --END-- [ RunTime:0.004000s ]
INFO: [ app_end ] --START--
INFO: Run Behavior\ShowPageTraceBehavior [ RunTime:0.028002s ]
INFO: [ app_end ] --END-- [ RunTime:0.028002s ]

[ 2019-03-23T09:55:09+08:00 ] 127.0.0.1 /Admin/Index/top.html
INFO: [ app_init ] --START--
INFO: Run Behavior\BuildLiteBehavior [ RunTime:0.000000s ]
INFO: [ app_init ] --END-- [ RunTime:0.000000s ]
INFO: [ app_begin ] --START--
INFO: Run Behavior\ReadHtmlCacheBehavior [ RunTime:0.000000s ]
INFO: [ app_begin ] --END-- [ RunTime:0.001000s ]
INFO: [ view_parse ] --START--
INFO: [ template_filter ] --START--
INFO: Run Behavior\ContentReplaceBehavior [ RunTime:0.000000s ]
INFO: [ template_filter ] --END-- [ RunTime:0.000000s ]
INFO: Run Behavior\ParseTemplateBehavior [ RunTime:0.006000s ]
INFO: [ view_parse ] --END-- [ RunTime:0.006000s ]
INFO: [ view_filter ] --START--
INFO: Run Behavior\WriteHtmlCacheBehavior [ RunTime:0.001000s ]
INFO: [ view_filter ] --END-- [ RunTime:0.001000s ]
INFO: [ app_end ] --START--
INFO: Run Behavior\ShowPageTraceBehavior [ RunTime:0.000000s ]
INFO: [ app_end ] --END-- [ RunTime:0.000000s ]

[ 2019-03-23T09:55:09+08:00 ] 127.0.0.1 /Admin/Index/menu.html
INFO: [ app_init ] --START--
INFO: Run Behavior\BuildLiteBehavior [ RunTime:0.000000s ]
INFO: [ app_init ] --END-- [ RunTime:0.000000s ]
INFO: [ app_begin ] --START--
INFO: Run Behavior\ReadHtmlCacheBehavior [ RunTime:0.001001s ]
INFO: [ app_begin ] --END-- [ RunTime:0.001001s ]
INFO: [ view_parse ] --START--
INFO: [ template_filter ] --START--
INFO: Run Behavior\ContentReplaceBehavior [ RunTime:0.001000s ]
INFO: [ template_filter ] --END-- [ RunTime:0.001000s ]
INFO: Run Behavior\ParseTemplateBehavior [ RunTime:0.009001s ]
INFO: [ view_parse ] --END-- [ RunTime:0.009001s ]
INFO: [ view_filter ] --START--
INFO: Run Behavior\WriteHtmlCacheBehavior [ RunTime:0.000000s ]
INFO: [ view_filter ] --END-- [ RunTime:0.000000s ]
INFO: [ app_end ] --START--
INFO: Run Behavior\ShowPageTraceBehavior [ RunTime:0.001000s ]
INFO: [ app_end ] --END-- [ RunTime:0.001000s ]

[ 2019-03-23T09:55:09+08:00 ] 127.0.0.1 /Admin/Index/main.html
INFO: [ app_init ] --START--
INFO: Run Behavior\BuildLiteBehavior [ RunTime:0.000000s ]
INFO: [ app_init ] --END-- [ RunTime:0.000000s ]
INFO: [ app_begin ] --START--
INFO: Run Behavior\ReadHtmlCacheBehavior [ RunTime:0.000000s ]
INFO: [ app_begin ] --END-- [ RunTime:0.000000s ]
INFO: [ view_parse ] --START--
INFO: [ template_filter ] --START--
INFO: Run Behavior\ContentReplaceBehavior [ RunTime:0.000000s ]
INFO: [ template_filter ] --END-- [ RunTime:0.000000s ]
INFO: Run Behavior\ParseTemplateBehavior [ RunTime:0.007001s ]
INFO: [ view_parse ] --END-- [ RunTime:0.007001s ]
INFO: [ view_filter ] --START--
INFO: Run Behavior\WriteHtmlCacheBehavior [ RunTime:0.001000s ]
INFO: [ view_filter ] --END-- [ RunTime:0.001000s ]
INFO: [ app_end ] --START--
INFO: Run Behavior\ShowPageTraceBehavior [ RunTime:0.000000s ]
INFO: [ app_end ] --END-- [ RunTime:0.000000s ]

[ 2019-03-23T09:55:19+08:00 ] 127.0.0.1 /Admin/Index/index.html
INFO: [ app_init ] --START--
INFO: Run Behavior\BuildLiteBehavior [ RunTime:0.000000s ]
INFO: [ app_init ] --END-- [ RunTime:0.000000s ]
INFO: [ app_begin ] --START--
INFO: Run Behavior\ReadHtmlCacheBehavior [ RunTime:0.001000s ]
INFO: [ app_begin ] --END-- [ RunTime:0.001000s ]
INFO: [ view_parse ] --START--
INFO: [ template_filter ] --START--
INFO: Run Behavior\ContentReplaceBehavior [ RunTime:0.000000s ]
INFO: [ template_filter ] --END-- [ RunTime:0.000000s ]
INFO: Run Behavior\ParseTemplateBehavior [ RunTime:0.005000s ]
INFO: [ view_parse ] --END-- [ RunTime:0.005000s ]
INFO: [ view_filter ] --START--
INFO: Run Behavior\WriteHtmlCacheBehavior [ RunTime:0.000000s ]
INFO: [ view_filter ] --END-- [ RunTime:0.000000s ]
INFO: [ app_end ] --START--
INFO: Run Behavior\ShowPageTraceBehavior [ RunTime:0.001000s ]
INFO: [ app_end ] --END-- [ RunTime:0.001000s ]

[ 2019-03-23T09:55:19+08:00 ] 127.0.0.1 /Admin/Index/top.html
INFO: [ app_init ] --START--
INFO: Run Behavior\BuildLiteBehavior [ RunTime:0.000000s ]
INFO: [ app_init ] --END-- [ RunTime:0.000000s ]
INFO: [ app_begin ] --START--
INFO: Run Behavior\ReadHtmlCacheBehavior [ RunTime:0.001000s ]
INFO: [ app_begin ] --END-- [ RunTime:0.001000s ]
INFO: [ view_parse ] --START--
INFO: [ template_filter ] --START--
INFO: Run Behavior\ContentReplaceBehavior [ RunTime:0.000000s ]
INFO: [ template_filter ] --END-- [ RunTime:0.000000s ]
INFO: Run Behavior\ParseTemplateBehavior [ RunTime:0.006000s ]
INFO: [ view_parse ] --END-- [ RunTime:0.006000s ]
INFO: [ view_filter ] --START--
INFO: Run Behavior\WriteHtmlCacheBehavior [ RunTime:0.001000s ]
INFO: [ view_filter ] --END-- [ RunTime:0.001000s ]
INFO: [ app_end ] --START--
INFO: Run Behavior\ShowPageTraceBehavior [ RunTime:0.000000s ]
INFO: [ app_end ] --END-- [ RunTime:0.000000s ]

[ 2019-03-23T09:55:19+08:00 ] 127.0.0.1 /Admin/Index/menu.html
INFO: [ app_init ] --START--
INFO: Run Behavior\BuildLiteBehavior [ RunTime:0.000000s ]
INFO: [ app_init ] --END-- [ RunTime:0.000000s ]
INFO: [ app_begin ] --START--
INFO: Run Behavior\ReadHtmlCacheBehavior [ RunTime:0.001000s ]
INFO: [ app_begin ] --END-- [ RunTime:0.001000s ]
INFO: [ view_parse ] --START--
INFO: [ template_filter ] --START--
INFO: Run Behavior\ContentReplaceBehavior [ RunTime:0.000000s ]
INFO: [ template_filter ] --END-- [ RunTime:0.000000s ]
INFO: Run Behavior\ParseTemplateBehavior [ RunTime:0.007000s ]
INFO: [ view_parse ] --END-- [ RunTime:0.007000s ]
INFO: [ view_filter ] --START--
INFO: Run Behavior\WriteHtmlCacheBehavior [ RunTime:0.000000s ]
INFO: [ view_filter ] --END-- [ RunTime:0.000000s ]
INFO: [ app_end ] --START--
INFO: Run Behavior\ShowPageTraceBehavior [ RunTime:0.000000s ]
INFO: [ app_end ] --END-- [ RunTime:0.000000s ]

[ 2019-03-23T09:55:19+08:00 ] 127.0.0.1 /Admin/Index/main.html
INFO: [ app_init ] --START--
INFO: Run Behavior\BuildLiteBehavior [ RunTime:0.000000s ]
INFO: [ app_init ] --END-- [ RunTime:0.000000s ]
INFO: [ app_begin ] --START--
INFO: Run Behavior\ReadHtmlCacheBehavior [ RunTime:0.000000s ]
INFO: [ app_begin ] --END-- [ RunTime:0.000000s ]
INFO: [ view_parse ] --START--
INFO: [ template_filter ] --START--
INFO: Run Behavior\ContentReplaceBehavior [ RunTime:0.000000s ]
INFO: [ template_filter ] --END-- [ RunTime:0.000000s ]
INFO: Run Behavior\ParseTemplateBehavior [ RunTime:0.008001s ]
INFO: [ view_parse ] --END-- [ RunTime:0.008001s ]
INFO: [ view_filter ] --START--
INFO: Run Behavior\WriteHtmlCacheBehavior [ RunTime:0.001000s ]
INFO: [ view_filter ] --END-- [ RunTime:0.001000s ]
INFO: [ app_end ] --START--
INFO: Run Behavior\ShowPageTraceBehavior [ RunTime:0.001000s ]
INFO: [ app_end ] --END-- [ RunTime:0.001000s ]

[ 2019-03-23T15:50:20+08:00 ] 127.0.0.1 /Admin/Index/index.html
INFO: [ app_init ] --START--
INFO: Run Behavior\BuildLiteBehavior [ RunTime:0.000000s ]
INFO: [ app_init ] --END-- [ RunTime:0.000000s ]
INFO: [ app_begin ] --START--
INFO: Run Behavior\ReadHtmlCacheBehavior [ RunTime:0.000000s ]
INFO: [ app_begin ] --END-- [ RunTime:0.000000s ]
INFO: [ view_parse ] --START--
INFO: [ template_filter ] --START--
INFO: Run Behavior\ContentReplaceBehavior [ RunTime:0.000000s ]
INFO: [ template_filter ] --END-- [ RunTime:0.000000s ]
INFO: Run Behavior\ParseTemplateBehavior [ RunTime:0.004000s ]
INFO: [ view_parse ] --END-- [ RunTime:0.004000s ]
INFO: [ view_filter ] --START--
INFO: Run Behavior\WriteHtmlCacheBehavior [ RunTime:0.001000s ]
INFO: [ view_filter ] --END-- [ RunTime:0.001000s ]
INFO: [ app_end ] --START--
INFO: Run Behavior\ShowPageTraceBehavior [ RunTime:0.001000s ]
INFO: [ app_end ] --END-- [ RunTime:0.001000s ]

[ 2019-03-23T15:50:20+08:00 ] 127.0.0.1 /Admin/Index/top.html
INFO: [ app_init ] --START--
INFO: Run Behavior\BuildLiteBehavior [ RunTime:0.000000s ]
INFO: [ app_init ] --END-- [ RunTime:0.000000s ]
INFO: [ app_begin ] --START--
INFO: Run Behavior\ReadHtmlCacheBehavior [ RunTime:0.000000s ]
INFO: [ app_begin ] --END-- [ RunTime:0.000000s ]
INFO: [ view_parse ] --START--
INFO: [ template_filter ] --START--
INFO: Run Behavior\ContentReplaceBehavior [ RunTime:0.000000s ]
INFO: [ template_filter ] --END-- [ RunTime:0.000000s ]
INFO: Run Behavior\ParseTemplateBehavior [ RunTime:0.015001s ]
INFO: [ view_parse ] --END-- [ RunTime:0.015001s ]
INFO: [ view_filter ] --START--
INFO: Run Behavior\WriteHtmlCacheBehavior [ RunTime:0.000000s ]
INFO: [ view_filter ] --END-- [ RunTime:0.000000s ]
INFO: [ app_end ] --START--
INFO: Run Behavior\ShowPageTraceBehavior [ RunTime:0.001000s ]
INFO: [ app_end ] --END-- [ RunTime:0.001000s ]

[ 2019-03-23T15:50:20+08:00 ] 127.0.0.1 /Admin/Index/menu.html
INFO: [ app_init ] --START--
INFO: Run Behavior\BuildLiteBehavior [ RunTime:0.000000s ]
INFO: [ app_init ] --END-- [ RunTime:0.001000s ]
INFO: [ app_begin ] --START--
INFO: Run Behavior\ReadHtmlCacheBehavior [ RunTime:0.000000s ]
INFO: [ app_begin ] --END-- [ RunTime:0.000000s ]
INFO: [ view_parse ] --START--
INFO: [ template_filter ] --START--
INFO: Run Behavior\ContentReplaceBehavior [ RunTime:0.000000s ]
INFO: [ template_filter ] --END-- [ RunTime:0.000000s ]
INFO: Run Behavior\ParseTemplateBehavior [ RunTime:0.008001s ]
INFO: [ view_parse ] --END-- [ RunTime:0.008001s ]
INFO: [ view_filter ] --START--
INFO: Run Behavior\WriteHtmlCacheBehavior [ RunTime:0.001000s ]
INFO: [ view_filter ] --END-- [ RunTime:0.001000s ]
INFO: [ app_end ] --START--
INFO: Run Behavior\ShowPageTraceBehavior [ RunTime:0.001000s ]
INFO: [ app_end ] --END-- [ RunTime:0.001000s ]

[ 2019-03-23T15:50:20+08:00 ] 127.0.0.1 /Admin/Index/main.html
INFO: [ app_init ] --START--
INFO: Run Behavior\BuildLiteBehavior [ RunTime:0.000000s ]
INFO: [ app_init ] --END-- [ RunTime:0.000000s ]
INFO: [ app_begin ] --START--
INFO: Run Behavior\ReadHtmlCacheBehavior [ RunTime:0.000000s ]
INFO: [ app_begin ] --END-- [ RunTime:0.000000s ]
INFO: [ view_parse ] --START--
INFO: [ template_filter ] --START--
INFO: Run Behavior\ContentReplaceBehavior [ RunTime:0.001001s ]
INFO: [ template_filter ] --END-- [ RunTime:0.001001s ]
INFO: Run Behavior\ParseTemplateBehavior [ RunTime:0.003001s ]
INFO: [ view_parse ] --END-- [ RunTime:0.003001s ]
INFO: [ view_filter ] --START--
INFO: Run Behavior\WriteHtmlCacheBehavior [ RunTime:0.001000s ]
INFO: [ view_filter ] --END-- [ RunTime:0.001000s ]
INFO: [ app_end ] --START--
INFO: Run Behavior\ShowPageTraceBehavior [ RunTime:0.000000s ]
INFO: [ app_end ] --END-- [ RunTime:0.000000s ]

[ 2019-03-23T15:50:23+08:00 ] 127.0.0.1 /admin/goods/add.html
INFO: [ app_init ] --START--
INFO: Run Behavior\BuildLiteBehavior [ RunTime:0.000000s ]
INFO: [ app_init ] --END-- [ RunTime:0.001000s ]
INFO: [ app_begin ] --START--
INFO: Run Behavior\ReadHtmlCacheBehavior [ RunTime:0.000000s ]
INFO: [ app_begin ] --END-- [ RunTime:0.000000s ]
SQL: SELECT * FROM `jx_type`  [ RunTime:0.0000s ]
SQL: SELECT * FROM `jx_category`  [ RunTime:0.0010s ]
INFO: [ view_parse ] --START--
INFO: [ template_filter ] --START--
INFO: Run Behavior\ContentReplaceBehavior [ RunTime:0.000000s ]
INFO: [ template_filter ] --END-- [ RunTime:0.000000s ]
INFO: Run Behavior\ParseTemplateBehavior [ RunTime:0.005000s ]
INFO: [ view_parse ] --END-- [ RunTime:0.005000s ]
INFO: [ view_filter ] --START--
INFO: Run Behavior\WriteHtmlCacheBehavior [ RunTime:0.000000s ]
INFO: [ view_filter ] --END-- [ RunTime:0.000000s ]
INFO: [ app_end ] --START--
INFO: Run Behavior\ShowPageTraceBehavior [ RunTime:0.000000s ]
INFO: [ app_end ] --END-- [ RunTime:0.000000s ]

[ 2019-03-23T15:50:24+08:00 ] 127.0.0.1 /admin/goods/index.html
INFO: [ app_init ] --START--
INFO: Run Behavior\BuildLiteBehavior [ RunTime:0.000000s ]
INFO: [ app_init ] --END-- [ RunTime:0.000000s ]
INFO: [ app_begin ] --START--
INFO: Run Behavior\ReadHtmlCacheBehavior [ RunTime:0.000000s ]
INFO: [ app_begin ] --END-- [ RunTime:0.000000s ]
SQL: SELECT * FROM `jx_category`  [ RunTime:0.0010s ]
NOTIC: [2] Declaration of Admin\Model\GoodsModel::_after_insert($data) should be compatible with Think\Model::_after_insert($data, $options) F:\wamp\ThinkPHP_Project\jxshop\Application\Admin\Model\GoodsModel.class.php 第 0 行.
SQL: SELECT COUNT(*) AS tp_count FROM `jx_goods` WHERE ( isdel=1 ) LIMIT 1   [ RunTime:0.0880s ]
SQL: SELECT * FROM `jx_goods` WHERE ( isdel=1 ) ORDER BY id desc LIMIT 0,6   [ RunTime:0.0000s ]
INFO: [ view_parse ] --START--
INFO: [ template_filter ] --START--
INFO: Run Behavior\ContentReplaceBehavior [ RunTime:0.001000s ]
INFO: [ template_filter ] --END-- [ RunTime:0.001000s ]
NOTIC: [8] Undefined index: cate_id F:\wamp\ThinkPHP_Project\jxshop\Application\Runtime\Cache\Admin\9ce8eac8d2713f300aacb86a396bc850.php 第 35 行.
NOTIC: [8] Undefined index: cate_id F:\wamp\ThinkPHP_Project\jxshop\Application\Runtime\Cache\Admin\9ce8eac8d2713f300aacb86a396bc850.php 第 35 行.
NOTIC: [8] Undefined index: cate_id F:\wamp\ThinkPHP_Project\jxshop\Application\Runtime\Cache\Admin\9ce8eac8d2713f300aacb86a396bc850.php 第 35 行.
NOTIC: [8] Undefined index: cate_id F:\wamp\ThinkPHP_Project\jxshop\Application\Runtime\Cache\Admin\9ce8eac8d2713f300aacb86a396bc850.php 第 35 行.
NOTIC: [8] Undefined index: cate_id F:\wamp\ThinkPHP_Project\jxshop\Application\Runtime\Cache\Admin\9ce8eac8d2713f300aacb86a396bc850.php 第 35 行.
NOTIC: [8] Undefined index: cate_id F:\wamp\ThinkPHP_Project\jxshop\Application\Runtime\Cache\Admin\9ce8eac8d2713f300aacb86a396bc850.php 第 35 行.
NOTIC: [8] Undefined index: cate_id F:\wamp\ThinkPHP_Project\jxshop\Application\Runtime\Cache\Admin\9ce8eac8d2713f300aacb86a396bc850.php 第 35 行.
NOTIC: [8] Undefined index: cate_id F:\wamp\ThinkPHP_Project\jxshop\Application\Runtime\Cache\Admin\9ce8eac8d2713f300aacb86a396bc850.php 第 35 行.
NOTIC: [8] Undefined index: cate_id F:\wamp\ThinkPHP_Project\jxshop\Application\Runtime\Cache\Admin\9ce8eac8d2713f300aacb86a396bc850.php 第 35 行.
NOTIC: [8] Undefined index: cate_id F:\wamp\ThinkPHP_Project\jxshop\Application\Runtime\Cache\Admin\9ce8eac8d2713f300aacb86a396bc850.php 第 35 行.
NOTIC: [8] Undefined index: cate_id F:\wamp\ThinkPHP_Project\jxshop\Application\Runtime\Cache\Admin\9ce8eac8d2713f300aacb86a396bc850.php 第 35 行.
NOTIC: [8] Undefined index: cate_id F:\wamp\ThinkPHP_Project\jxshop\Application\Runtime\Cache\Admin\9ce8eac8d2713f300aacb86a396bc850.php 第 35 行.
NOTIC: [8] Undefined index: cate_id F:\wamp\ThinkPHP_Project\jxshop\Application\Runtime\Cache\Admin\9ce8eac8d2713f300aacb86a396bc850.php 第 35 行.
NOTIC: [8] Undefined index: cate_id F:\wamp\ThinkPHP_Project\jxshop\Application\Runtime\Cache\Admin\9ce8eac8d2713f300aacb86a396bc850.php 第 35 行.
NOTIC: [8] Undefined index: cate_id F:\wamp\ThinkPHP_Project\jxshop\Application\Runtime\Cache\Admin\9ce8eac8d2713f300aacb86a396bc850.php 第 35 行.
NOTIC: [8] Undefined index: cate_id F:\wamp\ThinkPHP_Project\jxshop\Application\Runtime\Cache\Admin\9ce8eac8d2713f300aacb86a396bc850.php 第 35 行.
NOTIC: [8] Undefined index: cate_id F:\wamp\ThinkPHP_Project\jxshop\Application\Runtime\Cache\Admin\9ce8eac8d2713f300aacb86a396bc850.php 第 35 行.
NOTIC: [8] Undefined index: cate_id F:\wamp\ThinkPHP_Project\jxshop\Application\Runtime\Cache\Admin\9ce8eac8d2713f300aacb86a396bc850.php 第 35 行.
NOTIC: [8] Undefined index: cate_id F:\wamp\ThinkPHP_Project\jxshop\Application\Runtime\Cache\Admin\9ce8eac8d2713f300aacb86a396bc850.php 第 35 行.
NOTIC: [8] Undefined index: cate_id F:\wamp\ThinkPHP_Project\jxshop\Application\Runtime\Cache\Admin\9ce8eac8d2713f300aacb86a396bc850.php 第 35 行.
NOTIC: [8] Undefined index: cate_id F:\wamp\ThinkPHP_Project\jxshop\Application\Runtime\Cache\Admin\9ce8eac8d2713f300aacb86a396bc850.php 第 35 行.
NOTIC: [8] Undefined index: cate_id F:\wamp\ThinkPHP_Project\jxshop\Application\Runtime\Cache\Admin\9ce8eac8d2713f300aacb86a396bc850.php 第 35 行.
NOTIC: [8] Undefined index: cate_id F:\wamp\ThinkPHP_Project\jxshop\Application\Runtime\Cache\Admin\9ce8eac8d2713f300aacb86a396bc850.php 第 35 行.
NOTIC: [8] Undefined index: cate_id F:\wamp\ThinkPHP_Project\jxshop\Application\Runtime\Cache\Admin\9ce8eac8d2713f300aacb86a396bc850.php 第 35 行.
NOTIC: [8] Undefined index: cate_id F:\wamp\ThinkPHP_Project\jxshop\Application\Runtime\Cache\Admin\9ce8eac8d2713f300aacb86a396bc850.php 第 35 行.
NOTIC: [8] Undefined index: cate_id F:\wamp\ThinkPHP_Project\jxshop\Application\Runtime\Cache\Admin\9ce8eac8d2713f300aacb86a396bc850.php 第 35 行.
NOTIC: [8] Undefined index: cate_id F:\wamp\ThinkPHP_Project\jxshop\Application\Runtime\Cache\Admin\9ce8eac8d2713f300aacb86a396bc850.php 第 35 行.
NOTIC: [8] Undefined index: intro_type F:\wamp\ThinkPHP_Project\jxshop\Application\Runtime\Cache\Admin\9ce8eac8d2713f300aacb86a396bc850.php 第 40 行.
NOTIC: [8] Undefined index: intro_type F:\wamp\ThinkPHP_Project\jxshop\Application\Runtime\Cache\Admin\9ce8eac8d2713f300aacb86a396bc850.php 第 41 行.
NOTIC: [8] Undefined index: intro_type F:\wamp\ThinkPHP_Project\jxshop\Application\Runtime\Cache\Admin\9ce8eac8d2713f300aacb86a396bc850.php 第 42 行.
NOTIC: [8] Undefined index: is_sale F:\wamp\ThinkPHP_Project\jxshop\Application\Runtime\Cache\Admin\9ce8eac8d2713f300aacb86a396bc850.php 第 46 行.
NOTIC: [8] Undefined index: is_sale F:\wamp\ThinkPHP_Project\jxshop\Application\Runtime\Cache\Admin\9ce8eac8d2713f300aacb86a396bc850.php 第 47 行.
NOTIC: [8] Undefined index: is_sale F:\wamp\ThinkPHP_Project\jxshop\Application\Runtime\Cache\Admin\9ce8eac8d2713f300aacb86a396bc850.php 第 48 行.
NOTIC: [8] Undefined index: is_desc F:\wamp\ThinkPHP_Project\jxshop\Application\Runtime\Cache\Admin\9ce8eac8d2713f300aacb86a396bc850.php 第 53 行.
NOTIC: [8] Undefined index: is_desc F:\wamp\ThinkPHP_Project\jxshop\Application\Runtime\Cache\Admin\9ce8eac8d2713f300aacb86a396bc850.php 第 54 行.
NOTIC: [8] Undefined index: keyword F:\wamp\ThinkPHP_Project\jxshop\Application\Runtime\Cache\Admin\9ce8eac8d2713f300aacb86a396bc850.php 第 57 行.
NOTIC: [8] Use of undefined constant yes - assumed 'yes' F:\wamp\ThinkPHP_Project\jxshop\Application\Runtime\Cache\Admin\9ce8eac8d2713f300aacb86a396bc850.php 第 82 行.
NOTIC: [8] Use of undefined constant yes - assumed 'yes' F:\wamp\ThinkPHP_Project\jxshop\Application\Runtime\Cache\Admin\9ce8eac8d2713f300aacb86a396bc850.php 第 83 行.
NOTIC: [8] Use of undefined constant yes - assumed 'yes' F:\wamp\ThinkPHP_Project\jxshop\Application\Runtime\Cache\Admin\9ce8eac8d2713f300aacb86a396bc850.php 第 82 行.
NOTIC: [8] Use of undefined constant yes - assumed 'yes' F:\wamp\ThinkPHP_Project\jxshop\Application\Runtime\Cache\Admin\9ce8eac8d2713f300aacb86a396bc850.php 第 83 行.
NOTIC: [8] Use of undefined constant yes - assumed 'yes' F:\wamp\ThinkPHP_Project\jxshop\Application\Runtime\Cache\Admin\9ce8eac8d2713f300aacb86a396bc850.php 第 82 行.
NOTIC: [8] Use of undefined constant no - assumed 'no' F:\wamp\ThinkPHP_Project\jxshop\Application\Runtime\Cache\Admin\9ce8eac8d2713f300aacb86a396bc850.php 第 83 行.
NOTIC: [8] Use of undefined constant yes - assumed 'yes' F:\wamp\ThinkPHP_Project\jxshop\Application\Runtime\Cache\Admin\9ce8eac8d2713f300aacb86a396bc850.php 第 82 行.
NOTIC: [8] Use of undefined constant no - assumed 'no' F:\wamp\ThinkPHP_Project\jxshop\Application\Runtime\Cache\Admin\9ce8eac8d2713f300aacb86a396bc850.php 第 83 行.
NOTIC: [8] Use of undefined constant yes - assumed 'yes' F:\wamp\ThinkPHP_Project\jxshop\Application\Runtime\Cache\Admin\9ce8eac8d2713f300aacb86a396bc850.php 第 82 行.
NOTIC: [8] Use of undefined constant no - assumed 'no' F:\wamp\ThinkPHP_Project\jxshop\Application\Runtime\Cache\Admin\9ce8eac8d2713f300aacb86a396bc850.php 第 83 行.
NOTIC: [8] Use of undefined constant yes - assumed 'yes' F:\wamp\ThinkPHP_Project\jxshop\Application\Runtime\Cache\Admin\9ce8eac8d2713f300aacb86a396bc850.php 第 82 行.
NOTIC: [8] Use of undefined constant yes - assumed 'yes' F:\wamp\ThinkPHP_Project\jxshop\Application\Runtime\Cache\Admin\9ce8eac8d2713f300aacb86a396bc850.php 第 83 行.
INFO: Run Behavior\ParseTemplateBehavior [ RunTime:0.004001s ]
INFO: [ view_parse ] --END-- [ RunTime:0.004001s ]
INFO: [ view_filter ] --START--
INFO: Run Behavior\WriteHtmlCacheBehavior [ RunTime:0.001000s ]
INFO: [ view_filter ] --END-- [ RunTime:0.001000s ]
INFO: [ app_end ] --START--
INFO: Run Behavior\ShowPageTraceBehavior [ RunTime:0.000000s ]
INFO: [ app_end ] --END-- [ RunTime:0.000000s ]

[ 2019-03-23T15:51:07+08:00 ] 127.0.0.1 /admin/admin/index.html
INFO: [ app_init ] --START--
INFO: Run Behavior\BuildLiteBehavior [ RunTime:0.000000s ]
INFO: [ app_init ] --END-- [ RunTime:0.000000s ]
INFO: [ app_begin ] --START--
INFO: Run Behavior\ReadHtmlCacheBehavior [ RunTime:0.001000s ]
INFO: [ app_begin ] --END-- [ RunTime:0.001000s ]
NOTIC: [2] Declaration of Admin\Model\AdminModel::_after_insert($data) should be compatible with Think\Model::_after_insert($data, $options) F:\wamp\ThinkPHP_Project\jxshop\Application\Admin\Model\AdminModel.class.php 第 5 行.
SQL: SELECT COUNT(*) AS tp_count FROM `jx_admin` LIMIT 1   [ RunTime:0.0010s ]
SQL: SELECT a.*,c.role_name FROM jx_admin a left join jx_admin_role b on a.id = b.admin_id left join jx_role c on b.role_id = c.id  LIMIT 0,4   [ RunTime:0.0360s ]
INFO: [ view_parse ] --START--
INFO: [ template_filter ] --START--
INFO: Run Behavior\ContentReplaceBehavior [ RunTime:0.000000s ]
INFO: [ template_filter ] --END-- [ RunTime:0.000000s ]
NOTIC: [8] Undefined variable: cate F:\wamp\ThinkPHP_Project\jxshop\Application\Runtime\Cache\Admin\d7502419773bd6b49a800162e5dc3227.php 第 35 行.
NOTIC: [8] Undefined index: intro_type F:\wamp\ThinkPHP_Project\jxshop\Application\Runtime\Cache\Admin\d7502419773bd6b49a800162e5dc3227.php 第 40 行.
NOTIC: [8] Undefined index: intro_type F:\wamp\ThinkPHP_Project\jxshop\Application\Runtime\Cache\Admin\d7502419773bd6b49a800162e5dc3227.php 第 41 行.
NOTIC: [8] Undefined index: intro_type F:\wamp\ThinkPHP_Project\jxshop\Application\Runtime\Cache\Admin\d7502419773bd6b49a800162e5dc3227.php 第 42 行.
NOTIC: [8] Undefined index: is_sale F:\wamp\ThinkPHP_Project\jxshop\Application\Runtime\Cache\Admin\d7502419773bd6b49a800162e5dc3227.php 第 46 行.
NOTIC: [8] Undefined index: is_sale F:\wamp\ThinkPHP_Project\jxshop\Application\Runtime\Cache\Admin\d7502419773bd6b49a800162e5dc3227.php 第 47 行.
NOTIC: [8] Undefined index: is_sale F:\wamp\ThinkPHP_Project\jxshop\Application\Runtime\Cache\Admin\d7502419773bd6b49a800162e5dc3227.php 第 48 行.
NOTIC: [8] Undefined index: keyword F:\wamp\ThinkPHP_Project\jxshop\Application\Runtime\Cache\Admin\d7502419773bd6b49a800162e5dc3227.php 第 51 行.
INFO: Run Behavior\ParseTemplateBehavior [ RunTime:0.005000s ]
INFO: [ view_parse ] --END-- [ RunTime:0.005000s ]
INFO: [ view_filter ] --START--
INFO: Run Behavior\WriteHtmlCacheBehavior [ RunTime:0.000000s ]
INFO: [ view_filter ] --END-- [ RunTime:0.000000s ]
INFO: [ app_end ] --START--
INFO: Run Behavior\ShowPageTraceBehavior [ RunTime:0.000000s ]
INFO: [ app_end ] --END-- [ RunTime:0.000000s ]

[ 2019-03-23T15:51:12+08:00 ] 127.0.0.1 /admin/admin/index.html?cate_id=0&intro_type=0&is_sale=1&keyword=
INFO: [ app_init ] --START--
INFO: Run Behavior\BuildLiteBehavior [ RunTime:0.000000s ]
INFO: [ app_init ] --END-- [ RunTime:0.000000s ]
INFO: [ app_begin ] --START--
INFO: Run Behavior\ReadHtmlCacheBehavior [ RunTime:0.000000s ]
INFO: [ app_begin ] --END-- [ RunTime:0.000000s ]
NOTIC: [2] Declaration of Admin\Model\AdminModel::_after_insert($data) should be compatible with Think\Model::_after_insert($data, $options) F:\wamp\ThinkPHP_Project\jxshop\Application\Admin\Model\AdminModel.class.php 第 5 行.
SQL: SELECT COUNT(*) AS tp_count FROM `jx_admin` LIMIT 1   [ RunTime:0.0000s ]
SQL: SELECT a.*,c.role_name FROM jx_admin a left join jx_admin_role b on a.id = b.admin_id left join jx_role c on b.role_id = c.id  LIMIT 0,4   [ RunTime:0.0000s ]
INFO: [ view_parse ] --START--
INFO: [ template_filter ] --START--
INFO: Run Behavior\ContentReplaceBehavior [ RunTime:0.000000s ]
INFO: [ template_filter ] --END-- [ RunTime:0.000000s ]
NOTIC: [8] Undefined variable: cate F:\wamp\ThinkPHP_Project\jxshop\Application\Runtime\Cache\Admin\d7502419773bd6b49a800162e5dc3227.php 第 35 行.
INFO: Run Behavior\ParseTemplateBehavior [ RunTime:0.004000s ]
INFO: [ view_parse ] --END-- [ RunTime:0.004000s ]
INFO: [ view_filter ] --START--
INFO: Run Behavior\WriteHtmlCacheBehavior [ RunTime:0.001000s ]
INFO: [ view_filter ] --END-- [ RunTime:0.001000s ]
INFO: [ app_end ] --START--
INFO: Run Behavior\ShowPageTraceBehavior [ RunTime:0.000000s ]
INFO: [ app_end ] --END-- [ RunTime:0.000000s ]

[ 2019-03-23T15:51:16+08:00 ] 127.0.0.1 /admin/goods/index.html
INFO: [ app_init ] --START--
INFO: Run Behavior\BuildLiteBehavior [ RunTime:0.000000s ]
INFO: [ app_init ] --END-- [ RunTime:0.001000s ]
INFO: [ app_begin ] --START--
INFO: Run Behavior\ReadHtmlCacheBehavior [ RunTime:0.001000s ]
INFO: [ app_begin ] --END-- [ RunTime:0.001000s ]
SQL: SELECT * FROM `jx_category`  [ RunTime:0.0000s ]
NOTIC: [2] Declaration of Admin\Model\GoodsModel::_after_insert($data) should be compatible with Think\Model::_after_insert($data, $options) F:\wamp\ThinkPHP_Project\jxshop\Application\Admin\Model\GoodsModel.class.php 第 0 行.
SQL: SELECT COUNT(*) AS tp_count FROM `jx_goods` WHERE ( isdel=1 ) LIMIT 1   [ RunTime:0.0000s ]
SQL: SELECT * FROM `jx_goods` WHERE ( isdel=1 ) ORDER BY id desc LIMIT 0,6   [ RunTime:0.0000s ]
INFO: [ view_parse ] --START--
INFO: [ template_filter ] --START--
INFO: Run Behavior\ContentReplaceBehavior [ RunTime:0.000000s ]
INFO: [ template_filter ] --END-- [ RunTime:0.000000s ]
NOTIC: [8] Undefined index: cate_id F:\wamp\ThinkPHP_Project\jxshop\Application\Runtime\Cache\Admin\9ce8eac8d2713f300aacb86a396bc850.php 第 35 行.
NOTIC: [8] Undefined index: cate_id F:\wamp\ThinkPHP_Project\jxshop\Application\Runtime\Cache\Admin\9ce8eac8d2713f300aacb86a396bc850.php 第 35 行.
NOTIC: [8] Undefined index: cate_id F:\wamp\ThinkPHP_Project\jxshop\Application\Runtime\Cache\Admin\9ce8eac8d2713f300aacb86a396bc850.php 第 35 行.
NOTIC: [8] Undefined index: cate_id F:\wamp\ThinkPHP_Project\jxshop\Application\Runtime\Cache\Admin\9ce8eac8d2713f300aacb86a396bc850.php 第 35 行.
NOTIC: [8] Undefined index: cate_id F:\wamp\ThinkPHP_Project\jxshop\Application\Runtime\Cache\Admin\9ce8eac8d2713f300aacb86a396bc850.php 第 35 行.
NOTIC: [8] Undefined index: cate_id F:\wamp\ThinkPHP_Project\jxshop\Application\Runtime\Cache\Admin\9ce8eac8d2713f300aacb86a396bc850.php 第 35 行.
NOTIC: [8] Undefined index: cate_id F:\wamp\ThinkPHP_Project\jxshop\Application\Runtime\Cache\Admin\9ce8eac8d2713f300aacb86a396bc850.php 第 35 行.
NOTIC: [8] Undefined index: cate_id F:\wamp\ThinkPHP_Project\jxshop\Application\Runtime\Cache\Admin\9ce8eac8d2713f300aacb86a396bc850.php 第 35 行.
NOTIC: [8] Undefined index: cate_id F:\wamp\ThinkPHP_Project\jxshop\Application\Runtime\Cache\Admin\9ce8eac8d2713f300aacb86a396bc850.php 第 35 行.
NOTIC: [8] Undefined index: cate_id F:\wamp\ThinkPHP_Project\jxshop\Application\Runtime\Cache\Admin\9ce8eac8d2713f300aacb86a396bc850.php 第 35 行.
NOTIC: [8] Undefined index: cate_id F:\wamp\ThinkPHP_Project\jxshop\Application\Runtime\Cache\Admin\9ce8eac8d2713f300aacb86a396bc850.php 第 35 行.
NOTIC: [8] Undefined index: cate_id F:\wamp\ThinkPHP_Project\jxshop\Application\Runtime\Cache\Admin\9ce8eac8d2713f300aacb86a396bc850.php 第 35 行.
NOTIC: [8] Undefined index: cate_id F:\wamp\ThinkPHP_Project\jxshop\Application\Runtime\Cache\Admin\9ce8eac8d2713f300aacb86a396bc850.php 第 35 行.
NOTIC: [8] Undefined index: cate_id F:\wamp\ThinkPHP_Project\jxshop\Application\Runtime\Cache\Admin\9ce8eac8d2713f300aacb86a396bc850.php 第 35 行.
NOTIC: [8] Undefined index: cate_id F:\wamp\ThinkPHP_Project\jxshop\Application\Runtime\Cache\Admin\9ce8eac8d2713f300aacb86a396bc850.php 第 35 行.
NOTIC: [8] Undefined index: cate_id F:\wamp\ThinkPHP_Project\jxshop\Application\Runtime\Cache\Admin\9ce8eac8d2713f300aacb86a396bc850.php 第 35 行.
NOTIC: [8] Undefined index: cate_id F:\wamp\ThinkPHP_Project\jxshop\Application\Runtime\Cache\Admin\9ce8eac8d2713f300aacb86a396bc850.php 第 35 行.
NOTIC: [8] Undefined index: cate_id F:\wamp\ThinkPHP_Project\jxshop\Application\Runtime\Cache\Admin\9ce8eac8d2713f300aacb86a396bc850.php 第 35 行.
NOTIC: [8] Undefined index: cate_id F:\wamp\ThinkPHP_Project\jxshop\Application\Runtime\Cache\Admin\9ce8eac8d2713f300aacb86a396bc850.php 第 35 行.
NOTIC: [8] Undefined index: cate_id F:\wamp\ThinkPHP_Project\jxshop\Application\Runtime\Cache\Admin\9ce8eac8d2713f300aacb86a396bc850.php 第 35 行.
NOTIC: [8] Undefined index: cate_id F:\wamp\ThinkPHP_Project\jxshop\Application\Runtime\Cache\Admin\9ce8eac8d2713f300aacb86a396bc850.php 第 35 行.
NOTIC: [8] Undefined index: cate_id F:\wamp\ThinkPHP_Project\jxshop\Application\Runtime\Cache\Admin\9ce8eac8d2713f300aacb86a396bc850.php 第 35 行.
NOTIC: [8] Undefined index: cate_id F:\wamp\ThinkPHP_Project\jxshop\Application\Runtime\Cache\Admin\9ce8eac8d2713f300aacb86a396bc850.php 第 35 行.
NOTIC: [8] Undefined index: cate_id F:\wamp\ThinkPHP_Project\jxshop\Application\Runtime\Cache\Admin\9ce8eac8d2713f300aacb86a396bc850.php 第 35 行.
NOTIC: [8] Undefined index: cate_id F:\wamp\ThinkPHP_Project\jxshop\Application\Runtime\Cache\Admin\9ce8eac8d2713f300aacb86a396bc850.php 第 35 行.
NOTIC: [8] Undefined index: cate_id F:\wamp\ThinkPHP_Project\jxshop\Application\Runtime\Cache\Admin\9ce8eac8d2713f300aacb86a396bc850.php 第 35 行.
NOTIC: [8] Undefined index: cate_id F:\wamp\ThinkPHP_Project\jxshop\Application\Runtime\Cache\Admin\9ce8eac8d2713f300aacb86a396bc850.php 第 35 行.
NOTIC: [8] Undefined index: intro_type F:\wamp\ThinkPHP_Project\jxshop\Application\Runtime\Cache\Admin\9ce8eac8d2713f300aacb86a396bc850.php 第 40 行.
NOTIC: [8] Undefined index: intro_type F:\wamp\ThinkPHP_Project\jxshop\Application\Runtime\Cache\Admin\9ce8eac8d2713f300aacb86a396bc850.php 第 41 行.
NOTIC: [8] Undefined index: intro_type F:\wamp\ThinkPHP_Project\jxshop\Application\Runtime\Cache\Admin\9ce8eac8d2713f300aacb86a396bc850.php 第 42 行.
NOTIC: [8] Undefined index: is_sale F:\wamp\ThinkPHP_Project\jxshop\Application\Runtime\Cache\Admin\9ce8eac8d2713f300aacb86a396bc850.php 第 46 行.
NOTIC: [8] Undefined index: is_sale F:\wamp\ThinkPHP_Project\jxshop\Application\Runtime\Cache\Admin\9ce8eac8d2713f300aacb86a396bc850.php 第 47 行.
NOTIC: [8] Undefined index: is_sale F:\wamp\ThinkPHP_Project\jxshop\Application\Runtime\Cache\Admin\9ce8eac8d2713f300aacb86a396bc850.php 第 48 行.
NOTIC: [8] Undefined index: is_desc F:\wamp\ThinkPHP_Project\jxshop\Application\Runtime\Cache\Admin\9ce8eac8d2713f300aacb86a396bc850.php 第 53 行.
NOTIC: [8] Undefined index: is_desc F:\wamp\ThinkPHP_Project\jxshop\Application\Runtime\Cache\Admin\9ce8eac8d2713f300aacb86a396bc850.php 第 54 行.
NOTIC: [8] Undefined index: keyword F:\wamp\ThinkPHP_Project\jxshop\Application\Runtime\Cache\Admin\9ce8eac8d2713f300aacb86a396bc850.php 第 57 行.
NOTIC: [8] Use of undefined constant yes - assumed 'yes' F:\wamp\ThinkPHP_Project\jxshop\Application\Runtime\Cache\Admin\9ce8eac8d2713f300aacb86a396bc850.php 第 82 行.
NOTIC: [8] Use of undefined constant yes - assumed 'yes' F:\wamp\ThinkPHP_Project\jxshop\Application\Runtime\Cache\Admin\9ce8eac8d2713f300aacb86a396bc850.php 第 83 行.
NOTIC: [8] Use of undefined constant yes - assumed 'yes' F:\wamp\ThinkPHP_Project\jxshop\Application\Runtime\Cache\Admin\9ce8eac8d2713f300aacb86a396bc850.php 第 82 行.
NOTIC: [8] Use of undefined constant yes - assumed 'yes' F:\wamp\ThinkPHP_Project\jxshop\Application\Runtime\Cache\Admin\9ce8eac8d2713f300aacb86a396bc850.php 第 83 行.
NOTIC: [8] Use of undefined constant yes - assumed 'yes' F:\wamp\ThinkPHP_Project\jxshop\Application\Runtime\Cache\Admin\9ce8eac8d2713f300aacb86a396bc850.php 第 82 行.
NOTIC: [8] Use of undefined constant no - assumed 'no' F:\wamp\ThinkPHP_Project\jxshop\Application\Runtime\Cache\Admin\9ce8eac8d2713f300aacb86a396bc850.php 第 83 行.
NOTIC: [8] Use of undefined constant yes - assumed 'yes' F:\wamp\ThinkPHP_Project\jxshop\Application\Runtime\Cache\Admin\9ce8eac8d2713f300aacb86a396bc850.php 第 82 行.
NOTIC: [8] Use of undefined constant no - assumed 'no' F:\wamp\ThinkPHP_Project\jxshop\Application\Runtime\Cache\Admin\9ce8eac8d2713f300aacb86a396bc850.php 第 83 行.
NOTIC: [8] Use of undefined constant yes - assumed 'yes' F:\wamp\ThinkPHP_Project\jxshop\Application\Runtime\Cache\Admin\9ce8eac8d2713f300aacb86a396bc850.php 第 82 行.
NOTIC: [8] Use of undefined constant no - assumed 'no' F:\wamp\ThinkPHP_Project\jxshop\Application\Runtime\Cache\Admin\9ce8eac8d2713f300aacb86a396bc850.php 第 83 行.
NOTIC: [8] Use of undefined constant yes - assumed 'yes' F:\wamp\ThinkPHP_Project\jxshop\Application\Runtime\Cache\Admin\9ce8eac8d2713f300aacb86a396bc850.php 第 82 行.
NOTIC: [8] Use of undefined constant yes - assumed 'yes' F:\wamp\ThinkPHP_Project\jxshop\Application\Runtime\Cache\Admin\9ce8eac8d2713f300aacb86a396bc850.php 第 83 行.
INFO: Run Behavior\ParseTemplateBehavior [ RunTime:0.004000s ]
INFO: [ view_parse ] --END-- [ RunTime:0.004000s ]
INFO: [ view_filter ] --START--
INFO: Run Behavior\WriteHtmlCacheBehavior [ RunTime:0.001000s ]
INFO: [ view_filter ] --END-- [ RunTime:0.001000s ]
INFO: [ app_end ] --START--
INFO: Run Behavior\ShowPageTraceBehavior [ RunTime:0.000000s ]
INFO: [ app_end ] --END-- [ RunTime:0.000000s ]

[ 2019-03-23T15:51:19+08:00 ] 127.0.0.1 /admin/goods/index.html?cate_id=0&intro_type=0&is_sale=0&is_desc=2&keyword=
INFO: [ app_init ] --START--
INFO: Run Behavior\BuildLiteBehavior [ RunTime:0.000000s ]
INFO: [ app_init ] --END-- [ RunTime:0.000000s ]
INFO: [ app_begin ] --START--
INFO: Run Behavior\ReadHtmlCacheBehavior [ RunTime:0.001000s ]
INFO: [ app_begin ] --END-- [ RunTime:0.001000s ]
SQL: SELECT * FROM `jx_category`  [ RunTime:0.0000s ]
NOTIC: [2] Declaration of Admin\Model\GoodsModel::_after_insert($data) should be compatible with Think\Model::_after_insert($data, $options) F:\wamp\ThinkPHP_Project\jxshop\Application\Admin\Model\GoodsModel.class.php 第 0 行.
SQL: SELECT COUNT(*) AS tp_count FROM `jx_goods` WHERE ( isdel=1 ) LIMIT 1   [ RunTime:0.0000s ]
SQL: SELECT * FROM `jx_goods` WHERE ( isdel=1 ) ORDER BY id desc LIMIT 0,6   [ RunTime:0.0010s ]
INFO: [ view_parse ] --START--
INFO: [ template_filter ] --START--
INFO: Run Behavior\ContentReplaceBehavior [ RunTime:0.000000s ]
INFO: [ template_filter ] --END-- [ RunTime:0.000000s ]
NOTIC: [8] Use of undefined constant yes - assumed 'yes' F:\wamp\ThinkPHP_Project\jxshop\Application\Runtime\Cache\Admin\9ce8eac8d2713f300aacb86a396bc850.php 第 82 行.
NOTIC: [8] Use of undefined constant yes - assumed 'yes' F:\wamp\ThinkPHP_Project\jxshop\Application\Runtime\Cache\Admin\9ce8eac8d2713f300aacb86a396bc850.php 第 83 行.
NOTIC: [8] Use of undefined constant yes - assumed 'yes' F:\wamp\ThinkPHP_Project\jxshop\Application\Runtime\Cache\Admin\9ce8eac8d2713f300aacb86a396bc850.php 第 82 行.
NOTIC: [8] Use of undefined constant yes - assumed 'yes' F:\wamp\ThinkPHP_Project\jxshop\Application\Runtime\Cache\Admin\9ce8eac8d2713f300aacb86a396bc850.php 第 83 行.
NOTIC: [8] Use of undefined constant yes - assumed 'yes' F:\wamp\ThinkPHP_Project\jxshop\Application\Runtime\Cache\Admin\9ce8eac8d2713f300aacb86a396bc850.php 第 82 行.
NOTIC: [8] Use of undefined constant no - assumed 'no' F:\wamp\ThinkPHP_Project\jxshop\Application\Runtime\Cache\Admin\9ce8eac8d2713f300aacb86a396bc850.php 第 83 行.
NOTIC: [8] Use of undefined constant yes - assumed 'yes' F:\wamp\ThinkPHP_Project\jxshop\Application\Runtime\Cache\Admin\9ce8eac8d2713f300aacb86a396bc850.php 第 82 行.
NOTIC: [8] Use of undefined constant no - assumed 'no' F:\wamp\ThinkPHP_Project\jxshop\Application\Runtime\Cache\Admin\9ce8eac8d2713f300aacb86a396bc850.php 第 83 行.
NOTIC: [8] Use of undefined constant yes - assumed 'yes' F:\wamp\ThinkPHP_Project\jxshop\Application\Runtime\Cache\Admin\9ce8eac8d2713f300aacb86a396bc850.php 第 82 行.
NOTIC: [8] Use of undefined constant no - assumed 'no' F:\wamp\ThinkPHP_Project\jxshop\Application\Runtime\Cache\Admin\9ce8eac8d2713f300aacb86a396bc850.php 第 83 行.
NOTIC: [8] Use of undefined constant yes - assumed 'yes' F:\wamp\ThinkPHP_Project\jxshop\Application\Runtime\Cache\Admin\9ce8eac8d2713f300aacb86a396bc850.php 第 82 行.
NOTIC: [8] Use of undefined constant yes - assumed 'yes' F:\wamp\ThinkPHP_Project\jxshop\Application\Runtime\Cache\Admin\9ce8eac8d2713f300aacb86a396bc850.php 第 83 行.
INFO: Run Behavior\ParseTemplateBehavior [ RunTime:0.004000s ]
INFO: [ view_parse ] --END-- [ RunTime:0.004000s ]
INFO: [ view_filter ] --START--
INFO: Run Behavior\WriteHtmlCacheBehavior [ RunTime:0.000000s ]
INFO: [ view_filter ] --END-- [ RunTime:0.000000s ]
INFO: [ app_end ] --START--
INFO: Run Behavior\ShowPageTraceBehavior [ RunTime:0.000000s ]
INFO: [ app_end ] --END-- [ RunTime:0.000000s ]

[ 2019-03-23T15:51:22+08:00 ] 127.0.0.1 /admin/goods/index.html?cate_id=0&intro_type=0&is_sale=0&is_desc=1&keyword=
INFO: [ app_init ] --START--
INFO: Run Behavior\BuildLiteBehavior [ RunTime:0.000000s ]
INFO: [ app_init ] --END-- [ RunTime:0.000000s ]
INFO: [ app_begin ] --START--
INFO: Run Behavior\ReadHtmlCacheBehavior [ RunTime:0.000000s ]
INFO: [ app_begin ] --END-- [ RunTime:0.000000s ]
SQL: SELECT * FROM `jx_category`  [ RunTime:0.0010s ]
NOTIC: [2] Declaration of Admin\Model\GoodsModel::_after_insert($data) should be compatible with Think\Model::_after_insert($data, $options) F:\wamp\ThinkPHP_Project\jxshop\Application\Admin\Model\GoodsModel.class.php 第 0 行.
SQL: SELECT COUNT(*) AS tp_count FROM `jx_goods` WHERE ( isdel=1 ) LIMIT 1   [ RunTime:0.0000s ]
SQL: SELECT * FROM `jx_goods` WHERE ( isdel=1 ) ORDER BY id asc LIMIT 0,6   [ RunTime:0.0000s ]
INFO: [ view_parse ] --START--
INFO: [ template_filter ] --START--
INFO: Run Behavior\ContentReplaceBehavior [ RunTime:0.000000s ]
INFO: [ template_filter ] --END-- [ RunTime:0.000000s ]
NOTIC: [8] Use of undefined constant yes - assumed 'yes' F:\wamp\ThinkPHP_Project\jxshop\Application\Runtime\Cache\Admin\9ce8eac8d2713f300aacb86a396bc850.php 第 82 行.
NOTIC: [8] Use of undefined constant yes - assumed 'yes' F:\wamp\ThinkPHP_Project\jxshop\Application\Runtime\Cache\Admin\9ce8eac8d2713f300aacb86a396bc850.php 第 83 行.
NOTIC: [8] Use of undefined constant yes - assumed 'yes' F:\wamp\ThinkPHP_Project\jxshop\Application\Runtime\Cache\Admin\9ce8eac8d2713f300aacb86a396bc850.php 第 82 行.
NOTIC: [8] Use of undefined constant no - assumed 'no' F:\wamp\ThinkPHP_Project\jxshop\Application\Runtime\Cache\Admin\9ce8eac8d2713f300aacb86a396bc850.php 第 83 行.
NOTIC: [8] Use of undefined constant yes - assumed 'yes' F:\wamp\ThinkPHP_Project\jxshop\Application\Runtime\Cache\Admin\9ce8eac8d2713f300aacb86a396bc850.php 第 82 行.
NOTIC: [8] Use of undefined constant no - assumed 'no' F:\wamp\ThinkPHP_Project\jxshop\Application\Runtime\Cache\Admin\9ce8eac8d2713f300aacb86a396bc850.php 第 83 行.
NOTIC: [8] Use of undefined constant yes - assumed 'yes' F:\wamp\ThinkPHP_Project\jxshop\Application\Runtime\Cache\Admin\9ce8eac8d2713f300aacb86a396bc850.php 第 82 行.
NOTIC: [8] Use of undefined constant no - assumed 'no' F:\wamp\ThinkPHP_Project\jxshop\Application\Runtime\Cache\Admin\9ce8eac8d2713f300aacb86a396bc850.php 第 83 行.
NOTIC: [8] Use of undefined constant no - assumed 'no' F:\wamp\ThinkPHP_Project\jxshop\Application\Runtime\Cache\Admin\9ce8eac8d2713f300aacb86a396bc850.php 第 82 行.
NOTIC: [8] Use of undefined constant no - assumed 'no' F:\wamp\ThinkPHP_Project\jxshop\Application\Runtime\Cache\Admin\9ce8eac8d2713f300aacb86a396bc850.php 第 83 行.
NOTIC: [8] Use of undefined constant yes - assumed 'yes' F:\wamp\ThinkPHP_Project\jxshop\Application\Runtime\Cache\Admin\9ce8eac8d2713f300aacb86a396bc850.php 第 82 行.
NOTIC: [8] Use of undefined constant no - assumed 'no' F:\wamp\ThinkPHP_Project\jxshop\Application\Runtime\Cache\Admin\9ce8eac8d2713f300aacb86a396bc850.php 第 83 行.
INFO: Run Behavior\ParseTemplateBehavior [ RunTime:0.004000s ]
INFO: [ view_parse ] --END-- [ RunTime:0.004000s ]
INFO: [ view_filter ] --START--
INFO: Run Behavior\WriteHtmlCacheBehavior [ RunTime:0.001000s ]
INFO: [ view_filter ] --END-- [ RunTime:0.001000s ]
INFO: [ app_end ] --START--
INFO: Run Behavior\ShowPageTraceBehavior [ RunTime:0.000000s ]
INFO: [ app_end ] --END-- [ RunTime:0.000000s ]

[ 2019-03-23T15:51:31+08:00 ] 127.0.0.1 /admin/goods/index.html?cate_id=0&intro_type=0&is_sale=0&is_desc=2&keyword=
INFO: [ app_init ] --START--
INFO: Run Behavior\BuildLiteBehavior [ RunTime:0.000000s ]
INFO: [ app_init ] --END-- [ RunTime:0.001000s ]
INFO: [ app_begin ] --START--
INFO: Run Behavior\ReadHtmlCacheBehavior [ RunTime:0.000000s ]
INFO: [ app_begin ] --END-- [ RunTime:0.000000s ]
SQL: SELECT * FROM `jx_category`  [ RunTime:0.0000s ]
NOTIC: [2] Declaration of Admin\Model\GoodsModel::_after_insert($data) should be compatible with Think\Model::_after_insert($data, $options) F:\wamp\ThinkPHP_Project\jxshop\Application\Admin\Model\GoodsModel.class.php 第 0 行.
SQL: SELECT COUNT(*) AS tp_count FROM `jx_goods` WHERE ( isdel=1 ) LIMIT 1   [ RunTime:0.0000s ]
SQL: SELECT * FROM `jx_goods` WHERE ( isdel=1 ) ORDER BY id desc LIMIT 0,6   [ RunTime:0.0000s ]
INFO: [ view_parse ] --START--
INFO: [ template_filter ] --START--
INFO: Run Behavior\ContentReplaceBehavior [ RunTime:0.000000s ]
INFO: [ template_filter ] --END-- [ RunTime:0.000000s ]
NOTIC: [8] Use of undefined constant yes - assumed 'yes' F:\wamp\ThinkPHP_Project\jxshop\Application\Runtime\Cache\Admin\9ce8eac8d2713f300aacb86a396bc850.php 第 82 行.
NOTIC: [8] Use of undefined constant yes - assumed 'yes' F:\wamp\ThinkPHP_Project\jxshop\Application\Runtime\Cache\Admin\9ce8eac8d2713f300aacb86a396bc850.php 第 83 行.
NOTIC: [8] Use of undefined constant yes - assumed 'yes' F:\wamp\ThinkPHP_Project\jxshop\Application\Runtime\Cache\Admin\9ce8eac8d2713f300aacb86a396bc850.php 第 82 行.
NOTIC: [8] Use of undefined constant yes - assumed 'yes' F:\wamp\ThinkPHP_Project\jxshop\Application\Runtime\Cache\Admin\9ce8eac8d2713f300aacb86a396bc850.php 第 83 行.
NOTIC: [8] Use of undefined constant yes - assumed 'yes' F:\wamp\ThinkPHP_Project\jxshop\Application\Runtime\Cache\Admin\9ce8eac8d2713f300aacb86a396bc850.php 第 82 行.
NOTIC: [8] Use of undefined constant no - assumed 'no' F:\wamp\ThinkPHP_Project\jxshop\Application\Runtime\Cache\Admin\9ce8eac8d2713f300aacb86a396bc850.php 第 83 行.
NOTIC: [8] Use of undefined constant yes - assumed 'yes' F:\wamp\ThinkPHP_Project\jxshop\Application\Runtime\Cache\Admin\9ce8eac8d2713f300aacb86a396bc850.php 第 82 行.
NOTIC: [8] Use of undefined constant no - assumed 'no' F:\wamp\ThinkPHP_Project\jxshop\Application\Runtime\Cache\Admin\9ce8eac8d2713f300aacb86a396bc850.php 第 83 行.
NOTIC: [8] Use of undefined constant yes - assumed 'yes' F:\wamp\ThinkPHP_Project\jxshop\Application\Runtime\Cache\Admin\9ce8eac8d2713f300aacb86a396bc850.php 第 82 行.
NOTIC: [8] Use of undefined constant no - assumed 'no' F:\wamp\ThinkPHP_Project\jxshop\Application\Runtime\Cache\Admin\9ce8eac8d2713f300aacb86a396bc850.php 第 83 行.
NOTIC: [8] Use of undefined constant yes - assumed 'yes' F:\wamp\ThinkPHP_Project\jxshop\Application\Runtime\Cache\Admin\9ce8eac8d2713f300aacb86a396bc850.php 第 82 行.
NOTIC: [8] Use of undefined constant yes - assumed 'yes' F:\wamp\ThinkPHP_Project\jxshop\Application\Runtime\Cache\Admin\9ce8eac8d2713f300aacb86a396bc850.php 第 83 行.
INFO: Run Behavior\ParseTemplateBehavior [ RunTime:0.005000s ]
INFO: [ view_parse ] --END-- [ RunTime:0.005000s ]
INFO: [ view_filter ] --START--
INFO: Run Behavior\WriteHtmlCacheBehavior [ RunTime:0.000000s ]
INFO: [ view_filter ] --END-- [ RunTime:0.000000s ]
INFO: [ app_end ] --START--
INFO: Run Behavior\ShowPageTraceBehavior [ RunTime:0.000000s ]
INFO: [ app_end ] --END-- [ RunTime:0.000000s ]

[ 2019-03-23T15:51:33+08:00 ] 127.0.0.1 /admin/goods/index.html?cate_id=0&intro_type=0&is_sale=0&is_desc=1&keyword=
INFO: [ app_init ] --START--
INFO: Run Behavior\BuildLiteBehavior [ RunTime:0.000000s ]
INFO: [ app_init ] --END-- [ RunTime:0.001000s ]
INFO: [ app_begin ] --START--
INFO: Run Behavior\ReadHtmlCacheBehavior [ RunTime:0.001000s ]
INFO: [ app_begin ] --END-- [ RunTime:0.001000s ]
SQL: SELECT * FROM `jx_category`  [ RunTime:0.0000s ]
NOTIC: [2] Declaration of Admin\Model\GoodsModel::_after_insert($data) should be compatible with Think\Model::_after_insert($data, $options) F:\wamp\ThinkPHP_Project\jxshop\Application\Admin\Model\GoodsModel.class.php 第 0 行.
SQL: SELECT COUNT(*) AS tp_count FROM `jx_goods` WHERE ( isdel=1 ) LIMIT 1   [ RunTime:0.0000s ]
SQL: SELECT * FROM `jx_goods` WHERE ( isdel=1 ) ORDER BY id asc LIMIT 0,6   [ RunTime:0.0000s ]
INFO: [ view_parse ] --START--
INFO: [ template_filter ] --START--
INFO: Run Behavior\ContentReplaceBehavior [ RunTime:0.000000s ]
INFO: [ template_filter ] --END-- [ RunTime:0.000000s ]
NOTIC: [8] Use of undefined constant yes - assumed 'yes' F:\wamp\ThinkPHP_Project\jxshop\Application\Runtime\Cache\Admin\9ce8eac8d2713f300aacb86a396bc850.php 第 82 行.
NOTIC: [8] Use of undefined constant yes - assumed 'yes' F:\wamp\ThinkPHP_Project\jxshop\Application\Runtime\Cache\Admin\9ce8eac8d2713f300aacb86a396bc850.php 第 83 行.
NOTIC: [8] Use of undefined constant yes - assumed 'yes' F:\wamp\ThinkPHP_Project\jxshop\Application\Runtime\Cache\Admin\9ce8eac8d2713f300aacb86a396bc850.php 第 82 行.
NOTIC: [8] Use of undefined constant no - assumed 'no' F:\wamp\ThinkPHP_Project\jxshop\Application\Runtime\Cache\Admin\9ce8eac8d2713f300aacb86a396bc850.php 第 83 行.
NOTIC: [8] Use of undefined constant yes - assumed 'yes' F:\wamp\ThinkPHP_Project\jxshop\Application\Runtime\Cache\Admin\9ce8eac8d2713f300aacb86a396bc850.php 第 82 行.
NOTIC: [8] Use of undefined constant no - assumed 'no' F:\wamp\ThinkPHP_Project\jxshop\Application\Runtime\Cache\Admin\9ce8eac8d2713f300aacb86a396bc850.php 第 83 行.
NOTIC: [8] Use of undefined constant yes - assumed 'yes' F:\wamp\ThinkPHP_Project\jxshop\Application\Runtime\Cache\Admin\9ce8eac8d2713f300aacb86a396bc850.php 第 82 行.
NOTIC: [8] Use of undefined constant no - assumed 'no' F:\wamp\ThinkPHP_Project\jxshop\Application\Runtime\Cache\Admin\9ce8eac8d2713f300aacb86a396bc850.php 第 83 行.
NOTIC: [8] Use of undefined constant no - assumed 'no' F:\wamp\ThinkPHP_Project\jxshop\Application\Runtime\Cache\Admin\9ce8eac8d2713f300aacb86a396bc850.php 第 82 行.
NOTIC: [8] Use of undefined constant no - assumed 'no' F:\wamp\ThinkPHP_Project\jxshop\Application\Runtime\Cache\Admin\9ce8eac8d2713f300aacb86a396bc850.php 第 83 行.
NOTIC: [8] Use of undefined constant yes - assumed 'yes' F:\wamp\ThinkPHP_Project\jxshop\Application\Runtime\Cache\Admin\9ce8eac8d2713f300aacb86a396bc850.php 第 82 行.
NOTIC: [8] Use of undefined constant no - assumed 'no' F:\wamp\ThinkPHP_Project\jxshop\Application\Runtime\Cache\Admin\9ce8eac8d2713f300aacb86a396bc850.php 第 83 行.
INFO: Run Behavior\ParseTemplateBehavior [ RunTime:0.005000s ]
INFO: [ view_parse ] --END-- [ RunTime:0.005000s ]
INFO: [ view_filter ] --START--
INFO: Run Behavior\WriteHtmlCacheBehavior [ RunTime:0.000000s ]
INFO: [ view_filter ] --END-- [ RunTime:0.000000s ]
INFO: [ app_end ] --START--
INFO: Run Behavior\ShowPageTraceBehavior [ RunTime:0.000000s ]
INFO: [ app_end ] --END-- [ RunTime:0.000000s ]

[ 2019-03-23T15:53:05+08:00 ] 127.0.0.1 /admin/goods/add.html
INFO: [ app_init ] --START--
INFO: Run Behavior\BuildLiteBehavior [ RunTime:0.000000s ]
INFO: [ app_init ] --END-- [ RunTime:0.001000s ]
INFO: [ app_begin ] --START--
INFO: Run Behavior\ReadHtmlCacheBehavior [ RunTime:0.000000s ]
INFO: [ app_begin ] --END-- [ RunTime:0.000000s ]
SQL: SELECT * FROM `jx_type`  [ RunTime:0.0000s ]
SQL: SELECT * FROM `jx_category`  [ RunTime:0.0000s ]
INFO: [ view_parse ] --START--
INFO: [ template_filter ] --START--
INFO: Run Behavior\ContentReplaceBehavior [ RunTime:0.000000s ]
INFO: [ template_filter ] --END-- [ RunTime:0.000000s ]
INFO: Run Behavior\ParseTemplateBehavior [ RunTime:0.005000s ]
INFO: [ view_parse ] --END-- [ RunTime:0.005000s ]
INFO: [ view_filter ] --START--
INFO: Run Behavior\WriteHtmlCacheBehavior [ RunTime:0.000000s ]
INFO: [ view_filter ] --END-- [ RunTime:0.000000s ]
INFO: [ app_end ] --START--
INFO: Run Behavior\ShowPageTraceBehavior [ RunTime:0.001000s ]
INFO: [ app_end ] --END-- [ RunTime:0.001000s ]

[ 2019-03-23T15:53:08+08:00 ] 127.0.0.1 /admin/goods/add.html
INFO: [ app_init ] --START--
INFO: Run Behavior\BuildLiteBehavior [ RunTime:0.000000s ]
INFO: [ app_init ] --END-- [ RunTime:0.000000s ]
INFO: [ app_begin ] --START--
INFO: Run Behavior\ReadHtmlCacheBehavior [ RunTime:0.000000s ]
INFO: [ app_begin ] --END-- [ RunTime:0.000000s ]
NOTIC: [2] Declaration of Admin\Model\GoodsModel::_after_insert($data) should be compatible with Think\Model::_after_insert($data, $options) F:\wamp\ThinkPHP_Project\jxshop\Application\Admin\Model\GoodsModel.class.php 第 9 行.
NOTIC: [8] Undefined index: validate F:\wamp\ThinkPHP_Project\jxshop\ThinkPHP\Library\Think\Model.class.php 第 1185 行.
INFO: [ view_parse ] --START--
INFO: [ template_filter ] --START--
INFO: Run Behavior\ContentReplaceBehavior [ RunTime:0.000000s ]
INFO: [ template_filter ] --END-- [ RunTime:0.000000s ]
INFO: Run Behavior\ParseTemplateBehavior [ RunTime:0.054003s ]
INFO: [ view_parse ] --END-- [ RunTime:0.054003s ]
INFO: [ view_filter ] --START--
INFO: Run Behavior\WriteHtmlCacheBehavior [ RunTime:0.001000s ]
INFO: [ view_filter ] --END-- [ RunTime:0.001000s ]

[ 2019-03-23T15:53:12+08:00 ] 127.0.0.1 /admin/goods/add.html
INFO: [ app_init ] --START--
INFO: Run Behavior\BuildLiteBehavior [ RunTime:0.000000s ]
INFO: [ app_init ] --END-- [ RunTime:0.001000s ]
INFO: [ app_begin ] --START--
INFO: Run Behavior\ReadHtmlCacheBehavior [ RunTime:0.001000s ]
INFO: [ app_begin ] --END-- [ RunTime:0.001000s ]
SQL: SELECT * FROM `jx_type`  [ RunTime:0.0000s ]
SQL: SELECT * FROM `jx_category`  [ RunTime:0.0010s ]
INFO: [ view_parse ] --START--
INFO: [ template_filter ] --START--
INFO: Run Behavior\ContentReplaceBehavior [ RunTime:0.000000s ]
INFO: [ template_filter ] --END-- [ RunTime:0.000000s ]
INFO: Run Behavior\ParseTemplateBehavior [ RunTime:0.004000s ]
INFO: [ view_parse ] --END-- [ RunTime:0.004000s ]
INFO: [ view_filter ] --START--
INFO: Run Behavior\WriteHtmlCacheBehavior [ RunTime:0.001000s ]
INFO: [ view_filter ] --END-- [ RunTime:0.001000s ]
INFO: [ app_end ] --START--
INFO: Run Behavior\ShowPageTraceBehavior [ RunTime:0.000000s ]
INFO: [ app_end ] --END-- [ RunTime:0.000000s ]

[ 2019-03-23T15:56:06+08:00 ] 127.0.0.1 /Admin/Index/index.html
INFO: [ app_init ] --START--
INFO: Run Behavior\BuildLiteBehavior [ RunTime:0.000000s ]
INFO: [ app_init ] --END-- [ RunTime:0.000000s ]
INFO: [ app_begin ] --START--
INFO: Run Behavior\ReadHtmlCacheBehavior [ RunTime:0.000000s ]
INFO: [ app_begin ] --END-- [ RunTime:0.000000s ]
INFO: [ view_parse ] --START--
INFO: [ template_filter ] --START--
INFO: Run Behavior\ContentReplaceBehavior [ RunTime:0.000000s ]
INFO: [ template_filter ] --END-- [ RunTime:0.000000s ]
INFO: Run Behavior\ParseTemplateBehavior [ RunTime:0.003000s ]
INFO: [ view_parse ] --END-- [ RunTime:0.003000s ]
INFO: [ view_filter ] --START--
INFO: Run Behavior\WriteHtmlCacheBehavior [ RunTime:0.000000s ]
INFO: [ view_filter ] --END-- [ RunTime:0.000000s ]
INFO: [ app_end ] --START--
INFO: Run Behavior\ShowPageTraceBehavior [ RunTime:0.001000s ]
INFO: [ app_end ] --END-- [ RunTime:0.001000s ]

[ 2019-03-23T15:56:06+08:00 ] 127.0.0.1 /Admin/Index/top.html
INFO: [ app_init ] --START--
INFO: Run Behavior\BuildLiteBehavior [ RunTime:0.000000s ]
INFO: [ app_init ] --END-- [ RunTime:0.001000s ]
INFO: [ app_begin ] --START--
INFO: Run Behavior\ReadHtmlCacheBehavior [ RunTime:0.000000s ]
INFO: [ app_begin ] --END-- [ RunTime:0.000000s ]
INFO: [ view_parse ] --START--
INFO: [ template_filter ] --START--
INFO: Run Behavior\ContentReplaceBehavior [ RunTime:0.001000s ]
INFO: [ template_filter ] --END-- [ RunTime:0.001000s ]
INFO: Run Behavior\ParseTemplateBehavior [ RunTime:0.004000s ]
INFO: [ view_parse ] --END-- [ RunTime:0.004000s ]
INFO: [ view_filter ] --START--
INFO: Run Behavior\WriteHtmlCacheBehavior [ RunTime:0.000000s ]
INFO: [ view_filter ] --END-- [ RunTime:0.000000s ]
INFO: [ app_end ] --START--
INFO: Run Behavior\ShowPageTraceBehavior [ RunTime:0.001001s ]
INFO: [ app_end ] --END-- [ RunTime:0.001001s ]

[ 2019-03-23T15:56:07+08:00 ] 127.0.0.1 /Admin/Index/main.html
INFO: [ app_init ] --START--
INFO: Run Behavior\BuildLiteBehavior [ RunTime:0.000000s ]
INFO: [ app_init ] --END-- [ RunTime:0.000000s ]
INFO: [ app_begin ] --START--
INFO: Run Behavior\ReadHtmlCacheBehavior [ RunTime:0.000000s ]
INFO: [ app_begin ] --END-- [ RunTime:0.000000s ]
INFO: [ view_parse ] --START--
INFO: [ template_filter ] --START--
INFO: Run Behavior\ContentReplaceBehavior [ RunTime:0.000000s ]
INFO: [ template_filter ] --END-- [ RunTime:0.000000s ]
INFO: Run Behavior\ParseTemplateBehavior [ RunTime:0.004000s ]
INFO: [ view_parse ] --END-- [ RunTime:0.004000s ]
INFO: [ view_filter ] --START--
INFO: Run Behavior\WriteHtmlCacheBehavior [ RunTime:0.001000s ]
INFO: [ view_filter ] --END-- [ RunTime:0.001000s ]
INFO: [ app_end ] --START--
INFO: Run Behavior\ShowPageTraceBehavior [ RunTime:0.000000s ]
INFO: [ app_end ] --END-- [ RunTime:0.000000s ]

[ 2019-03-23T15:56:07+08:00 ] 127.0.0.1 /Admin/Index/menu.html
INFO: [ app_init ] --START--
INFO: Run Behavior\BuildLiteBehavior [ RunTime:0.000000s ]
INFO: [ app_init ] --END-- [ RunTime:0.000000s ]
INFO: [ app_begin ] --START--
INFO: Run Behavior\ReadHtmlCacheBehavior [ RunTime:0.000000s ]
INFO: [ app_begin ] --END-- [ RunTime:0.000000s ]
INFO: [ view_parse ] --START--
INFO: [ template_filter ] --START--
INFO: Run Behavior\ContentReplaceBehavior [ RunTime:0.000000s ]
INFO: [ template_filter ] --END-- [ RunTime:0.000000s ]
INFO: Run Behavior\ParseTemplateBehavior [ RunTime:0.007001s ]
INFO: [ view_parse ] --END-- [ RunTime:0.007001s ]
INFO: [ view_filter ] --START--
INFO: Run Behavior\WriteHtmlCacheBehavior [ RunTime:0.000000s ]
INFO: [ view_filter ] --END-- [ RunTime:0.000000s ]
INFO: [ app_end ] --START--
INFO: Run Behavior\ShowPageTraceBehavior [ RunTime:0.000000s ]
INFO: [ app_end ] --END-- [ RunTime:0.000000s ]

[ 2019-03-23T15:56:07+08:00 ] 127.0.0.1 /admin/goods/add.html
INFO: [ app_init ] --START--
INFO: Run Behavior\BuildLiteBehavior [ RunTime:0.000000s ]
INFO: [ app_init ] --END-- [ RunTime:0.000000s ]
INFO: [ app_begin ] --START--
INFO: Run Behavior\ReadHtmlCacheBehavior [ RunTime:0.001000s ]
INFO: [ app_begin ] --END-- [ RunTime:0.001000s ]
SQL: SELECT * FROM `jx_type`  [ RunTime:0.0000s ]
SQL: SELECT * FROM `jx_category`  [ RunTime:0.0000s ]
INFO: [ view_parse ] --START--
INFO: [ template_filter ] --START--
INFO: Run Behavior\ContentReplaceBehavior [ RunTime:0.000000s ]
INFO: [ template_filter ] --END-- [ RunTime:0.000000s ]
INFO: Run Behavior\ParseTemplateBehavior [ RunTime:0.004000s ]
INFO: [ view_parse ] --END-- [ RunTime:0.004000s ]
INFO: [ view_filter ] --START--
INFO: Run Behavior\WriteHtmlCacheBehavior [ RunTime:0.000000s ]
INFO: [ view_filter ] --END-- [ RunTime:0.000000s ]
INFO: [ app_end ] --START--
INFO: Run Behavior\ShowPageTraceBehavior [ RunTime:0.000000s ]
INFO: [ app_end ] --END-- [ RunTime:0.000000s ]

[ 2019-03-23T15:56:09+08:00 ] 127.0.0.1 /admin/goods/add.html
INFO: [ app_init ] --START--
INFO: Run Behavior\BuildLiteBehavior [ RunTime:0.000000s ]
INFO: [ app_init ] --END-- [ RunTime:0.000000s ]
INFO: [ app_begin ] --START--
INFO: Run Behavior\ReadHtmlCacheBehavior [ RunTime:0.000000s ]
INFO: [ app_begin ] --END-- [ RunTime:0.000000s ]
NOTIC: [2] Declaration of Admin\Model\GoodsModel::_after_insert($data) should be compatible with Think\Model::_after_insert($data, $options) F:\wamp\ThinkPHP_Project\jxshop\Application\Admin\Model\GoodsModel.class.php 第 9 行.
NOTIC: [8] Undefined index: validate F:\wamp\ThinkPHP_Project\jxshop\ThinkPHP\Library\Think\Model.class.php 第 1185 行.
ERR: 模板不存在:../Application/Admin/View//Public/error.html.html

[ 2019-03-23T15:57:03+08:00 ] 127.0.0.1 /admin/goods/add.html
INFO: [ app_init ] --START--
INFO: Run Behavior\BuildLiteBehavior [ RunTime:0.000000s ]
INFO: [ app_init ] --END-- [ RunTime:0.000000s ]
INFO: [ app_begin ] --START--
INFO: Run Behavior\ReadHtmlCacheBehavior [ RunTime:0.000000s ]
INFO: [ app_begin ] --END-- [ RunTime:0.000000s ]
NOTIC: [2] Declaration of Admin\Model\GoodsModel::_after_insert($data) should be compatible with Think\Model::_after_insert($data, $options) F:\wamp\ThinkPHP_Project\jxshop\Application\Admin\Model\GoodsModel.class.php 第 9 行.
NOTIC: [8] Undefined index: validate F:\wamp\ThinkPHP_Project\jxshop\ThinkPHP\Library\Think\Model.class.php 第 1185 行.
ERR: 模板不存在:../Application/Admin/View//Public/error.html.html

[ 2019-03-23T15:57:20+08:00 ] 127.0.0.1 /admin/goods/add.html
INFO: [ app_init ] --START--
INFO: Run Behavior\BuildLiteBehavior [ RunTime:0.000000s ]
INFO: [ app_init ] --END-- [ RunTime:0.000000s ]
INFO: [ app_begin ] --START--
INFO: Run Behavior\ReadHtmlCacheBehavior [ RunTime:0.001000s ]
INFO: [ app_begin ] --END-- [ RunTime:0.001000s ]
NOTIC: [2] Declaration of Admin\Model\GoodsModel::_after_insert($data) should be compatible with Think\Model::_after_insert($data, $options) F:\wamp\ThinkPHP_Project\jxshop\Application\Admin\Model\GoodsModel.class.php 第 9 行.
NOTIC: [8] Undefined index: validate F:\wamp\ThinkPHP_Project\jxshop\ThinkPHP\Library\Think\Model.class.php 第 1185 行.
INFO: [ view_parse ] --START--
INFO: [ template_filter ] --START--
INFO: Run Behavior\ContentReplaceBehavior [ RunTime:0.000000s ]
INFO: [ template_filter ] --END-- [ RunTime:0.000000s ]
INFO: Run Behavior\ParseTemplateBehavior [ RunTime:0.004000s ]
INFO: [ view_parse ] --END-- [ RunTime:0.004000s ]
INFO: [ view_filter ] --START--
INFO: Run Behavior\WriteHtmlCacheBehavior [ RunTime:0.000000s ]
INFO: [ view_filter ] --END-- [ RunTime:0.000000s ]

[ 2019-03-23T15:57:30+08:00 ] 127.0.0.1 /admin/goods/add.html
INFO: [ app_init ] --START--
INFO: Run Behavior\BuildLiteBehavior [ RunTime:0.000000s ]
INFO: [ app_init ] --END-- [ RunTime:0.000000s ]
INFO: [ app_begin ] --START--
INFO: Run Behavior\ReadHtmlCacheBehavior [ RunTime:0.000000s ]
INFO: [ app_begin ] --END-- [ RunTime:0.000000s ]
SQL: SELECT * FROM `jx_type`  [ RunTime:0.0000s ]
SQL: SELECT * FROM `jx_category`  [ RunTime:0.0000s ]
INFO: [ view_parse ] --START--
INFO: [ template_filter ] --START--
INFO: Run Behavior\ContentReplaceBehavior [ RunTime:0.000000s ]
INFO: [ template_filter ] --END-- [ RunTime:0.000000s ]
INFO: Run Behavior\ParseTemplateBehavior [ RunTime:0.005000s ]
INFO: [ view_parse ] --END-- [ RunTime:0.005000s ]
INFO: [ view_filter ] --START--
INFO: Run Behavior\WriteHtmlCacheBehavior [ RunTime:0.000000s ]
INFO: [ view_filter ] --END-- [ RunTime:0.000000s ]
INFO: [ app_end ] --START--
INFO: Run Behavior\ShowPageTraceBehavior [ RunTime:0.000000s ]
INFO: [ app_end ] --END-- [ RunTime:0.000000s ]

[ 2019-03-23T15:57:58+08:00 ] 127.0.0.1 /admin/goods/add.html
INFO: [ app_init ] --START--
INFO: Run Behavior\BuildLiteBehavior [ RunTime:0.000000s ]
INFO: [ app_init ] --END-- [ RunTime:0.000000s ]
INFO: [ app_begin ] --START--
INFO: Run Behavior\ReadHtmlCacheBehavior [ RunTime:0.001000s ]
INFO: [ app_begin ] --END-- [ RunTime:0.001000s ]
SQL: SELECT * FROM `jx_type`  [ RunTime:0.0000s ]
SQL: SELECT * FROM `jx_category`  [ RunTime:0.0000s ]
INFO: [ view_parse ] --START--
INFO: [ template_filter ] --START--
INFO: Run Behavior\ContentReplaceBehavior [ RunTime:0.000000s ]
INFO: [ template_filter ] --END-- [ RunTime:0.000000s ]
INFO: Run Behavior\ParseTemplateBehavior [ RunTime:0.005000s ]
INFO: [ view_parse ] --END-- [ RunTime:0.005000s ]
INFO: [ view_filter ] --START--
INFO: Run Behavior\WriteHtmlCacheBehavior [ RunTime:0.000000s ]
INFO: [ view_filter ] --END-- [ RunTime:0.000000s ]
INFO: [ app_end ] --START--
INFO: Run Behavior\ShowPageTraceBehavior [ RunTime:0.001000s ]
INFO: [ app_end ] --END-- [ RunTime:0.001000s ]

[ 2019-03-23T15:58:01+08:00 ] 127.0.0.1 /admin/goods/add.html
INFO: [ app_init ] --START--
INFO: Run Behavior\BuildLiteBehavior [ RunTime:0.000000s ]
INFO: [ app_init ] --END-- [ RunTime:0.000000s ]
INFO: [ app_begin ] --START--
INFO: Run Behavior\ReadHtmlCacheBehavior [ RunTime:0.000000s ]
INFO: [ app_begin ] --END-- [ RunTime:0.000000s ]
NOTIC: [2] Declaration of Admin\Model\GoodsModel::_after_insert($data) should be compatible with Think\Model::_after_insert($data, $options) F:\wamp\ThinkPHP_Project\jxshop\Application\Admin\Model\GoodsModel.class.php 第 9 行.
NOTIC: [8] Undefined index: validate F:\wamp\ThinkPHP_Project\jxshop\ThinkPHP\Library\Think\Model.class.php 第 1185 行.
INFO: [ view_parse ] --START--
INFO: [ template_filter ] --START--
INFO: Run Behavior\ContentReplaceBehavior [ RunTime:0.000000s ]
INFO: [ template_filter ] --END-- [ RunTime:0.000000s ]
INFO: Run Behavior\ParseTemplateBehavior [ RunTime:0.002000s ]
INFO: [ view_parse ] --END-- [ RunTime:0.002000s ]
INFO: [ view_filter ] --START--
INFO: Run Behavior\WriteHtmlCacheBehavior [ RunTime:0.000000s ]
INFO: [ view_filter ] --END-- [ RunTime:0.001000s ]

[ 2019-03-23T15:58:04+08:00 ] 127.0.0.1 /admin/goods/add.html
INFO: [ app_init ] --START--
INFO: Run Behavior\BuildLiteBehavior [ RunTime:0.000000s ]
INFO: [ app_init ] --END-- [ RunTime:0.000000s ]
INFO: [ app_begin ] --START--
INFO: Run Behavior\ReadHtmlCacheBehavior [ RunTime:0.000000s ]
INFO: [ app_begin ] --END-- [ RunTime:0.000000s ]
SQL: SELECT * FROM `jx_type`  [ RunTime:0.0010s ]
SQL: SELECT * FROM `jx_category`  [ RunTime:0.0000s ]
INFO: [ view_parse ] --START--
INFO: [ template_filter ] --START--
INFO: Run Behavior\ContentReplaceBehavior [ RunTime:0.000000s ]
INFO: [ template_filter ] --END-- [ RunTime:0.000000s ]
INFO: Run Behavior\ParseTemplateBehavior [ RunTime:0.004000s ]
INFO: [ view_parse ] --END-- [ RunTime:0.004000s ]
INFO: [ view_filter ] --START--
INFO: Run Behavior\WriteHtmlCacheBehavior [ RunTime:0.000000s ]
INFO: [ view_filter ] --END-- [ RunTime:0.000000s ]
INFO: [ app_end ] --START--
INFO: Run Behavior\ShowPageTraceBehavior [ RunTime:0.000000s ]
INFO: [ app_end ] --END-- [ RunTime:0.000000s ]

[ 2019-03-23T15:58:19+08:00 ] 127.0.0.1 /admin/goods/add.html
INFO: [ app_init ] --START--
INFO: Run Behavior\BuildLiteBehavior [ RunTime:0.000000s ]
INFO: [ app_init ] --END-- [ RunTime:0.000000s ]
INFO: [ app_begin ] --START--
INFO: Run Behavior\ReadHtmlCacheBehavior [ RunTime:0.001000s ]
INFO: [ app_begin ] --END-- [ RunTime:0.001000s ]
NOTIC: [2] Declaration of Admin\Model\GoodsModel::_after_insert($data) should be compatible with Think\Model::_after_insert($data, $options) F:\wamp\ThinkPHP_Project\jxshop\Application\Admin\Model\GoodsModel.class.php 第 9 行.
NOTIC: [8] Undefined index: validate F:\wamp\ThinkPHP_Project\jxshop\ThinkPHP\Library\Think\Model.class.php 第 1185 行.
INFO: [ view_parse ] --START--
INFO: [ template_filter ] --START--
INFO: Run Behavior\ContentReplaceBehavior [ RunTime:0.000000s ]
INFO: [ template_filter ] --END-- [ RunTime:0.000000s ]
INFO: Run Behavior\ParseTemplateBehavior [ RunTime:0.003001s ]
INFO: [ view_parse ] --END-- [ RunTime:0.003001s ]
INFO: [ view_filter ] --START--
INFO: Run Behavior\WriteHtmlCacheBehavior [ RunTime:0.000000s ]
INFO: [ view_filter ] --END-- [ RunTime:0.000000s ]

[ 2019-03-23T15:58:22+08:00 ] 127.0.0.1 /admin/goods/add.html
INFO: [ app_init ] --START--
INFO: Run Behavior\BuildLiteBehavior [ RunTime:0.000000s ]
INFO: [ app_init ] --END-- [ RunTime:0.000000s ]
INFO: [ app_begin ] --START--
INFO: Run Behavior\ReadHtmlCacheBehavior [ RunTime:0.000000s ]
INFO: [ app_begin ] --END-- [ RunTime:0.000000s ]
SQL: SELECT * FROM `jx_type`  [ RunTime:0.0010s ]
SQL: SELECT * FROM `jx_category`  [ RunTime:0.0000s ]
INFO: [ view_parse ] --START--
INFO: [ template_filter ] --START--
INFO: Run Behavior\ContentReplaceBehavior [ RunTime:0.000000s ]
INFO: [ template_filter ] --END-- [ RunTime:0.000000s ]
INFO: Run Behavior\ParseTemplateBehavior [ RunTime:0.004000s ]
INFO: [ view_parse ] --END-- [ RunTime:0.004000s ]
INFO: [ view_filter ] --START--
INFO: Run Behavior\WriteHtmlCacheBehavior [ RunTime:0.000000s ]
INFO: [ view_filter ] --END-- [ RunTime:0.000000s ]
INFO: [ app_end ] --START--
INFO: Run Behavior\ShowPageTraceBehavior [ RunTime:0.000000s ]
INFO: [ app_end ] --END-- [ RunTime:0.000000s ]

[ 2019-03-23T15:58:26+08:00 ] 127.0.0.1 /admin/goods/add.html
INFO: [ app_init ] --START--
INFO: Run Behavior\BuildLiteBehavior [ RunTime:0.000000s ]
INFO: [ app_init ] --END-- [ RunTime:0.000000s ]
INFO: [ app_begin ] --START--
INFO: Run Behavior\ReadHtmlCacheBehavior [ RunTime:0.000000s ]
INFO: [ app_begin ] --END-- [ RunTime:0.000000s ]
NOTIC: [2] Declaration of Admin\Model\GoodsModel::_after_insert($data) should be compatible with Think\Model::_after_insert($data, $options) F:\wamp\ThinkPHP_Project\jxshop\Application\Admin\Model\GoodsModel.class.php 第 9 行.
NOTIC: [8] Undefined index: validate F:\wamp\ThinkPHP_Project\jxshop\ThinkPHP\Library\Think\Model.class.php 第 1185 行.
INFO: [ view_parse ] --START--
INFO: [ template_filter ] --START--
INFO: Run Behavior\ContentReplaceBehavior [ RunTime:0.000000s ]
INFO: [ template_filter ] --END-- [ RunTime:0.000000s ]
INFO: Run Behavior\ParseTemplateBehavior [ RunTime:0.003000s ]
INFO: [ view_parse ] --END-- [ RunTime:0.003000s ]
INFO: [ view_filter ] --START--
INFO: Run Behavior\WriteHtmlCacheBehavior [ RunTime:0.000000s ]
INFO: [ view_filter ] --END-- [ RunTime:0.000000s ]

[ 2019-03-23T15:58:29+08:00 ] 127.0.0.1 /admin/goods/add.html
INFO: [ app_init ] --START--
INFO: Run Behavior\BuildLiteBehavior [ RunTime:0.000000s ]
INFO: [ app_init ] --END-- [ RunTime:0.000000s ]
INFO: [ app_begin ] --START--
INFO: Run Behavior\ReadHtmlCacheBehavior [ RunTime:0.000000s ]
INFO: [ app_begin ] --END-- [ RunTime:0.000000s ]
SQL: SELECT * FROM `jx_type`  [ RunTime:0.0010s ]
SQL: SELECT * FROM `jx_category`  [ RunTime:0.0010s ]
INFO: [ view_parse ] --START--
INFO: [ template_filter ] --START--
INFO: Run Behavior\ContentReplaceBehavior [ RunTime:0.000000s ]
INFO: [ template_filter ] --END-- [ RunTime:0.000000s ]
INFO: Run Behavior\ParseTemplateBehavior [ RunTime:0.004000s ]
INFO: [ view_parse ] --END-- [ RunTime:0.004000s ]
INFO: [ view_filter ] --START--
INFO: Run Behavior\WriteHtmlCacheBehavior [ RunTime:0.001000s ]
INFO: [ view_filter ] --END-- [ RunTime:0.001000s ]
INFO: [ app_end ] --START--
INFO: Run Behavior\ShowPageTraceBehavior [ RunTime:0.000000s ]
INFO: [ app_end ] --END-- [ RunTime:0.000000s ]

[ 2019-03-23T15:58:31+08:00 ] 127.0.0.1 /admin/goods/add.html
INFO: [ app_init ] --START--
INFO: Run Behavior\BuildLiteBehavior [ RunTime:0.000000s ]
INFO: [ app_init ] --END-- [ RunTime:0.000000s ]
INFO: [ app_begin ] --START--
INFO: Run Behavior\ReadHtmlCacheBehavior [ RunTime:0.000000s ]
INFO: [ app_begin ] --END-- [ RunTime:0.000000s ]
NOTIC: [2] Declaration of Admin\Model\GoodsModel::_after_insert($data) should be compatible with Think\Model::_after_insert($data, $options) F:\wamp\ThinkPHP_Project\jxshop\Application\Admin\Model\GoodsModel.class.php 第 9 行.
NOTIC: [8] Undefined index: validate F:\wamp\ThinkPHP_Project\jxshop\ThinkPHP\Library\Think\Model.class.php 第 1185 行.
INFO: [ view_parse ] --START--
INFO: [ template_filter ] --START--
INFO: Run Behavior\ContentReplaceBehavior [ RunTime:0.000000s ]
INFO: [ template_filter ] --END-- [ RunTime:0.000000s ]
INFO: Run Behavior\ParseTemplateBehavior [ RunTime:0.002000s ]
INFO: [ view_parse ] --END-- [ RunTime:0.002000s ]
INFO: [ view_filter ] --START--
INFO: Run Behavior\WriteHtmlCacheBehavior [ RunTime:0.000000s ]
INFO: [ view_filter ] --END-- [ RunTime:0.000000s ]

[ 2019-03-23T15:58:34+08:00 ] 127.0.0.1 /admin/goods/add.html
INFO: [ app_init ] --START--
INFO: Run Behavior\BuildLiteBehavior [ RunTime:0.000000s ]
INFO: [ app_init ] --END-- [ RunTime:0.000000s ]
INFO: [ app_begin ] --START--
INFO: Run Behavior\ReadHtmlCacheBehavior [ RunTime:0.000000s ]
INFO: [ app_begin ] --END-- [ RunTime:0.000000s ]
SQL: SELECT * FROM `jx_type`  [ RunTime:0.0000s ]
SQL: SELECT * FROM `jx_category`  [ RunTime:0.0000s ]
INFO: [ view_parse ] --START--
INFO: [ template_filter ] --START--
INFO: Run Behavior\ContentReplaceBehavior [ RunTime:0.000000s ]
INFO: [ template_filter ] --END-- [ RunTime:0.000000s ]
INFO: Run Behavior\ParseTemplateBehavior [ RunTime:0.005000s ]
INFO: [ view_parse ] --END-- [ RunTime:0.005000s ]
INFO: [ view_filter ] --START--
INFO: Run Behavior\WriteHtmlCacheBehavior [ RunTime:0.000000s ]
INFO: [ view_filter ] --END-- [ RunTime:0.000000s ]
INFO: [ app_end ] --START--
INFO: Run Behavior\ShowPageTraceBehavior [ RunTime:0.001001s ]
INFO: [ app_end ] --END-- [ RunTime:0.001001s ]

[ 2019-03-23T16:00:05+08:00 ] 127.0.0.1 /Admin/Index/index.html
INFO: [ app_init ] --START--
INFO: Run Behavior\BuildLiteBehavior [ RunTime:0.000000s ]
INFO: [ app_init ] --END-- [ RunTime:0.000000s ]
INFO: [ app_begin ] --START--
INFO: Run Behavior\ReadHtmlCacheBehavior [ RunTime:0.000000s ]
INFO: [ app_begin ] --END-- [ RunTime:0.000000s ]
INFO: [ view_parse ] --START--
INFO: [ template_filter ] --START--
INFO: Run Behavior\ContentReplaceBehavior [ RunTime:0.000000s ]
INFO: [ template_filter ] --END-- [ RunTime:0.000000s ]
INFO: Run Behavior\ParseTemplateBehavior [ RunTime:0.005000s ]
INFO: [ view_parse ] --END-- [ RunTime:0.005000s ]
INFO: [ view_filter ] --START--
INFO: Run Behavior\WriteHtmlCacheBehavior [ RunTime:0.000000s ]
INFO: [ view_filter ] --END-- [ RunTime:0.000000s ]
INFO: [ app_end ] --START--
INFO: Run Behavior\ShowPageTraceBehavior [ RunTime:0.001000s ]
INFO: [ app_end ] --END-- [ RunTime:0.001000s ]

[ 2019-03-23T16:00:05+08:00 ] 127.0.0.1 /Admin/Index/top.html
INFO: [ app_init ] --START--
INFO: Run Behavior\BuildLiteBehavior [ RunTime:0.000000s ]
INFO: [ app_init ] --END-- [ RunTime:0.000000s ]
INFO: [ app_begin ] --START--
INFO: Run Behavior\ReadHtmlCacheBehavior [ RunTime:0.000000s ]
INFO: [ app_begin ] --END-- [ RunTime:0.000000s ]
INFO: [ view_parse ] --START--
INFO: [ template_filter ] --START--
INFO: Run Behavior\ContentReplaceBehavior [ RunTime:0.000000s ]
INFO: [ template_filter ] --END-- [ RunTime:0.000000s ]
INFO: Run Behavior\ParseTemplateBehavior [ RunTime:0.004000s ]
INFO: [ view_parse ] --END-- [ RunTime:0.004000s ]
INFO: [ view_filter ] --START--
INFO: Run Behavior\WriteHtmlCacheBehavior [ RunTime:0.001001s ]
INFO: [ view_filter ] --END-- [ RunTime:0.001001s ]
INFO: [ app_end ] --START--
INFO: Run Behavior\ShowPageTraceBehavior [ RunTime:0.000000s ]
INFO: [ app_end ] --END-- [ RunTime:0.000000s ]

[ 2019-03-23T16:00:05+08:00 ] 127.0.0.1 /Admin/Index/menu.html
INFO: [ app_init ] --START--
INFO: Run Behavior\BuildLiteBehavior [ RunTime:0.000000s ]
INFO: [ app_init ] --END-- [ RunTime:0.000000s ]
INFO: [ app_begin ] --START--
INFO: Run Behavior\ReadHtmlCacheBehavior [ RunTime:0.001000s ]
INFO: [ app_begin ] --END-- [ RunTime:0.001000s ]
INFO: [ view_parse ] --START--
INFO: [ template_filter ] --START--
INFO: Run Behavior\ContentReplaceBehavior [ RunTime:0.000000s ]
INFO: [ template_filter ] --END-- [ RunTime:0.001000s ]
INFO: Run Behavior\ParseTemplateBehavior [ RunTime:0.005000s ]
INFO: [ view_parse ] --END-- [ RunTime:0.005000s ]
INFO: [ view_filter ] --START--
INFO: Run Behavior\WriteHtmlCacheBehavior [ RunTime:0.006000s ]
INFO: [ view_filter ] --END-- [ RunTime:0.006000s ]
INFO: [ app_end ] --START--
INFO: Run Behavior\ShowPageTraceBehavior [ RunTime:0.001001s ]
INFO: [ app_end ] --END-- [ RunTime:0.001001s ]

[ 2019-03-23T16:00:05+08:00 ] 127.0.0.1 /Admin/Index/main.html
INFO: [ app_init ] --START--
INFO: Run Behavior\BuildLiteBehavior [ RunTime:0.000000s ]
INFO: [ app_init ] --END-- [ RunTime:0.000000s ]
INFO: [ app_begin ] --START--
INFO: Run Behavior\ReadHtmlCacheBehavior [ RunTime:0.001000s ]
INFO: [ app_begin ] --END-- [ RunTime:0.001000s ]
INFO: [ view_parse ] --START--
INFO: [ template_filter ] --START--
INFO: Run Behavior\ContentReplaceBehavior [ RunTime:0.000000s ]
INFO: [ template_filter ] --END-- [ RunTime:0.000000s ]
INFO: Run Behavior\ParseTemplateBehavior [ RunTime:0.006000s ]
INFO: [ view_parse ] --END-- [ RunTime:0.006000s ]
INFO: [ view_filter ] --START--
INFO: Run Behavior\WriteHtmlCacheBehavior [ RunTime:0.001000s ]
INFO: [ view_filter ] --END-- [ RunTime:0.001000s ]
INFO: [ app_end ] --START--
INFO: Run Behavior\ShowPageTraceBehavior [ RunTime:0.000000s ]
INFO: [ app_end ] --END-- [ RunTime:0.000000s ]

[ 2019-03-23T16:00:07+08:00 ] 127.0.0.1 /admin/goods/index.html
INFO: [ app_init ] --START--
INFO: Run Behavior\BuildLiteBehavior [ RunTime:0.000000s ]
INFO: [ app_init ] --END-- [ RunTime:0.000000s ]
INFO: [ app_begin ] --START--
INFO: Run Behavior\ReadHtmlCacheBehavior [ RunTime:0.000000s ]
INFO: [ app_begin ] --END-- [ RunTime:0.000000s ]
SQL: SELECT * FROM `jx_category`  [ RunTime:0.0010s ]
NOTIC: [2] Declaration of Admin\Model\GoodsModel::_after_insert($data) should be compatible with Think\Model::_after_insert($data, $options) F:\wamp\ThinkPHP_Project\jxshop\Application\Admin\Model\GoodsModel.class.php 第 0 行.
SQL: SELECT COUNT(*) AS tp_count FROM `jx_goods` WHERE ( isdel=1 ) LIMIT 1   [ RunTime:0.0010s ]
SQL: SELECT * FROM `jx_goods` WHERE ( isdel=1 ) ORDER BY id desc LIMIT 0,6   [ RunTime:0.0010s ]
INFO: [ view_parse ] --START--
INFO: [ template_filter ] --START--
INFO: Run Behavior\ContentReplaceBehavior [ RunTime:0.000000s ]
INFO: [ template_filter ] --END-- [ RunTime:0.000000s ]
NOTIC: [8] Undefined index: cate_id F:\wamp\ThinkPHP_Project\jxshop\Application\Runtime\Cache\Admin\9ce8eac8d2713f300aacb86a396bc850.php 第 35 行.
NOTIC: [8] Undefined index: cate_id F:\wamp\ThinkPHP_Project\jxshop\Application\Runtime\Cache\Admin\9ce8eac8d2713f300aacb86a396bc850.php 第 35 行.
NOTIC: [8] Undefined index: cate_id F:\wamp\ThinkPHP_Project\jxshop\Application\Runtime\Cache\Admin\9ce8eac8d2713f300aacb86a396bc850.php 第 35 行.
NOTIC: [8] Undefined index: cate_id F:\wamp\ThinkPHP_Project\jxshop\Application\Runtime\Cache\Admin\9ce8eac8d2713f300aacb86a396bc850.php 第 35 行.
NOTIC: [8] Undefined index: cate_id F:\wamp\ThinkPHP_Project\jxshop\Application\Runtime\Cache\Admin\9ce8eac8d2713f300aacb86a396bc850.php 第 35 行.
NOTIC: [8] Undefined index: cate_id F:\wamp\ThinkPHP_Project\jxshop\Application\Runtime\Cache\Admin\9ce8eac8d2713f300aacb86a396bc850.php 第 35 行.
NOTIC: [8] Undefined index: cate_id F:\wamp\ThinkPHP_Project\jxshop\Application\Runtime\Cache\Admin\9ce8eac8d2713f300aacb86a396bc850.php 第 35 行.
NOTIC: [8] Undefined index: cate_id F:\wamp\ThinkPHP_Project\jxshop\Application\Runtime\Cache\Admin\9ce8eac8d2713f300aacb86a396bc850.php 第 35 行.
NOTIC: [8] Undefined index: cate_id F:\wamp\ThinkPHP_Project\jxshop\Application\Runtime\Cache\Admin\9ce8eac8d2713f300aacb86a396bc850.php 第 35 行.
NOTIC: [8] Undefined index: cate_id F:\wamp\ThinkPHP_Project\jxshop\Application\Runtime\Cache\Admin\9ce8eac8d2713f300aacb86a396bc850.php 第 35 行.
NOTIC: [8] Undefined index: cate_id F:\wamp\ThinkPHP_Project\jxshop\Application\Runtime\Cache\Admin\9ce8eac8d2713f300aacb86a396bc850.php 第 35 行.
NOTIC: [8] Undefined index: cate_id F:\wamp\ThinkPHP_Project\jxshop\Application\Runtime\Cache\Admin\9ce8eac8d2713f300aacb86a396bc850.php 第 35 行.
NOTIC: [8] Undefined index: cate_id F:\wamp\ThinkPHP_Project\jxshop\Application\Runtime\Cache\Admin\9ce8eac8d2713f300aacb86a396bc850.php 第 35 行.
NOTIC: [8] Undefined index: cate_id F:\wamp\ThinkPHP_Project\jxshop\Application\Runtime\Cache\Admin\9ce8eac8d2713f300aacb86a396bc850.php 第 35 行.
NOTIC: [8] Undefined index: cate_id F:\wamp\ThinkPHP_Project\jxshop\Application\Runtime\Cache\Admin\9ce8eac8d2713f300aacb86a396bc850.php 第 35 行.
NOTIC: [8] Undefined index: cate_id F:\wamp\ThinkPHP_Project\jxshop\Application\Runtime\Cache\Admin\9ce8eac8d2713f300aacb86a396bc850.php 第 35 行.
NOTIC: [8] Undefined index: cate_id F:\wamp\ThinkPHP_Project\jxshop\Application\Runtime\Cache\Admin\9ce8eac8d2713f300aacb86a396bc850.php 第 35 行.
NOTIC: [8] Undefined index: cate_id F:\wamp\ThinkPHP_Project\jxshop\Application\Runtime\Cache\Admin\9ce8eac8d2713f300aacb86a396bc850.php 第 35 行.
NOTIC: [8] Undefined index: cate_id F:\wamp\ThinkPHP_Project\jxshop\Application\Runtime\Cache\Admin\9ce8eac8d2713f300aacb86a396bc850.php 第 35 行.
NOTIC: [8] Undefined index: cate_id F:\wamp\ThinkPHP_Project\jxshop\Application\Runtime\Cache\Admin\9ce8eac8d2713f300aacb86a396bc850.php 第 35 行.
NOTIC: [8] Undefined index: cate_id F:\wamp\ThinkPHP_Project\jxshop\Application\Runtime\Cache\Admin\9ce8eac8d2713f300aacb86a396bc850.php 第 35 行.
NOTIC: [8] Undefined index: cate_id F:\wamp\ThinkPHP_Project\jxshop\Application\Runtime\Cache\Admin\9ce8eac8d2713f300aacb86a396bc850.php 第 35 行.
NOTIC: [8] Undefined index: cate_id F:\wamp\ThinkPHP_Project\jxshop\Application\Runtime\Cache\Admin\9ce8eac8d2713f300aacb86a396bc850.php 第 35 行.
NOTIC: [8] Undefined index: cate_id F:\wamp\ThinkPHP_Project\jxshop\Application\Runtime\Cache\Admin\9ce8eac8d2713f300aacb86a396bc850.php 第 35 行.
NOTIC: [8] Undefined index: cate_id F:\wamp\ThinkPHP_Project\jxshop\Application\Runtime\Cache\Admin\9ce8eac8d2713f300aacb86a396bc850.php 第 35 行.
NOTIC: [8] Undefined index: cate_id F:\wamp\ThinkPHP_Project\jxshop\Application\Runtime\Cache\Admin\9ce8eac8d2713f300aacb86a396bc850.php 第 35 行.
NOTIC: [8] Undefined index: cate_id F:\wamp\ThinkPHP_Project\jxshop\Application\Runtime\Cache\Admin\9ce8eac8d2713f300aacb86a396bc850.php 第 35 行.
NOTIC: [8] Undefined index: intro_type F:\wamp\ThinkPHP_Project\jxshop\Application\Runtime\Cache\Admin\9ce8eac8d2713f300aacb86a396bc850.php 第 40 行.
NOTIC: [8] Undefined index: intro_type F:\wamp\ThinkPHP_Project\jxshop\Application\Runtime\Cache\Admin\9ce8eac8d2713f300aacb86a396bc850.php 第 41 行.
NOTIC: [8] Undefined index: intro_type F:\wamp\ThinkPHP_Project\jxshop\Application\Runtime\Cache\Admin\9ce8eac8d2713f300aacb86a396bc850.php 第 42 行.
NOTIC: [8] Undefined index: is_sale F:\wamp\ThinkPHP_Project\jxshop\Application\Runtime\Cache\Admin\9ce8eac8d2713f300aacb86a396bc850.php 第 46 行.
NOTIC: [8] Undefined index: is_sale F:\wamp\ThinkPHP_Project\jxshop\Application\Runtime\Cache\Admin\9ce8eac8d2713f300aacb86a396bc850.php 第 47 行.
NOTIC: [8] Undefined index: is_sale F:\wamp\ThinkPHP_Project\jxshop\Application\Runtime\Cache\Admin\9ce8eac8d2713f300aacb86a396bc850.php 第 48 行.
NOTIC: [8] Undefined index: is_desc F:\wamp\ThinkPHP_Project\jxshop\Application\Runtime\Cache\Admin\9ce8eac8d2713f300aacb86a396bc850.php 第 53 行.
NOTIC: [8] Undefined index: is_desc F:\wamp\ThinkPHP_Project\jxshop\Application\Runtime\Cache\Admin\9ce8eac8d2713f300aacb86a396bc850.php 第 54 行.
NOTIC: [8] Undefined index: keyword F:\wamp\ThinkPHP_Project\jxshop\Application\Runtime\Cache\Admin\9ce8eac8d2713f300aacb86a396bc850.php 第 57 行.
NOTIC: [8] Use of undefined constant yes - assumed 'yes' F:\wamp\ThinkPHP_Project\jxshop\Application\Runtime\Cache\Admin\9ce8eac8d2713f300aacb86a396bc850.php 第 82 行.
NOTIC: [8] Use of undefined constant yes - assumed 'yes' F:\wamp\ThinkPHP_Project\jxshop\Application\Runtime\Cache\Admin\9ce8eac8d2713f300aacb86a396bc850.php 第 83 行.
NOTIC: [8] Use of undefined constant yes - assumed 'yes' F:\wamp\ThinkPHP_Project\jxshop\Application\Runtime\Cache\Admin\9ce8eac8d2713f300aacb86a396bc850.php 第 82 行.
NOTIC: [8] Use of undefined constant yes - assumed 'yes' F:\wamp\ThinkPHP_Project\jxshop\Application\Runtime\Cache\Admin\9ce8eac8d2713f300aacb86a396bc850.php 第 83 行.
NOTIC: [8] Use of undefined constant yes - assumed 'yes' F:\wamp\ThinkPHP_Project\jxshop\Application\Runtime\Cache\Admin\9ce8eac8d2713f300aacb86a396bc850.php 第 82 行.
NOTIC: [8] Use of undefined constant no - assumed 'no' F:\wamp\ThinkPHP_Project\jxshop\Application\Runtime\Cache\Admin\9ce8eac8d2713f300aacb86a396bc850.php 第 83 行.
NOTIC: [8] Use of undefined constant yes - assumed 'yes' F:\wamp\ThinkPHP_Project\jxshop\Application\Runtime\Cache\Admin\9ce8eac8d2713f300aacb86a396bc850.php 第 82 行.
NOTIC: [8] Use of undefined constant no - assumed 'no' F:\wamp\ThinkPHP_Project\jxshop\Application\Runtime\Cache\Admin\9ce8eac8d2713f300aacb86a396bc850.php 第 83 行.
NOTIC: [8] Use of undefined constant yes - assumed 'yes' F:\wamp\ThinkPHP_Project\jxshop\Application\Runtime\Cache\Admin\9ce8eac8d2713f300aacb86a396bc850.php 第 82 行.
NOTIC: [8] Use of undefined constant no - assumed 'no' F:\wamp\ThinkPHP_Project\jxshop\Application\Runtime\Cache\Admin\9ce8eac8d2713f300aacb86a396bc850.php 第 83 行.
NOTIC: [8] Use of undefined constant yes - assumed 'yes' F:\wamp\ThinkPHP_Project\jxshop\Application\Runtime\Cache\Admin\9ce8eac8d2713f300aacb86a396bc850.php 第 82 行.
NOTIC: [8] Use of undefined constant yes - assumed 'yes' F:\wamp\ThinkPHP_Project\jxshop\Application\Runtime\Cache\Admin\9ce8eac8d2713f300aacb86a396bc850.php 第 83 行.
INFO: Run Behavior\ParseTemplateBehavior [ RunTime:0.005000s ]
INFO: [ view_parse ] --END-- [ RunTime:0.005000s ]
INFO: [ view_filter ] --START--
INFO: Run Behavior\WriteHtmlCacheBehavior [ RunTime:0.000000s ]
INFO: [ view_filter ] --END-- [ RunTime:0.000000s ]
INFO: [ app_end ] --START--
INFO: Run Behavior\ShowPageTraceBehavior [ RunTime:0.001001s ]
INFO: [ app_end ] --END-- [ RunTime:0.001001s ]

[ 2019-03-23T16:00:11+08:00 ] 127.0.0.1 /admin/attribute/index.html
INFO: [ app_init ] --START--
INFO: Run Behavior\BuildLiteBehavior [ RunTime:0.000000s ]
INFO: [ app_init ] --END-- [ RunTime:0.000000s ]
INFO: [ app_begin ] --START--
INFO: Run Behavior\ReadHtmlCacheBehavior [ RunTime:0.000000s ]
INFO: [ app_begin ] --END-- [ RunTime:0.000000s ]
SQL: SELECT COUNT(*) AS tp_count FROM `jx_attribute` LIMIT 1   [ RunTime:0.0010s ]
SQL: SELECT * FROM `jx_attribute` LIMIT 0,10   [ RunTime:0.0000s ]
SQL: SELECT * FROM `jx_type`  [ RunTime:0.0000s ]
INFO: [ view_parse ] --START--
INFO: [ template_filter ] --START--
INFO: Run Behavior\ContentReplaceBehavior [ RunTime:0.000000s ]
INFO: [ template_filter ] --END-- [ RunTime:0.000000s ]
INFO: Run Behavior\ParseTemplateBehavior [ RunTime:0.004000s ]
INFO: [ view_parse ] --END-- [ RunTime:0.004000s ]
INFO: [ view_filter ] --START--
INFO: Run Behavior\WriteHtmlCacheBehavior [ RunTime:0.000000s ]
INFO: [ view_filter ] --END-- [ RunTime:0.000000s ]
INFO: [ app_end ] --START--
INFO: Run Behavior\ShowPageTraceBehavior [ RunTime:0.001000s ]
INFO: [ app_end ] --END-- [ RunTime:0.001000s ]

[ 2019-03-23T16:00:12+08:00 ] 127.0.0.1 /admin/admin/index.html
INFO: [ app_init ] --START--
INFO: Run Behavior\BuildLiteBehavior [ RunTime:0.000000s ]
INFO: [ app_init ] --END-- [ RunTime:0.000000s ]
INFO: [ app_begin ] --START--
INFO: Run Behavior\ReadHtmlCacheBehavior [ RunTime:0.001000s ]
INFO: [ app_begin ] --END-- [ RunTime:0.001000s ]
NOTIC: [2] Declaration of Admin\Model\AdminModel::_after_insert($data) should be compatible with Think\Model::_after_insert($data, $options) F:\wamp\ThinkPHP_Project\jxshop\Application\Admin\Model\AdminModel.class.php 第 5 行.
SQL: SELECT COUNT(*) AS tp_count FROM `jx_admin` LIMIT 1   [ RunTime:0.0000s ]
SQL: SELECT a.*,c.role_name FROM jx_admin a left join jx_admin_role b on a.id = b.admin_id left join jx_role c on b.role_id = c.id  LIMIT 0,4   [ RunTime:0.0000s ]
INFO: [ view_parse ] --START--
INFO: [ template_filter ] --START--
INFO: Run Behavior\ContentReplaceBehavior [ RunTime:0.000000s ]
INFO: [ template_filter ] --END-- [ RunTime:0.000000s ]
NOTIC: [8] Undefined variable: cate F:\wamp\ThinkPHP_Project\jxshop\Application\Runtime\Cache\Admin\d7502419773bd6b49a800162e5dc3227.php 第 35 行.
NOTIC: [8] Undefined index: intro_type F:\wamp\ThinkPHP_Project\jxshop\Application\Runtime\Cache\Admin\d7502419773bd6b49a800162e5dc3227.php 第 40 行.
NOTIC: [8] Undefined index: intro_type F:\wamp\ThinkPHP_Project\jxshop\Application\Runtime\Cache\Admin\d7502419773bd6b49a800162e5dc3227.php 第 41 行.
NOTIC: [8] Undefined index: intro_type F:\wamp\ThinkPHP_Project\jxshop\Application\Runtime\Cache\Admin\d7502419773bd6b49a800162e5dc3227.php 第 42 行.
NOTIC: [8] Undefined index: is_sale F:\wamp\ThinkPHP_Project\jxshop\Application\Runtime\Cache\Admin\d7502419773bd6b49a800162e5dc3227.php 第 46 行.
NOTIC: [8] Undefined index: is_sale F:\wamp\ThinkPHP_Project\jxshop\Application\Runtime\Cache\Admin\d7502419773bd6b49a800162e5dc3227.php 第 47 行.
NOTIC: [8] Undefined index: is_sale F:\wamp\ThinkPHP_Project\jxshop\Application\Runtime\Cache\Admin\d7502419773bd6b49a800162e5dc3227.php 第 48 行.
NOTIC: [8] Undefined index: keyword F:\wamp\ThinkPHP_Project\jxshop\Application\Runtime\Cache\Admin\d7502419773bd6b49a800162e5dc3227.php 第 51 行.
INFO: Run Behavior\ParseTemplateBehavior [ RunTime:0.004000s ]
INFO: [ view_parse ] --END-- [ RunTime:0.004000s ]
INFO: [ view_filter ] --START--
INFO: Run Behavior\WriteHtmlCacheBehavior [ RunTime:0.001000s ]
INFO: [ view_filter ] --END-- [ RunTime:0.001000s ]
INFO: [ app_end ] --START--
INFO: Run Behavior\ShowPageTraceBehavior [ RunTime:0.000000s ]
INFO: [ app_end ] --END-- [ RunTime:0.000000s ]

[ 2019-03-23T16:00:15+08:00 ] 127.0.0.1 /admin/admin/add.html
INFO: [ app_init ] --START--
INFO: Run Behavior\BuildLiteBehavior [ RunTime:0.000000s ]
INFO: [ app_init ] --END-- [ RunTime:0.000000s ]
INFO: [ app_begin ] --START--
INFO: Run Behavior\ReadHtmlCacheBehavior [ RunTime:0.000000s ]
INFO: [ app_begin ] --END-- [ RunTime:0.000000s ]
SQL: SELECT * FROM `jx_role`  [ RunTime:0.0000s ]
INFO: [ view_parse ] --START--
INFO: [ template_filter ] --START--
INFO: Run Behavior\ContentReplaceBehavior [ RunTime:0.000000s ]
INFO: [ template_filter ] --END-- [ RunTime:0.000000s ]
INFO: Run Behavior\ParseTemplateBehavior [ RunTime:0.004001s ]
INFO: [ view_parse ] --END-- [ RunTime:0.004001s ]
INFO: [ view_filter ] --START--
INFO: Run Behavior\WriteHtmlCacheBehavior [ RunTime:0.000000s ]
INFO: [ view_filter ] --END-- [ RunTime:0.000000s ]
INFO: [ app_end ] --START--
INFO: Run Behavior\ShowPageTraceBehavior [ RunTime:0.000000s ]
INFO: [ app_end ] --END-- [ RunTime:0.000000s ]

[ 2019-03-23T16:00:17+08:00 ] 127.0.0.1 /admin/admin/add.html
INFO: [ app_init ] --START--
INFO: Run Behavior\BuildLiteBehavior [ RunTime:0.000000s ]
INFO: [ app_init ] --END-- [ RunTime:0.000000s ]
INFO: [ app_begin ] --START--
INFO: Run Behavior\ReadHtmlCacheBehavior [ RunTime:0.000000s ]
INFO: [ app_begin ] --END-- [ RunTime:0.000000s ]
NOTIC: [2] Declaration of Admin\Model\AdminModel::_after_insert($data) should be compatible with Think\Model::_after_insert($data, $options) F:\wamp\ThinkPHP_Project\jxshop\Application\Admin\Model\AdminModel.class.php 第 5 行.
NOTIC: [8] Undefined index: validate F:\wamp\ThinkPHP_Project\jxshop\ThinkPHP\Library\Think\Model.class.php 第 1185 行.
INFO: [ view_parse ] --START--
INFO: [ template_filter ] --START--
INFO: Run Behavior\ContentReplaceBehavior [ RunTime:0.000000s ]
INFO: [ template_filter ] --END-- [ RunTime:0.000000s ]
INFO: Run Behavior\ParseTemplateBehavior [ RunTime:0.002000s ]
INFO: [ view_parse ] --END-- [ RunTime:0.002000s ]
INFO: [ view_filter ] --START--
INFO: Run Behavior\WriteHtmlCacheBehavior [ RunTime:0.000000s ]
INFO: [ view_filter ] --END-- [ RunTime:0.000000s ]

[ 2019-03-23T16:00:20+08:00 ] 127.0.0.1 /admin/admin/add.html
INFO: [ app_init ] --START--
INFO: Run Behavior\BuildLiteBehavior [ RunTime:0.000000s ]
INFO: [ app_init ] --END-- [ RunTime:0.001000s ]
INFO: [ app_begin ] --START--
INFO: Run Behavior\ReadHtmlCacheBehavior [ RunTime:0.000000s ]
INFO: [ app_begin ] --END-- [ RunTime:0.000000s ]
SQL: SELECT * FROM `jx_role`  [ RunTime:0.0000s ]
INFO: [ view_parse ] --START--
INFO: [ template_filter ] --START--
INFO: Run Behavior\ContentReplaceBehavior [ RunTime:0.000000s ]
INFO: [ template_filter ] --END-- [ RunTime:0.000000s ]
INFO: Run Behavior\ParseTemplateBehavior [ RunTime:0.003000s ]
INFO: [ view_parse ] --END-- [ RunTime:0.003000s ]
INFO: [ view_filter ] --START--
INFO: Run Behavior\WriteHtmlCacheBehavior [ RunTime:0.000000s ]
INFO: [ view_filter ] --END-- [ RunTime:0.000000s ]
INFO: [ app_end ] --START--
INFO: Run Behavior\ShowPageTraceBehavior [ RunTime:0.000000s ]
INFO: [ app_end ] --END-- [ RunTime:0.000000s ]

[ 2019-03-23T16:02:53+08:00 ] 127.0.0.1 /admin/admin/index.html
INFO: [ app_init ] --START--
INFO: Run Behavior\BuildLiteBehavior [ RunTime:0.000000s ]
INFO: [ app_init ] --END-- [ RunTime:0.000000s ]
INFO: [ app_begin ] --START--
INFO: Run Behavior\ReadHtmlCacheBehavior [ RunTime:0.001000s ]
INFO: [ app_begin ] --END-- [ RunTime:0.001000s ]
NOTIC: [2] Declaration of Admin\Model\AdminModel::_after_insert($data) should be compatible with Think\Model::_after_insert($data, $options) F:\wamp\ThinkPHP_Project\jxshop\Application\Admin\Model\AdminModel.class.php 第 5 行.
SQL: SELECT COUNT(*) AS tp_count FROM `jx_admin` LIMIT 1   [ RunTime:0.0000s ]
SQL: SELECT a.*,c.role_name FROM jx_admin a left join jx_admin_role b on a.id = b.admin_id left join jx_role c on b.role_id = c.id  LIMIT 0,4   [ RunTime:0.0000s ]
INFO: [ view_parse ] --START--
INFO: [ template_filter ] --START--
INFO: Run Behavior\ContentReplaceBehavior [ RunTime:0.000000s ]
INFO: [ template_filter ] --END-- [ RunTime:0.000000s ]
NOTIC: [8] Undefined variable: cate F:\wamp\ThinkPHP_Project\jxshop\Application\Runtime\Cache\Admin\d7502419773bd6b49a800162e5dc3227.php 第 35 行.
NOTIC: [8] Undefined index: intro_type F:\wamp\ThinkPHP_Project\jxshop\Application\Runtime\Cache\Admin\d7502419773bd6b49a800162e5dc3227.php 第 40 行.
NOTIC: [8] Undefined index: intro_type F:\wamp\ThinkPHP_Project\jxshop\Application\Runtime\Cache\Admin\d7502419773bd6b49a800162e5dc3227.php 第 41 行.
NOTIC: [8] Undefined index: intro_type F:\wamp\ThinkPHP_Project\jxshop\Application\Runtime\Cache\Admin\d7502419773bd6b49a800162e5dc3227.php 第 42 行.
NOTIC: [8] Undefined index: is_sale F:\wamp\ThinkPHP_Project\jxshop\Application\Runtime\Cache\Admin\d7502419773bd6b49a800162e5dc3227.php 第 46 行.
NOTIC: [8] Undefined index: is_sale F:\wamp\ThinkPHP_Project\jxshop\Application\Runtime\Cache\Admin\d7502419773bd6b49a800162e5dc3227.php 第 47 行.
NOTIC: [8] Undefined index: is_sale F:\wamp\ThinkPHP_Project\jxshop\Application\Runtime\Cache\Admin\d7502419773bd6b49a800162e5dc3227.php 第 48 行.
NOTIC: [8] Undefined index: keyword F:\wamp\ThinkPHP_Project\jxshop\Application\Runtime\Cache\Admin\d7502419773bd6b49a800162e5dc3227.php 第 51 行.
INFO: Run Behavior\ParseTemplateBehavior [ RunTime:0.004000s ]
INFO: [ view_parse ] --END-- [ RunTime:0.004000s ]
INFO: [ view_filter ] --START--
INFO: Run Behavior\WriteHtmlCacheBehavior [ RunTime:0.001000s ]
INFO: [ view_filter ] --END-- [ RunTime:0.001000s ]
INFO: [ app_end ] --START--
INFO: Run Behavior\ShowPageTraceBehavior [ RunTime:0.000000s ]
INFO: [ app_end ] --END-- [ RunTime:0.000000s ]

[ 2019-03-23T16:07:05+08:00 ] 127.0.0.1 /Admin/Admin/edit/admin_id/3.html
INFO: [ app_init ] --START--
INFO: Run Behavior\BuildLiteBehavior [ RunTime:0.000000s ]
INFO: [ app_init ] --END-- [ RunTime:0.000000s ]
INFO: [ app_begin ] --START--
INFO: Run Behavior\ReadHtmlCacheBehavior [ RunTime:0.000000s ]
INFO: [ app_begin ] --END-- [ RunTime:0.000000s ]
NOTIC: [2] Declaration of Admin\Model\AdminModel::_after_insert($data) should be compatible with Think\Model::_after_insert($data, $options) F:\wamp\ThinkPHP_Project\jxshop\Application\Admin\Model\AdminModel.class.php 第 5 行.
SQL: SELECT a.*,b.role_id FROM jx_admin a left join jx_admin_role b on a.id = b.admin_id  WHERE ( a.id = 3 ) LIMIT 1   [ RunTime:0.0010s ]
SQL: SELECT * FROM `jx_role`  [ RunTime:0.0000s ]
INFO: [ view_parse ] --START--
INFO: [ template_filter ] --START--
INFO: Run Behavior\ContentReplaceBehavior [ RunTime:0.000000s ]
INFO: [ template_filter ] --END-- [ RunTime:0.000000s ]
INFO: Run Behavior\ParseTemplateBehavior [ RunTime:0.004000s ]
INFO: [ view_parse ] --END-- [ RunTime:0.004000s ]
INFO: [ view_filter ] --START--
INFO: Run Behavior\WriteHtmlCacheBehavior [ RunTime:0.001001s ]
INFO: [ view_filter ] --END-- [ RunTime:0.001001s ]
INFO: [ app_end ] --START--
INFO: Run Behavior\ShowPageTraceBehavior [ RunTime:0.000000s ]
INFO: [ app_end ] --END-- [ RunTime:0.000000s ]

