[ 2019-02-14T23:16:36+08:00 ] 127.0.0.1 /Admin/Index/index.html
INFO: [ app_init ] --START--
INFO: Run Behavior\BuildLiteBehavior [ RunTime:0.000016s ]
INFO: [ app_init ] --END-- [ RunTime:0.000512s ]
INFO: [ app_begin ] --START--
INFO: Run Behavior\ReadHtmlCacheBehavior [ RunTime:0.000792s ]
INFO: [ app_begin ] --END-- [ RunTime:0.000841s ]
INFO: [ view_parse ] --START--
INFO: [ template_filter ] --START--
INFO: Run Behavior\ContentReplaceBehavior [ RunTime:0.000142s ]
INFO: [ template_filter ] --END-- [ RunTime:0.000212s ]
INFO: Run Behavior\ParseTemplateBehavior [ RunTime:0.076522s ]
INFO: [ view_parse ] --END-- [ RunTime:0.076605s ]
INFO: [ view_filter ] --START--
INFO: Run Behavior\WriteHtmlCacheBehavior [ RunTime:0.000636s ]
INFO: [ view_filter ] --END-- [ RunTime:0.000687s ]

[ 2019-02-14T23:16:39+08:00 ] 127.0.0.1 /Admin/Login/login.html
INFO: [ app_init ] --START--
INFO: Run Behavior\BuildLiteBehavior [ RunTime:0.000017s ]
INFO: [ app_init ] --END-- [ RunTime:0.000467s ]
INFO: [ app_begin ] --START--
INFO: Run Behavior\ReadHtmlCacheBehavior [ RunTime:0.000498s ]
INFO: [ app_begin ] --END-- [ RunTime:0.000542s ]
INFO: [ view_parse ] --START--
INFO: [ template_filter ] --START--
INFO: Run Behavior\ContentReplaceBehavior [ RunTime:0.000062s ]
INFO: [ template_filter ] --END-- [ RunTime:0.000124s ]
INFO: Run Behavior\ParseTemplateBehavior [ RunTime:0.019223s ]
INFO: [ view_parse ] --END-- [ RunTime:0.019287s ]
INFO: [ view_filter ] --START--
INFO: Run Behavior\WriteHtmlCacheBehavior [ RunTime:0.000336s ]
INFO: [ view_filter ] --END-- [ RunTime:0.000365s ]
INFO: [ app_end ] --START--
INFO: Run Behavior\ShowPageTraceBehavior [ RunTime:0.000595s ]
INFO: [ app_end ] --END-- [ RunTime:0.000627s ]

[ 2019-02-14T23:16:40+08:00 ] 127.0.0.1 /Admin/Login/verify.html
INFO: [ app_init ] --START--
INFO: Run Behavior\BuildLiteBehavior [ RunTime:0.000016s ]
INFO: [ app_init ] --END-- [ RunTime:0.000540s ]
INFO: [ app_begin ] --START--
INFO: Run Behavior\ReadHtmlCacheBehavior [ RunTime:0.001760s ]
INFO: [ app_begin ] --END-- [ RunTime:0.001829s ]
INFO: [ app_end ] --START--
INFO: Run Behavior\ShowPageTraceBehavior [ RunTime:0.001364s ]
INFO: [ app_end ] --END-- [ RunTime:0.001471s ]

[ 2019-02-14T23:16:48+08:00 ] 127.0.0.1 /Admin/Login/login.html
INFO: [ app_init ] --START--
INFO: Run Behavior\BuildLiteBehavior [ RunTime:0.000013s ]
INFO: [ app_init ] --END-- [ RunTime:0.000395s ]
INFO: [ app_begin ] --START--
INFO: Run Behavior\ReadHtmlCacheBehavior [ RunTime:0.000615s ]
INFO: [ app_begin ] --END-- [ RunTime:0.000671s ]
NOTIC: [2048] Declaration of Admin\Model\AdminModel::_after_insert() should be compatible with Think\Model::_after_insert($data, $options) F:\wamp\ThinkPHP_Project\jxshop\Application\Admin\Model\AdminModel.class.php 第 6 行.
SQL: SELECT * FROM `jx_admin` WHERE ( username = 'admin'  ) LIMIT 1   [ RunTime:0.1860s ]
INFO: [ view_parse ] --START--
INFO: [ template_filter ] --START--
INFO: Run Behavior\ContentReplaceBehavior [ RunTime:0.000053s ]
INFO: [ template_filter ] --END-- [ RunTime:0.000176s ]
INFO: Run Behavior\ParseTemplateBehavior [ RunTime:0.088938s ]
INFO: [ view_parse ] --END-- [ RunTime:0.088995s ]
INFO: [ view_filter ] --START--
INFO: Run Behavior\WriteHtmlCacheBehavior [ RunTime:0.000375s ]
INFO: [ view_filter ] --END-- [ RunTime:0.000407s ]
INFO: [ app_end ] --START--
INFO: Run Behavior\ShowPageTraceBehavior [ RunTime:0.004445s ]
INFO: [ app_end ] --END-- [ RunTime:0.004491s ]

[ 2019-02-14T23:16:49+08:00 ] 127.0.0.1 /Admin/Index/index.html
INFO: [ app_init ] --START--
INFO: Run Behavior\BuildLiteBehavior [ RunTime:0.000014s ]
INFO: [ app_init ] --END-- [ RunTime:0.000342s ]
INFO: [ app_begin ] --START--
INFO: Run Behavior\ReadHtmlCacheBehavior [ RunTime:0.000786s ]
INFO: [ app_begin ] --END-- [ RunTime:0.000857s ]
INFO: [ view_parse ] --START--
INFO: [ template_filter ] --START--
INFO: Run Behavior\ContentReplaceBehavior [ RunTime:0.000056s ]
INFO: [ template_filter ] --END-- [ RunTime:0.000134s ]
INFO: Run Behavior\ParseTemplateBehavior [ RunTime:0.026203s ]
INFO: [ view_parse ] --END-- [ RunTime:0.026282s ]
INFO: [ view_filter ] --START--
INFO: Run Behavior\WriteHtmlCacheBehavior [ RunTime:0.000528s ]
INFO: [ view_filter ] --END-- [ RunTime:0.000574s ]
INFO: [ app_end ] --START--
INFO: Run Behavior\ShowPageTraceBehavior [ RunTime:0.000774s ]
INFO: [ app_end ] --END-- [ RunTime:0.000825s ]

[ 2019-02-14T23:16:50+08:00 ] 127.0.0.1 /Admin/Index/top.html
INFO: [ app_init ] --START--
INFO: Run Behavior\BuildLiteBehavior [ RunTime:0.000015s ]
INFO: [ app_init ] --END-- [ RunTime:0.000461s ]
INFO: [ app_begin ] --START--
INFO: Run Behavior\ReadHtmlCacheBehavior [ RunTime:0.000759s ]
INFO: [ app_begin ] --END-- [ RunTime:0.000814s ]
INFO: [ view_parse ] --START--
INFO: [ template_filter ] --START--
INFO: Run Behavior\ContentReplaceBehavior [ RunTime:0.000065s ]
INFO: [ template_filter ] --END-- [ RunTime:0.000126s ]
INFO: Run Behavior\ParseTemplateBehavior [ RunTime:0.025484s ]
INFO: [ view_parse ] --END-- [ RunTime:0.025563s ]
INFO: [ view_filter ] --START--
INFO: Run Behavior\WriteHtmlCacheBehavior [ RunTime:0.000685s ]
INFO: [ view_filter ] --END-- [ RunTime:0.000729s ]
INFO: [ app_end ] --START--
INFO: Run Behavior\ShowPageTraceBehavior [ RunTime:0.001266s ]
INFO: [ app_end ] --END-- [ RunTime:0.001322s ]

[ 2019-02-14T23:16:50+08:00 ] 127.0.0.1 /Admin/Index/main.html
INFO: [ app_init ] --START--
INFO: Run Behavior\BuildLiteBehavior [ RunTime:0.000019s ]
INFO: [ app_init ] --END-- [ RunTime:0.000599s ]
INFO: [ app_begin ] --START--
INFO: Run Behavior\ReadHtmlCacheBehavior [ RunTime:0.000929s ]
INFO: [ app_begin ] --END-- [ RunTime:0.001039s ]
INFO: [ view_parse ] --START--
INFO: [ template_filter ] --START--
INFO: Run Behavior\ContentReplaceBehavior [ RunTime:0.000130s ]
INFO: [ template_filter ] --END-- [ RunTime:0.000228s ]
INFO: Run Behavior\ParseTemplateBehavior [ RunTime:0.021265s ]
INFO: [ view_parse ] --END-- [ RunTime:0.021376s ]
INFO: [ view_filter ] --START--
INFO: Run Behavior\WriteHtmlCacheBehavior [ RunTime:0.000660s ]
INFO: [ view_filter ] --END-- [ RunTime:0.000713s ]
INFO: [ app_end ] --START--
INFO: Run Behavior\ShowPageTraceBehavior [ RunTime:0.000871s ]
INFO: [ app_end ] --END-- [ RunTime:0.000915s ]

[ 2019-02-14T23:16:50+08:00 ] 127.0.0.1 /Admin/Index/menu.html
INFO: [ app_init ] --START--
INFO: Run Behavior\BuildLiteBehavior [ RunTime:0.000023s ]
INFO: [ app_init ] --END-- [ RunTime:0.000944s ]
INFO: [ app_begin ] --START--
INFO: Run Behavior\ReadHtmlCacheBehavior [ RunTime:0.003476s ]
INFO: [ app_begin ] --END-- [ RunTime:0.003597s ]
INFO: [ view_parse ] --START--
INFO: [ template_filter ] --START--
INFO: Run Behavior\ContentReplaceBehavior [ RunTime:0.000103s ]
INFO: [ template_filter ] --END-- [ RunTime:0.000161s ]
INFO: Run Behavior\ParseTemplateBehavior [ RunTime:0.020623s ]
INFO: [ view_parse ] --END-- [ RunTime:0.020697s ]
INFO: [ view_filter ] --START--
INFO: Run Behavior\WriteHtmlCacheBehavior [ RunTime:0.000470s ]
INFO: [ view_filter ] --END-- [ RunTime:0.000509s ]
INFO: [ app_end ] --START--
INFO: Run Behavior\ShowPageTraceBehavior [ RunTime:0.000966s ]
INFO: [ app_end ] --END-- [ RunTime:0.001034s ]

[ 2019-02-14T23:16:56+08:00 ] 127.0.0.1 /admin/goods/add.html
INFO: [ app_init ] --START--
INFO: Run Behavior\BuildLiteBehavior [ RunTime:0.000011s ]
INFO: [ app_init ] --END-- [ RunTime:0.000328s ]
INFO: [ app_begin ] --START--
INFO: Run Behavior\ReadHtmlCacheBehavior [ RunTime:0.000587s ]
INFO: [ app_begin ] --END-- [ RunTime:0.000626s ]
SQL: SELECT * FROM `jx_type`  [ RunTime:0.0556s ]
SQL: SELECT * FROM `jx_category`  [ RunTime:0.0003s ]
INFO: [ view_parse ] --START--
INFO: [ template_filter ] --START--
INFO: Run Behavior\ContentReplaceBehavior [ RunTime:0.000082s ]
INFO: [ template_filter ] --END-- [ RunTime:0.000122s ]
INFO: Run Behavior\ParseTemplateBehavior [ RunTime:0.076387s ]
INFO: [ view_parse ] --END-- [ RunTime:0.076447s ]
INFO: [ view_filter ] --START--
INFO: Run Behavior\WriteHtmlCacheBehavior [ RunTime:0.000355s ]
INFO: [ view_filter ] --END-- [ RunTime:0.000380s ]
INFO: [ app_end ] --START--
INFO: Run Behavior\ShowPageTraceBehavior [ RunTime:0.000831s ]
INFO: [ app_end ] --END-- [ RunTime:0.000883s ]

[ 2019-02-14T23:17:13+08:00 ] 127.0.0.1 /admin/goods/index.html
INFO: [ app_init ] --START--
INFO: Run Behavior\BuildLiteBehavior [ RunTime:0.000017s ]
INFO: [ app_init ] --END-- [ RunTime:0.000494s ]
INFO: [ app_begin ] --START--
INFO: Run Behavior\ReadHtmlCacheBehavior [ RunTime:0.000693s ]
INFO: [ app_begin ] --END-- [ RunTime:0.000748s ]
SQL: SELECT * FROM `jx_category`  [ RunTime:0.0004s ]
NOTIC: [2048] Declaration of Admin\Model\GoodsModel::_after_insert() should be compatible with Think\Model::_after_insert($data, $options) F:\wamp\ThinkPHP_Project\jxshop\Application\Admin\Model\GoodsModel.class.php 第 451 行.
SQL: SELECT COUNT(*) AS tp_count FROM `jx_goods` WHERE ( isdel=1 ) LIMIT 1   [ RunTime:0.0379s ]
SQL: SELECT * FROM `jx_goods` WHERE ( isdel=1 ) ORDER BY id desc LIMIT 0,6   [ RunTime:0.0005s ]
INFO: [ view_parse ] --START--
INFO: [ template_filter ] --START--
INFO: Run Behavior\ContentReplaceBehavior [ RunTime:0.000072s ]
INFO: [ template_filter ] --END-- [ RunTime:0.000111s ]
NOTIC: [8] Undefined index: cate_id F:\wamp\ThinkPHP_Project\jxshop\Application\Runtime\Cache\Admin\9ce8eac8d2713f300aacb86a396bc850.php 第 35 行.
NOTIC: [8] Undefined index: cate_id F:\wamp\ThinkPHP_Project\jxshop\Application\Runtime\Cache\Admin\9ce8eac8d2713f300aacb86a396bc850.php 第 35 行.
NOTIC: [8] Undefined index: cate_id F:\wamp\ThinkPHP_Project\jxshop\Application\Runtime\Cache\Admin\9ce8eac8d2713f300aacb86a396bc850.php 第 35 行.
NOTIC: [8] Undefined index: cate_id F:\wamp\ThinkPHP_Project\jxshop\Application\Runtime\Cache\Admin\9ce8eac8d2713f300aacb86a396bc850.php 第 35 行.
NOTIC: [8] Undefined index: cate_id F:\wamp\ThinkPHP_Project\jxshop\Application\Runtime\Cache\Admin\9ce8eac8d2713f300aacb86a396bc850.php 第 35 行.
NOTIC: [8] Undefined index: cate_id F:\wamp\ThinkPHP_Project\jxshop\Application\Runtime\Cache\Admin\9ce8eac8d2713f300aacb86a396bc850.php 第 35 行.
NOTIC: [8] Undefined index: cate_id F:\wamp\ThinkPHP_Project\jxshop\Application\Runtime\Cache\Admin\9ce8eac8d2713f300aacb86a396bc850.php 第 35 行.
NOTIC: [8] Undefined index: cate_id F:\wamp\ThinkPHP_Project\jxshop\Application\Runtime\Cache\Admin\9ce8eac8d2713f300aacb86a396bc850.php 第 35 行.
NOTIC: [8] Undefined index: cate_id F:\wamp\ThinkPHP_Project\jxshop\Application\Runtime\Cache\Admin\9ce8eac8d2713f300aacb86a396bc850.php 第 35 行.
NOTIC: [8] Undefined index: cate_id F:\wamp\ThinkPHP_Project\jxshop\Application\Runtime\Cache\Admin\9ce8eac8d2713f300aacb86a396bc850.php 第 35 行.
NOTIC: [8] Undefined index: cate_id F:\wamp\ThinkPHP_Project\jxshop\Application\Runtime\Cache\Admin\9ce8eac8d2713f300aacb86a396bc850.php 第 35 行.
NOTIC: [8] Undefined index: cate_id F:\wamp\ThinkPHP_Project\jxshop\Application\Runtime\Cache\Admin\9ce8eac8d2713f300aacb86a396bc850.php 第 35 行.
NOTIC: [8] Undefined index: cate_id F:\wamp\ThinkPHP_Project\jxshop\Application\Runtime\Cache\Admin\9ce8eac8d2713f300aacb86a396bc850.php 第 35 行.
NOTIC: [8] Undefined index: cate_id F:\wamp\ThinkPHP_Project\jxshop\Application\Runtime\Cache\Admin\9ce8eac8d2713f300aacb86a396bc850.php 第 35 行.
NOTIC: [8] Undefined index: cate_id F:\wamp\ThinkPHP_Project\jxshop\Application\Runtime\Cache\Admin\9ce8eac8d2713f300aacb86a396bc850.php 第 35 行.
NOTIC: [8] Undefined index: cate_id F:\wamp\ThinkPHP_Project\jxshop\Application\Runtime\Cache\Admin\9ce8eac8d2713f300aacb86a396bc850.php 第 35 行.
NOTIC: [8] Undefined index: cate_id F:\wamp\ThinkPHP_Project\jxshop\Application\Runtime\Cache\Admin\9ce8eac8d2713f300aacb86a396bc850.php 第 35 行.
NOTIC: [8] Undefined index: cate_id F:\wamp\ThinkPHP_Project\jxshop\Application\Runtime\Cache\Admin\9ce8eac8d2713f300aacb86a396bc850.php 第 35 行.
NOTIC: [8] Undefined index: cate_id F:\wamp\ThinkPHP_Project\jxshop\Application\Runtime\Cache\Admin\9ce8eac8d2713f300aacb86a396bc850.php 第 35 行.
NOTIC: [8] Undefined index: cate_id F:\wamp\ThinkPHP_Project\jxshop\Application\Runtime\Cache\Admin\9ce8eac8d2713f300aacb86a396bc850.php 第 35 行.
NOTIC: [8] Undefined index: cate_id F:\wamp\ThinkPHP_Project\jxshop\Application\Runtime\Cache\Admin\9ce8eac8d2713f300aacb86a396bc850.php 第 35 行.
NOTIC: [8] Undefined index: cate_id F:\wamp\ThinkPHP_Project\jxshop\Application\Runtime\Cache\Admin\9ce8eac8d2713f300aacb86a396bc850.php 第 35 行.
NOTIC: [8] Undefined index: cate_id F:\wamp\ThinkPHP_Project\jxshop\Application\Runtime\Cache\Admin\9ce8eac8d2713f300aacb86a396bc850.php 第 35 行.
NOTIC: [8] Undefined index: cate_id F:\wamp\ThinkPHP_Project\jxshop\Application\Runtime\Cache\Admin\9ce8eac8d2713f300aacb86a396bc850.php 第 35 行.
NOTIC: [8] Undefined index: cate_id F:\wamp\ThinkPHP_Project\jxshop\Application\Runtime\Cache\Admin\9ce8eac8d2713f300aacb86a396bc850.php 第 35 行.
NOTIC: [8] Undefined index: cate_id F:\wamp\ThinkPHP_Project\jxshop\Application\Runtime\Cache\Admin\9ce8eac8d2713f300aacb86a396bc850.php 第 35 行.
NOTIC: [8] Undefined index: cate_id F:\wamp\ThinkPHP_Project\jxshop\Application\Runtime\Cache\Admin\9ce8eac8d2713f300aacb86a396bc850.php 第 35 行.
NOTIC: [8] Undefined index: intro_type F:\wamp\ThinkPHP_Project\jxshop\Application\Runtime\Cache\Admin\9ce8eac8d2713f300aacb86a396bc850.php 第 40 行.
NOTIC: [8] Undefined index: intro_type F:\wamp\ThinkPHP_Project\jxshop\Application\Runtime\Cache\Admin\9ce8eac8d2713f300aacb86a396bc850.php 第 41 行.
NOTIC: [8] Undefined index: intro_type F:\wamp\ThinkPHP_Project\jxshop\Application\Runtime\Cache\Admin\9ce8eac8d2713f300aacb86a396bc850.php 第 42 行.
NOTIC: [8] Undefined index: is_sale F:\wamp\ThinkPHP_Project\jxshop\Application\Runtime\Cache\Admin\9ce8eac8d2713f300aacb86a396bc850.php 第 46 行.
NOTIC: [8] Undefined index: is_sale F:\wamp\ThinkPHP_Project\jxshop\Application\Runtime\Cache\Admin\9ce8eac8d2713f300aacb86a396bc850.php 第 47 行.
NOTIC: [8] Undefined index: is_sale F:\wamp\ThinkPHP_Project\jxshop\Application\Runtime\Cache\Admin\9ce8eac8d2713f300aacb86a396bc850.php 第 48 行.
NOTIC: [8] Undefined index: is_desc F:\wamp\ThinkPHP_Project\jxshop\Application\Runtime\Cache\Admin\9ce8eac8d2713f300aacb86a396bc850.php 第 53 行.
NOTIC: [8] Undefined index: is_desc F:\wamp\ThinkPHP_Project\jxshop\Application\Runtime\Cache\Admin\9ce8eac8d2713f300aacb86a396bc850.php 第 54 行.
NOTIC: [8] Undefined index: keyword F:\wamp\ThinkPHP_Project\jxshop\Application\Runtime\Cache\Admin\9ce8eac8d2713f300aacb86a396bc850.php 第 57 行.
NOTIC: [8] Use of undefined constant yes - assumed 'yes' F:\wamp\ThinkPHP_Project\jxshop\Application\Runtime\Cache\Admin\9ce8eac8d2713f300aacb86a396bc850.php 第 82 行.
NOTIC: [8] Use of undefined constant yes - assumed 'yes' F:\wamp\ThinkPHP_Project\jxshop\Application\Runtime\Cache\Admin\9ce8eac8d2713f300aacb86a396bc850.php 第 83 行.
NOTIC: [8] Use of undefined constant yes - assumed 'yes' F:\wamp\ThinkPHP_Project\jxshop\Application\Runtime\Cache\Admin\9ce8eac8d2713f300aacb86a396bc850.php 第 82 行.
NOTIC: [8] Use of undefined constant yes - assumed 'yes' F:\wamp\ThinkPHP_Project\jxshop\Application\Runtime\Cache\Admin\9ce8eac8d2713f300aacb86a396bc850.php 第 83 行.
NOTIC: [8] Use of undefined constant yes - assumed 'yes' F:\wamp\ThinkPHP_Project\jxshop\Application\Runtime\Cache\Admin\9ce8eac8d2713f300aacb86a396bc850.php 第 82 行.
NOTIC: [8] Use of undefined constant no - assumed 'no' F:\wamp\ThinkPHP_Project\jxshop\Application\Runtime\Cache\Admin\9ce8eac8d2713f300aacb86a396bc850.php 第 83 行.
NOTIC: [8] Use of undefined constant yes - assumed 'yes' F:\wamp\ThinkPHP_Project\jxshop\Application\Runtime\Cache\Admin\9ce8eac8d2713f300aacb86a396bc850.php 第 82 行.
NOTIC: [8] Use of undefined constant no - assumed 'no' F:\wamp\ThinkPHP_Project\jxshop\Application\Runtime\Cache\Admin\9ce8eac8d2713f300aacb86a396bc850.php 第 83 行.
NOTIC: [8] Use of undefined constant yes - assumed 'yes' F:\wamp\ThinkPHP_Project\jxshop\Application\Runtime\Cache\Admin\9ce8eac8d2713f300aacb86a396bc850.php 第 82 行.
NOTIC: [8] Use of undefined constant no - assumed 'no' F:\wamp\ThinkPHP_Project\jxshop\Application\Runtime\Cache\Admin\9ce8eac8d2713f300aacb86a396bc850.php 第 83 行.
NOTIC: [8] Use of undefined constant yes - assumed 'yes' F:\wamp\ThinkPHP_Project\jxshop\Application\Runtime\Cache\Admin\9ce8eac8d2713f300aacb86a396bc850.php 第 82 行.
NOTIC: [8] Use of undefined constant yes - assumed 'yes' F:\wamp\ThinkPHP_Project\jxshop\Application\Runtime\Cache\Admin\9ce8eac8d2713f300aacb86a396bc850.php 第 83 行.
INFO: Run Behavior\ParseTemplateBehavior [ RunTime:0.040573s ]
INFO: [ view_parse ] --END-- [ RunTime:0.040624s ]
INFO: [ view_filter ] --START--
INFO: Run Behavior\WriteHtmlCacheBehavior [ RunTime:0.000654s ]
INFO: [ view_filter ] --END-- [ RunTime:0.000693s ]
INFO: [ app_end ] --START--
INFO: Run Behavior\ShowPageTraceBehavior [ RunTime:0.001083s ]
INFO: [ app_end ] --END-- [ RunTime:0.001147s ]

[ 2019-02-14T23:17:23+08:00 ] 127.0.0.1 /Admin/Goods/edit/goods_id/30.html
INFO: [ app_init ] --START--
INFO: Run Behavior\BuildLiteBehavior [ RunTime:0.000015s ]
INFO: [ app_init ] --END-- [ RunTime:0.000444s ]
INFO: [ app_begin ] --START--
INFO: Run Behavior\ReadHtmlCacheBehavior [ RunTime:0.000745s ]
INFO: [ app_begin ] --END-- [ RunTime:0.000809s ]
NOTIC: [2048] Declaration of Admin\Model\GoodsModel::_after_insert() should be compatible with Think\Model::_after_insert($data, $options) F:\wamp\ThinkPHP_Project\jxshop\Application\Admin\Model\GoodsModel.class.php 第 9 行.
SQL: SELECT * FROM `jx_goods` WHERE ( id=30 ) LIMIT 1   [ RunTime:0.0004s ]
SQL: SELECT * FROM `jx_category`  [ RunTime:0.0003s ]
SQL: SHOW COLUMNS FROM `jx_goods_cate` [ RunTime:0.0674s ]
SQL: SELECT * FROM `jx_goods_cate` WHERE ( goods_id=30 )  [ RunTime:0.0004s ]
SQL: SELECT * FROM `jx_type`  [ RunTime:0.0004s ]
SQL: SELECT a.*,b.attr_name,b.attr_type,b.attr_input_type,b.attr_value FROM jx_goods_attr a left join jx_attribute b on a.attr_id = b.id  WHERE ( goods_id=30 )  [ RunTime:0.4311s ]
SQL: SELECT * FROM `jx_goods_img` WHERE ( goods_id=30 )  [ RunTime:0.3577s ]
INFO: [ view_parse ] --START--
INFO: [ template_filter ] --START--
INFO: Run Behavior\ContentReplaceBehavior [ RunTime:0.000171s ]
INFO: [ template_filter ] --END-- [ RunTime:0.000231s ]
INFO: Run Behavior\ParseTemplateBehavior [ RunTime:0.370441s ]
INFO: [ view_parse ] --END-- [ RunTime:0.370497s ]
INFO: [ view_filter ] --START--
INFO: Run Behavior\WriteHtmlCacheBehavior [ RunTime:0.000455s ]
INFO: [ view_filter ] --END-- [ RunTime:0.000487s ]
INFO: [ app_end ] --START--
INFO: Run Behavior\ShowPageTraceBehavior [ RunTime:0.000611s ]
INFO: [ app_end ] --END-- [ RunTime:0.000648s ]

[ 2019-02-14T23:17:32+08:00 ] 127.0.0.1 /admin/role/add.html
INFO: [ app_init ] --START--
INFO: Run Behavior\BuildLiteBehavior [ RunTime:0.000016s ]
INFO: [ app_init ] --END-- [ RunTime:0.000454s ]
INFO: [ app_begin ] --START--
INFO: Run Behavior\ReadHtmlCacheBehavior [ RunTime:0.000698s ]
INFO: [ app_begin ] --END-- [ RunTime:0.000746s ]
INFO: [ view_parse ] --START--
INFO: [ template_filter ] --START--
INFO: Run Behavior\ContentReplaceBehavior [ RunTime:0.000068s ]
INFO: [ template_filter ] --END-- [ RunTime:0.000219s ]
INFO: Run Behavior\ParseTemplateBehavior [ RunTime:0.021213s ]
INFO: [ view_parse ] --END-- [ RunTime:0.021287s ]
INFO: [ view_filter ] --START--
INFO: Run Behavior\WriteHtmlCacheBehavior [ RunTime:0.000483s ]
INFO: [ view_filter ] --END-- [ RunTime:0.000532s ]
INFO: [ app_end ] --START--
INFO: Run Behavior\ShowPageTraceBehavior [ RunTime:0.000566s ]
INFO: [ app_end ] --END-- [ RunTime:0.000594s ]

[ 2019-02-14T23:17:41+08:00 ] 127.0.0.1 /admin/rule/add.html
INFO: [ app_init ] --START--
INFO: Run Behavior\BuildLiteBehavior [ RunTime:0.000011s ]
INFO: [ app_init ] --END-- [ RunTime:0.000313s ]
INFO: [ app_begin ] --START--
INFO: Run Behavior\ReadHtmlCacheBehavior [ RunTime:0.000461s ]
INFO: [ app_begin ] --END-- [ RunTime:0.000495s ]
SQL: SELECT * FROM `jx_rule`  [ RunTime:0.0302s ]
INFO: [ view_parse ] --START--
INFO: [ template_filter ] --START--
INFO: Run Behavior\ContentReplaceBehavior [ RunTime:0.000071s ]
INFO: [ template_filter ] --END-- [ RunTime:0.000217s ]
NOTIC: [8] Undefined index: cname F:\wamp\ThinkPHP_Project\jxshop\Application\Runtime\Cache\Admin\40a332d1a21c10633c1f95eef8ce4388.php 第 63 行.
NOTIC: [8] Undefined index: cname F:\wamp\ThinkPHP_Project\jxshop\Application\Runtime\Cache\Admin\40a332d1a21c10633c1f95eef8ce4388.php 第 63 行.
NOTIC: [8] Undefined index: cname F:\wamp\ThinkPHP_Project\jxshop\Application\Runtime\Cache\Admin\40a332d1a21c10633c1f95eef8ce4388.php 第 63 行.
NOTIC: [8] Undefined index: cname F:\wamp\ThinkPHP_Project\jxshop\Application\Runtime\Cache\Admin\40a332d1a21c10633c1f95eef8ce4388.php 第 63 行.
NOTIC: [8] Undefined index: cname F:\wamp\ThinkPHP_Project\jxshop\Application\Runtime\Cache\Admin\40a332d1a21c10633c1f95eef8ce4388.php 第 63 行.
NOTIC: [8] Undefined index: cname F:\wamp\ThinkPHP_Project\jxshop\Application\Runtime\Cache\Admin\40a332d1a21c10633c1f95eef8ce4388.php 第 63 行.
NOTIC: [8] Undefined index: cname F:\wamp\ThinkPHP_Project\jxshop\Application\Runtime\Cache\Admin\40a332d1a21c10633c1f95eef8ce4388.php 第 63 行.
NOTIC: [8] Undefined index: cname F:\wamp\ThinkPHP_Project\jxshop\Application\Runtime\Cache\Admin\40a332d1a21c10633c1f95eef8ce4388.php 第 63 行.
NOTIC: [8] Undefined index: cname F:\wamp\ThinkPHP_Project\jxshop\Application\Runtime\Cache\Admin\40a332d1a21c10633c1f95eef8ce4388.php 第 63 行.
NOTIC: [8] Undefined index: cname F:\wamp\ThinkPHP_Project\jxshop\Application\Runtime\Cache\Admin\40a332d1a21c10633c1f95eef8ce4388.php 第 63 行.
NOTIC: [8] Undefined index: cname F:\wamp\ThinkPHP_Project\jxshop\Application\Runtime\Cache\Admin\40a332d1a21c10633c1f95eef8ce4388.php 第 63 行.
NOTIC: [8] Undefined index: cname F:\wamp\ThinkPHP_Project\jxshop\Application\Runtime\Cache\Admin\40a332d1a21c10633c1f95eef8ce4388.php 第 63 行.
NOTIC: [8] Undefined index: cname F:\wamp\ThinkPHP_Project\jxshop\Application\Runtime\Cache\Admin\40a332d1a21c10633c1f95eef8ce4388.php 第 63 行.
NOTIC: [8] Undefined index: cname F:\wamp\ThinkPHP_Project\jxshop\Application\Runtime\Cache\Admin\40a332d1a21c10633c1f95eef8ce4388.php 第 63 行.
NOTIC: [8] Undefined index: cname F:\wamp\ThinkPHP_Project\jxshop\Application\Runtime\Cache\Admin\40a332d1a21c10633c1f95eef8ce4388.php 第 63 行.
NOTIC: [8] Undefined index: cname F:\wamp\ThinkPHP_Project\jxshop\Application\Runtime\Cache\Admin\40a332d1a21c10633c1f95eef8ce4388.php 第 63 行.
NOTIC: [8] Undefined index: cname F:\wamp\ThinkPHP_Project\jxshop\Application\Runtime\Cache\Admin\40a332d1a21c10633c1f95eef8ce4388.php 第 63 行.
NOTIC: [8] Undefined index: cname F:\wamp\ThinkPHP_Project\jxshop\Application\Runtime\Cache\Admin\40a332d1a21c10633c1f95eef8ce4388.php 第 63 行.
NOTIC: [8] Undefined index: cname F:\wamp\ThinkPHP_Project\jxshop\Application\Runtime\Cache\Admin\40a332d1a21c10633c1f95eef8ce4388.php 第 63 行.
NOTIC: [8] Undefined index: cname F:\wamp\ThinkPHP_Project\jxshop\Application\Runtime\Cache\Admin\40a332d1a21c10633c1f95eef8ce4388.php 第 63 行.
NOTIC: [8] Undefined index: cname F:\wamp\ThinkPHP_Project\jxshop\Application\Runtime\Cache\Admin\40a332d1a21c10633c1f95eef8ce4388.php 第 63 行.
NOTIC: [8] Undefined index: cname F:\wamp\ThinkPHP_Project\jxshop\Application\Runtime\Cache\Admin\40a332d1a21c10633c1f95eef8ce4388.php 第 63 行.
NOTIC: [8] Undefined index: cname F:\wamp\ThinkPHP_Project\jxshop\Application\Runtime\Cache\Admin\40a332d1a21c10633c1f95eef8ce4388.php 第 63 行.
NOTIC: [8] Undefined index: cname F:\wamp\ThinkPHP_Project\jxshop\Application\Runtime\Cache\Admin\40a332d1a21c10633c1f95eef8ce4388.php 第 63 行.
NOTIC: [8] Undefined index: cname F:\wamp\ThinkPHP_Project\jxshop\Application\Runtime\Cache\Admin\40a332d1a21c10633c1f95eef8ce4388.php 第 63 行.
NOTIC: [8] Undefined index: cname F:\wamp\ThinkPHP_Project\jxshop\Application\Runtime\Cache\Admin\40a332d1a21c10633c1f95eef8ce4388.php 第 63 行.
NOTIC: [8] Undefined index: cname F:\wamp\ThinkPHP_Project\jxshop\Application\Runtime\Cache\Admin\40a332d1a21c10633c1f95eef8ce4388.php 第 63 行.
NOTIC: [8] Undefined index: cname F:\wamp\ThinkPHP_Project\jxshop\Application\Runtime\Cache\Admin\40a332d1a21c10633c1f95eef8ce4388.php 第 63 行.
NOTIC: [8] Undefined index: cname F:\wamp\ThinkPHP_Project\jxshop\Application\Runtime\Cache\Admin\40a332d1a21c10633c1f95eef8ce4388.php 第 63 行.
NOTIC: [8] Undefined index: cname F:\wamp\ThinkPHP_Project\jxshop\Application\Runtime\Cache\Admin\40a332d1a21c10633c1f95eef8ce4388.php 第 63 行.
NOTIC: [8] Undefined index: cname F:\wamp\ThinkPHP_Project\jxshop\Application\Runtime\Cache\Admin\40a332d1a21c10633c1f95eef8ce4388.php 第 63 行.
NOTIC: [8] Undefined index: cname F:\wamp\ThinkPHP_Project\jxshop\Application\Runtime\Cache\Admin\40a332d1a21c10633c1f95eef8ce4388.php 第 63 行.
NOTIC: [8] Undefined index: cname F:\wamp\ThinkPHP_Project\jxshop\Application\Runtime\Cache\Admin\40a332d1a21c10633c1f95eef8ce4388.php 第 63 行.
NOTIC: [8] Undefined index: cname F:\wamp\ThinkPHP_Project\jxshop\Application\Runtime\Cache\Admin\40a332d1a21c10633c1f95eef8ce4388.php 第 63 行.
NOTIC: [8] Undefined index: cname F:\wamp\ThinkPHP_Project\jxshop\Application\Runtime\Cache\Admin\40a332d1a21c10633c1f95eef8ce4388.php 第 63 行.
NOTIC: [8] Undefined index: cname F:\wamp\ThinkPHP_Project\jxshop\Application\Runtime\Cache\Admin\40a332d1a21c10633c1f95eef8ce4388.php 第 63 行.
NOTIC: [8] Undefined index: cname F:\wamp\ThinkPHP_Project\jxshop\Application\Runtime\Cache\Admin\40a332d1a21c10633c1f95eef8ce4388.php 第 63 行.
INFO: Run Behavior\ParseTemplateBehavior [ RunTime:0.025363s ]
INFO: [ view_parse ] --END-- [ RunTime:0.025411s ]
INFO: [ view_filter ] --START--
INFO: Run Behavior\WriteHtmlCacheBehavior [ RunTime:0.000764s ]
INFO: [ view_filter ] --END-- [ RunTime:0.000812s ]
INFO: [ app_end ] --START--
INFO: Run Behavior\ShowPageTraceBehavior [ RunTime:0.000918s ]
INFO: [ app_end ] --END-- [ RunTime:0.001049s ]

[ 2019-02-14T23:17:42+08:00 ] 127.0.0.1 /admin/rule/index.html
INFO: [ app_init ] --START--
INFO: Run Behavior\BuildLiteBehavior [ RunTime:0.000038s ]
INFO: [ app_init ] --END-- [ RunTime:0.000470s ]
INFO: [ app_begin ] --START--
INFO: Run Behavior\ReadHtmlCacheBehavior [ RunTime:0.000735s ]
INFO: [ app_begin ] --END-- [ RunTime:0.000798s ]
SQL: SELECT * FROM `jx_rule`  [ RunTime:0.0004s ]
INFO: [ view_parse ] --START--
INFO: [ template_filter ] --START--
INFO: Run Behavior\ContentReplaceBehavior [ RunTime:0.000123s ]
INFO: [ template_filter ] --END-- [ RunTime:0.000191s ]
NOTIC: [8] Use of undefined constant yes - assumed 'yes' F:\wamp\ThinkPHP_Project\jxshop\Application\Runtime\Cache\Admin\537fb4524522fab788355f5531631697.php 第 48 行.
NOTIC: [8] Use of undefined constant yes - assumed 'yes' F:\wamp\ThinkPHP_Project\jxshop\Application\Runtime\Cache\Admin\537fb4524522fab788355f5531631697.php 第 48 行.
NOTIC: [8] Use of undefined constant no - assumed 'no' F:\wamp\ThinkPHP_Project\jxshop\Application\Runtime\Cache\Admin\537fb4524522fab788355f5531631697.php 第 48 行.
NOTIC: [8] Use of undefined constant yes - assumed 'yes' F:\wamp\ThinkPHP_Project\jxshop\Application\Runtime\Cache\Admin\537fb4524522fab788355f5531631697.php 第 48 行.
NOTIC: [8] Use of undefined constant no - assumed 'no' F:\wamp\ThinkPHP_Project\jxshop\Application\Runtime\Cache\Admin\537fb4524522fab788355f5531631697.php 第 48 行.
NOTIC: [8] Use of undefined constant yes - assumed 'yes' F:\wamp\ThinkPHP_Project\jxshop\Application\Runtime\Cache\Admin\537fb4524522fab788355f5531631697.php 第 48 行.
NOTIC: [8] Use of undefined constant yes - assumed 'yes' F:\wamp\ThinkPHP_Project\jxshop\Application\Runtime\Cache\Admin\537fb4524522fab788355f5531631697.php 第 48 行.
NOTIC: [8] Use of undefined constant no - assumed 'no' F:\wamp\ThinkPHP_Project\jxshop\Application\Runtime\Cache\Admin\537fb4524522fab788355f5531631697.php 第 48 行.
NOTIC: [8] Use of undefined constant yes - assumed 'yes' F:\wamp\ThinkPHP_Project\jxshop\Application\Runtime\Cache\Admin\537fb4524522fab788355f5531631697.php 第 48 行.
NOTIC: [8] Use of undefined constant no - assumed 'no' F:\wamp\ThinkPHP_Project\jxshop\Application\Runtime\Cache\Admin\537fb4524522fab788355f5531631697.php 第 48 行.
NOTIC: [8] Use of undefined constant yes - assumed 'yes' F:\wamp\ThinkPHP_Project\jxshop\Application\Runtime\Cache\Admin\537fb4524522fab788355f5531631697.php 第 48 行.
NOTIC: [8] Use of undefined constant yes - assumed 'yes' F:\wamp\ThinkPHP_Project\jxshop\Application\Runtime\Cache\Admin\537fb4524522fab788355f5531631697.php 第 48 行.
NOTIC: [8] Use of undefined constant no - assumed 'no' F:\wamp\ThinkPHP_Project\jxshop\Application\Runtime\Cache\Admin\537fb4524522fab788355f5531631697.php 第 48 行.
NOTIC: [8] Use of undefined constant yes - assumed 'yes' F:\wamp\ThinkPHP_Project\jxshop\Application\Runtime\Cache\Admin\537fb4524522fab788355f5531631697.php 第 48 行.
NOTIC: [8] Use of undefined constant no - assumed 'no' F:\wamp\ThinkPHP_Project\jxshop\Application\Runtime\Cache\Admin\537fb4524522fab788355f5531631697.php 第 48 行.
NOTIC: [8] Use of undefined constant yes - assumed 'yes' F:\wamp\ThinkPHP_Project\jxshop\Application\Runtime\Cache\Admin\537fb4524522fab788355f5531631697.php 第 48 行.
NOTIC: [8] Use of undefined constant yes - assumed 'yes' F:\wamp\ThinkPHP_Project\jxshop\Application\Runtime\Cache\Admin\537fb4524522fab788355f5531631697.php 第 48 行.
NOTIC: [8] Use of undefined constant no - assumed 'no' F:\wamp\ThinkPHP_Project\jxshop\Application\Runtime\Cache\Admin\537fb4524522fab788355f5531631697.php 第 48 行.
NOTIC: [8] Use of undefined constant yes - assumed 'yes' F:\wamp\ThinkPHP_Project\jxshop\Application\Runtime\Cache\Admin\537fb4524522fab788355f5531631697.php 第 48 行.
NOTIC: [8] Use of undefined constant no - assumed 'no' F:\wamp\ThinkPHP_Project\jxshop\Application\Runtime\Cache\Admin\537fb4524522fab788355f5531631697.php 第 48 行.
NOTIC: [8] Use of undefined constant yes - assumed 'yes' F:\wamp\ThinkPHP_Project\jxshop\Application\Runtime\Cache\Admin\537fb4524522fab788355f5531631697.php 第 48 行.
NOTIC: [8] Use of undefined constant yes - assumed 'yes' F:\wamp\ThinkPHP_Project\jxshop\Application\Runtime\Cache\Admin\537fb4524522fab788355f5531631697.php 第 48 行.
NOTIC: [8] Use of undefined constant no - assumed 'no' F:\wamp\ThinkPHP_Project\jxshop\Application\Runtime\Cache\Admin\537fb4524522fab788355f5531631697.php 第 48 行.
NOTIC: [8] Use of undefined constant yes - assumed 'yes' F:\wamp\ThinkPHP_Project\jxshop\Application\Runtime\Cache\Admin\537fb4524522fab788355f5531631697.php 第 48 行.
NOTIC: [8] Use of undefined constant no - assumed 'no' F:\wamp\ThinkPHP_Project\jxshop\Application\Runtime\Cache\Admin\537fb4524522fab788355f5531631697.php 第 48 行.
NOTIC: [8] Use of undefined constant yes - assumed 'yes' F:\wamp\ThinkPHP_Project\jxshop\Application\Runtime\Cache\Admin\537fb4524522fab788355f5531631697.php 第 48 行.
NOTIC: [8] Use of undefined constant yes - assumed 'yes' F:\wamp\ThinkPHP_Project\jxshop\Application\Runtime\Cache\Admin\537fb4524522fab788355f5531631697.php 第 48 行.
NOTIC: [8] Use of undefined constant no - assumed 'no' F:\wamp\ThinkPHP_Project\jxshop\Application\Runtime\Cache\Admin\537fb4524522fab788355f5531631697.php 第 48 行.
NOTIC: [8] Use of undefined constant yes - assumed 'yes' F:\wamp\ThinkPHP_Project\jxshop\Application\Runtime\Cache\Admin\537fb4524522fab788355f5531631697.php 第 48 行.
NOTIC: [8] Use of undefined constant no - assumed 'no' F:\wamp\ThinkPHP_Project\jxshop\Application\Runtime\Cache\Admin\537fb4524522fab788355f5531631697.php 第 48 行.
NOTIC: [8] Use of undefined constant yes - assumed 'yes' F:\wamp\ThinkPHP_Project\jxshop\Application\Runtime\Cache\Admin\537fb4524522fab788355f5531631697.php 第 48 行.
NOTIC: [8] Use of undefined constant yes - assumed 'yes' F:\wamp\ThinkPHP_Project\jxshop\Application\Runtime\Cache\Admin\537fb4524522fab788355f5531631697.php 第 48 行.
NOTIC: [8] Use of undefined constant no - assumed 'no' F:\wamp\ThinkPHP_Project\jxshop\Application\Runtime\Cache\Admin\537fb4524522fab788355f5531631697.php 第 48 行.
NOTIC: [8] Use of undefined constant yes - assumed 'yes' F:\wamp\ThinkPHP_Project\jxshop\Application\Runtime\Cache\Admin\537fb4524522fab788355f5531631697.php 第 48 行.
NOTIC: [8] Use of undefined constant no - assumed 'no' F:\wamp\ThinkPHP_Project\jxshop\Application\Runtime\Cache\Admin\537fb4524522fab788355f5531631697.php 第 48 行.
NOTIC: [8] Use of undefined constant yes - assumed 'yes' F:\wamp\ThinkPHP_Project\jxshop\Application\Runtime\Cache\Admin\537fb4524522fab788355f5531631697.php 第 48 行.
NOTIC: [8] Use of undefined constant yes - assumed 'yes' F:\wamp\ThinkPHP_Project\jxshop\Application\Runtime\Cache\Admin\537fb4524522fab788355f5531631697.php 第 48 行.
INFO: Run Behavior\ParseTemplateBehavior [ RunTime:0.063730s ]
INFO: [ view_parse ] --END-- [ RunTime:0.063769s ]
INFO: [ view_filter ] --START--
INFO: Run Behavior\WriteHtmlCacheBehavior [ RunTime:0.000558s ]
INFO: [ view_filter ] --END-- [ RunTime:0.000592s ]
INFO: [ app_end ] --START--
INFO: Run Behavior\ShowPageTraceBehavior [ RunTime:0.001102s ]
INFO: [ app_end ] --END-- [ RunTime:0.001165s ]

[ 2019-02-14T23:18:00+08:00 ] 127.0.0.1 /admin/admin/add.html
INFO: [ app_init ] --START--
INFO: Run Behavior\BuildLiteBehavior [ RunTime:0.000013s ]
INFO: [ app_init ] --END-- [ RunTime:0.000331s ]
INFO: [ app_begin ] --START--
INFO: Run Behavior\ReadHtmlCacheBehavior [ RunTime:0.000474s ]
INFO: [ app_begin ] --END-- [ RunTime:0.000505s ]
SQL: SELECT * FROM `jx_role`  [ RunTime:0.0547s ]
INFO: [ view_parse ] --START--
INFO: [ template_filter ] --START--
INFO: Run Behavior\ContentReplaceBehavior [ RunTime:0.000044s ]
INFO: [ template_filter ] --END-- [ RunTime:0.000091s ]
INFO: Run Behavior\ParseTemplateBehavior [ RunTime:0.024359s ]
INFO: [ view_parse ] --END-- [ RunTime:0.024418s ]
INFO: [ view_filter ] --START--
INFO: Run Behavior\WriteHtmlCacheBehavior [ RunTime:0.000526s ]
INFO: [ view_filter ] --END-- [ RunTime:0.000563s ]
INFO: [ app_end ] --START--
INFO: Run Behavior\ShowPageTraceBehavior [ RunTime:0.000880s ]
INFO: [ app_end ] --END-- [ RunTime:0.000928s ]

[ 2019-02-14T23:18:02+08:00 ] 127.0.0.1 /admin/type/add.html
INFO: [ app_init ] --START--
INFO: Run Behavior\BuildLiteBehavior [ RunTime:0.000016s ]
INFO: [ app_init ] --END-- [ RunTime:0.000510s ]
INFO: [ app_begin ] --START--
INFO: Run Behavior\ReadHtmlCacheBehavior [ RunTime:0.001749s ]
INFO: [ app_begin ] --END-- [ RunTime:0.001823s ]
INFO: [ view_parse ] --START--
INFO: [ template_filter ] --START--
INFO: Run Behavior\ContentReplaceBehavior [ RunTime:0.000061s ]
INFO: [ template_filter ] --END-- [ RunTime:0.000137s ]
INFO: Run Behavior\ParseTemplateBehavior [ RunTime:0.045503s ]
INFO: [ view_parse ] --END-- [ RunTime:0.045574s ]
INFO: [ view_filter ] --START--
INFO: Run Behavior\WriteHtmlCacheBehavior [ RunTime:0.000798s ]
INFO: [ view_filter ] --END-- [ RunTime:0.000843s ]
INFO: [ app_end ] --START--
INFO: Run Behavior\ShowPageTraceBehavior [ RunTime:0.000851s ]
INFO: [ app_end ] --END-- [ RunTime:0.000896s ]

[ 2019-02-14T23:18:04+08:00 ] 127.0.0.1 /admin/attribute/add.html
INFO: [ app_init ] --START--
INFO: Run Behavior\BuildLiteBehavior [ RunTime:0.000016s ]
INFO: [ app_init ] --END-- [ RunTime:0.000479s ]
INFO: [ app_begin ] --START--
INFO: Run Behavior\ReadHtmlCacheBehavior [ RunTime:0.000802s ]
INFO: [ app_begin ] --END-- [ RunTime:0.000864s ]
SQL: SELECT * FROM `jx_type`  [ RunTime:0.0002s ]
INFO: [ view_parse ] --START--
INFO: [ template_filter ] --START--
INFO: Run Behavior\ContentReplaceBehavior [ RunTime:0.000109s ]
INFO: [ template_filter ] --END-- [ RunTime:0.000176s ]
INFO: Run Behavior\ParseTemplateBehavior [ RunTime:0.023871s ]
INFO: [ view_parse ] --END-- [ RunTime:0.023931s ]
INFO: [ view_filter ] --START--
INFO: Run Behavior\WriteHtmlCacheBehavior [ RunTime:0.000556s ]
INFO: [ view_filter ] --END-- [ RunTime:0.000602s ]
INFO: [ app_end ] --START--
INFO: Run Behavior\ShowPageTraceBehavior [ RunTime:0.000910s ]
INFO: [ app_end ] --END-- [ RunTime:0.000965s ]

[ 2019-02-14T23:18:05+08:00 ] 127.0.0.1 /admin/order/index.html
INFO: [ app_init ] --START--
INFO: Run Behavior\BuildLiteBehavior [ RunTime:0.000016s ]
INFO: [ app_init ] --END-- [ RunTime:0.000456s ]
INFO: [ app_begin ] --START--
INFO: Run Behavior\ReadHtmlCacheBehavior [ RunTime:0.000860s ]
INFO: [ app_begin ] --END-- [ RunTime:0.000924s ]
SQL: SELECT * FROM `jx_order`  [ RunTime:0.0203s ]
INFO: [ view_parse ] --START--
INFO: [ template_filter ] --START--
INFO: Run Behavior\ContentReplaceBehavior [ RunTime:0.000064s ]
INFO: [ template_filter ] --END-- [ RunTime:0.000129s ]
INFO: Run Behavior\ParseTemplateBehavior [ RunTime:0.022396s ]
INFO: [ view_parse ] --END-- [ RunTime:0.022462s ]
INFO: [ view_filter ] --START--
INFO: Run Behavior\WriteHtmlCacheBehavior [ RunTime:0.000425s ]
INFO: [ view_filter ] --END-- [ RunTime:0.000458s ]
INFO: [ app_end ] --START--
INFO: Run Behavior\ShowPageTraceBehavior [ RunTime:0.000760s ]
INFO: [ app_end ] --END-- [ RunTime:0.000805s ]

